[START]
INFO  2017-01-04 10:31:52,184 [Worker#STA_NP] TestScripts.BaseTestES - Setup test
INFO  2017-01-04 10:32:35,288 [Worker#STA_NP] TestScripts.BaseTestES - Click the Marketplace tab.
INFO  2017-01-04 10:32:45,838 [Worker#STA_NP] TestScripts.BaseTestES - Enter the project name.
INFO  2017-01-04 10:32:47,220 [Worker#STA_NP] TestScripts.BaseTestES - Click the prSearch button.
INFO  2017-01-04 10:32:52,718 [Worker#STA_NP] TestScripts.BaseTestES - Click the Project Name on the Projects Page.
INFO  2017-01-04 10:33:05,634 [Worker#STA_NP] TestScripts.BaseTestES - Teardown test
INFO  2017-01-04 10:33:43,666 [Worker#STA_NP] TestScripts.BaseTestES - Setup test
INFO  2017-01-04 10:34:14,689 [Worker#STA_NP] TestScripts.BaseTestES - Click the Marketplace tab.
INFO  2017-01-04 10:34:20,106 [Worker#STA_NP] TestScripts.BaseTestES - Click the Browse button.
INFO  2017-01-04 10:34:30,424 [Worker#STA_NP] TestScripts.BaseTestES - Enter the project name.
INFO  2017-01-04 10:34:31,826 [Worker#STA_NP] TestScripts.BaseTestES - Click the Search button.
INFO  2017-01-04 10:34:37,403 [Worker#STA_NP] TestScripts.BaseTestES - Click the Project Name on the Projects Page.
INFO  2017-01-04 10:34:50,176 [Worker#STA_NP] TestScripts.BaseTestES - Teardown test
INFO  2017-01-04 10:35:13,758 [Worker#STA_NP] TestScripts.BaseTestES - Setup test
INFO  2017-01-04 10:35:43,623 [Worker#STA_NP] TestScripts.BaseTestES - Click the Marketplace tab.
INFO  2017-01-04 10:35:48,955 [Worker#STA_NP] TestScripts.BaseTestES - Click the Browse button.
INFO  2017-01-04 10:35:59,220 [Worker#STA_NP] TestScripts.BaseTestES - Enter the project name.
INFO  2017-01-04 10:36:00,661 [Worker#STA_NP] TestScripts.BaseTestES - Select My Projects from the drop-down.
INFO  2017-01-04 10:36:06,035 [Worker#STA_NP] TestScripts.BaseTestES - Click the Project Name on the Projects Page.
INFO  2017-01-04 10:36:18,527 [Worker#STA_NP] TestScripts.BaseTestES - Teardown test
INFO  2017-01-04 10:36:43,950 [Worker#STA_NP] TestScripts.BaseTestES - Setup test
INFO  2017-01-04 10:37:11,890 [Worker#STA_NP] TestScripts.BaseTestES - Click the Marketplace tab.
INFO  2017-01-04 10:37:17,356 [Worker#STA_NP] TestScripts.BaseTestES - Click the Browse button.
INFO  2017-01-04 10:37:27,758 [Worker#STA_NP] TestScripts.BaseTestES - Enter the project name.
INFO  2017-01-04 10:37:29,526 [Worker#STA_NP] TestScripts.BaseTestES - Select My Projects from the drop-down.
INFO  2017-01-04 10:37:34,966 [Worker#STA_NP] TestScripts.BaseTestES - Click the Project Name on the Projects Page.
INFO  2017-01-04 10:37:47,393 [Worker#STA_NP] TestScripts.BaseTestES - Teardown test
INFO  2017-01-04 10:38:13,076 [Worker#STA_NP] TestScripts.BaseTestES - Setup test
INFO  2017-01-04 10:38:42,370 [Worker#STA_NP] TestScripts.BaseTestES - Click the Marketplace tab.
INFO  2017-01-04 10:38:47,703 [Worker#STA_NP] TestScripts.BaseTestES - Click the Browse button.
INFO  2017-01-04 10:38:57,994 [Worker#STA_NP] TestScripts.BaseTestES - Enter the project name.
INFO  2017-01-04 10:38:59,402 [Worker#STA_NP] TestScripts.BaseTestES - Select My Projects from the drop-down.
INFO  2017-01-04 10:39:04,879 [Worker#STA_NP] TestScripts.BaseTestES - Click the Project Name on the Projects Page.
INFO  2017-01-04 10:39:17,372 [Worker#STA_NP] TestScripts.BaseTestES - Teardown test
INFO  2017-01-04 10:39:44,197 [Worker#STA_NP] TestScripts.BaseTestES - Setup test
INFO  2017-01-04 10:42:03,999 [Worker#STA_NP] Util.UtilityHelper - Screenshot saved at: Screenshots\AutomationScreenShot_2017-01-04-10-42-03.png
ERROR 2017-01-04 10:42:04,191 [Worker#STA_NP] Util.DriverExtender - OpenQA.Selenium.WebDriverTimeoutException: Timed out after 120 seconds ---> OpenQA.Selenium.NoSuchElementException: no such element: Unable to locate element: {"method":"xpath","selector":"//div[contains(@class, 'pull-left')]//a[text()= 'POST A PROJECT']"}
  (Session info: chrome=55.0.2883.87)
  (Driver info: chromedriver=2.24.417431 (9aea000394714d2fbb20850021f6204f2256b9cf),platform=Windows NT 6.3.9600 x86_64)
   at OpenQA.Selenium.Remote.RemoteWebDriver.UnpackAndThrowOnError(Response errorResponse)
   at OpenQA.Selenium.Remote.RemoteWebDriver.Execute(String driverCommandToExecute, Dictionary`2 parameters)
   at OpenQA.Selenium.Remote.RemoteWebDriver.FindElement(String mechanism, String value)
   at OpenQA.Selenium.Remote.RemoteWebDriver.FindElementByXPath(String xpath)
   at OpenQA.Selenium.By.<XPath>c__AnonStorey3.<>m__0(ISearchContext context)
   at OpenQA.Selenium.By.FindElement(ISearchContext context)
   at OpenQA.Selenium.Remote.RemoteWebDriver.FindElement(By by)
   at OpenQA.Selenium.Support.UI.ExpectedConditions.<>c__DisplayClass13.<ElementIsVisible>b__12(IWebDriver driver)
   at OpenQA.Selenium.Support.UI.DefaultWait`1.Until[TResult](Func`2 condition)
   --- End of inner exception stack trace ---
   at OpenQA.Selenium.Support.UI.DefaultWait`1.ThrowTimeoutException(String exceptionMessage, Exception lastException)
   at OpenQA.Selenium.Support.UI.DefaultWait`1.Until[TResult](Func`2 condition)
   at RallyTeam.Util.DriverExtender.SafeClick(IWebDriver driver, By locator) in F:\Automation_SeleniumCSharp\RallyTeam\RallyTeamAutomation\RallyTeamAutomation\Util\DriverExtender.cs:line 399
INFO  2017-01-04 10:42:04,432 [Worker#STA_NP] Util.UtilityHelper - Screenshot saved at: Screenshots\RallyTeam.TestScripts.MarketplaceTest.Marketplace_006_VerifyRecommendedProjectsSearch_2017-01-04-10-42-04.png
INFO  2017-01-04 10:42:04,432 [Worker#STA_NP] TestScripts.BaseTestES - Teardown test
INFO  2017-01-04 10:42:32,478 [Worker#STA_NP] TestScripts.BaseTestES - Setup test
INFO  2017-01-04 10:43:00,837 [Worker#STA_NP] TestScripts.BaseTestES - Select Project status as 'In Progress'
INFO  2017-01-04 10:43:06,381 [Worker#STA_NP] TestScripts.BaseTestES - Click the Marketplace tab.
INFO  2017-01-04 10:43:11,739 [Worker#STA_NP] TestScripts.BaseTestES - Click the Browse button.
INFO  2017-01-04 10:43:22,007 [Worker#STA_NP] TestScripts.BaseTestES - Enter the project name.
INFO  2017-01-04 10:43:23,658 [Worker#STA_NP] Util.UtilityHelper - Screenshot saved at: Screenshots\AutomationScreenShot_2017-01-04-10-43-23.png
ERROR 2017-01-04 10:43:23,683 [Worker#STA_NP] Util.DriverExtender - OpenQA.Selenium.NoSuchElementException: Cannot locate element with text: In Progress
   at OpenQA.Selenium.Support.UI.SelectElement.SelectByText(String text)
   at RallyTeam.Util.DriverExtender.SelectDropDownOption(IWebDriver _driver, String option, By locator) in F:\Automation_SeleniumCSharp\RallyTeam\RallyTeamAutomation\RallyTeamAutomation\Util\DriverExtender.cs:line 63
INFO  2017-01-04 10:43:23,940 [Worker#STA_NP] Util.UtilityHelper - Screenshot saved at: Screenshots\RallyTeam.TestScripts.MarketplaceTest.Marketplace_007_VerifyInProgressProjectsSearch_2017-01-04-10-43-23.png
INFO  2017-01-04 10:43:23,940 [Worker#STA_NP] TestScripts.BaseTestES - Teardown test
INFO  2017-01-04 10:43:48,450 [Worker#STA_NP] TestScripts.BaseTestES - Setup test
INFO  2017-01-04 10:44:15,674 [Worker#STA_NP] TestScripts.BaseTestES - Select Project status as 'Completed'
INFO  2017-01-04 10:44:20,895 [Worker#STA_NP] TestScripts.BaseTestES - Click Mark Complete button.
INFO  2017-01-04 10:44:26,742 [Worker#STA_NP] TestScripts.BaseTestES - Click the Marketplace tab.
INFO  2017-01-04 10:44:32,072 [Worker#STA_NP] TestScripts.BaseTestES - Click the Browse button.
INFO  2017-01-04 10:44:42,401 [Worker#STA_NP] TestScripts.BaseTestES - Enter the project name.
INFO  2017-01-04 10:44:43,797 [Worker#STA_NP] TestScripts.BaseTestES - Select Completed Projects from the drop-down.
INFO  2017-01-04 10:44:49,253 [Worker#STA_NP] TestScripts.BaseTestES - Click the Project Name on the Projects Page.
INFO  2017-01-04 10:45:01,807 [Worker#STA_NP] TestScripts.BaseTestES - Teardown test
INFO  2017-01-04 10:45:43,361 [Worker#STA_NP] TestScripts.BaseTestES - Setup test
INFO  2017-01-04 10:46:11,830 [Worker#STA_NP] TestScripts.BaseTestES - Select Project status as 'Closed'
INFO  2017-01-04 10:46:17,392 [Worker#STA_NP] TestScripts.BaseTestES - Click the Marketplace tab.
INFO  2017-01-04 10:46:22,878 [Worker#STA_NP] TestScripts.BaseTestES - Click the Browse button.
INFO  2017-01-04 10:46:33,184 [Worker#STA_NP] TestScripts.BaseTestES - Enter the project name.
INFO  2017-01-04 10:46:34,641 [Worker#STA_NP] TestScripts.BaseTestES - Select Closed Projects from the drop-down.
INFO  2017-01-04 10:46:40,203 [Worker#STA_NP] TestScripts.BaseTestES - Click the Project Name on the Projects Page.
INFO  2017-01-04 10:46:52,919 [Worker#STA_NP] TestScripts.BaseTestES - Teardown test
[END]
