[START]
INFO  2016-12-15 10:42:27,369 [Worker#STA_NP] TestScripts.BaseTestES - Setup test
INFO  2016-12-15 10:43:57,048 [Worker#STA_NP] TestScripts.BaseTestES - Edit the Project Name.
INFO  2016-12-15 10:44:00,456 [Worker#STA_NP] TestScripts.BaseTestES - Edit the Project Location.
INFO  2016-12-15 10:44:03,927 [Worker#STA_NP] TestScripts.BaseTestES - Edit the Project Owner.
INFO  2016-12-15 10:46:10,866 [Worker#STA_NP] Util.UtilityHelper - Screenshot saved at: Screenshots\AutomationScreenShot_2016-12-15-10-46-10.png
ERROR 2016-12-15 10:46:11,030 [Worker#STA_NP] Util.DriverExtender - OpenQA.Selenium.WebDriverTimeoutException: Timed out after 120 seconds ---> OpenQA.Selenium.NoSuchElementException: no such element: Unable to locate element: {"method":"xpath","selector":"//li[2]/a/div/i"}
  (Session info: chrome=54.0.2840.99)
  (Driver info: chromedriver=2.24.417431 (9aea000394714d2fbb20850021f6204f2256b9cf),platform=Windows NT 6.3.9600 x86_64)
   at OpenQA.Selenium.Remote.RemoteWebDriver.UnpackAndThrowOnError(Response errorResponse)
   at OpenQA.Selenium.Remote.RemoteWebDriver.Execute(String driverCommandToExecute, Dictionary`2 parameters)
   at OpenQA.Selenium.Remote.RemoteWebDriver.FindElement(String mechanism, String value)
   at OpenQA.Selenium.Remote.RemoteWebDriver.FindElementByXPath(String xpath)
   at OpenQA.Selenium.By.<XPath>c__AnonStorey3.<>m__0(ISearchContext context)
   at OpenQA.Selenium.By.FindElement(ISearchContext context)
   at OpenQA.Selenium.Remote.RemoteWebDriver.FindElement(By by)
   at OpenQA.Selenium.Support.UI.ExpectedConditions.<>c__DisplayClass13.<ElementIsVisible>b__12(IWebDriver driver)
   at OpenQA.Selenium.Support.UI.DefaultWait`1.Until[TResult](Func`2 condition)
   --- End of inner exception stack trace ---
   at OpenQA.Selenium.Support.UI.DefaultWait`1.ThrowTimeoutException(String exceptionMessage, Exception lastException)
   at OpenQA.Selenium.Support.UI.DefaultWait`1.Until[TResult](Func`2 condition)
   at RallyTeam.Util.DriverExtender.SafeClick(IWebDriver driver, By locator) in F:\Automation_SeleniumCSharp\RallyTeam\RallyTeamAutomation\RallyTeamAutomation\Util\DriverExtender.cs:line 388
INFO  2016-12-15 10:46:11,506 [Worker#STA_NP] Util.UtilityHelper - Screenshot saved at: Screenshots\RallyTeam.TestScripts.PostProject.PostProject_008_EditProject_2016-12-15-10-46-11.png
INFO  2016-12-15 10:46:11,506 [Worker#STA_NP] TestScripts.BaseTestES - Teardown test
INFO  2016-12-15 10:47:00,131 [Worker#STA_NP] TestScripts.BaseTestES - Setup test
INFO  2016-12-15 10:47:36,718 [Worker#STA_NP] TestScripts.BaseTestES - Click the Add member icon for the Project.
INFO  2016-12-15 10:47:45,160 [Worker#STA_NP] TestScripts.BaseTestES - User selected successfully.
INFO  2016-12-15 10:47:48,310 [Worker#STA_NP] TestScripts.BaseTestES - Click the Add Project Member window Done button.
INFO  2016-12-15 10:47:53,766 [Worker#STA_NP] TestScripts.BaseTestES - Verified Project member added confirmation message.
INFO  2016-12-15 10:48:05,074 [Worker#STA_NP] TestScripts.BaseTestES - Teardown test
[END]
