[START]
INFO  2016-12-15 12:27:26,718 [13] TestScripts.BaseTestES - Setup test
INFO  2016-12-15 12:28:14,148 [13] TestScripts.BaseTestES - Click the Add member icon for the Project.
INFO  2016-12-15 12:28:22,669 [13] TestScripts.BaseTestES - User selected successfully.
INFO  2016-12-15 12:28:25,881 [13] TestScripts.BaseTestES - Click the Add Project Member window Done button.
INFO  2016-12-15 12:30:01,302 [13] TestScripts.BaseTestES - Click Project member added remove icon.
INFO  2016-12-15 12:30:12,674 [13] TestScripts.BaseTestES - Click the Remove Project Member window No button.
INFO  2016-12-15 12:32:41,102 [13] TestScripts.BaseTestES - Verified Project member is deleted.
INFO  2016-12-15 12:36:54,851 [13] Util.UtilityHelper - Screenshot saved at: Screenshots\AutomationScreenShot_2016-12-15-12-36-53.png
ERROR 2016-12-15 12:36:55,384 [13] Util.DriverExtender - OpenQA.Selenium.WebDriverTimeoutException: Timed out after 120 seconds ---> OpenQA.Selenium.NoSuchElementException: no such element: Unable to locate element: {"method":"xpath","selector":"//div[contains(@class, 'modal-content')]//a[contains(text(),'Yes')]"}
  (Session info: chrome=54.0.2840.99)
  (Driver info: chromedriver=2.24.417431 (9aea000394714d2fbb20850021f6204f2256b9cf),platform=Windows NT 6.3.9600 x86_64)
   at OpenQA.Selenium.Remote.RemoteWebDriver.UnpackAndThrowOnError(Response errorResponse)
   at OpenQA.Selenium.Remote.RemoteWebDriver.Execute(String driverCommandToExecute, Dictionary`2 parameters)
   at OpenQA.Selenium.Remote.RemoteWebDriver.FindElement(String mechanism, String value)
   at OpenQA.Selenium.Remote.RemoteWebDriver.FindElementByXPath(String xpath)
   at OpenQA.Selenium.By.<XPath>c__AnonStorey3.<>m__0(ISearchContext context)
   at OpenQA.Selenium.By.FindElement(ISearchContext context)
   at OpenQA.Selenium.Remote.RemoteWebDriver.FindElement(By by)
   at OpenQA.Selenium.Support.UI.ExpectedConditions.<>c__DisplayClass13.<ElementIsVisible>b__12(IWebDriver driver)
   at OpenQA.Selenium.Support.UI.DefaultWait`1.Until[TResult](Func`2 condition)
   --- End of inner exception stack trace ---
   at OpenQA.Selenium.Support.UI.DefaultWait`1.ThrowTimeoutException(String exceptionMessage, Exception lastException)
   at OpenQA.Selenium.Support.UI.DefaultWait`1.Until[TResult](Func`2 condition)
   at RallyTeam.Util.DriverExtender.SafeClick(IWebDriver driver, By locator) in F:\Automation_SeleniumCSharp\RallyTeam\RallyTeamAutomation\RallyTeamAutomation\Util\DriverExtender.cs:line 388
INFO  2016-12-15 12:37:33,611 [13] Util.UtilityHelper - Screenshot saved at: Screenshots\RallyTeam.TestScripts.PostProject.PostProject_010_RemoveMemberFromProject_2016-12-15-12-37-33.png
INFO  2016-12-15 12:37:33,611 [13] TestScripts.BaseTestES - Teardown test
[END]
