[START]
INFO  2017-04-25 11:28:11,200 [Worker#STA_NP] TestScripts.BaseTestES - Setup test
INFO  2017-04-25 11:28:18,619 [Worker#STA_NP] TestScripts.BaseTestES - Click the People tab.
INFO  2017-04-25 11:28:23,118 [Worker#STA_NP] TestScripts.BaseTestES - Enter the Search text on the main search page.
INFO  2017-04-25 11:28:24,486 [Worker#STA_NP] TestScripts.BaseTestES - Click on the Search button on the main page
INFO  2017-04-25 11:28:34,557 [Worker#STA_NP] TestScripts.BaseTestES - Move to user container.
INFO  2017-04-25 11:28:36,890 [Worker#STA_NP] TestScripts.BaseTestES - Click on Message button.
ERROR 2017-04-25 11:30:42,375 [Worker#STA_NP] Util.DriverExtender - OpenQA.Selenium.WebDriverTimeoutException: Timed out after 120 seconds ---> OpenQA.Selenium.NoSuchElementException: no such element: Unable to locate element: {"method":"xpath","selector":"//div[contains(@class, 'rt-user-profile__basic-info')]/span/a"}
  (Session info: chrome=58.0.3029.81)
  (Driver info: chromedriver=2.29.461591 (62ebf098771772160f391d75e589dc567915b233),platform=Windows NT 6.3.9600 x86_64)
   at OpenQA.Selenium.Remote.RemoteWebDriver.UnpackAndThrowOnError(Response errorResponse)
   at OpenQA.Selenium.Remote.RemoteWebDriver.Execute(String driverCommandToExecute, Dictionary`2 parameters)
   at OpenQA.Selenium.Remote.RemoteWebDriver.FindElement(String mechanism, String value)
   at OpenQA.Selenium.Remote.RemoteWebDriver.FindElementByXPath(String xpath)
   at OpenQA.Selenium.By.<>c__DisplayClasse.<XPath>b__c(ISearchContext context)
   at OpenQA.Selenium.By.FindElement(ISearchContext context)
   at OpenQA.Selenium.Remote.RemoteWebDriver.FindElement(By by)
   at OpenQA.Selenium.Support.UI.ExpectedConditions.<>c__DisplayClass13.<ElementIsVisible>b__12(IWebDriver driver)
   at OpenQA.Selenium.Support.UI.DefaultWait`1.Until[TResult](Func`2 condition)
   --- End of inner exception stack trace ---
   at OpenQA.Selenium.Support.UI.DefaultWait`1.ThrowTimeoutException(String exceptionMessage, Exception lastException)
   at OpenQA.Selenium.Support.UI.DefaultWait`1.Until[TResult](Func`2 condition)
   at RallyTeam.Util.DriverExtender.GetElementText(IWebDriver driver, By locator) in F:\Automation_SeleniumCSharp\RallyTeam\RallyTeamAutomation\RallyTeamAutomation\Util\DriverExtender.cs:line 202
INFO  2017-04-25 11:30:42,675 [Worker#STA_NP] Util.UtilityHelper - Screenshot saved at: Screenshots\RallyTeam.TestScripts.PeopleTest.PeopleES_009_EndorseUserAndVerifyIncreasedCount_2017-04-25-11-30-42.png
INFO  2017-04-25 11:30:42,682 [Worker#STA_NP] TestScripts.BaseTestES - Teardown test
[END]
