[START]
INFO  2017-01-31 16:11:29,919 [Worker#STA_NP] TestScripts.BaseTestES - Setup test
INFO  2017-01-31 16:12:02,008 [Worker#STA_NP] TestScripts.BaseTestES - Select the Private Project check-box.
INFO  2017-01-31 16:12:18,068 [Worker#STA_NP] TestScripts.BaseTestES - Click on the Signout button.
INFO  2017-01-31 16:12:26,178 [Worker#STA_NP] TestScripts.BaseTestES - Click the Browse button.
INFO  2017-01-31 16:12:33,605 [Worker#STA_NP] TestScripts.BaseTestES - Enter the project name.
INFO  2017-01-31 16:12:34,946 [Worker#STA_NP] TestScripts.BaseTestES - Click the Search button.
INFO  2017-01-31 16:12:43,139 [Worker#STA_NP] TestScripts.BaseTestES - Click the Project displayed.
INFO  2017-01-31 16:12:51,356 [Worker#STA_NP] TestScripts.BaseTestES - Click on the Signout button.
INFO  2017-01-31 16:12:53,138 [Worker#STA_NP] TestScripts.BaseTestES - Click the Browse button.
INFO  2017-01-31 16:13:03,397 [Worker#STA_NP] TestScripts.BaseTestES - Enter the project name.
INFO  2017-01-31 16:15:05,871 [Worker#STA_NP] Util.UtilityHelper - Screenshot saved at: Screenshots\AutomationScreenShot_2017-01-31-16-15-04.png
ERROR 2017-01-31 16:15:06,232 [Worker#STA_NP] Util.DriverExtender - OpenQA.Selenium.WebDriverTimeoutException: Timed out after 120 seconds ---> OpenQA.Selenium.NoSuchElementException: no such element: Unable to locate element: {"method":"xpath","selector":"//a[text()= 'Search']"}
  (Session info: chrome=55.0.2883.87)
  (Driver info: chromedriver=2.24.417431 (9aea000394714d2fbb20850021f6204f2256b9cf),platform=Windows NT 6.3.9600 x86_64)
   at OpenQA.Selenium.Remote.RemoteWebDriver.UnpackAndThrowOnError(Response errorResponse)
   at OpenQA.Selenium.Remote.RemoteWebDriver.Execute(String driverCommandToExecute, Dictionary`2 parameters)
   at OpenQA.Selenium.Remote.RemoteWebDriver.FindElement(String mechanism, String value)
   at OpenQA.Selenium.Remote.RemoteWebDriver.FindElementByXPath(String xpath)
   at OpenQA.Selenium.By.<XPath>c__AnonStorey3.<>m__0(ISearchContext context)
   at OpenQA.Selenium.By.FindElement(ISearchContext context)
   at OpenQA.Selenium.Remote.RemoteWebDriver.FindElement(By by)
   at OpenQA.Selenium.Support.UI.ExpectedConditions.<>c__DisplayClass13.<ElementIsVisible>b__12(IWebDriver driver)
   at OpenQA.Selenium.Support.UI.DefaultWait`1.Until[TResult](Func`2 condition)
   --- End of inner exception stack trace ---
   at OpenQA.Selenium.Support.UI.DefaultWait`1.ThrowTimeoutException(String exceptionMessage, Exception lastException)
   at OpenQA.Selenium.Support.UI.DefaultWait`1.Until[TResult](Func`2 condition)
   at RallyTeam.Util.DriverExtender.SafeClick(IWebDriver driver, By locator) in F:\Automation_SeleniumCSharp\RallyTeam\RallyTeamAutomation\RallyTeamAutomation\Util\DriverExtender.cs:line 449
INFO  2017-01-31 16:15:07,090 [Worker#STA_NP] Util.UtilityHelper - Screenshot saved at: Screenshots\RallyTeam.TestScripts.PostProjectTest.PostProject_014_VerifyInvitedUsersCanAccessPrivateProject_2017-01-31-16-15-06.png
INFO  2017-01-31 16:15:07,090 [Worker#STA_NP] TestScripts.BaseTestES - Teardown test
[END]
