[START]
INFO  2017-01-30 16:15:32,493 [14] TestScripts.BaseTestWithoutLogin - Setup test
INFO  2017-01-30 16:17:14,128 [14] TestScripts.BaseTestWithoutLogin - Click SignUp option given to the user.
INFO  2017-01-30 16:17:16,760 [14] TestScripts.BaseTestWithoutLogin - Enter First Name on the screen.
INFO  2017-01-30 16:17:18,963 [14] TestScripts.BaseTestWithoutLogin - Enter Last Name on the screen.
INFO  2017-01-30 16:17:21,194 [14] TestScripts.BaseTestWithoutLogin - Enter Work Email on the screen.
INFO  2017-01-30 16:17:25,305 [14] TestScripts.BaseTestWithoutLogin - Click SignUp button on the screen.
INFO  2017-01-30 16:17:35,124 [14] TestScripts.BaseTestWithoutLogin - Enter Create a Password field on the screen.
INFO  2017-01-30 16:17:37,388 [14] TestScripts.BaseTestWithoutLogin - Enter Confirm Password field on the screen.
INFO  2017-01-30 16:17:39,695 [14] TestScripts.BaseTestWithoutLogin - Click Next button on the screen.
INFO  2017-01-30 16:17:52,964 [14] TestScripts.BaseTestWithoutLogin - Verify the Welcome RallyTeam message.
INFO  2017-01-30 16:17:54,230 [14] TestScripts.BaseTestWithoutLogin - Verify Get Started button.
INFO  2017-01-30 16:17:55,495 [14] TestScripts.BaseTestWithoutLogin - Click Get Staerted button.
INFO  2017-01-30 16:18:00,841 [14] TestScripts.BaseTestWithoutLogin - Click Next button on LinkedIn Page.
INFO  2017-01-30 16:18:07,088 [14] TestScripts.BaseTestWithoutLogin - Select Expertise.
INFO  2017-01-30 16:18:09,395 [14] TestScripts.BaseTestWithoutLogin - Click Expertise Continue button.
INFO  2017-01-30 16:18:24,158 [14] TestScripts.BaseTestWithoutLogin - Click View My Profile button.
INFO  2017-01-30 16:18:29,351 [14] TestScripts.BaseTestWithoutLogin - Assert Skill One.
INFO  2017-01-30 16:18:35,298 [14] TestScripts.BaseTestWithoutLogin - Assert Skill Two.
INFO  2017-01-30 16:18:38,430 [14] TestScripts.BaseTestWithoutLogin - Click Done button.
INFO  2017-01-30 16:19:09,635 [14] TestScripts.BaseTestWithoutLogin - Navigate to the mailinator site.
INFO  2017-01-30 16:19:15,067 [14] TestScripts.BaseTestWithoutLogin - Enter email address.
INFO  2017-01-30 16:19:26,623 [14] TestScripts.BaseTestWithoutLogin - Click the Email Subject.
INFO  2017-01-30 16:19:34,180 [14] TestScripts.BaseTestWithoutLogin - Get Confirmation Code.
INFO  2017-01-30 16:25:45,700 [14] Util.UtilityHelper - Screenshot saved at: Screenshots\AutomationScreenShot_2017-01-30-16-25-27.png
ERROR 2017-01-30 16:25:48,540 [14] Util.DriverExtender - OpenQA.Selenium.WebDriverTimeoutException: Timed out after 120 seconds ---> OpenQA.Selenium.InvalidSelectorException: invalid selector: Unable to locate an element with the xpath expression //a[text(), 'Let's Rally'] because of the following error:
SyntaxError: Failed to execute 'evaluate' on 'Document': The string '//a[text(), 'Let's Rally']' is not a valid XPath expression.
  (Session info: chrome=55.0.2883.87)
  (Driver info: chromedriver=2.24.417431 (9aea000394714d2fbb20850021f6204f2256b9cf),platform=Windows NT 6.3.9600 x86_64)
   at OpenQA.Selenium.Remote.RemoteWebDriver.UnpackAndThrowOnError(Response errorResponse)
   at OpenQA.Selenium.Remote.RemoteWebDriver.Execute(String driverCommandToExecute, Dictionary`2 parameters)
   at OpenQA.Selenium.Remote.RemoteWebDriver.FindElement(String mechanism, String value)
   at OpenQA.Selenium.Remote.RemoteWebDriver.FindElementByXPath(String xpath)
   at OpenQA.Selenium.By.<XPath>c__AnonStorey3.<>m__0(ISearchContext context)
   at OpenQA.Selenium.By.FindElement(ISearchContext context)
   at OpenQA.Selenium.Remote.RemoteWebDriver.FindElement(By by)
   at OpenQA.Selenium.Support.UI.ExpectedConditions.<>c__DisplayClass13.<ElementIsVisible>b__12(IWebDriver driver)
   at OpenQA.Selenium.Support.UI.DefaultWait`1.Until[TResult](Func`2 condition)
   --- End of inner exception stack trace ---
   at OpenQA.Selenium.Support.UI.DefaultWait`1.ThrowTimeoutException(String exceptionMessage, Exception lastException)
   at OpenQA.Selenium.Support.UI.DefaultWait`1.Until[TResult](Func`2 condition)
   at RallyTeam.Util.DriverExtender.SafeClick(IWebDriver driver, By locator) in F:\Automation_SeleniumCSharp\RallyTeam\RallyTeamAutomation\RallyTeamAutomation\Util\DriverExtender.cs:line 420
