[START]
INFO  2016-12-15 16:51:19,272 [Worker#STA_NP] TestScripts.BaseTestES - Setup test
INFO  2016-12-15 16:51:57,937 [Worker#STA_NP] TestScripts.BaseTestES - Click on the Signout button.
INFO  2016-12-15 16:52:01,558 [Worker#STA_NP] TestScripts.BaseTestES - Sign in with different user.
INFO  2016-12-15 16:52:06,929 [Worker#STA_NP] TestScripts.BaseTestES - Enter the project name.
INFO  2016-12-15 16:52:08,373 [Worker#STA_NP] TestScripts.BaseTestES - Click the prSearch button.
INFO  2016-12-15 16:52:13,943 [Worker#STA_NP] TestScripts.BaseTestES - Click the Project Name on the Projects Page.
INFO  2016-12-15 16:52:20,130 [Worker#STA_NP] TestScripts.BaseTestES - Click Request To Join button doisplayed on screen.
INFO  2016-12-15 16:52:26,228 [Worker#STA_NP] TestScripts.BaseTestES - Verify Request Sent button doisplayed on screen.
INFO  2016-12-15 16:54:35,939 [Worker#STA_NP] Util.UtilityHelper - Screenshot saved at: Screenshots\AutomationScreenShot_2016-12-15-16-54-35.png
ERROR 2016-12-15 16:54:36,114 [Worker#STA_NP] Util.DriverExtender - OpenQA.Selenium.WebDriverTimeoutException: Timed out after 120 seconds ---> OpenQA.Selenium.NoSuchElementException: no such element: Unable to locate element: {"method":"xpath","selector":"//li[2]/a/div/i"}
  (Session info: chrome=54.0.2840.99)
  (Driver info: chromedriver=2.24.417431 (9aea000394714d2fbb20850021f6204f2256b9cf),platform=Windows NT 6.3.9600 x86_64)
   at OpenQA.Selenium.Remote.RemoteWebDriver.UnpackAndThrowOnError(Response errorResponse)
   at OpenQA.Selenium.Remote.RemoteWebDriver.Execute(String driverCommandToExecute, Dictionary`2 parameters)
   at OpenQA.Selenium.Remote.RemoteWebDriver.FindElement(String mechanism, String value)
   at OpenQA.Selenium.Remote.RemoteWebDriver.FindElementByXPath(String xpath)
   at OpenQA.Selenium.By.<XPath>c__AnonStorey3.<>m__0(ISearchContext context)
   at OpenQA.Selenium.By.FindElement(ISearchContext context)
   at OpenQA.Selenium.Remote.RemoteWebDriver.FindElement(By by)
   at OpenQA.Selenium.Support.UI.ExpectedConditions.<>c__DisplayClass13.<ElementIsVisible>b__12(IWebDriver driver)
   at OpenQA.Selenium.Support.UI.DefaultWait`1.Until[TResult](Func`2 condition)
   --- End of inner exception stack trace ---
   at OpenQA.Selenium.Support.UI.DefaultWait`1.ThrowTimeoutException(String exceptionMessage, Exception lastException)
   at OpenQA.Selenium.Support.UI.DefaultWait`1.Until[TResult](Func`2 condition)
   at RallyTeam.Util.DriverExtender.SafeClick(IWebDriver driver, By locator) in F:\Automation_SeleniumCSharp\RallyTeam\RallyTeamAutomation\RallyTeamAutomation\Util\DriverExtender.cs:line 388
INFO  2016-12-15 16:54:36,455 [Worker#STA_NP] Util.UtilityHelper - Screenshot saved at: Screenshots\RallyTeam.TestScripts.PostProject.PostProject_011_RequestToJoinProject_2016-12-15-16-54-36.png
INFO  2016-12-15 16:54:36,456 [Worker#STA_NP] TestScripts.BaseTestES - Teardown test
[END]
