[START]
INFO  2017-01-31 15:01:32,587 [Worker#STA_NP] TestScripts.BaseTest - Setup test
INFO  2017-01-31 15:02:17,367 [Worker#STA_NP] TestScripts.BaseTest - Click the Events menu option.
INFO  2017-01-31 15:02:23,819 [Worker#STA_NP] TestScripts.BaseTest - Click on New Event button.
INFO  2017-01-31 15:02:28,002 [Worker#STA_NP] TestScripts.BaseTest - Enter the Event Name.
INFO  2017-01-31 15:02:31,266 [Worker#STA_NP] TestScripts.BaseTest - Enter the Event Description.
INFO  2017-01-31 15:02:36,546 [Worker#STA_NP] TestScripts.BaseTest - Enter the Event Location.
INFO  2017-01-31 15:02:42,865 [Worker#STA_NP] TestScripts.BaseTest - Verify Create New Event Page.
INFO  2017-01-31 15:02:46,866 [Worker#STA_NP] TestScripts.BaseTest - Create a new Event.
INFO  2017-01-31 15:02:57,214 [Worker#STA_NP] TestScripts.BaseTest - Click on the Signout button.
INFO  2017-01-31 15:03:00,799 [Worker#STA_NP] TestScripts.BaseTest - Sign in with different user.
INFO  2017-01-31 15:03:02,188 [Worker#STA_NP] TestScripts.BaseTest - Click the Events menu option.
INFO  2017-01-31 15:05:09,471 [Worker#STA_NP] Util.UtilityHelper - Screenshot saved at: Screenshots\AutomationScreenShot_2017-01-31-15-05-08.png
ERROR 2017-01-31 15:05:14,148 [Worker#STA_NP] Util.DriverExtender - OpenQA.Selenium.WebDriverTimeoutException: Timed out after 120 seconds ---> OpenQA.Selenium.NoSuchElementException: no such element: Unable to locate element: {"method":"xpath","selector":"//a[contains(text(), 'AaEventFTHA')]"}
  (Session info: chrome=55.0.2883.87)
  (Driver info: chromedriver=2.24.417431 (9aea000394714d2fbb20850021f6204f2256b9cf),platform=Windows NT 6.3.9600 x86_64)
   at OpenQA.Selenium.Remote.RemoteWebDriver.UnpackAndThrowOnError(Response errorResponse)
   at OpenQA.Selenium.Remote.RemoteWebDriver.Execute(String driverCommandToExecute, Dictionary`2 parameters)
   at OpenQA.Selenium.Remote.RemoteWebDriver.FindElement(String mechanism, String value)
   at OpenQA.Selenium.Remote.RemoteWebDriver.FindElementByXPath(String xpath)
   at OpenQA.Selenium.By.<XPath>c__AnonStorey3.<>m__0(ISearchContext context)
   at OpenQA.Selenium.By.FindElement(ISearchContext context)
   at OpenQA.Selenium.Remote.RemoteWebDriver.FindElement(By by)
   at OpenQA.Selenium.Support.UI.ExpectedConditions.<>c__DisplayClass13.<ElementIsVisible>b__12(IWebDriver driver)
   at OpenQA.Selenium.Support.UI.DefaultWait`1.Until[TResult](Func`2 condition)
   --- End of inner exception stack trace ---
   at OpenQA.Selenium.Support.UI.DefaultWait`1.ThrowTimeoutException(String exceptionMessage, Exception lastException)
   at OpenQA.Selenium.Support.UI.DefaultWait`1.Until[TResult](Func`2 condition)
   at RallyTeam.Util.DriverExtender.SafeClick(IWebDriver driver, By locator) in F:\Automation_SeleniumCSharp\RallyTeam\RallyTeamAutomation\RallyTeamAutomation\Util\DriverExtender.cs:line 449
INFO  2017-01-31 15:05:14,489 [Worker#STA_NP] Util.UtilityHelper - Screenshot saved at: Screenshots\RallyTeam.TestScripts.EventsTest.Event_056_VerifyEventCreatedByOtherUser_2017-01-31-15-05-14.png
INFO  2017-01-31 15:05:14,489 [Worker#STA_NP] TestScripts.BaseTest - Teardown test
[END]
