[START]
INFO  2017-01-04 12:29:34,984 [Worker#STA_NP] TestScripts.BaseTestES - Setup test
INFO  2017-01-04 12:29:44,742 [Worker#STA_NP] TestScripts.BaseTestES - Click the User Profile Icon.
INFO  2017-01-04 12:29:47,070 [Worker#STA_NP] TestScripts.BaseTestES - Click User Profile option 'Admin'.
INFO  2017-01-04 12:31:49,913 [Worker#STA_NP] Util.UtilityHelper - Screenshot saved at: Screenshots\AutomationScreenShot_2017-01-04-12-31-49.png
ERROR 2017-01-04 12:31:49,943 [Worker#STA_NP] Util.AssertHelper - Expected element (By.XPath: //table[@class='table table-hover']//thead/tr//strong[text()= 'Notes']) to be displayed but did not.
INFO  2017-01-04 12:31:50,293 [Worker#STA_NP] Util.UtilityHelper - Screenshot saved at: Screenshots\RallyTeam.TestScripts.PeopleTestES.ENG2248_001_VerifyAddNotesViewNotes_2017-01-04-12-31-50.png
INFO  2017-01-04 12:31:50,293 [Worker#STA_NP] TestScripts.BaseTestES - Teardown test
INFO  2017-01-04 12:32:40,894 [Worker#STA_NP] TestScripts.BaseTestES - Setup test
INFO  2017-01-04 12:32:49,024 [Worker#STA_NP] TestScripts.BaseTestES - Click the User Profile Icon.
INFO  2017-01-04 12:32:51,461 [Worker#STA_NP] TestScripts.BaseTestES - Click User Profile option 'Admin'.
INFO  2017-01-04 12:32:53,988 [Worker#STA_NP] TestScripts.BaseTestES - Enter search user email id.
INFO  2017-01-04 12:34:58,552 [Worker#STA_NP] Util.UtilityHelper - Screenshot saved at: Screenshots\AutomationScreenShot_2017-01-04-12-34-58.png
ERROR 2017-01-04 12:34:58,690 [Worker#STA_NP] Util.DriverExtender - OpenQA.Selenium.WebDriverTimeoutException: Timed out after 120 seconds ---> OpenQA.Selenium.NoSuchElementException: no such element: Unable to locate element: {"method":"xpath","selector":"//table[@class='table table-hover']//tbody/tr[1]/td[6]//a"}
  (Session info: chrome=55.0.2883.87)
  (Driver info: chromedriver=2.24.417431 (9aea000394714d2fbb20850021f6204f2256b9cf),platform=Windows NT 6.3.9600 x86_64)
   at OpenQA.Selenium.Remote.RemoteWebDriver.UnpackAndThrowOnError(Response errorResponse)
   at OpenQA.Selenium.Remote.RemoteWebDriver.Execute(String driverCommandToExecute, Dictionary`2 parameters)
   at OpenQA.Selenium.Remote.RemoteWebDriver.FindElement(String mechanism, String value)
   at OpenQA.Selenium.Remote.RemoteWebDriver.FindElementByXPath(String xpath)
   at OpenQA.Selenium.By.<XPath>c__AnonStorey3.<>m__0(ISearchContext context)
   at OpenQA.Selenium.By.FindElement(ISearchContext context)
   at OpenQA.Selenium.Remote.RemoteWebDriver.FindElement(By by)
   at OpenQA.Selenium.Support.UI.ExpectedConditions.<>c__DisplayClass13.<ElementIsVisible>b__12(IWebDriver driver)
   at OpenQA.Selenium.Support.UI.DefaultWait`1.Until[TResult](Func`2 condition)
   --- End of inner exception stack trace ---
   at OpenQA.Selenium.Support.UI.DefaultWait`1.ThrowTimeoutException(String exceptionMessage, Exception lastException)
   at OpenQA.Selenium.Support.UI.DefaultWait`1.Until[TResult](Func`2 condition)
   at RallyTeam.Util.DriverExtender.SafeClick(IWebDriver driver, By locator) in F:\Automation_SeleniumCSharp\RallyTeam\RallyTeamAutomation\RallyTeamAutomation\Util\DriverExtender.cs:line 399
INFO  2017-01-04 12:34:58,918 [Worker#STA_NP] Util.UtilityHelper - Screenshot saved at: Screenshots\RallyTeam.TestScripts.PeopleTestES.ENG2248_002_VerifyViewNotesWindow_2017-01-04-12-34-58.png
INFO  2017-01-04 12:34:58,918 [Worker#STA_NP] TestScripts.BaseTestES - Teardown test
INFO  2017-01-04 12:35:28,226 [Worker#STA_NP] TestScripts.BaseTestES - Setup test
INFO  2017-01-04 12:35:37,908 [Worker#STA_NP] TestScripts.BaseTestES - Click the User Profile Icon.
INFO  2017-01-04 12:35:41,316 [Worker#STA_NP] TestScripts.BaseTestES - Click User Profile option 'Admin'.
INFO  2017-01-04 12:35:43,579 [Worker#STA_NP] TestScripts.BaseTestES - Enter search user email id.
INFO  2017-01-04 12:37:48,142 [Worker#STA_NP] Util.UtilityHelper - Screenshot saved at: Screenshots\AutomationScreenShot_2017-01-04-12-37-47.png
ERROR 2017-01-04 12:37:48,143 [Worker#STA_NP] Util.DriverExtender - OpenQA.Selenium.WebDriverTimeoutException: Timed out after 120 seconds ---> OpenQA.Selenium.NoSuchElementException: no such element: Unable to locate element: {"method":"xpath","selector":"//table[@class='table table-hover']//tbody/tr[1]/td[6]//a"}
  (Session info: chrome=55.0.2883.87)
  (Driver info: chromedriver=2.24.417431 (9aea000394714d2fbb20850021f6204f2256b9cf),platform=Windows NT 6.3.9600 x86_64)
   at OpenQA.Selenium.Remote.RemoteWebDriver.UnpackAndThrowOnError(Response errorResponse)
   at OpenQA.Selenium.Remote.RemoteWebDriver.Execute(String driverCommandToExecute, Dictionary`2 parameters)
   at OpenQA.Selenium.Remote.RemoteWebDriver.FindElement(String mechanism, String value)
   at OpenQA.Selenium.Remote.RemoteWebDriver.FindElementByXPath(String xpath)
   at OpenQA.Selenium.By.<XPath>c__AnonStorey3.<>m__0(ISearchContext context)
   at OpenQA.Selenium.By.FindElement(ISearchContext context)
   at OpenQA.Selenium.Remote.RemoteWebDriver.FindElement(By by)
   at OpenQA.Selenium.Support.UI.ExpectedConditions.<>c__DisplayClass13.<ElementIsVisible>b__12(IWebDriver driver)
   at OpenQA.Selenium.Support.UI.DefaultWait`1.Until[TResult](Func`2 condition)
   --- End of inner exception stack trace ---
   at OpenQA.Selenium.Support.UI.DefaultWait`1.ThrowTimeoutException(String exceptionMessage, Exception lastException)
   at OpenQA.Selenium.Support.UI.DefaultWait`1.Until[TResult](Func`2 condition)
   at RallyTeam.Util.DriverExtender.SafeClick(IWebDriver driver, By locator) in F:\Automation_SeleniumCSharp\RallyTeam\RallyTeamAutomation\RallyTeamAutomation\Util\DriverExtender.cs:line 399
INFO  2017-01-04 12:37:48,386 [Worker#STA_NP] Util.UtilityHelper - Screenshot saved at: Screenshots\RallyTeam.TestScripts.PeopleTestES.ENG2248_004_AddNoteAndVerify_2017-01-04-12-37-48.png
INFO  2017-01-04 12:37:48,386 [Worker#STA_NP] TestScripts.BaseTestES - Teardown test
INFO  2017-01-04 12:38:12,885 [Worker#STA_NP] TestScripts.BaseTestES - Setup test
INFO  2017-01-04 12:38:20,461 [Worker#STA_NP] TestScripts.BaseTestES - Click the People tab.
INFO  2017-01-04 12:38:26,371 [Worker#STA_NP] TestScripts.BaseTestES - Enter the Search text on the main search page.
INFO  2017-01-04 12:38:27,632 [Worker#STA_NP] TestScripts.BaseTestES - Click on the Search button on the main page
INFO  2017-01-04 12:38:32,804 [Worker#STA_NP] TestScripts.BaseTestES - Verify searched user is displayed.
INFO  2017-01-04 12:38:35,144 [Worker#STA_NP] TestScripts.BaseTestES - Enter the Search text.
INFO  2017-01-04 12:38:41,240 [Worker#STA_NP] TestScripts.BaseTestES - Verify searched user is displayed.
INFO  2017-01-04 12:38:41,240 [Worker#STA_NP] TestScripts.BaseTestES - Teardown test
INFO  2017-01-04 12:39:04,038 [Worker#STA_NP] TestScripts.BaseTestES - Setup test
INFO  2017-01-04 12:39:11,238 [Worker#STA_NP] TestScripts.BaseTestES - Click the People tab.
INFO  2017-01-04 12:39:16,289 [Worker#STA_NP] TestScripts.BaseTestES - Enter the Search text on the main search page.
INFO  2017-01-04 12:39:17,635 [Worker#STA_NP] TestScripts.BaseTestES - Click on the Search button on the main page
INFO  2017-01-04 12:39:22,689 [Worker#STA_NP] TestScripts.BaseTestES - Move to user container.
INFO  2017-01-04 12:39:24,928 [Worker#STA_NP] TestScripts.BaseTestES - Click on Message button.
INFO  2017-01-04 12:39:27,973 [Worker#STA_NP] TestScripts.BaseTestES - Verify New Message Window.
INFO  2017-01-04 12:39:29,974 [Worker#STA_NP] TestScripts.BaseTestES - Teardown test
INFO  2017-01-04 12:39:53,182 [Worker#STA_NP] TestScripts.BaseTestES - Setup test
INFO  2017-01-04 12:40:00,563 [Worker#STA_NP] TestScripts.BaseTestES - Click the People tab.
INFO  2017-01-04 12:40:05,289 [Worker#STA_NP] TestScripts.BaseTestES - Enter the Search text on the main search page.
INFO  2017-01-04 12:40:06,662 [Worker#STA_NP] TestScripts.BaseTestES - Click on the Search button on the main page
INFO  2017-01-04 12:40:11,746 [Worker#STA_NP] TestScripts.BaseTestES - Move to user container.
INFO  2017-01-04 12:40:14,165 [Worker#STA_NP] TestScripts.BaseTestES - Click on Message button.
INFO  2017-01-04 12:40:17,209 [Worker#STA_NP] TestScripts.BaseTestES - Verify User Profile User Name.
INFO  2017-01-04 12:40:19,259 [Worker#STA_NP] TestScripts.BaseTestES - Verify User Profile Message button.
INFO  2017-01-04 12:40:21,322 [Worker#STA_NP] TestScripts.BaseTestES - Verify User Profile About Me.
INFO  2017-01-04 12:40:23,431 [Worker#STA_NP] TestScripts.BaseTestES - Verify User Profile Skills & Endorsements.
INFO  2017-01-04 12:40:25,524 [Worker#STA_NP] TestScripts.BaseTestES - Verify User Profile Industry/Domain Expertise.
INFO  2017-01-04 12:40:27,624 [Worker#STA_NP] TestScripts.BaseTestES - Verify User Profile Languages.
INFO  2017-01-04 12:40:29,710 [Worker#STA_NP] TestScripts.BaseTestES - Verify User Profile Interests.
INFO  2017-01-04 12:40:31,772 [Worker#STA_NP] TestScripts.BaseTestES - Verify User Profile Projects.
INFO  2017-01-04 12:40:33,772 [Worker#STA_NP] TestScripts.BaseTestES - Teardown test
INFO  2017-01-04 12:41:14,377 [Worker#STA_NP] TestScripts.BaseTestES - Setup test
INFO  2017-01-04 12:41:25,933 [Worker#STA_NP] TestScripts.BaseTestES - Click the People tab.
INFO  2017-01-04 12:41:29,345 [Worker#STA_NP] TestScripts.BaseTestES - Clickthe Advance Search hyperlink.
INFO  2017-01-04 12:41:31,387 [Worker#STA_NP] TestScripts.BaseTestES - Verify Advance Search Name.
INFO  2017-01-04 12:41:32,504 [Worker#STA_NP] TestScripts.BaseTestES - Verify Advance Search Skills Needed.
INFO  2017-01-04 12:41:33,542 [Worker#STA_NP] TestScripts.BaseTestES - Verify Advance Search Job Function.
INFO  2017-01-04 12:41:34,581 [Worker#STA_NP] TestScripts.BaseTestES - Verify Advance Search Location.
INFO  2017-01-04 12:41:35,850 [Worker#STA_NP] TestScripts.BaseTestES - Verify Advance Search Industry/Domain Expertise.
INFO  2017-01-04 12:41:36,934 [Worker#STA_NP] TestScripts.BaseTestES - Verify Advance Search Endorsed By.
INFO  2017-01-04 12:41:38,026 [Worker#STA_NP] TestScripts.BaseTestES - Verify Advance Search Availability.
INFO  2017-01-04 12:41:39,230 [Worker#STA_NP] TestScripts.BaseTestES - Verify Advance Search Type.
INFO  2017-01-04 12:41:40,232 [Worker#STA_NP] TestScripts.BaseTestES - Teardown test
INFO  2017-01-04 12:42:09,286 [Worker#STA_NP] TestScripts.BaseTestES - Setup test
INFO  2017-01-04 12:42:16,041 [Worker#STA_NP] TestScripts.BaseTestES - Click the People tab.
INFO  2017-01-04 12:42:19,325 [Worker#STA_NP] TestScripts.BaseTestES - Clickthe Advance Search hyperlink.
INFO  2017-01-04 12:42:21,519 [Worker#STA_NP] TestScripts.BaseTestES - Enter Advance Search Name.
INFO  2017-01-04 12:42:22,756 [Worker#STA_NP] TestScripts.BaseTestES - Click on the Search button on the Advance Search page.
INFO  2017-01-04 12:44:28,401 [Worker#STA_NP] Util.UtilityHelper - Screenshot saved at: Screenshots\AutomationScreenShot_2017-01-04-12-44-28.png
ERROR 2017-01-04 12:44:28,402 [Worker#STA_NP] Util.AssertHelper - Expected element (By.XPath: //div[@class='rt-user-container']//strong[contains(text(), 'shivani singh')]) to be displayed but did not.
INFO  2017-01-04 12:44:28,647 [Worker#STA_NP] Util.UtilityHelper - Screenshot saved at: Screenshots\RallyTeam.TestScripts.PeopleTestES.PeopleES_005_NameSearchViaAdvanceSearch_2017-01-04-12-44-28.png
INFO  2017-01-04 12:44:28,647 [Worker#STA_NP] TestScripts.BaseTestES - Teardown test
INFO  2017-01-04 12:45:00,861 [Worker#STA_NP] TestScripts.BaseTestES - Setup test
INFO  2017-01-04 12:45:07,831 [Worker#STA_NP] TestScripts.BaseTestES - Click the People tab.
INFO  2017-01-04 12:45:12,102 [Worker#STA_NP] TestScripts.BaseTestES - Enter the Search text on the main search page.
INFO  2017-01-04 12:45:13,374 [Worker#STA_NP] TestScripts.BaseTestES - Click on the Search button on the main page
INFO  2017-01-04 12:45:18,425 [Worker#STA_NP] TestScripts.BaseTestES - Move to user container.
INFO  2017-01-04 12:45:20,756 [Worker#STA_NP] TestScripts.BaseTestES - Click on Message button.
INFO  2017-01-04 12:45:26,119 [Worker#STA_NP] TestScripts.BaseTestES - Click on Endorse button.
INFO  2017-01-04 12:45:31,554 [Worker#STA_NP] TestScripts.BaseTestES - Enter Project Title.
INFO  2017-01-04 12:45:32,774 [Worker#STA_NP] TestScripts.BaseTestES - Enter Project Description.
INFO  2017-01-04 12:45:34,157 [Worker#STA_NP] TestScripts.BaseTestES - Click the Awesome rating.
INFO  2017-01-04 12:45:36,485 [Worker#STA_NP] TestScripts.BaseTestES - Enter Project Feedback.
INFO  2017-01-04 12:45:37,694 [Worker#STA_NP] TestScripts.BaseTestES - Click on Endorse button.
INFO  2017-01-04 12:45:42,695 [Worker#STA_NP] TestScripts.BaseTestES - Teardown test
INFO  2017-01-04 12:46:25,131 [Worker#STA_NP] TestScripts.BaseTestES - Setup test
INFO  2017-01-04 12:46:32,524 [Worker#STA_NP] TestScripts.BaseTestES - Click the People tab.
INFO  2017-01-04 12:46:37,348 [Worker#STA_NP] TestScripts.BaseTestES - Enter the Search text on the main search page.
INFO  2017-01-04 12:46:39,190 [Worker#STA_NP] TestScripts.BaseTestES - Click on the Search button on the main page
INFO  2017-01-04 12:46:44,228 [Worker#STA_NP] TestScripts.BaseTestES - Move to user container.
INFO  2017-01-04 12:46:46,642 [Worker#STA_NP] TestScripts.BaseTestES - Click on Message button.
INFO  2017-01-04 12:46:52,024 [Worker#STA_NP] TestScripts.BaseTestES - Click on Endorse button.
INFO  2017-01-04 12:46:57,430 [Worker#STA_NP] TestScripts.BaseTestES - Enter Project Title.
INFO  2017-01-04 12:46:58,696 [Worker#STA_NP] TestScripts.BaseTestES - Enter Project Description.
INFO  2017-01-04 12:47:00,028 [Worker#STA_NP] TestScripts.BaseTestES - Click the Good rating.
INFO  2017-01-04 12:47:02,328 [Worker#STA_NP] TestScripts.BaseTestES - Enter Project Feedback.
INFO  2017-01-04 12:47:03,516 [Worker#STA_NP] TestScripts.BaseTestES - Click on Endorse button.
INFO  2017-01-04 12:47:08,517 [Worker#STA_NP] TestScripts.BaseTestES - Teardown test
INFO  2017-01-04 12:47:40,358 [Worker#STA_NP] TestScripts.BaseTestES - Setup test
INFO  2017-01-04 12:47:47,300 [Worker#STA_NP] TestScripts.BaseTestES - Click the People tab.
INFO  2017-01-04 12:47:51,575 [Worker#STA_NP] TestScripts.BaseTestES - Enter the Search text on the main search page.
INFO  2017-01-04 12:47:52,869 [Worker#STA_NP] TestScripts.BaseTestES - Click on the Search button on the main page
INFO  2017-01-04 12:47:57,944 [Worker#STA_NP] TestScripts.BaseTestES - Move to user container.
INFO  2017-01-04 12:48:00,393 [Worker#STA_NP] TestScripts.BaseTestES - Click on Message button.
INFO  2017-01-04 12:48:05,651 [Worker#STA_NP] TestScripts.BaseTestES - Click on Endorse button.
INFO  2017-01-04 12:48:11,114 [Worker#STA_NP] TestScripts.BaseTestES - Enter Project Title.
INFO  2017-01-04 12:48:12,309 [Worker#STA_NP] TestScripts.BaseTestES - Enter Project Description.
INFO  2017-01-04 12:48:13,500 [Worker#STA_NP] TestScripts.BaseTestES - Click the Not Good rating.
INFO  2017-01-04 12:48:15,760 [Worker#STA_NP] TestScripts.BaseTestES - Enter Project Feedback.
INFO  2017-01-04 12:48:19,031 [Worker#STA_NP] TestScripts.BaseTestES - Click on Endorse button.
INFO  2017-01-04 12:48:24,033 [Worker#STA_NP] TestScripts.BaseTestES - Teardown test
INFO  2017-01-04 12:48:49,885 [Worker#STA_NP] TestScripts.BaseTestES - Setup test
INFO  2017-01-04 12:48:57,038 [Worker#STA_NP] TestScripts.BaseTestES - Click the People tab.
INFO  2017-01-04 12:49:01,198 [Worker#STA_NP] TestScripts.BaseTestES - Enter the Search text on the main search page.
INFO  2017-01-04 12:49:02,434 [Worker#STA_NP] TestScripts.BaseTestES - Click on the Search button on the main page
INFO  2017-01-04 12:49:07,471 [Worker#STA_NP] TestScripts.BaseTestES - Move to user container.
INFO  2017-01-04 12:49:09,868 [Worker#STA_NP] TestScripts.BaseTestES - Click on Message button.
INFO  2017-01-04 12:49:15,258 [Worker#STA_NP] TestScripts.BaseTestES - Click on Endorse button.
INFO  2017-01-04 12:49:20,641 [Worker#STA_NP] TestScripts.BaseTestES - Enter Project Title.
INFO  2017-01-04 12:49:21,826 [Worker#STA_NP] TestScripts.BaseTestES - Enter Project Description.
INFO  2017-01-04 12:49:22,999 [Worker#STA_NP] TestScripts.BaseTestES - Click the Awesome rating.
INFO  2017-01-04 12:49:28,342 [Worker#STA_NP] TestScripts.BaseTestES - Enter Skill Name.
INFO  2017-01-04 12:49:30,548 [Worker#STA_NP] TestScripts.BaseTestES - Click on Endorse button.
INFO  2017-01-04 12:49:51,373 [Worker#STA_NP] TestScripts.BaseTestES - Verify the Top Skill count has increased.
INFO  2017-01-04 12:49:51,373 [Worker#STA_NP] TestScripts.BaseTestES - Teardown test
INFO  2017-01-04 12:50:18,476 [Worker#STA_NP] TestScripts.BaseTestES - Setup test
INFO  2017-01-04 12:50:49,676 [Worker#STA_NP] TestScripts.BaseTestES - Click the Add member icon for the Project.
INFO  2017-01-04 12:50:58,387 [Worker#STA_NP] TestScripts.BaseTestES - User selected successfully.
INFO  2017-01-04 12:51:01,682 [Worker#STA_NP] TestScripts.BaseTestES - Click the Add Project Member window Done button.
INFO  2017-01-04 12:51:11,850 [Worker#STA_NP] TestScripts.BaseTestES - Select Project status as 'Completed'
INFO  2017-01-04 12:51:16,190 [Worker#STA_NP] TestScripts.BaseTestES - Select Awesome rating.
INFO  2017-01-04 12:51:19,463 [Worker#STA_NP] TestScripts.BaseTestES - Click Mark Complete button.
INFO  2017-01-04 12:51:31,742 [Worker#STA_NP] TestScripts.BaseTestES - Click on the Signout button.
INFO  2017-01-04 12:51:35,367 [Worker#STA_NP] TestScripts.BaseTestES - Sign in with different user.
INFO  2017-01-04 12:51:40,447 [Worker#STA_NP] TestScripts.BaseTestES - Click the User Profile Icon.
INFO  2017-01-04 12:51:42,786 [Worker#STA_NP] TestScripts.BaseTestES - Click User Profile option 'Profile'.
INFO  2017-01-04 12:51:45,113 [Worker#STA_NP] TestScripts.BaseTestES - Click on Request Feedback button.
INFO  2017-01-04 12:51:50,255 [Worker#STA_NP] TestScripts.BaseTestES - Select Project.
INFO  2017-01-04 12:51:55,603 [Worker#STA_NP] TestScripts.BaseTestES - Enter Feedback From.
INFO  2017-01-04 12:51:56,846 [Worker#STA_NP] TestScripts.BaseTestES - Enter Optional Message.
INFO  2017-01-04 12:51:58,011 [Worker#STA_NP] TestScripts.BaseTestES - Click on Send button.
INFO  2017-01-04 12:52:03,012 [Worker#STA_NP] TestScripts.BaseTestES - Teardown test
[END]
