[START]
INFO  2017-03-06 12:29:40,320 [Worker#STA_NP] TestScripts.BaseTestES - Setup test
INFO  2017-03-06 12:30:39,287 [Worker#STA_NP] TestScripts.BaseTestES - Click on the Signout button.
INFO  2017-03-06 12:30:53,054 [Worker#STA_NP] TestScripts.BaseTestES - Click on the Notifications Icon at top.
INFO  2017-03-06 12:30:58,174 [Worker#STA_NP] TestScripts.BaseTestES - Verify the short notification on the Notification Window.
INFO  2017-03-06 12:30:59,443 [Worker#STA_NP] TestScripts.BaseTestES - Click See All link.
INFO  2017-03-06 12:31:07,519 [Worker#STA_NP] TestScripts.BaseTestES - Verify the Project Assigned Notification.
INFO  2017-03-06 12:31:08,572 [Worker#STA_NP] TestScripts.BaseTestES - Click short notification on the Notification Window.
INFO  2017-03-06 12:31:11,062 [Worker#STA_NP] TestScripts.BaseTestES - Click the Marketplace tab.
INFO  2017-03-06 12:31:16,342 [Worker#STA_NP] TestScripts.BaseTestES - Click the Browse button.
INFO  2017-03-06 12:31:25,834 [Worker#STA_NP] TestScripts.BaseTestES - Enter the project name.
INFO  2017-03-06 12:33:28,146 [Worker#STA_NP] Util.UtilityHelper - Screenshot saved at: Screenshots\AutomationScreenShot_2017-03-06-12-33-27.png
ERROR 2017-03-06 12:33:31,707 [Worker#STA_NP] Util.DriverExtender - OpenQA.Selenium.WebDriverTimeoutException: Timed out after 120 seconds ---> OpenQA.Selenium.NoSuchElementException: no such element: Unable to locate element: {"method":"xpath","selector":"//span[contains(text(), 'Search')]"}
  (Session info: chrome=56.0.2924.87)
  (Driver info: chromedriver=2.24.417431 (9aea000394714d2fbb20850021f6204f2256b9cf),platform=Windows NT 6.3.9600 x86_64)
   at OpenQA.Selenium.Remote.RemoteWebDriver.UnpackAndThrowOnError(Response errorResponse)
   at OpenQA.Selenium.Remote.RemoteWebDriver.Execute(String driverCommandToExecute, Dictionary`2 parameters)
   at OpenQA.Selenium.Remote.RemoteWebDriver.FindElement(String mechanism, String value)
   at OpenQA.Selenium.Remote.RemoteWebDriver.FindElementByXPath(String xpath)
   at OpenQA.Selenium.By.<>c__DisplayClasse.<XPath>b__c(ISearchContext context)
   at OpenQA.Selenium.By.FindElement(ISearchContext context)
   at OpenQA.Selenium.Remote.RemoteWebDriver.FindElement(By by)
   at OpenQA.Selenium.Support.UI.ExpectedConditions.<>c__DisplayClass13.<ElementIsVisible>b__12(IWebDriver driver)
   at OpenQA.Selenium.Support.UI.DefaultWait`1.Until[TResult](Func`2 condition)
   --- End of inner exception stack trace ---
   at OpenQA.Selenium.Support.UI.DefaultWait`1.ThrowTimeoutException(String exceptionMessage, Exception lastException)
   at OpenQA.Selenium.Support.UI.DefaultWait`1.Until[TResult](Func`2 condition)
   at RallyTeam.Util.DriverExtender.SafeClick(IWebDriver driver, By locator) in F:\Automation_SeleniumCSharp\RallyTeam\RallyTeamAutomation\RallyTeamAutomation\Util\DriverExtender.cs:line 461
INFO  2017-03-06 12:33:32,158 [Worker#STA_NP] Util.UtilityHelper - Screenshot saved at: Screenshots\RallyTeam.TestScripts.NotificationsTest.Notifications_001_ProjectAssignment_2017-03-06-12-33-31.png
INFO  2017-03-06 12:33:32,158 [Worker#STA_NP] TestScripts.BaseTestES - Teardown test
[END]
