[START]
INFO  2016-11-25 11:49:13,183 [Worker#STA_NP] TestScripts.BaseTest - Setup test
INFO  2016-11-25 11:50:02,255 [Worker#STA_NP] TestScripts.BaseTest - Click the User Profile Icon.
INFO  2016-11-25 11:50:04,649 [Worker#STA_NP] TestScripts.BaseTest - Click User Profile option 'Admin'.
INFO  2016-11-25 11:50:09,900 [Worker#STA_NP] TestScripts.BaseTest - Click Manage Users tab.
INFO  2016-11-25 11:50:12,131 [Worker#STA_NP] TestScripts.BaseTest - Click Invite Users button.
INFO  2016-11-25 11:50:17,351 [Worker#STA_NP] TestScripts.BaseTest - Click Email button.
INFO  2016-11-25 11:50:23,670 [Worker#STA_NP] TestScripts.BaseTest - Enter Email Address.
INFO  2016-11-25 11:50:25,825 [Worker#STA_NP] TestScripts.BaseTest - Click Send Invites button.
INFO  2016-11-25 11:52:31,970 [Worker#STA_NP] Util.UtilityHelper - Screenshot saved at: Screenshots\AutomationScreenShot_2016-11-25-11-52-31.png
ERROR 2016-11-25 11:52:33,001 [Worker#STA_NP] Util.DriverExtender - OpenQA.Selenium.WebDriverTimeoutException: Timed out after 120 seconds ---> OpenQA.Selenium.NoSuchElementException: no such element: Unable to locate element: {"method":"xpath","selector":"//a[contains(text(), 'Send Invites')]"}
  (Session info: chrome=54.0.2840.99)
  (Driver info: chromedriver=2.24.417431 (9aea000394714d2fbb20850021f6204f2256b9cf),platform=Windows NT 6.3.9600 x86_64)
   at OpenQA.Selenium.Remote.RemoteWebDriver.UnpackAndThrowOnError(Response errorResponse)
   at OpenQA.Selenium.Remote.RemoteWebDriver.Execute(String driverCommandToExecute, Dictionary`2 parameters)
   at OpenQA.Selenium.Remote.RemoteWebDriver.FindElement(String mechanism, String value)
   at OpenQA.Selenium.Remote.RemoteWebDriver.FindElementByXPath(String xpath)
   at OpenQA.Selenium.By.<XPath>c__AnonStorey3.<>m__0(ISearchContext context)
   at OpenQA.Selenium.By.FindElement(ISearchContext context)
   at OpenQA.Selenium.Remote.RemoteWebDriver.FindElement(By by)
   at OpenQA.Selenium.Support.UI.ExpectedConditions.<>c__DisplayClass13.<ElementIsVisible>b__12(IWebDriver driver)
   at OpenQA.Selenium.Support.UI.DefaultWait`1.Until[TResult](Func`2 condition)
   --- End of inner exception stack trace ---
   at OpenQA.Selenium.Support.UI.DefaultWait`1.ThrowTimeoutException(String exceptionMessage, Exception lastException)
   at OpenQA.Selenium.Support.UI.DefaultWait`1.Until[TResult](Func`2 condition)
   at RallyTeam.Util.DriverExtender.SafeClick(IWebDriver driver, By locator) in F:\Automation_SeleniumCSharp\RallyTeam\RallyTeamAutomation\RallyTeamAutomation\Util\DriverExtender.cs:line 388
INFO  2016-11-25 11:52:33,460 [Worker#STA_NP] Util.UtilityHelper - Screenshot saved at: Screenshots\RallyTeam.TestScripts.InviteUsersTest.InviteUser_002_SendInvitationViaEmail_2016-11-25-11-52-33.png
INFO  2016-11-25 11:52:33,460 [Worker#STA_NP] TestScripts.BaseTest - Teardown test
[END]
