[START]
INFO  2017-04-24 14:03:40,827 [Worker#STA_NP] TestScripts.BaseTestES - Setup test
INFO  2017-04-24 14:04:00,432 [Worker#STA_NP] TestScripts.BaseTestES - Click on the Continue button.
INFO  2017-04-24 14:04:11,781 [Worker#STA_NP] TestScripts.BaseTestES - Enter Skills.
INFO  2017-04-24 14:04:20,421 [Worker#STA_NP] TestScripts.BaseTestES - Click Add button.
INFO  2017-04-24 14:04:31,957 [Worker#STA_NP] TestScripts.BaseTestES - Click Add button.
INFO  2017-04-24 14:04:35,177 [Worker#STA_NP] TestScripts.BaseTestES - Click on the Continue button.
INFO  2017-04-24 14:04:47,356 [Worker#STA_NP] TestScripts.BaseTestES - Click Publish Button
INFO  2017-04-24 14:04:54,867 [Worker#STA_NP] TestScripts.BaseTestES - Click the Marketplace tab.
INFO  2017-04-24 14:05:01,229 [Worker#STA_NP] TestScripts.BaseTestES - Click the Browse button.
INFO  2017-04-24 14:05:11,627 [Worker#STA_NP] TestScripts.BaseTestES - Enter the project name.
INFO  2017-04-24 14:05:12,820 [Worker#STA_NP] TestScripts.BaseTestES - Select Projects in Recruiting from the drop-down.
INFO  2017-04-24 14:05:18,133 [Worker#STA_NP] TestScripts.BaseTestES - Click the Project Name on the Projects Page.
INFO  2017-04-24 14:05:23,387 [Worker#STA_NP] TestScripts.BaseTestES - Click Settings Icon
INFO  2017-04-24 14:05:26,636 [Worker#STA_NP] TestScripts.BaseTestES - Select Delete Project option.
INFO  2017-04-24 14:05:29,839 [Worker#STA_NP] TestScripts.BaseTestES - Press Delete Project Window Yes button.
INFO  2017-04-24 14:05:29,842 [Worker#STA_NP] TestScripts.BaseTestES - Teardown test
INFO  2017-04-24 14:06:17,742 [Worker#STA_NP] TestScripts.BaseTestES - Setup test
INFO  2017-04-24 14:06:37,253 [Worker#STA_NP] TestScripts.BaseTestES - Click on the Continue button.
INFO  2017-04-24 14:06:48,561 [Worker#STA_NP] TestScripts.BaseTestES - Enter Skills.
INFO  2017-04-24 14:06:57,215 [Worker#STA_NP] TestScripts.BaseTestES - Click Add button.
INFO  2017-04-24 14:07:08,636 [Worker#STA_NP] TestScripts.BaseTestES - Click Add button.
INFO  2017-04-24 14:07:11,841 [Worker#STA_NP] TestScripts.BaseTestES - Click on the Continue button.
INFO  2017-04-24 14:07:24,054 [Worker#STA_NP] TestScripts.BaseTestES - Click Publish Button
INFO  2017-04-24 14:07:40,424 [Worker#STA_NP] TestScripts.BaseTestES - Click on the Signout button.
INFO  2017-04-24 14:07:44,165 [Worker#STA_NP] TestScripts.BaseTestES - Sign in with different user.
INFO  2017-04-24 14:07:49,347 [Worker#STA_NP] TestScripts.BaseTestES - Click the Marketplace tab.
INFO  2017-04-24 14:07:54,651 [Worker#STA_NP] TestScripts.BaseTestES - Click the Browse button.
INFO  2017-04-24 14:08:05,254 [Worker#STA_NP] TestScripts.BaseTestES - Enter the project name.
INFO  2017-04-24 14:08:06,460 [Worker#STA_NP] TestScripts.BaseTestES - Select Recommended Projects from the drop-down.
INFO  2017-04-24 14:08:18,726 [Worker#STA_NP] TestScripts.BaseTestES - Click on the Signout button.
INFO  2017-04-24 14:08:30,779 [Worker#STA_NP] TestScripts.BaseTestES - Click Browse button.
INFO  2017-04-24 14:08:36,182 [Worker#STA_NP] TestScripts.BaseTestES - Enter the project name.
INFO  2017-04-24 14:08:38,390 [Worker#STA_NP] TestScripts.BaseTestES - Click the Search button.
INFO  2017-04-24 14:08:50,692 [Worker#STA_NP] TestScripts.BaseTestES - Click the Project Name on the Projects Page.
INFO  2017-04-24 14:08:59,105 [Worker#STA_NP] TestScripts.BaseTestES - Click Settings Icon
INFO  2017-04-24 14:09:02,336 [Worker#STA_NP] TestScripts.BaseTestES - Select Delete Project option.
INFO  2017-04-24 14:09:05,532 [Worker#STA_NP] TestScripts.BaseTestES - Press Delete Project Window Yes button.
INFO  2017-04-24 14:09:05,532 [Worker#STA_NP] TestScripts.BaseTestES - Teardown test
INFO  2017-04-24 14:09:58,057 [Worker#STA_NP] TestScripts.BaseTestES - Setup test
INFO  2017-04-24 14:10:17,976 [Worker#STA_NP] TestScripts.BaseTestES - Click on the Continue button.
INFO  2017-04-24 14:10:29,354 [Worker#STA_NP] TestScripts.BaseTestES - Enter Skills.
INFO  2017-04-24 14:10:37,992 [Worker#STA_NP] TestScripts.BaseTestES - Click Add button.
INFO  2017-04-24 14:10:49,422 [Worker#STA_NP] TestScripts.BaseTestES - Click Add button.
INFO  2017-04-24 14:10:52,618 [Worker#STA_NP] TestScripts.BaseTestES - Click on the Continue button.
INFO  2017-04-24 14:11:04,804 [Worker#STA_NP] TestScripts.BaseTestES - Click Publish Button
INFO  2017-04-24 14:11:13,147 [Worker#STA_NP] Util.UtilityHelper - Screenshot saved at: Screenshots\AutomationScreenShot_2017-04-24-14-11-12.png
ERROR 2017-04-24 14:11:13,154 [Worker#STA_NP] Util.DriverExtender - OpenQA.Selenium.NoSuchElementException: no such element: Unable to locate element: {"method":"xpath","selector":"//select[@title= 'opp-status']"}
  (Session info: chrome=58.0.3029.81)
  (Driver info: chromedriver=2.29.461591 (62ebf098771772160f391d75e589dc567915b233),platform=Windows NT 6.3.9600 x86_64)
   at OpenQA.Selenium.Remote.RemoteWebDriver.UnpackAndThrowOnError(Response errorResponse)
   at OpenQA.Selenium.Remote.RemoteWebDriver.Execute(String driverCommandToExecute, Dictionary`2 parameters)
   at OpenQA.Selenium.Remote.RemoteWebDriver.FindElement(String mechanism, String value)
   at OpenQA.Selenium.Remote.RemoteWebDriver.FindElementByXPath(String xpath)
   at OpenQA.Selenium.By.<>c__DisplayClasse.<XPath>b__c(ISearchContext context)
   at OpenQA.Selenium.By.FindElement(ISearchContext context)
   at OpenQA.Selenium.Remote.RemoteWebDriver.FindElement(By by)
   at RallyTeam.Util.DriverExtender.SelectDropDownOption(IWebDriver _driver, String option, By locator) in F:\Automation_SeleniumCSharp\RallyTeam\RallyTeamAutomation\RallyTeamAutomation\Util\DriverExtender.cs:line 74
INFO  2017-04-24 14:11:13,366 [Worker#STA_NP] Util.UtilityHelper - Screenshot saved at: Screenshots\RallyTeam.TestScripts.MarketplaceTest.Marketplace_007_VerifyInProgressProjectsSearch_2017-04-24-14-11-13.png
INFO  2017-04-24 14:11:13,366 [Worker#STA_NP] TestScripts.BaseTestES - Teardown test
INFO  2017-04-24 14:12:03,415 [Worker#STA_NP] TestScripts.BaseTestES - Setup test
INFO  2017-04-24 14:12:23,666 [Worker#STA_NP] TestScripts.BaseTestES - Click on the Continue button.
INFO  2017-04-24 14:12:35,142 [Worker#STA_NP] TestScripts.BaseTestES - Enter Skills.
INFO  2017-04-24 14:12:43,809 [Worker#STA_NP] TestScripts.BaseTestES - Click Add button.
INFO  2017-04-24 14:12:55,241 [Worker#STA_NP] TestScripts.BaseTestES - Click Add button.
INFO  2017-04-24 14:12:58,465 [Worker#STA_NP] TestScripts.BaseTestES - Click on the Continue button.
INFO  2017-04-24 14:13:10,666 [Worker#STA_NP] TestScripts.BaseTestES - Click Publish Button
INFO  2017-04-24 14:13:18,932 [Worker#STA_NP] Util.UtilityHelper - Screenshot saved at: Screenshots\AutomationScreenShot_2017-04-24-14-13-18.png
ERROR 2017-04-24 14:13:18,932 [Worker#STA_NP] Util.DriverExtender - OpenQA.Selenium.NoSuchElementException: no such element: Unable to locate element: {"method":"xpath","selector":"//select[@title= 'opp-status']"}
  (Session info: chrome=58.0.3029.81)
  (Driver info: chromedriver=2.29.461591 (62ebf098771772160f391d75e589dc567915b233),platform=Windows NT 6.3.9600 x86_64)
   at OpenQA.Selenium.Remote.RemoteWebDriver.UnpackAndThrowOnError(Response errorResponse)
   at OpenQA.Selenium.Remote.RemoteWebDriver.Execute(String driverCommandToExecute, Dictionary`2 parameters)
   at OpenQA.Selenium.Remote.RemoteWebDriver.FindElement(String mechanism, String value)
   at OpenQA.Selenium.Remote.RemoteWebDriver.FindElementByXPath(String xpath)
   at OpenQA.Selenium.By.<>c__DisplayClasse.<XPath>b__c(ISearchContext context)
   at OpenQA.Selenium.By.FindElement(ISearchContext context)
   at OpenQA.Selenium.Remote.RemoteWebDriver.FindElement(By by)
   at RallyTeam.Util.DriverExtender.SelectDropDownOption(IWebDriver _driver, String option, By locator) in F:\Automation_SeleniumCSharp\RallyTeam\RallyTeamAutomation\RallyTeamAutomation\Util\DriverExtender.cs:line 74
INFO  2017-04-24 14:13:19,149 [Worker#STA_NP] Util.UtilityHelper - Screenshot saved at: Screenshots\RallyTeam.TestScripts.MarketplaceTest.Marketplace_008_VerifyCompletedProjectsSearch_2017-04-24-14-13-18.png
INFO  2017-04-24 14:13:19,149 [Worker#STA_NP] TestScripts.BaseTestES - Teardown test
INFO  2017-04-24 14:14:02,970 [Worker#STA_NP] TestScripts.BaseTestES - Setup test
INFO  2017-04-24 14:14:23,112 [Worker#STA_NP] TestScripts.BaseTestES - Click on the Continue button.
INFO  2017-04-24 14:14:34,438 [Worker#STA_NP] TestScripts.BaseTestES - Enter Skills.
INFO  2017-04-24 14:14:43,092 [Worker#STA_NP] TestScripts.BaseTestES - Click Add button.
INFO  2017-04-24 14:14:54,493 [Worker#STA_NP] TestScripts.BaseTestES - Click Add button.
INFO  2017-04-24 14:14:57,699 [Worker#STA_NP] TestScripts.BaseTestES - Click on the Continue button.
INFO  2017-04-24 14:15:09,891 [Worker#STA_NP] TestScripts.BaseTestES - Click Publish Button
INFO  2017-04-24 14:15:17,201 [Worker#STA_NP] Util.UtilityHelper - Screenshot saved at: Screenshots\AutomationScreenShot_2017-04-24-14-15-16.png
ERROR 2017-04-24 14:15:17,202 [Worker#STA_NP] Util.DriverExtender - OpenQA.Selenium.NoSuchElementException: no such element: Unable to locate element: {"method":"xpath","selector":"//select[@title= 'opp-status']"}
  (Session info: chrome=58.0.3029.81)
  (Driver info: chromedriver=2.29.461591 (62ebf098771772160f391d75e589dc567915b233),platform=Windows NT 6.3.9600 x86_64)
   at OpenQA.Selenium.Remote.RemoteWebDriver.UnpackAndThrowOnError(Response errorResponse)
   at OpenQA.Selenium.Remote.RemoteWebDriver.Execute(String driverCommandToExecute, Dictionary`2 parameters)
   at OpenQA.Selenium.Remote.RemoteWebDriver.FindElement(String mechanism, String value)
   at OpenQA.Selenium.Remote.RemoteWebDriver.FindElementByXPath(String xpath)
   at OpenQA.Selenium.By.<>c__DisplayClasse.<XPath>b__c(ISearchContext context)
   at OpenQA.Selenium.By.FindElement(ISearchContext context)
   at OpenQA.Selenium.Remote.RemoteWebDriver.FindElement(By by)
   at RallyTeam.Util.DriverExtender.SelectDropDownOption(IWebDriver _driver, String option, By locator) in F:\Automation_SeleniumCSharp\RallyTeam\RallyTeamAutomation\RallyTeamAutomation\Util\DriverExtender.cs:line 74
INFO  2017-04-24 14:15:17,399 [Worker#STA_NP] Util.UtilityHelper - Screenshot saved at: Screenshots\RallyTeam.TestScripts.MarketplaceTest.Marketplace_009_VerifyClosedProjectsSearch_2017-04-24-14-15-17.png
INFO  2017-04-24 14:15:17,399 [Worker#STA_NP] TestScripts.BaseTestES - Teardown test
[END]
