[START]
INFO  2016-12-16 14:47:34,869 [Worker#STA_NP] TestScripts.BaseTestES - Setup test
INFO  2016-12-16 14:48:52,798 [Worker#STA_NP] TestScripts.BaseTestES - Click the Marketplace tab.
INFO  2016-12-16 14:48:58,104 [Worker#STA_NP] TestScripts.BaseTestES - Click the Browse button.
INFO  2016-12-16 14:49:08,386 [Worker#STA_NP] TestScripts.BaseTestES - Enter the project name.
INFO  2016-12-16 14:51:10,266 [Worker#STA_NP] Util.UtilityHelper - Screenshot saved at: Screenshots\AutomationScreenShot_2016-12-16-14-51-09.png
ERROR 2016-12-16 14:51:10,375 [Worker#STA_NP] Util.DriverExtender - OpenQA.Selenium.WebDriverTimeoutException: Timed out after 120 seconds ---> OpenQA.Selenium.InvalidSelectorException: invalid selector: Unable to locate an element with the xpath expression //a[text(), 'Search'] because of the following error:
SyntaxError: Failed to execute 'evaluate' on 'Document': The string '//a[text(), 'Search']' is not a valid XPath expression.
  (Session info: chrome=54.0.2840.99)
  (Driver info: chromedriver=2.24.417431 (9aea000394714d2fbb20850021f6204f2256b9cf),platform=Windows NT 6.3.9600 x86_64)
   at OpenQA.Selenium.Remote.RemoteWebDriver.UnpackAndThrowOnError(Response errorResponse)
   at OpenQA.Selenium.Remote.RemoteWebDriver.Execute(String driverCommandToExecute, Dictionary`2 parameters)
   at OpenQA.Selenium.Remote.RemoteWebDriver.FindElement(String mechanism, String value)
   at OpenQA.Selenium.Remote.RemoteWebDriver.FindElementByXPath(String xpath)
   at OpenQA.Selenium.By.<XPath>c__AnonStorey3.<>m__0(ISearchContext context)
   at OpenQA.Selenium.By.FindElement(ISearchContext context)
   at OpenQA.Selenium.Remote.RemoteWebDriver.FindElement(By by)
   at OpenQA.Selenium.Support.UI.ExpectedConditions.<>c__DisplayClass13.<ElementIsVisible>b__12(IWebDriver driver)
   at OpenQA.Selenium.Support.UI.DefaultWait`1.Until[TResult](Func`2 condition)
   --- End of inner exception stack trace ---
   at OpenQA.Selenium.Support.UI.DefaultWait`1.ThrowTimeoutException(String exceptionMessage, Exception lastException)
   at OpenQA.Selenium.Support.UI.DefaultWait`1.Until[TResult](Func`2 condition)
   at RallyTeam.Util.DriverExtender.SafeClick(IWebDriver driver, By locator) in F:\Automation_SeleniumCSharp\RallyTeam\RallyTeamAutomation\RallyTeamAutomation\Util\DriverExtender.cs:line 388
INFO  2016-12-16 14:51:10,615 [Worker#STA_NP] Util.UtilityHelper - Screenshot saved at: Screenshots\RallyTeam.TestScripts.MarketplaceTest.Marketplace_002_BrowseAndSearchProject_2016-12-16-14-51-10.png
INFO  2016-12-16 14:51:10,615 [Worker#STA_NP] TestScripts.BaseTestES - Teardown test
[END]
