[START]
INFO  2017-05-12 14:50:51,004 [Worker#STA_NP] TestScripts.BaseTestES - Setup test
INFO  2017-05-12 14:51:10,643 [Worker#STA_NP] TestScripts.BaseTestES - Click on the Continue button.
INFO  2017-05-12 14:51:21,947 [Worker#STA_NP] TestScripts.BaseTestES - Enter Skills.
INFO  2017-05-12 14:51:30,530 [Worker#STA_NP] TestScripts.BaseTestES - Click Add button.
INFO  2017-05-12 14:51:42,115 [Worker#STA_NP] TestScripts.BaseTestES - Click Add button.
INFO  2017-05-12 14:51:45,378 [Worker#STA_NP] TestScripts.BaseTestES - Click on the Continue button.
INFO  2017-05-12 14:51:58,561 [Worker#STA_NP] TestScripts.BaseTestES - Click Publish Button
INFO  2017-05-12 14:52:05,758 [Worker#STA_NP] TestScripts.BaseTestES - Click Settings Icon
INFO  2017-05-12 14:52:09,240 [Worker#STA_NP] TestScripts.BaseTestES - Select Edit Project option.
INFO  2017-05-12 14:52:14,428 [Worker#STA_NP] TestScripts.BaseTestES - Change Project Owner.
INFO  2017-05-12 14:52:17,611 [Worker#STA_NP] TestScripts.BaseTestES - Click on the Save button.
INFO  2017-05-12 14:52:24,883 [Worker#STA_NP] TestScripts.BaseTestES - Click on the Signout button.
INFO  2017-05-12 14:52:38,725 [Worker#STA_NP] TestScripts.BaseTestES - Click on the Notifications Icon at top.
INFO  2017-05-12 14:52:43,848 [Worker#STA_NP] TestScripts.BaseTestES - Verify the short notification on the Notification Window.
INFO  2017-05-12 14:52:45,081 [Worker#STA_NP] TestScripts.BaseTestES - Click See All link.
INFO  2017-05-12 14:52:52,186 [Worker#STA_NP] TestScripts.BaseTestES - Verify the Project Assigned Notification.
INFO  2017-05-12 14:52:54,270 [Worker#STA_NP] TestScripts.BaseTestES - Verify Project Assigned notification on the Notifications Page.
INFO  2017-05-12 14:52:56,569 [Worker#STA_NP] TestScripts.BaseTestES - Click the Marketplace tab.
INFO  2017-05-12 14:53:03,934 [Worker#STA_NP] TestScripts.BaseTestES - Enter the project name.
INFO  2017-05-12 14:53:06,378 [Worker#STA_NP] TestScripts.BaseTestES - Click the prSearch button.
INFO  2017-05-12 14:53:21,819 [Worker#STA_NP] TestScripts.BaseTestES - Click the Project Name on the Projects Page.
INFO  2017-05-12 14:53:30,012 [Worker#STA_NP] TestScripts.BaseTestES - Click Settings Icon
INFO  2017-05-12 14:53:33,209 [Worker#STA_NP] TestScripts.BaseTestES - Select Delete Project option.
INFO  2017-05-12 14:53:36,443 [Worker#STA_NP] TestScripts.BaseTestES - Press Delete Project Window Yes button.
INFO  2017-05-12 14:53:36,445 [Worker#STA_NP] TestScripts.BaseTestES - Teardown test
INFO  2017-05-12 14:54:26,949 [Worker#STA_NP] TestScripts.BaseTestES - Setup test
INFO  2017-05-12 14:56:40,379 [Worker#STA_NP] Util.UtilityHelper - Screenshot saved at: Screenshots\AutomationScreenShot_2017-05-12-14-56-40.png
ERROR 2017-05-12 14:56:40,449 [Worker#STA_NP] Util.DriverExtender - OpenQA.Selenium.WebDriverTimeoutException: Timed out after 120 seconds ---> OpenQA.Selenium.NoSuchElementException: no such element: Unable to locate element: {"method":"xpath","selector":"//div[contains(@class, 'pull-left')]//a[text()= 'POST A PROJECT']"}
  (Session info: chrome=58.0.3029.96)
  (Driver info: chromedriver=2.29.461591 (62ebf098771772160f391d75e589dc567915b233),platform=Windows NT 6.3.9600 x86_64)
   at OpenQA.Selenium.Remote.RemoteWebDriver.UnpackAndThrowOnError(Response errorResponse)
   at OpenQA.Selenium.Remote.RemoteWebDriver.Execute(String driverCommandToExecute, Dictionary`2 parameters)
   at OpenQA.Selenium.Remote.RemoteWebDriver.FindElement(String mechanism, String value)
   at OpenQA.Selenium.Remote.RemoteWebDriver.FindElementByXPath(String xpath)
   at OpenQA.Selenium.By.<>c__DisplayClasse.<XPath>b__c(ISearchContext context)
   at OpenQA.Selenium.By.FindElement(ISearchContext context)
   at OpenQA.Selenium.Remote.RemoteWebDriver.FindElement(By by)
   at OpenQA.Selenium.Support.UI.ExpectedConditions.<>c__DisplayClass13.<ElementIsVisible>b__12(IWebDriver driver)
   at OpenQA.Selenium.Support.UI.DefaultWait`1.Until[TResult](Func`2 condition)
   --- End of inner exception stack trace ---
   at OpenQA.Selenium.Support.UI.DefaultWait`1.ThrowTimeoutException(String exceptionMessage, Exception lastException)
   at OpenQA.Selenium.Support.UI.DefaultWait`1.Until[TResult](Func`2 condition)
   at RallyTeam.Util.DriverExtender.SafeClick(IWebDriver driver, By locator) in C:\TeamCity\buildAgent\work\d0d0ab0e7c387597\RallyTeamAutomation\RallyTeamAutomation\Util\DriverExtender.cs:line 461
INFO  2017-05-12 14:56:40,582 [Worker#STA_NP] Util.UtilityHelper - Screenshot saved at: Screenshots\RallyTeam.TestScripts.NotificationsTest.Notifications_002_ProjectOwnerPendingJoinRequest_2017-05-12-14-56-40.png
INFO  2017-05-12 14:56:40,582 [Worker#STA_NP] TestScripts.BaseTestES - Teardown test
INFO  2017-05-12 14:57:33,379 [Worker#STA_NP] TestScripts.BaseTestES - Setup test
INFO  2017-05-12 14:57:56,138 [Worker#STA_NP] TestScripts.BaseTestES - Click on the Continue button.
INFO  2017-05-12 14:58:07,430 [Worker#STA_NP] TestScripts.BaseTestES - Enter Skills.
INFO  2017-05-12 14:58:07,651 [Worker#STA_NP] TestScripts.BaseTestES - Click on the Continue button.
INFO  2017-05-12 14:58:19,900 [Worker#STA_NP] TestScripts.BaseTestES - Click Publish Button
INFO  2017-05-12 14:58:29,197 [Worker#STA_NP] TestScripts.BaseTestES - Click on the Signout button.
INFO  2017-05-12 14:58:44,138 [Worker#STA_NP] TestScripts.BaseTestES - Click on the Notifications Icon at top.
INFO  2017-05-12 14:58:49,199 [Worker#STA_NP] TestScripts.BaseTestES - Verify the User Recruited to Project short notification on the Notification Window.
INFO  2017-05-12 14:58:50,472 [Worker#STA_NP] TestScripts.BaseTestES - Click See All link.
INFO  2017-05-12 14:58:57,563 [Worker#STA_NP] TestScripts.BaseTestES - Verify the User Recruited to Project Notification on Notifications Page.
INFO  2017-05-12 14:58:58,565 [Worker#STA_NP] TestScripts.BaseTestES - Verify User Recruited to Project notification subject on the Notifications Page.
INFO  2017-05-12 14:59:02,836 [Worker#STA_NP] TestScripts.BaseTestES - Click on the Signout button.
INFO  2017-05-12 14:59:20,160 [Worker#STA_NP] TestScripts.BaseTestES - Enter the project name.
INFO  2017-05-12 14:59:22,588 [Worker#STA_NP] TestScripts.BaseTestES - Click the prSearch button.
INFO  2017-05-12 14:59:37,925 [Worker#STA_NP] TestScripts.BaseTestES - Click the Project Name on the Projects Page.
INFO  2017-05-12 14:59:46,142 [Worker#STA_NP] TestScripts.BaseTestES - Click Settings Icon
INFO  2017-05-12 14:59:49,442 [Worker#STA_NP] TestScripts.BaseTestES - Select Delete Project option.
INFO  2017-05-12 14:59:52,617 [Worker#STA_NP] TestScripts.BaseTestES - Press Delete Project Window Yes button.
INFO  2017-05-12 14:59:52,617 [Worker#STA_NP] TestScripts.BaseTestES - Teardown test
INFO  2017-05-12 15:00:58,622 [Worker#STA_NP] TestScripts.BaseTestES - Setup test
INFO  2017-05-12 15:01:21,447 [Worker#STA_NP] TestScripts.BaseTestES - Click on the Continue button.
INFO  2017-05-12 15:01:32,779 [Worker#STA_NP] TestScripts.BaseTestES - Enter Skills.
INFO  2017-05-12 15:01:41,421 [Worker#STA_NP] TestScripts.BaseTestES - Click Add button.
INFO  2017-05-12 15:01:52,897 [Worker#STA_NP] TestScripts.BaseTestES - Click Add button.
INFO  2017-05-12 15:01:56,100 [Worker#STA_NP] TestScripts.BaseTestES - Click on the Continue button.
INFO  2017-05-12 15:02:09,329 [Worker#STA_NP] TestScripts.BaseTestES - Click Publish Button
INFO  2017-05-12 15:02:18,603 [Worker#STA_NP] TestScripts.BaseTestES - Click on the Signout button.
INFO  2017-05-12 15:02:32,703 [Worker#STA_NP] TestScripts.BaseTestES - Click on the Notifications Icon at top.
INFO  2017-05-12 15:02:37,768 [Worker#STA_NP] TestScripts.BaseTestES - Verify the User Added to Project short notification on the Notification Window.
INFO  2017-05-12 15:02:38,976 [Worker#STA_NP] TestScripts.BaseTestES - Click See All link.
INFO  2017-05-12 15:02:46,080 [Worker#STA_NP] TestScripts.BaseTestES - Verify the User Added to Project Notification on Notifications Page.
INFO  2017-05-12 15:02:47,204 [Worker#STA_NP] TestScripts.BaseTestES - Verify User Added to Project notification subject on the Notifications Page.
INFO  2017-05-12 15:02:51,561 [Worker#STA_NP] TestScripts.BaseTestES - Click on the Signout button.
INFO  2017-05-12 15:03:08,714 [Worker#STA_NP] TestScripts.BaseTestES - Enter the project name.
INFO  2017-05-12 15:03:11,092 [Worker#STA_NP] TestScripts.BaseTestES - Click the prSearch button.
INFO  2017-05-12 15:03:26,604 [Worker#STA_NP] TestScripts.BaseTestES - Click the Project Name on the Projects Page.
INFO  2017-05-12 15:03:34,827 [Worker#STA_NP] TestScripts.BaseTestES - Click Settings Icon
INFO  2017-05-12 15:03:38,050 [Worker#STA_NP] TestScripts.BaseTestES - Select Delete Project option.
INFO  2017-05-12 15:03:41,211 [Worker#STA_NP] TestScripts.BaseTestES - Press Delete Project Window Yes button.
INFO  2017-05-12 15:03:41,211 [Worker#STA_NP] TestScripts.BaseTestES - Teardown test
INFO  2017-05-12 15:04:29,018 [Worker#STA_NP] TestScripts.BaseTestES - Setup test
INFO  2017-05-12 15:06:40,656 [Worker#STA_NP] Util.UtilityHelper - Screenshot saved at: Screenshots\AutomationScreenShot_2017-05-12-15-06-40.png
ERROR 2017-05-12 15:06:40,656 [Worker#STA_NP] Util.DriverExtender - OpenQA.Selenium.WebDriverTimeoutException: Timed out after 120 seconds ---> OpenQA.Selenium.NoSuchElementException: no such element: Unable to locate element: {"method":"xpath","selector":"//div[contains(@class, 'pull-left')]//a[text()= 'POST A PROJECT']"}
  (Session info: chrome=58.0.3029.96)
  (Driver info: chromedriver=2.29.461591 (62ebf098771772160f391d75e589dc567915b233),platform=Windows NT 6.3.9600 x86_64)
   at OpenQA.Selenium.Remote.RemoteWebDriver.UnpackAndThrowOnError(Response errorResponse)
   at OpenQA.Selenium.Remote.RemoteWebDriver.Execute(String driverCommandToExecute, Dictionary`2 parameters)
   at OpenQA.Selenium.Remote.RemoteWebDriver.FindElement(String mechanism, String value)
   at OpenQA.Selenium.Remote.RemoteWebDriver.FindElementByXPath(String xpath)
   at OpenQA.Selenium.By.<>c__DisplayClasse.<XPath>b__c(ISearchContext context)
   at OpenQA.Selenium.By.FindElement(ISearchContext context)
   at OpenQA.Selenium.Remote.RemoteWebDriver.FindElement(By by)
   at OpenQA.Selenium.Support.UI.ExpectedConditions.<>c__DisplayClass13.<ElementIsVisible>b__12(IWebDriver driver)
   at OpenQA.Selenium.Support.UI.DefaultWait`1.Until[TResult](Func`2 condition)
   --- End of inner exception stack trace ---
   at OpenQA.Selenium.Support.UI.DefaultWait`1.ThrowTimeoutException(String exceptionMessage, Exception lastException)
   at OpenQA.Selenium.Support.UI.DefaultWait`1.Until[TResult](Func`2 condition)
   at RallyTeam.Util.DriverExtender.SafeClick(IWebDriver driver, By locator) in C:\TeamCity\buildAgent\work\d0d0ab0e7c387597\RallyTeamAutomation\RallyTeamAutomation\Util\DriverExtender.cs:line 461
INFO  2017-05-12 15:06:40,774 [Worker#STA_NP] Util.UtilityHelper - Screenshot saved at: Screenshots\RallyTeam.TestScripts.NotificationsTest.Notifications_005_UserRemovedFromProject_2017-05-12-15-06-40.png
INFO  2017-05-12 15:06:40,774 [Worker#STA_NP] TestScripts.BaseTestES - Teardown test
INFO  2017-05-12 15:07:31,699 [Worker#STA_NP] TestScripts.BaseTestES - Setup test
INFO  2017-05-12 15:09:43,158 [Worker#STA_NP] Util.UtilityHelper - Screenshot saved at: Screenshots\AutomationScreenShot_2017-05-12-15-09-42.png
ERROR 2017-05-12 15:09:43,158 [Worker#STA_NP] Util.DriverExtender - OpenQA.Selenium.WebDriverTimeoutException: Timed out after 120 seconds ---> OpenQA.Selenium.NoSuchElementException: no such element: Unable to locate element: {"method":"xpath","selector":"//div[contains(@class, 'pull-left')]//a[text()= 'POST A PROJECT']"}
  (Session info: chrome=58.0.3029.96)
  (Driver info: chromedriver=2.29.461591 (62ebf098771772160f391d75e589dc567915b233),platform=Windows NT 6.3.9600 x86_64)
   at OpenQA.Selenium.Remote.RemoteWebDriver.UnpackAndThrowOnError(Response errorResponse)
   at OpenQA.Selenium.Remote.RemoteWebDriver.Execute(String driverCommandToExecute, Dictionary`2 parameters)
   at OpenQA.Selenium.Remote.RemoteWebDriver.FindElement(String mechanism, String value)
   at OpenQA.Selenium.Remote.RemoteWebDriver.FindElementByXPath(String xpath)
   at OpenQA.Selenium.By.<>c__DisplayClasse.<XPath>b__c(ISearchContext context)
   at OpenQA.Selenium.By.FindElement(ISearchContext context)
   at OpenQA.Selenium.Remote.RemoteWebDriver.FindElement(By by)
   at OpenQA.Selenium.Support.UI.ExpectedConditions.<>c__DisplayClass13.<ElementIsVisible>b__12(IWebDriver driver)
   at OpenQA.Selenium.Support.UI.DefaultWait`1.Until[TResult](Func`2 condition)
   --- End of inner exception stack trace ---
   at OpenQA.Selenium.Support.UI.DefaultWait`1.ThrowTimeoutException(String exceptionMessage, Exception lastException)
   at OpenQA.Selenium.Support.UI.DefaultWait`1.Until[TResult](Func`2 condition)
   at RallyTeam.Util.DriverExtender.SafeClick(IWebDriver driver, By locator) in C:\TeamCity\buildAgent\work\d0d0ab0e7c387597\RallyTeamAutomation\RallyTeamAutomation\Util\DriverExtender.cs:line 461
INFO  2017-05-12 15:09:43,316 [Worker#STA_NP] Util.UtilityHelper - Screenshot saved at: Screenshots\RallyTeam.TestScripts.NotificationsTest.Notifications_006_UserMentionedInProjectWithAll_2017-05-12-15-09-43.png
INFO  2017-05-12 15:09:43,316 [Worker#STA_NP] TestScripts.BaseTestES - Teardown test
INFO  2017-05-12 15:10:40,416 [Worker#STA_NP] TestScripts.BaseTestES - Setup test
INFO  2017-05-12 15:12:52,040 [Worker#STA_NP] Util.UtilityHelper - Screenshot saved at: Screenshots\AutomationScreenShot_2017-05-12-15-12-51.png
ERROR 2017-05-12 15:12:52,040 [Worker#STA_NP] Util.DriverExtender - OpenQA.Selenium.WebDriverTimeoutException: Timed out after 120 seconds ---> OpenQA.Selenium.NoSuchElementException: no such element: Unable to locate element: {"method":"xpath","selector":"//div[contains(@class, 'pull-left')]//a[text()= 'POST A PROJECT']"}
  (Session info: chrome=58.0.3029.96)
  (Driver info: chromedriver=2.29.461591 (62ebf098771772160f391d75e589dc567915b233),platform=Windows NT 6.3.9600 x86_64)
   at OpenQA.Selenium.Remote.RemoteWebDriver.UnpackAndThrowOnError(Response errorResponse)
   at OpenQA.Selenium.Remote.RemoteWebDriver.Execute(String driverCommandToExecute, Dictionary`2 parameters)
   at OpenQA.Selenium.Remote.RemoteWebDriver.FindElement(String mechanism, String value)
   at OpenQA.Selenium.Remote.RemoteWebDriver.FindElementByXPath(String xpath)
   at OpenQA.Selenium.By.<>c__DisplayClasse.<XPath>b__c(ISearchContext context)
   at OpenQA.Selenium.By.FindElement(ISearchContext context)
   at OpenQA.Selenium.Remote.RemoteWebDriver.FindElement(By by)
   at OpenQA.Selenium.Support.UI.ExpectedConditions.<>c__DisplayClass13.<ElementIsVisible>b__12(IWebDriver driver)
   at OpenQA.Selenium.Support.UI.DefaultWait`1.Until[TResult](Func`2 condition)
   --- End of inner exception stack trace ---
   at OpenQA.Selenium.Support.UI.DefaultWait`1.ThrowTimeoutException(String exceptionMessage, Exception lastException)
   at OpenQA.Selenium.Support.UI.DefaultWait`1.Until[TResult](Func`2 condition)
   at RallyTeam.Util.DriverExtender.SafeClick(IWebDriver driver, By locator) in C:\TeamCity\buildAgent\work\d0d0ab0e7c387597\RallyTeamAutomation\RallyTeamAutomation\Util\DriverExtender.cs:line 461
INFO  2017-05-12 15:12:52,184 [Worker#STA_NP] Util.UtilityHelper - Screenshot saved at: Screenshots\RallyTeam.TestScripts.NotificationsTest.Notifications_007_InvoiceRequiresApproval_2017-05-12-15-12-52.png
INFO  2017-05-12 15:12:52,184 [Worker#STA_NP] TestScripts.BaseTestES - Teardown test
INFO  2017-05-12 15:13:49,551 [Worker#STA_NP] TestScripts.BaseTestES - Setup test
INFO  2017-05-12 15:14:13,752 [Worker#STA_NP] TestScripts.BaseTestES - Click on the Continue button.
INFO  2017-05-12 15:14:25,124 [Worker#STA_NP] TestScripts.BaseTestES - Enter Skills.
INFO  2017-05-12 15:14:33,910 [Worker#STA_NP] TestScripts.BaseTestES - Click Add button.
INFO  2017-05-12 15:14:45,327 [Worker#STA_NP] TestScripts.BaseTestES - Click Add button.
INFO  2017-05-12 15:14:48,598 [Worker#STA_NP] TestScripts.BaseTestES - Click on the Continue button.
INFO  2017-05-12 15:15:01,842 [Worker#STA_NP] TestScripts.BaseTestES - Click Publish Button
INFO  2017-05-12 15:15:11,231 [Worker#STA_NP] TestScripts.BaseTestES - Click on the Signout button.
INFO  2017-05-12 15:15:27,290 [Worker#STA_NP] TestScripts.BaseTestES - Click the Invoicing menu.
INFO  2017-05-12 15:15:37,492 [Worker#STA_NP] TestScripts.BaseTestES - Click the New Invoice button.
INFO  2017-05-12 15:15:42,850 [Worker#STA_NP] TestScripts.BaseTestES - Enter the Invoice Title.
INFO  2017-05-12 15:15:44,017 [Worker#STA_NP] TestScripts.BaseTestES - Click Due Date Field.
INFO  2017-05-12 15:15:45,143 [Worker#STA_NP] TestScripts.BaseTestES - Select today's date.
INFO  2017-05-12 15:15:47,491 [Worker#STA_NP] TestScripts.BaseTestES - Enter the Invoice Total Amount
INFO  2017-05-12 15:15:48,705 [Worker#STA_NP] TestScripts.BaseTestES - Select Project.
INFO  2017-05-12 15:15:50,989 [Worker#STA_NP] TestScripts.BaseTestES - Enter Invoice Notes
INFO  2017-05-12 15:15:53,230 [Worker#STA_NP] TestScripts.BaseTestES - Click Submit button.
INFO  2017-05-12 15:16:00,562 [Worker#STA_NP] TestScripts.BaseTestES - Click on the Signout button.
INFO  2017-05-12 15:16:14,885 [Worker#STA_NP] TestScripts.BaseTestES - Click the Invoicing menu.
INFO  2017-05-12 15:16:17,313 [Worker#STA_NP] TestScripts.BaseTestES - Click Invoice displayed.
INFO  2017-05-12 15:16:22,514 [Worker#STA_NP] TestScripts.BaseTestES - Click the Approve button.
INFO  2017-05-12 15:16:29,721 [Worker#STA_NP] TestScripts.BaseTestES - Click on the Signout button.
INFO  2017-05-12 15:16:43,667 [Worker#STA_NP] TestScripts.BaseTestES - Click on the Notifications Icon at top.
INFO  2017-05-12 15:16:48,759 [Worker#STA_NP] TestScripts.BaseTestES - Verify the Invoice Approved short notification on the Notification Window.
INFO  2017-05-12 15:16:49,960 [Worker#STA_NP] TestScripts.BaseTestES - Click See All link.
INFO  2017-05-12 15:16:57,058 [Worker#STA_NP] TestScripts.BaseTestES - Verify the Invoice Approved Notification on Notifications Page.
INFO  2017-05-12 15:16:58,199 [Worker#STA_NP] TestScripts.BaseTestES - Verify Invoice Approved notification subject on the Notifications Page.
INFO  2017-05-12 15:17:03,442 [Worker#STA_NP] TestScripts.BaseTestES - Click on the Signout button.
INFO  2017-05-12 15:17:15,589 [Worker#STA_NP] TestScripts.BaseTestES - Enter the project name.
INFO  2017-05-12 15:17:17,948 [Worker#STA_NP] TestScripts.BaseTestES - Click the prSearch button.
INFO  2017-05-12 15:17:33,439 [Worker#STA_NP] TestScripts.BaseTestES - Click the Project Name on the Projects Page.
INFO  2017-05-12 15:17:41,635 [Worker#STA_NP] TestScripts.BaseTestES - Click Settings Icon
INFO  2017-05-12 15:17:44,886 [Worker#STA_NP] TestScripts.BaseTestES - Select Delete Project option.
INFO  2017-05-12 15:17:48,072 [Worker#STA_NP] TestScripts.BaseTestES - Press Delete Project Window Yes button.
INFO  2017-05-12 15:17:48,072 [Worker#STA_NP] TestScripts.BaseTestES - Teardown test
INFO  2017-05-12 15:18:36,966 [Worker#STA_NP] TestScripts.BaseTestES - Setup test
INFO  2017-05-12 15:20:49,771 [Worker#STA_NP] Util.UtilityHelper - Screenshot saved at: Screenshots\AutomationScreenShot_2017-05-12-15-20-49.png
ERROR 2017-05-12 15:20:49,772 [Worker#STA_NP] Util.DriverExtender - OpenQA.Selenium.WebDriverTimeoutException: Timed out after 120 seconds ---> OpenQA.Selenium.NoSuchElementException: no such element: Unable to locate element: {"method":"xpath","selector":"//div[contains(@class, 'pull-left')]//a[text()= 'POST A PROJECT']"}
  (Session info: chrome=58.0.3029.96)
  (Driver info: chromedriver=2.29.461591 (62ebf098771772160f391d75e589dc567915b233),platform=Windows NT 6.3.9600 x86_64)
   at OpenQA.Selenium.Remote.RemoteWebDriver.UnpackAndThrowOnError(Response errorResponse)
   at OpenQA.Selenium.Remote.RemoteWebDriver.Execute(String driverCommandToExecute, Dictionary`2 parameters)
   at OpenQA.Selenium.Remote.RemoteWebDriver.FindElement(String mechanism, String value)
   at OpenQA.Selenium.Remote.RemoteWebDriver.FindElementByXPath(String xpath)
   at OpenQA.Selenium.By.<>c__DisplayClasse.<XPath>b__c(ISearchContext context)
   at OpenQA.Selenium.By.FindElement(ISearchContext context)
   at OpenQA.Selenium.Remote.RemoteWebDriver.FindElement(By by)
   at OpenQA.Selenium.Support.UI.ExpectedConditions.<>c__DisplayClass13.<ElementIsVisible>b__12(IWebDriver driver)
   at OpenQA.Selenium.Support.UI.DefaultWait`1.Until[TResult](Func`2 condition)
   --- End of inner exception stack trace ---
   at OpenQA.Selenium.Support.UI.DefaultWait`1.ThrowTimeoutException(String exceptionMessage, Exception lastException)
   at OpenQA.Selenium.Support.UI.DefaultWait`1.Until[TResult](Func`2 condition)
   at RallyTeam.Util.DriverExtender.SafeClick(IWebDriver driver, By locator) in C:\TeamCity\buildAgent\work\d0d0ab0e7c387597\RallyTeamAutomation\RallyTeamAutomation\Util\DriverExtender.cs:line 461
INFO  2017-05-12 15:20:49,908 [Worker#STA_NP] Util.UtilityHelper - Screenshot saved at: Screenshots\RallyTeam.TestScripts.NotificationsTest.Notifications_009_InvoiceDenied_2017-05-12-15-20-49.png
INFO  2017-05-12 15:20:49,908 [Worker#STA_NP] TestScripts.BaseTestES - Teardown test
INFO  2017-05-12 15:21:37,784 [Worker#STA_NP] TestScripts.BaseTestES - Setup test
INFO  2017-05-12 15:23:49,429 [Worker#STA_NP] Util.UtilityHelper - Screenshot saved at: Screenshots\AutomationScreenShot_2017-05-12-15-23-49.png
ERROR 2017-05-12 15:23:49,430 [Worker#STA_NP] Util.DriverExtender - OpenQA.Selenium.WebDriverTimeoutException: Timed out after 120 seconds ---> OpenQA.Selenium.NoSuchElementException: no such element: Unable to locate element: {"method":"xpath","selector":"//div[contains(@class, 'pull-left')]//a[text()= 'POST A PROJECT']"}
  (Session info: chrome=58.0.3029.96)
  (Driver info: chromedriver=2.29.461591 (62ebf098771772160f391d75e589dc567915b233),platform=Windows NT 6.3.9600 x86_64)
   at OpenQA.Selenium.Remote.RemoteWebDriver.UnpackAndThrowOnError(Response errorResponse)
   at OpenQA.Selenium.Remote.RemoteWebDriver.Execute(String driverCommandToExecute, Dictionary`2 parameters)
   at OpenQA.Selenium.Remote.RemoteWebDriver.FindElement(String mechanism, String value)
   at OpenQA.Selenium.Remote.RemoteWebDriver.FindElementByXPath(String xpath)
   at OpenQA.Selenium.By.<>c__DisplayClasse.<XPath>b__c(ISearchContext context)
   at OpenQA.Selenium.By.FindElement(ISearchContext context)
   at OpenQA.Selenium.Remote.RemoteWebDriver.FindElement(By by)
   at OpenQA.Selenium.Support.UI.ExpectedConditions.<>c__DisplayClass13.<ElementIsVisible>b__12(IWebDriver driver)
   at OpenQA.Selenium.Support.UI.DefaultWait`1.Until[TResult](Func`2 condition)
   --- End of inner exception stack trace ---
   at OpenQA.Selenium.Support.UI.DefaultWait`1.ThrowTimeoutException(String exceptionMessage, Exception lastException)
   at OpenQA.Selenium.Support.UI.DefaultWait`1.Until[TResult](Func`2 condition)
   at RallyTeam.Util.DriverExtender.SafeClick(IWebDriver driver, By locator) in C:\TeamCity\buildAgent\work\d0d0ab0e7c387597\RallyTeamAutomation\RallyTeamAutomation\Util\DriverExtender.cs:line 461
INFO  2017-05-12 15:23:49,789 [Worker#STA_NP] Util.UtilityHelper - Screenshot saved at: Screenshots\RallyTeam.TestScripts.NotificationsTest.Notifications_010_InvoiceApproved_2017-05-12-15-23-49.png
INFO  2017-05-12 15:23:49,789 [Worker#STA_NP] TestScripts.BaseTestES - Teardown test
INFO  2017-05-12 15:24:46,353 [Worker#STA_NP] TestScripts.BaseTestES - Setup test
INFO  2017-05-12 15:25:09,493 [Worker#STA_NP] TestScripts.BaseTestES - Click on the Continue button.
INFO  2017-05-12 15:25:21,025 [Worker#STA_NP] TestScripts.BaseTestES - Enter Skills.
INFO  2017-05-12 15:25:30,172 [Worker#STA_NP] TestScripts.BaseTestES - Click Add button.
INFO  2017-05-12 15:25:42,039 [Worker#STA_NP] TestScripts.BaseTestES - Click Add button.
INFO  2017-05-12 15:25:45,462 [Worker#STA_NP] TestScripts.BaseTestES - Click on the Continue button.
INFO  2017-05-12 15:25:58,734 [Worker#STA_NP] TestScripts.BaseTestES - Click Publish Button
INFO  2017-05-12 15:26:05,911 [Worker#STA_NP] TestScripts.BaseTestES - Click the User Profile Icon.
INFO  2017-05-12 15:26:08,690 [Worker#STA_NP] TestScripts.BaseTestES - Click User Profile option 'Admin'.
INFO  2017-05-12 15:26:12,062 [Worker#STA_NP] TestScripts.BaseTestES - Enter search user email id.
INFO  2017-05-12 15:26:17,311 [Worker#STA_NP] TestScripts.BaseTestES - Click the searched user.
INFO  2017-05-12 15:26:22,890 [Worker#STA_NP] TestScripts.BaseTestES - Click on Endorse button.
INFO  2017-05-12 15:26:33,341 [Worker#STA_NP] TestScripts.BaseTestES - Select Project DropDown.
INFO  2017-05-12 15:26:35,738 [Worker#STA_NP] TestScripts.BaseTestES - Click the Awesome rating.
INFO  2017-05-12 15:26:38,447 [Worker#STA_NP] TestScripts.BaseTestES - Enter Project Feedback.
INFO  2017-05-12 15:26:39,893 [Worker#STA_NP] TestScripts.BaseTestES - Click on Endorse button.
INFO  2017-05-12 15:26:47,386 [Worker#STA_NP] TestScripts.BaseTestES - Click on the Signout button.
INFO  2017-05-12 15:27:01,623 [Worker#STA_NP] TestScripts.BaseTestES - Click on the Notifications Icon at top.
INFO  2017-05-12 15:27:06,815 [Worker#STA_NP] TestScripts.BaseTestES - Verify the User Receives Feedback short notification on the Notification Window.
INFO  2017-05-12 15:27:08,305 [Worker#STA_NP] TestScripts.BaseTestES - Click See All link.
INFO  2017-05-12 15:27:15,445 [Worker#STA_NP] TestScripts.BaseTestES - Verify the User Receives Feedback Notification on Notifications Page.
INFO  2017-05-12 15:27:16,603 [Worker#STA_NP] TestScripts.BaseTestES - Verify User Receives Feedback notification subject on the Notifications Page.
INFO  2017-05-12 15:27:21,297 [Worker#STA_NP] TestScripts.BaseTestES - Click on the Signout button.
INFO  2017-05-12 15:27:34,220 [Worker#STA_NP] TestScripts.BaseTestES - Enter the project name.
INFO  2017-05-12 15:27:37,273 [Worker#STA_NP] TestScripts.BaseTestES - Click the prSearch button.
INFO  2017-05-12 15:27:53,084 [Worker#STA_NP] TestScripts.BaseTestES - Click the Project Name on the Projects Page.
INFO  2017-05-12 15:28:02,492 [Worker#STA_NP] TestScripts.BaseTestES - Click Settings Icon
INFO  2017-05-12 15:28:06,008 [Worker#STA_NP] TestScripts.BaseTestES - Select Delete Project option.
INFO  2017-05-12 15:28:09,394 [Worker#STA_NP] TestScripts.BaseTestES - Press Delete Project Window Yes button.
INFO  2017-05-12 15:28:09,394 [Worker#STA_NP] TestScripts.BaseTestES - Teardown test
INFO  2017-05-12 15:29:09,111 [Worker#STA_NP] TestScripts.BaseTestES - Setup test
INFO  2017-05-12 15:31:22,177 [Worker#STA_NP] Util.UtilityHelper - Screenshot saved at: Screenshots\AutomationScreenShot_2017-05-12-15-31-21.png
ERROR 2017-05-12 15:31:22,178 [Worker#STA_NP] Util.DriverExtender - OpenQA.Selenium.WebDriverTimeoutException: Timed out after 120 seconds ---> OpenQA.Selenium.NoSuchElementException: no such element: Unable to locate element: {"method":"xpath","selector":"//div[contains(@class, 'pull-left')]//a[text()= 'POST A PROJECT']"}
  (Session info: chrome=58.0.3029.96)
  (Driver info: chromedriver=2.29.461591 (62ebf098771772160f391d75e589dc567915b233),platform=Windows NT 6.3.9600 x86_64)
   at OpenQA.Selenium.Remote.RemoteWebDriver.UnpackAndThrowOnError(Response errorResponse)
   at OpenQA.Selenium.Remote.RemoteWebDriver.Execute(String driverCommandToExecute, Dictionary`2 parameters)
   at OpenQA.Selenium.Remote.RemoteWebDriver.FindElement(String mechanism, String value)
   at OpenQA.Selenium.Remote.RemoteWebDriver.FindElementByXPath(String xpath)
   at OpenQA.Selenium.By.<>c__DisplayClasse.<XPath>b__c(ISearchContext context)
   at OpenQA.Selenium.By.FindElement(ISearchContext context)
   at OpenQA.Selenium.Remote.RemoteWebDriver.FindElement(By by)
   at OpenQA.Selenium.Support.UI.ExpectedConditions.<>c__DisplayClass13.<ElementIsVisible>b__12(IWebDriver driver)
   at OpenQA.Selenium.Support.UI.DefaultWait`1.Until[TResult](Func`2 condition)
   --- End of inner exception stack trace ---
   at OpenQA.Selenium.Support.UI.DefaultWait`1.ThrowTimeoutException(String exceptionMessage, Exception lastException)
   at OpenQA.Selenium.Support.UI.DefaultWait`1.Until[TResult](Func`2 condition)
   at RallyTeam.Util.DriverExtender.SafeClick(IWebDriver driver, By locator) in C:\TeamCity\buildAgent\work\d0d0ab0e7c387597\RallyTeamAutomation\RallyTeamAutomation\Util\DriverExtender.cs:line 461
INFO  2017-05-12 15:31:22,503 [Worker#STA_NP] Util.UtilityHelper - Screenshot saved at: Screenshots\RallyTeam.TestScripts.NotificationsTest.Notifications_012_UserRequestsFeedback_2017-05-12-15-31-22.png
INFO  2017-05-12 15:31:22,503 [Worker#STA_NP] TestScripts.BaseTestES - Teardown test
INFO  2017-05-12 15:32:15,691 [Worker#STA_NP] TestScripts.BaseTestES - Setup test
INFO  2017-05-12 15:34:28,222 [Worker#STA_NP] Util.UtilityHelper - Screenshot saved at: Screenshots\AutomationScreenShot_2017-05-12-15-34-27.png
ERROR 2017-05-12 15:34:28,223 [Worker#STA_NP] Util.DriverExtender - OpenQA.Selenium.WebDriverTimeoutException: Timed out after 120 seconds ---> OpenQA.Selenium.NoSuchElementException: no such element: Unable to locate element: {"method":"xpath","selector":"//div[contains(@class, 'pull-left')]//a[text()= 'POST A PROJECT']"}
  (Session info: chrome=58.0.3029.96)
  (Driver info: chromedriver=2.29.461591 (62ebf098771772160f391d75e589dc567915b233),platform=Windows NT 6.3.9600 x86_64)
   at OpenQA.Selenium.Remote.RemoteWebDriver.UnpackAndThrowOnError(Response errorResponse)
   at OpenQA.Selenium.Remote.RemoteWebDriver.Execute(String driverCommandToExecute, Dictionary`2 parameters)
   at OpenQA.Selenium.Remote.RemoteWebDriver.FindElement(String mechanism, String value)
   at OpenQA.Selenium.Remote.RemoteWebDriver.FindElementByXPath(String xpath)
   at OpenQA.Selenium.By.<>c__DisplayClasse.<XPath>b__c(ISearchContext context)
   at OpenQA.Selenium.By.FindElement(ISearchContext context)
   at OpenQA.Selenium.Remote.RemoteWebDriver.FindElement(By by)
   at OpenQA.Selenium.Support.UI.ExpectedConditions.<>c__DisplayClass13.<ElementIsVisible>b__12(IWebDriver driver)
   at OpenQA.Selenium.Support.UI.DefaultWait`1.Until[TResult](Func`2 condition)
   --- End of inner exception stack trace ---
   at OpenQA.Selenium.Support.UI.DefaultWait`1.ThrowTimeoutException(String exceptionMessage, Exception lastException)
   at OpenQA.Selenium.Support.UI.DefaultWait`1.Until[TResult](Func`2 condition)
   at RallyTeam.Util.DriverExtender.SafeClick(IWebDriver driver, By locator) in C:\TeamCity\buildAgent\work\d0d0ab0e7c387597\RallyTeamAutomation\RallyTeamAutomation\Util\DriverExtender.cs:line 461
INFO  2017-05-12 15:34:28,529 [Worker#STA_NP] Util.UtilityHelper - Screenshot saved at: Screenshots\RallyTeam.TestScripts.NotificationsTest.Notifications_013_UserMentionedInProject_2017-05-12-15-34-28.png
INFO  2017-05-12 15:34:28,529 [Worker#STA_NP] TestScripts.BaseTestES - Teardown test
[END]
