[START]
INFO  2016-11-17 11:05:05,376 [Worker#STA_NP] TestScripts.BaseTest - Setup test
INFO  2016-11-17 11:05:18,778 [Worker#STA_NP] TestScripts.BaseTest - Verify Tasks menu icon
INFO  2016-11-17 11:05:18,780 [Worker#STA_NP] TestScripts.BaseTest - Teardown test
INFO  2016-11-17 11:06:09,937 [Worker#STA_NP] TestScripts.BaseTest - Setup test
INFO  2016-11-17 11:06:51,000 [Worker#STA_NP] TestScripts.BaseTest - Click the Tasks menu option.
INFO  2016-11-17 11:06:54,831 [Worker#STA_NP] TestScripts.BaseTest - Verify Tasks Page get displayed.
INFO  2016-11-17 11:06:55,950 [Worker#STA_NP] TestScripts.BaseTest - Verify Add Task Text field get displayed.
INFO  2016-11-17 11:06:57,079 [Worker#STA_NP] TestScripts.BaseTest - Verify Add Text Plus Icon get displayed.
INFO  2016-11-17 11:06:58,178 [Worker#STA_NP] TestScripts.BaseTest - Verify To-Do section gets displayed.
INFO  2016-11-17 11:06:59,283 [Worker#STA_NP] TestScripts.BaseTest - Verify In Progress section gets displayed.
INFO  2016-11-17 11:07:00,411 [Worker#STA_NP] TestScripts.BaseTest - Verify Completed section gets displayed.
INFO  2016-11-17 11:07:00,411 [Worker#STA_NP] TestScripts.BaseTest - Teardown test
INFO  2016-11-17 11:07:51,171 [Worker#STA_NP] TestScripts.BaseTest - Setup test
INFO  2016-11-17 11:08:16,465 [Worker#STA_NP] TestScripts.BaseTest - Click the Tasks menu option.
INFO  2016-11-17 11:08:20,693 [Worker#STA_NP] TestScripts.BaseTest - Enter the Task Name.
INFO  2016-11-17 11:08:23,886 [Worker#STA_NP] TestScripts.BaseTest - Click the Add Task Plus icon.
INFO  2016-11-17 11:08:27,886 [Worker#STA_NP] TestScripts.BaseTest - Create new Task.
INFO  2016-11-17 11:08:30,932 [Worker#STA_NP] TestScripts.BaseTest - Verify Task get displayed.
INFO  2016-11-17 11:08:37,516 [Worker#STA_NP] TestScripts.BaseTest - Click the Task.
INFO  2016-11-17 11:08:40,707 [Worker#STA_NP] TestScripts.BaseTest - Click the Delete This Task link.
INFO  2016-11-17 11:08:43,020 [Worker#STA_NP] TestScripts.BaseTest - Click the Delete Task Window Yes Button.
INFO  2016-11-17 11:08:45,022 [Worker#STA_NP] TestScripts.BaseTest - Teardown test
INFO  2016-11-17 11:09:23,170 [Worker#STA_NP] TestScripts.BaseTest - Setup test
INFO  2016-11-17 11:09:34,609 [Worker#STA_NP] TestScripts.BaseTest - Click the Tasks menu option.
INFO  2016-11-17 11:09:38,823 [Worker#STA_NP] TestScripts.BaseTest - Enter the Task Name.
INFO  2016-11-17 11:09:42,000 [Worker#STA_NP] TestScripts.BaseTest - Click the Add Task Plus icon.
INFO  2016-11-17 11:09:46,001 [Worker#STA_NP] TestScripts.BaseTest - Create new Task.
INFO  2016-11-17 11:09:48,255 [Worker#STA_NP] TestScripts.BaseTest - Drag and Drop the task to In Progress section.
INFO  2016-11-17 11:09:50,302 [Worker#STA_NP] TestScripts.BaseTest - Verify Task get displayed in In Progress section.
INFO  2016-11-17 11:09:52,561 [Worker#STA_NP] TestScripts.BaseTest - Drag and Drop the task to To-Do section.
INFO  2016-11-17 11:09:58,200 [Worker#STA_NP] TestScripts.BaseTest - Click the Task.
INFO  2016-11-17 11:10:01,608 [Worker#STA_NP] TestScripts.BaseTest - Click the Delete This Task link.
INFO  2016-11-17 11:10:03,938 [Worker#STA_NP] TestScripts.BaseTest - Click the Delete Task Window Yes Button.
INFO  2016-11-17 11:10:07,939 [Worker#STA_NP] TestScripts.BaseTest - Teardown test
INFO  2016-11-17 11:10:46,514 [Worker#STA_NP] TestScripts.BaseTest - Setup test
INFO  2016-11-17 11:10:57,366 [Worker#STA_NP] TestScripts.BaseTest - Click the Tasks menu option.
INFO  2016-11-17 11:11:01,793 [Worker#STA_NP] TestScripts.BaseTest - Enter the Task Name.
INFO  2016-11-17 11:11:04,944 [Worker#STA_NP] TestScripts.BaseTest - Click the Add Task Plus icon.
INFO  2016-11-17 11:11:08,944 [Worker#STA_NP] TestScripts.BaseTest - Create new Task.
INFO  2016-11-17 11:11:11,179 [Worker#STA_NP] TestScripts.BaseTest - Drag and Drop the task to In Progress section.
INFO  2016-11-17 11:11:13,226 [Worker#STA_NP] TestScripts.BaseTest - Verify Task get displayed in In Progress section.
INFO  2016-11-17 11:11:15,577 [Worker#STA_NP] TestScripts.BaseTest - Drag and Drop the task to To-Do section.
INFO  2016-11-17 11:11:20,984 [Worker#STA_NP] TestScripts.BaseTest - Click the Task.
INFO  2016-11-17 11:11:24,218 [Worker#STA_NP] TestScripts.BaseTest - Click the Delete This Task link.
INFO  2016-11-17 11:11:26,364 [Worker#STA_NP] TestScripts.BaseTest - Click the Delete Task Window Yes Button.
INFO  2016-11-17 11:11:30,366 [Worker#STA_NP] TestScripts.BaseTest - Teardown test
INFO  2016-11-17 11:12:08,783 [Worker#STA_NP] TestScripts.BaseTest - Setup test
INFO  2016-11-17 11:12:17,849 [Worker#STA_NP] TestScripts.BaseTest - Click the Tasks menu option.
INFO  2016-11-17 11:12:22,171 [Worker#STA_NP] TestScripts.BaseTest - Enter the Task Name.
INFO  2016-11-17 11:12:25,387 [Worker#STA_NP] TestScripts.BaseTest - Click the Add Task Plus icon.
INFO  2016-11-17 11:12:29,388 [Worker#STA_NP] TestScripts.BaseTest - Create new Task.
INFO  2016-11-17 11:12:32,469 [Worker#STA_NP] TestScripts.BaseTest - Verify Task get displayed.
INFO  2016-11-17 11:12:34,515 [Worker#STA_NP] TestScripts.BaseTest - Verify Task User Name gets displayed.
INFO  2016-11-17 11:12:40,277 [Worker#STA_NP] TestScripts.BaseTest - Click the Task.
INFO  2016-11-17 11:12:43,521 [Worker#STA_NP] TestScripts.BaseTest - Click the Delete This Task link.
INFO  2016-11-17 11:12:45,697 [Worker#STA_NP] TestScripts.BaseTest - Click the Delete Task Window Yes Button.
INFO  2016-11-17 11:12:49,699 [Worker#STA_NP] TestScripts.BaseTest - Teardown test
INFO  2016-11-17 11:13:38,226 [Worker#STA_NP] TestScripts.BaseTest - Setup test
INFO  2016-11-17 11:13:47,373 [Worker#STA_NP] TestScripts.BaseTest - Click the Tasks menu option.
INFO  2016-11-17 11:13:51,650 [Worker#STA_NP] TestScripts.BaseTest - Enter the Task Name.
INFO  2016-11-17 11:13:54,805 [Worker#STA_NP] TestScripts.BaseTest - Click the Add Task Plus icon.
INFO  2016-11-17 11:13:58,805 [Worker#STA_NP] TestScripts.BaseTest - Create new Task.
INFO  2016-11-17 11:14:04,139 [Worker#STA_NP] TestScripts.BaseTest - Click the Task.
INFO  2016-11-17 11:14:07,184 [Worker#STA_NP] TestScripts.BaseTest - Verify the Task Window Delete This Task Link.
INFO  2016-11-17 11:14:08,262 [Worker#STA_NP] TestScripts.BaseTest - Verify the Task Window Add Due Date.
INFO  2016-11-17 11:14:09,306 [Worker#STA_NP] TestScripts.BaseTest - Verify the Task Window Add Comment Div.
INFO  2016-11-17 11:14:10,356 [Worker#STA_NP] TestScripts.BaseTest - Verify the Task Window Files Plus Icon.
INFO  2016-11-17 11:14:11,405 [Worker#STA_NP] TestScripts.BaseTest - Verify the Task Window Attachment Icon.
INFO  2016-11-17 11:14:12,456 [Worker#STA_NP] TestScripts.BaseTest - Verify Task Window Close Icon.
INFO  2016-11-17 11:14:13,592 [Worker#STA_NP] TestScripts.BaseTest - Click Task Window Close Icon.
INFO  2016-11-17 11:14:18,944 [Worker#STA_NP] TestScripts.BaseTest - Click the Task.
INFO  2016-11-17 11:14:22,124 [Worker#STA_NP] TestScripts.BaseTest - Click the Delete This Task link.
INFO  2016-11-17 11:14:24,258 [Worker#STA_NP] TestScripts.BaseTest - Click the Delete Task Window Yes Button.
INFO  2016-11-17 11:14:26,259 [Worker#STA_NP] TestScripts.BaseTest - Teardown test
INFO  2016-11-17 11:15:01,183 [Worker#STA_NP] TestScripts.BaseTest - Setup test
INFO  2016-11-17 11:15:07,854 [Worker#STA_NP] TestScripts.BaseTest - Click the Tasks menu option.
INFO  2016-11-17 11:15:12,066 [Worker#STA_NP] TestScripts.BaseTest - Enter the Task Name.
INFO  2016-11-17 11:15:15,233 [Worker#STA_NP] TestScripts.BaseTest - Click the Add Task Plus icon.
INFO  2016-11-17 11:15:19,234 [Worker#STA_NP] TestScripts.BaseTest - Create new Task.
INFO  2016-11-17 11:15:24,596 [Worker#STA_NP] TestScripts.BaseTest - Click the Task.
INFO  2016-11-17 11:15:27,807 [Worker#STA_NP] TestScripts.BaseTest - Click add comment area.
INFO  2016-11-17 11:15:30,288 [Worker#STA_NP] TestScripts.BaseTest - Enter comment in Text Area.
INFO  2016-11-17 11:15:33,671 [Worker#STA_NP] TestScripts.BaseTest - Click the Post button for the comment.
INFO  2016-11-17 11:15:36,733 [Worker#STA_NP] TestScripts.BaseTest - Verify the Add Comment Reply button.
INFO  2016-11-17 11:15:40,938 [Worker#STA_NP] TestScripts.BaseTest - Click Task Window Close Icon.
INFO  2016-11-17 11:15:46,154 [Worker#STA_NP] TestScripts.BaseTest - Click the Task.
INFO  2016-11-17 11:15:49,508 [Worker#STA_NP] TestScripts.BaseTest - Click the Delete This Task link.
INFO  2016-11-17 11:15:51,682 [Worker#STA_NP] TestScripts.BaseTest - Click the Delete Task Window Yes Button.
INFO  2016-11-17 11:15:55,684 [Worker#STA_NP] TestScripts.BaseTest - Teardown test
INFO  2016-11-17 11:16:22,179 [Worker#STA_NP] TestScripts.BaseTest - Setup test
INFO  2016-11-17 11:16:31,916 [Worker#STA_NP] TestScripts.BaseTest - Click the Tasks menu option.
INFO  2016-11-17 11:16:36,141 [Worker#STA_NP] TestScripts.BaseTest - Enter the Task Name.
INFO  2016-11-17 11:16:39,308 [Worker#STA_NP] TestScripts.BaseTest - Click the Add Task Plus icon.
INFO  2016-11-17 11:16:43,309 [Worker#STA_NP] TestScripts.BaseTest - Create new Task.
INFO  2016-11-17 11:16:49,694 [Worker#STA_NP] TestScripts.BaseTest - Click the Task.
INFO  2016-11-17 11:16:54,030 [Worker#STA_NP] TestScripts.BaseTest - Click attachment icon under task window.
INFO  2016-11-17 11:19:10,617 [Worker#STA_NP] Util.UtilityHelper - Screenshot saved at: Screenshots\AutomationScreenShot_2016-11-17-11-19-05.png
ERROR 2016-11-17 11:19:11,570 [Worker#STA_NP] Util.DriverExtender - OpenQA.Selenium.WebDriverTimeoutException: Timed out after 120 seconds
   at OpenQA.Selenium.Support.UI.DefaultWait`1.ThrowTimeoutException(String exceptionMessage, Exception lastException)
   at OpenQA.Selenium.Support.UI.DefaultWait`1.Until[TResult](Func`2 condition)
   at RallyTeam.Util.DriverExtender.SafeClick(IWebDriver driver, By locator) in F:\Automation_SeleniumCSharp\RallyTeam\RallyTeamAutomation\RallyTeamAutomation\Util\DriverExtender.cs:line 372
INFO  2016-11-17 11:19:11,961 [Worker#STA_NP] Util.UtilityHelper - Screenshot saved at: Screenshots\RallyTeam.TestScripts.TasksTest.Tasks_017_UploadAttachmentFileAndVerify_2016-11-17-11-19-11.png
INFO  2016-11-17 11:19:11,961 [Worker#STA_NP] TestScripts.BaseTest - Teardown test
INFO  2016-11-17 11:19:53,982 [Worker#STA_NP] TestScripts.BaseTest - Setup test
INFO  2016-11-17 11:20:04,184 [Worker#STA_NP] TestScripts.BaseTest - Click the Tasks menu option.
INFO  2016-11-17 11:20:08,535 [Worker#STA_NP] TestScripts.BaseTest - Enter the Task Name.
INFO  2016-11-17 11:20:11,695 [Worker#STA_NP] TestScripts.BaseTest - Click the Add Task Plus icon.
INFO  2016-11-17 11:20:15,696 [Worker#STA_NP] TestScripts.BaseTest - Create new Task.
INFO  2016-11-17 11:20:22,031 [Worker#STA_NP] TestScripts.BaseTest - Click the Task.
INFO  2016-11-17 11:20:25,196 [Worker#STA_NP] TestScripts.BaseTest - Click add comment area.
INFO  2016-11-17 11:20:27,452 [Worker#STA_NP] TestScripts.BaseTest - Enter comment in Text Area.
INFO  2016-11-17 11:20:30,672 [Worker#STA_NP] TestScripts.BaseTest - Click the Post button for the comment.
INFO  2016-11-17 11:20:33,905 [Worker#STA_NP] TestScripts.BaseTest - Click the Add Comment Message Reply button.
INFO  2016-11-17 11:20:43,329 [Worker#STA_NP] TestScripts.BaseTest - Enter the Reply Comment Text Area
INFO  2016-11-17 11:20:50,544 [Worker#STA_NP] TestScripts.BaseTest - Click the Post button for the comment.
INFO  2016-11-17 11:22:53,551 [Worker#STA_NP] Util.UtilityHelper - Screenshot saved at: Screenshots\AutomationScreenShot_2016-11-17-11-22-52.png
ERROR 2016-11-17 11:22:53,552 [Worker#STA_NP] Util.DriverExtender - OpenQA.Selenium.WebDriverTimeoutException: Timed out after 120 seconds
   at OpenQA.Selenium.Support.UI.DefaultWait`1.ThrowTimeoutException(String exceptionMessage, Exception lastException)
   at OpenQA.Selenium.Support.UI.DefaultWait`1.Until[TResult](Func`2 condition)
   at RallyTeam.Util.DriverExtender.SafeClick(IWebDriver driver, By locator) in F:\Automation_SeleniumCSharp\RallyTeam\RallyTeamAutomation\RallyTeamAutomation\Util\DriverExtender.cs:line 373
INFO  2016-11-17 11:22:54,387 [Worker#STA_NP] Util.UtilityHelper - Screenshot saved at: Screenshots\RallyTeam.TestScripts.TasksTest.Tasks_019_ReplyAddCommentAndVerify_2016-11-17-11-22-53.png
INFO  2016-11-17 11:22:54,387 [Worker#STA_NP] TestScripts.BaseTest - Teardown test
INFO  2016-11-17 11:23:29,990 [Worker#STA_NP] TestScripts.BaseTest - Setup test
INFO  2016-11-17 11:23:36,668 [Worker#STA_NP] TestScripts.BaseTest - Click the Tasks menu option.
INFO  2016-11-17 11:23:40,940 [Worker#STA_NP] TestScripts.BaseTest - Enter the Task Name.
INFO  2016-11-17 11:23:44,168 [Worker#STA_NP] TestScripts.BaseTest - Click the Add Task Plus icon.
INFO  2016-11-17 11:23:48,168 [Worker#STA_NP] TestScripts.BaseTest - Create new Task.
INFO  2016-11-17 11:23:53,694 [Worker#STA_NP] TestScripts.BaseTest - Click the Task.
INFO  2016-11-17 11:23:56,923 [Worker#STA_NP] TestScripts.BaseTest - Click the Delete This Task link.
INFO  2016-11-17 11:24:00,012 [Worker#STA_NP] TestScripts.BaseTest - Verify the Delete Event window.
INFO  2016-11-17 11:24:03,085 [Worker#STA_NP] TestScripts.BaseTest - Verify the Delete Task window No Button.
INFO  2016-11-17 11:24:06,142 [Worker#STA_NP] TestScripts.BaseTest - Verify the Delete Task window Yes Button.
INFO  2016-11-17 11:24:08,291 [Worker#STA_NP] TestScripts.BaseTest - Click Delete Event Window No button.
INFO  2016-11-17 11:24:10,455 [Worker#STA_NP] TestScripts.BaseTest - Click Task Window Close Icon.
INFO  2016-11-17 11:24:15,658 [Worker#STA_NP] TestScripts.BaseTest - Click the Task.
INFO  2016-11-17 11:24:18,797 [Worker#STA_NP] TestScripts.BaseTest - Click the Delete This Task link.
INFO  2016-11-17 11:24:21,054 [Worker#STA_NP] TestScripts.BaseTest - Click the Delete Task Window Yes Button.
INFO  2016-11-17 11:24:25,056 [Worker#STA_NP] TestScripts.BaseTest - Teardown test
INFO  2016-11-17 11:24:48,347 [Worker#STA_NP] TestScripts.BaseTest - Setup test
INFO  2016-11-17 11:24:54,807 [Worker#STA_NP] TestScripts.BaseTest - Click the Tasks menu option.
INFO  2016-11-17 11:24:59,204 [Worker#STA_NP] TestScripts.BaseTest - Enter the Task Name.
INFO  2016-11-17 11:25:02,365 [Worker#STA_NP] TestScripts.BaseTest - Click the Add Task Plus icon.
INFO  2016-11-17 11:25:06,365 [Worker#STA_NP] TestScripts.BaseTest - Create new Task.
INFO  2016-11-17 11:25:11,722 [Worker#STA_NP] TestScripts.BaseTest - Click the Task.
INFO  2016-11-17 11:25:14,880 [Worker#STA_NP] TestScripts.BaseTest - Click the Delete This Task link.
INFO  2016-11-17 11:25:17,013 [Worker#STA_NP] TestScripts.BaseTest - Click the Delete Task window No Button.
INFO  2016-11-17 11:25:19,288 [Worker#STA_NP] TestScripts.BaseTest - Click Task Window Close Icon.
INFO  2016-11-17 11:25:22,343 [Worker#STA_NP] TestScripts.BaseTest - Verify Task get displayed.
INFO  2016-11-17 11:25:27,745 [Worker#STA_NP] TestScripts.BaseTest - Click the Task.
INFO  2016-11-17 11:25:30,989 [Worker#STA_NP] TestScripts.BaseTest - Click the Delete This Task link.
INFO  2016-11-17 11:25:33,215 [Worker#STA_NP] TestScripts.BaseTest - Click the Delete Task Window Yes Button.
INFO  2016-11-17 11:25:37,216 [Worker#STA_NP] TestScripts.BaseTest - Teardown test
INFO  2016-11-17 11:25:58,882 [Worker#STA_NP] TestScripts.BaseTest - Setup test
INFO  2016-11-17 11:26:05,665 [Worker#STA_NP] TestScripts.BaseTest - Click the Tasks menu option.
INFO  2016-11-17 11:26:09,931 [Worker#STA_NP] TestScripts.BaseTest - Enter the Task Name.
INFO  2016-11-17 11:26:13,139 [Worker#STA_NP] TestScripts.BaseTest - Click the Add Task Plus icon.
INFO  2016-11-17 11:26:17,140 [Worker#STA_NP] TestScripts.BaseTest - Create new Task.
INFO  2016-11-17 11:26:22,705 [Worker#STA_NP] TestScripts.BaseTest - Click the Task.
INFO  2016-11-17 11:26:26,073 [Worker#STA_NP] TestScripts.BaseTest - Click the Delete This Task link.
INFO  2016-11-17 11:26:28,237 [Worker#STA_NP] TestScripts.BaseTest - Click the Delete Task window Yes Button.
INFO  2016-11-17 11:28:30,517 [Worker#STA_NP] TestScripts.BaseTest - Verify Task get displayed.
INFO  2016-11-17 11:28:32,518 [Worker#STA_NP] TestScripts.BaseTest - Teardown test
INFO  2016-11-17 11:28:59,066 [Worker#STA_NP] TestScripts.BaseTest - Setup test
INFO  2016-11-17 11:29:06,513 [Worker#STA_NP] TestScripts.BaseTest - Click on the Plus icon at the top.
INFO  2016-11-17 11:29:08,999 [Worker#STA_NP] TestScripts.BaseTest - Enter the Task Name.
INFO  2016-11-17 11:29:12,262 [Worker#STA_NP] TestScripts.BaseTest - Click the Add Task Plus icon.
INFO  2016-11-17 11:29:32,478 [Worker#STA_NP] TestScripts.BaseTest - Click the Tasks menu option.
INFO  2016-11-17 11:29:40,825 [Worker#STA_NP] TestScripts.BaseTest - Click the Task.
INFO  2016-11-17 11:29:44,003 [Worker#STA_NP] TestScripts.BaseTest - Click the Delete This Task link.
INFO  2016-11-17 11:29:46,153 [Worker#STA_NP] TestScripts.BaseTest - Click the Delete Task Window Yes Button.
INFO  2016-11-17 11:29:50,154 [Worker#STA_NP] TestScripts.BaseTest - Teardown test
INFO  2016-11-17 11:30:26,891 [Worker#STA_NP] TestScripts.BaseTest - Setup test
INFO  2016-11-17 11:30:40,296 [Worker#STA_NP] TestScripts.BaseTest - Click on the Add Project button at Projects page
INFO  2016-11-17 11:30:58,563 [Worker#STA_NP] TestScripts.BaseTest - Verify Tasks tab on the created Project page.
INFO  2016-11-17 11:31:04,931 [Worker#STA_NP] TestScripts.BaseTest - Teardown test
INFO  2016-11-17 11:31:38,727 [Worker#STA_NP] TestScripts.BaseTest - Setup test
INFO  2016-11-17 11:31:54,516 [Worker#STA_NP] TestScripts.BaseTest - Click on the Add Project button at Projects page
INFO  2016-11-17 11:32:12,338 [Worker#STA_NP] TestScripts.BaseTest - Click Tasks tab on the created Project page.
INFO  2016-11-17 11:32:17,256 [Worker#STA_NP] TestScripts.BaseTest - Enter Add Text field get under Projects Task.
INFO  2016-11-17 11:32:20,454 [Worker#STA_NP] TestScripts.BaseTest - Click Add Text Plus Icon.
INFO  2016-11-17 11:32:23,606 [Worker#STA_NP] TestScripts.BaseTest - Click the About tab of Prjects
INFO  2016-11-17 11:32:30,926 [Worker#STA_NP] TestScripts.BaseTest - Teardown test
INFO  2016-11-17 11:33:00,233 [Worker#STA_NP] TestScripts.BaseTest - Setup test
INFO  2016-11-17 11:33:12,501 [Worker#STA_NP] TestScripts.BaseTest - Click on the Add Project button at Projects page
INFO  2016-11-17 11:33:32,560 [Worker#STA_NP] TestScripts.BaseTest - Click Tasks tab on the created Project page.
INFO  2016-11-17 11:33:34,939 [Worker#STA_NP] TestScripts.BaseTest - Enter Add Text field get under Projects Task.
INFO  2016-11-17 11:33:38,242 [Worker#STA_NP] TestScripts.BaseTest - Click Add Text Plus Icon.
INFO  2016-11-17 11:33:41,443 [Worker#STA_NP] TestScripts.BaseTest - Click the About tab of Prjects
INFO  2016-11-17 11:33:48,784 [Worker#STA_NP] TestScripts.BaseTest - Teardown test
INFO  2016-11-17 11:34:24,657 [Worker#STA_NP] TestScripts.BaseTest - Setup test
INFO  2016-11-17 11:34:38,686 [Worker#STA_NP] TestScripts.BaseTest - Click on the Add Project button at Projects page
INFO  2016-11-17 11:34:58,503 [Worker#STA_NP] TestScripts.BaseTest - Click Tasks tab on the created Project page.
INFO  2016-11-17 11:35:00,587 [Worker#STA_NP] TestScripts.BaseTest - Verify Add Task Text field gets displayed.
INFO  2016-11-17 11:35:01,724 [Worker#STA_NP] TestScripts.BaseTest - Verify Add Text Plus Icon get displayed.
INFO  2016-11-17 11:35:02,843 [Worker#STA_NP] TestScripts.BaseTest - Verify To-Do section gets displayed.
INFO  2016-11-17 11:35:04,003 [Worker#STA_NP] TestScripts.BaseTest - Verify In Progress section gets displayed.
INFO  2016-11-17 11:35:05,149 [Worker#STA_NP] TestScripts.BaseTest - Verify Completed section gets displayed.
INFO  2016-11-17 11:35:06,300 [Worker#STA_NP] TestScripts.BaseTest - Click the About tab of Prjects
INFO  2016-11-17 11:35:13,738 [Worker#STA_NP] TestScripts.BaseTest - Teardown test
INFO  2016-11-17 11:35:43,571 [Worker#STA_NP] TestScripts.BaseTest - Setup test
INFO  2016-11-17 11:35:56,395 [Worker#STA_NP] TestScripts.BaseTest - Click on the Add Project button at Projects page
INFO  2016-11-17 11:36:14,870 [Worker#STA_NP] TestScripts.BaseTest - Click Tasks tab on the created Project page.
INFO  2016-11-17 11:36:17,307 [Worker#STA_NP] TestScripts.BaseTest - Enter Add Text field get under Projects Task.
INFO  2016-11-17 11:36:20,508 [Worker#STA_NP] TestScripts.BaseTest - Click Add Task Plus Icon.
INFO  2016-11-17 11:36:23,566 [Worker#STA_NP] TestScripts.BaseTest - Verify Task get displayed.
INFO  2016-11-17 11:36:26,720 [Worker#STA_NP] TestScripts.BaseTest - Click the About tab of Prjects
INFO  2016-11-17 11:36:34,039 [Worker#STA_NP] TestScripts.BaseTest - Teardown test
INFO  2016-11-17 11:37:00,543 [Worker#STA_NP] TestScripts.BaseTest - Setup test
INFO  2016-11-17 11:37:12,894 [Worker#STA_NP] TestScripts.BaseTest - Click on the Add Project button at Projects page
INFO  2016-11-17 11:37:33,230 [Worker#STA_NP] TestScripts.BaseTest - Click the Add member icon for the Project.
INFO  2016-11-17 11:39:42,504 [Worker#STA_NP] Util.UtilityHelper - Screenshot saved at: Screenshots\AutomationScreenShot_2016-11-17-11-39-42.png
ERROR 2016-11-17 11:39:42,580 [Worker#STA_NP] Util.DriverExtender - OpenQA.Selenium.WebDriverTimeoutException: Timed out after 120 seconds ---> OpenQA.Selenium.NoSuchElementException: no such element: Unable to locate element: {"method":"xpath","selector":"//button[text()='Done']"}
  (Session info: chrome=54.0.2840.99)
  (Driver info: chromedriver=2.24.417431 (9aea000394714d2fbb20850021f6204f2256b9cf),platform=Windows NT 6.3.9600 x86_64)
   at OpenQA.Selenium.Remote.RemoteWebDriver.UnpackAndThrowOnError(Response errorResponse)
   at OpenQA.Selenium.Remote.RemoteWebDriver.Execute(String driverCommandToExecute, Dictionary`2 parameters)
   at OpenQA.Selenium.Remote.RemoteWebDriver.FindElement(String mechanism, String value)
   at OpenQA.Selenium.Remote.RemoteWebDriver.FindElementByXPath(String xpath)
   at OpenQA.Selenium.By.<XPath>c__AnonStorey3.<>m__0(ISearchContext context)
   at OpenQA.Selenium.By.FindElement(ISearchContext context)
   at OpenQA.Selenium.Remote.RemoteWebDriver.FindElement(By by)
   at OpenQA.Selenium.Support.UI.ExpectedConditions.<>c__DisplayClass13.<ElementIsVisible>b__12(IWebDriver driver)
   at OpenQA.Selenium.Support.UI.DefaultWait`1.Until[TResult](Func`2 condition)
   --- End of inner exception stack trace ---
   at OpenQA.Selenium.Support.UI.DefaultWait`1.ThrowTimeoutException(String exceptionMessage, Exception lastException)
   at OpenQA.Selenium.Support.UI.DefaultWait`1.Until[TResult](Func`2 condition)
   at RallyTeam.Util.DriverExtender.SafeClick(IWebDriver driver, By locator) in F:\Automation_SeleniumCSharp\RallyTeam\RallyTeamAutomation\RallyTeamAutomation\Util\DriverExtender.cs:line 372
INFO  2016-11-17 11:39:42,822 [Worker#STA_NP] Util.UtilityHelper - Screenshot saved at: Screenshots\RallyTeam.TestScripts.TasksTest.Tasks_037_AddTaskUnderProjectAndAssignToSelf_2016-11-17-11-39-42.png
INFO  2016-11-17 11:39:42,822 [Worker#STA_NP] TestScripts.BaseTest - Teardown test
INFO  2016-11-17 11:40:31,646 [Worker#STA_NP] TestScripts.BaseTest - Setup test
INFO  2016-11-17 11:40:48,510 [Worker#STA_NP] TestScripts.BaseTest - Click on the Add Project button at Projects page
INFO  2016-11-17 11:41:12,157 [Worker#STA_NP] TestScripts.BaseTest - Click the Add member icon for the Project.
INFO  2016-11-17 11:43:21,737 [Worker#STA_NP] Util.UtilityHelper - Screenshot saved at: Screenshots\AutomationScreenShot_2016-11-17-11-43-21.png
ERROR 2016-11-17 11:43:21,738 [Worker#STA_NP] Util.DriverExtender - OpenQA.Selenium.WebDriverTimeoutException: Timed out after 120 seconds ---> OpenQA.Selenium.NoSuchElementException: no such element: Unable to locate element: {"method":"xpath","selector":"//button[text()='Done']"}
  (Session info: chrome=54.0.2840.99)
  (Driver info: chromedriver=2.24.417431 (9aea000394714d2fbb20850021f6204f2256b9cf),platform=Windows NT 6.3.9600 x86_64)
   at OpenQA.Selenium.Remote.RemoteWebDriver.UnpackAndThrowOnError(Response errorResponse)
   at OpenQA.Selenium.Remote.RemoteWebDriver.Execute(String driverCommandToExecute, Dictionary`2 parameters)
   at OpenQA.Selenium.Remote.RemoteWebDriver.FindElement(String mechanism, String value)
   at OpenQA.Selenium.Remote.RemoteWebDriver.FindElementByXPath(String xpath)
   at OpenQA.Selenium.By.<XPath>c__AnonStorey3.<>m__0(ISearchContext context)
   at OpenQA.Selenium.By.FindElement(ISearchContext context)
   at OpenQA.Selenium.Remote.RemoteWebDriver.FindElement(By by)
   at OpenQA.Selenium.Support.UI.ExpectedConditions.<>c__DisplayClass13.<ElementIsVisible>b__12(IWebDriver driver)
   at OpenQA.Selenium.Support.UI.DefaultWait`1.Until[TResult](Func`2 condition)
   --- End of inner exception stack trace ---
   at OpenQA.Selenium.Support.UI.DefaultWait`1.ThrowTimeoutException(String exceptionMessage, Exception lastException)
   at OpenQA.Selenium.Support.UI.DefaultWait`1.Until[TResult](Func`2 condition)
   at RallyTeam.Util.DriverExtender.SafeClick(IWebDriver driver, By locator) in F:\Automation_SeleniumCSharp\RallyTeam\RallyTeamAutomation\RallyTeamAutomation\Util\DriverExtender.cs:line 372
INFO  2016-11-17 11:43:22,038 [Worker#STA_NP] Util.UtilityHelper - Screenshot saved at: Screenshots\RallyTeam.TestScripts.TasksTest.Tasks_038_AddTaskUnderProjectAndAssignToOther_2016-11-17-11-43-21.png
INFO  2016-11-17 11:43:22,038 [Worker#STA_NP] TestScripts.BaseTest - Teardown test
INFO  2016-11-17 11:44:36,664 [Worker#STA_NP] TestScripts.BaseTest - Setup test
INFO  2016-11-17 11:47:53,603 [Worker#STA_NP] TestScripts.BaseTest - Click on the Add Project button at Projects page
INFO  2016-11-17 11:48:14,430 [Worker#STA_NP] TestScripts.BaseTest - Click the Add member icon for the Project.
INFO  2016-11-17 11:50:24,245 [Worker#STA_NP] Util.UtilityHelper - Screenshot saved at: Screenshots\AutomationScreenShot_2016-11-17-11-50-23.png
ERROR 2016-11-17 11:50:24,247 [Worker#STA_NP] Util.DriverExtender - OpenQA.Selenium.WebDriverTimeoutException: Timed out after 120 seconds ---> OpenQA.Selenium.NoSuchElementException: no such element: Unable to locate element: {"method":"xpath","selector":"//button[text()='Done']"}
  (Session info: chrome=54.0.2840.99)
  (Driver info: chromedriver=2.24.417431 (9aea000394714d2fbb20850021f6204f2256b9cf),platform=Windows NT 6.3.9600 x86_64)
   at OpenQA.Selenium.Remote.RemoteWebDriver.UnpackAndThrowOnError(Response errorResponse)
   at OpenQA.Selenium.Remote.RemoteWebDriver.Execute(String driverCommandToExecute, Dictionary`2 parameters)
   at OpenQA.Selenium.Remote.RemoteWebDriver.FindElement(String mechanism, String value)
   at OpenQA.Selenium.Remote.RemoteWebDriver.FindElementByXPath(String xpath)
   at OpenQA.Selenium.By.<XPath>c__AnonStorey3.<>m__0(ISearchContext context)
   at OpenQA.Selenium.By.FindElement(ISearchContext context)
   at OpenQA.Selenium.Remote.RemoteWebDriver.FindElement(By by)
   at OpenQA.Selenium.Support.UI.ExpectedConditions.<>c__DisplayClass13.<ElementIsVisible>b__12(IWebDriver driver)
   at OpenQA.Selenium.Support.UI.DefaultWait`1.Until[TResult](Func`2 condition)
   --- End of inner exception stack trace ---
   at OpenQA.Selenium.Support.UI.DefaultWait`1.ThrowTimeoutException(String exceptionMessage, Exception lastException)
   at OpenQA.Selenium.Support.UI.DefaultWait`1.Until[TResult](Func`2 condition)
   at RallyTeam.Util.DriverExtender.SafeClick(IWebDriver driver, By locator) in F:\Automation_SeleniumCSharp\RallyTeam\RallyTeamAutomation\RallyTeamAutomation\Util\DriverExtender.cs:line 372
INFO  2016-11-17 11:50:24,676 [Worker#STA_NP] Util.UtilityHelper - Screenshot saved at: Screenshots\RallyTeam.TestScripts.TasksTest.Tasks_039_AddTaskUnderProjectAndAssignToSelfInProgress_2016-11-17-11-50-24.png
INFO  2016-11-17 11:50:24,676 [Worker#STA_NP] TestScripts.BaseTest - Teardown test
INFO  2016-11-17 11:51:09,440 [Worker#STA_NP] TestScripts.BaseTest - Setup test
INFO  2016-11-17 11:51:22,112 [Worker#STA_NP] TestScripts.BaseTest - Click on the Add Project button at Projects page
INFO  2016-11-17 11:51:41,559 [Worker#STA_NP] TestScripts.BaseTest - Click the Add member icon for the Project.
INFO  2016-11-17 11:53:50,647 [Worker#STA_NP] Util.UtilityHelper - Screenshot saved at: Screenshots\AutomationScreenShot_2016-11-17-11-53-50.png
ERROR 2016-11-17 11:53:50,648 [Worker#STA_NP] Util.DriverExtender - OpenQA.Selenium.WebDriverTimeoutException: Timed out after 120 seconds ---> OpenQA.Selenium.NoSuchElementException: no such element: Unable to locate element: {"method":"xpath","selector":"//button[text()='Done']"}
  (Session info: chrome=54.0.2840.99)
  (Driver info: chromedriver=2.24.417431 (9aea000394714d2fbb20850021f6204f2256b9cf),platform=Windows NT 6.3.9600 x86_64)
   at OpenQA.Selenium.Remote.RemoteWebDriver.UnpackAndThrowOnError(Response errorResponse)
   at OpenQA.Selenium.Remote.RemoteWebDriver.Execute(String driverCommandToExecute, Dictionary`2 parameters)
   at OpenQA.Selenium.Remote.RemoteWebDriver.FindElement(String mechanism, String value)
   at OpenQA.Selenium.Remote.RemoteWebDriver.FindElementByXPath(String xpath)
   at OpenQA.Selenium.By.<XPath>c__AnonStorey3.<>m__0(ISearchContext context)
   at OpenQA.Selenium.By.FindElement(ISearchContext context)
   at OpenQA.Selenium.Remote.RemoteWebDriver.FindElement(By by)
   at OpenQA.Selenium.Support.UI.ExpectedConditions.<>c__DisplayClass13.<ElementIsVisible>b__12(IWebDriver driver)
   at OpenQA.Selenium.Support.UI.DefaultWait`1.Until[TResult](Func`2 condition)
   --- End of inner exception stack trace ---
   at OpenQA.Selenium.Support.UI.DefaultWait`1.ThrowTimeoutException(String exceptionMessage, Exception lastException)
   at OpenQA.Selenium.Support.UI.DefaultWait`1.Until[TResult](Func`2 condition)
   at RallyTeam.Util.DriverExtender.SafeClick(IWebDriver driver, By locator) in F:\Automation_SeleniumCSharp\RallyTeam\RallyTeamAutomation\RallyTeamAutomation\Util\DriverExtender.cs:line 372
INFO  2016-11-17 11:53:51,024 [Worker#STA_NP] Util.UtilityHelper - Screenshot saved at: Screenshots\RallyTeam.TestScripts.TasksTest.Tasks_040_AddTaskUnderProjectAndAssignToOtherInProgress_2016-11-17-11-53-50.png
INFO  2016-11-17 11:53:51,024 [Worker#STA_NP] TestScripts.BaseTest - Teardown test
INFO  2016-11-17 11:54:38,320 [Worker#STA_NP] TestScripts.BaseTest - Setup test
INFO  2016-11-17 11:54:52,313 [Worker#STA_NP] TestScripts.BaseTest - Click on the Add Project button at Projects page
INFO  2016-11-17 11:55:11,715 [Worker#STA_NP] TestScripts.BaseTest - Click the Add member icon for the Project.
INFO  2016-11-17 11:57:21,163 [Worker#STA_NP] Util.UtilityHelper - Screenshot saved at: Screenshots\AutomationScreenShot_2016-11-17-11-57-20.png
ERROR 2016-11-17 11:57:21,163 [Worker#STA_NP] Util.DriverExtender - OpenQA.Selenium.WebDriverTimeoutException: Timed out after 120 seconds ---> OpenQA.Selenium.NoSuchElementException: no such element: Unable to locate element: {"method":"xpath","selector":"//button[text()='Done']"}
  (Session info: chrome=54.0.2840.99)
  (Driver info: chromedriver=2.24.417431 (9aea000394714d2fbb20850021f6204f2256b9cf),platform=Windows NT 6.3.9600 x86_64)
   at OpenQA.Selenium.Remote.RemoteWebDriver.UnpackAndThrowOnError(Response errorResponse)
   at OpenQA.Selenium.Remote.RemoteWebDriver.Execute(String driverCommandToExecute, Dictionary`2 parameters)
   at OpenQA.Selenium.Remote.RemoteWebDriver.FindElement(String mechanism, String value)
   at OpenQA.Selenium.Remote.RemoteWebDriver.FindElementByXPath(String xpath)
   at OpenQA.Selenium.By.<XPath>c__AnonStorey3.<>m__0(ISearchContext context)
   at OpenQA.Selenium.By.FindElement(ISearchContext context)
   at OpenQA.Selenium.Remote.RemoteWebDriver.FindElement(By by)
   at OpenQA.Selenium.Support.UI.ExpectedConditions.<>c__DisplayClass13.<ElementIsVisible>b__12(IWebDriver driver)
   at OpenQA.Selenium.Support.UI.DefaultWait`1.Until[TResult](Func`2 condition)
   --- End of inner exception stack trace ---
   at OpenQA.Selenium.Support.UI.DefaultWait`1.ThrowTimeoutException(String exceptionMessage, Exception lastException)
   at OpenQA.Selenium.Support.UI.DefaultWait`1.Until[TResult](Func`2 condition)
   at RallyTeam.Util.DriverExtender.SafeClick(IWebDriver driver, By locator) in F:\Automation_SeleniumCSharp\RallyTeam\RallyTeamAutomation\RallyTeamAutomation\Util\DriverExtender.cs:line 372
INFO  2016-11-17 11:57:21,566 [Worker#STA_NP] Util.UtilityHelper - Screenshot saved at: Screenshots\RallyTeam.TestScripts.TasksTest.Tasks_041_AddTaskUnderProjectAndAssignToSelfComplete_2016-11-17-11-57-21.png
INFO  2016-11-17 11:57:21,566 [Worker#STA_NP] TestScripts.BaseTest - Teardown test
INFO  2016-11-17 11:58:03,512 [Worker#STA_NP] TestScripts.BaseTest - Setup test
INFO  2016-11-17 11:58:17,618 [Worker#STA_NP] TestScripts.BaseTest - Click on the Add Project button at Projects page
INFO  2016-11-17 11:58:37,034 [Worker#STA_NP] TestScripts.BaseTest - Click the Add member icon for the Project.
INFO  2016-11-17 12:00:46,283 [Worker#STA_NP] Util.UtilityHelper - Screenshot saved at: Screenshots\AutomationScreenShot_2016-11-17-12-00-45.png
ERROR 2016-11-17 12:00:46,284 [Worker#STA_NP] Util.DriverExtender - OpenQA.Selenium.WebDriverTimeoutException: Timed out after 120 seconds ---> OpenQA.Selenium.NoSuchElementException: no such element: Unable to locate element: {"method":"xpath","selector":"//button[text()='Done']"}
  (Session info: chrome=54.0.2840.99)
  (Driver info: chromedriver=2.24.417431 (9aea000394714d2fbb20850021f6204f2256b9cf),platform=Windows NT 6.3.9600 x86_64)
   at OpenQA.Selenium.Remote.RemoteWebDriver.UnpackAndThrowOnError(Response errorResponse)
   at OpenQA.Selenium.Remote.RemoteWebDriver.Execute(String driverCommandToExecute, Dictionary`2 parameters)
   at OpenQA.Selenium.Remote.RemoteWebDriver.FindElement(String mechanism, String value)
   at OpenQA.Selenium.Remote.RemoteWebDriver.FindElementByXPath(String xpath)
   at OpenQA.Selenium.By.<XPath>c__AnonStorey3.<>m__0(ISearchContext context)
   at OpenQA.Selenium.By.FindElement(ISearchContext context)
   at OpenQA.Selenium.Remote.RemoteWebDriver.FindElement(By by)
   at OpenQA.Selenium.Support.UI.ExpectedConditions.<>c__DisplayClass13.<ElementIsVisible>b__12(IWebDriver driver)
   at OpenQA.Selenium.Support.UI.DefaultWait`1.Until[TResult](Func`2 condition)
   --- End of inner exception stack trace ---
   at OpenQA.Selenium.Support.UI.DefaultWait`1.ThrowTimeoutException(String exceptionMessage, Exception lastException)
   at OpenQA.Selenium.Support.UI.DefaultWait`1.Until[TResult](Func`2 condition)
   at RallyTeam.Util.DriverExtender.SafeClick(IWebDriver driver, By locator) in F:\Automation_SeleniumCSharp\RallyTeam\RallyTeamAutomation\RallyTeamAutomation\Util\DriverExtender.cs:line 372
INFO  2016-11-17 12:00:46,501 [Worker#STA_NP] Util.UtilityHelper - Screenshot saved at: Screenshots\RallyTeam.TestScripts.TasksTest.Tasks_042_AddTaskUnderProjectAndAssignToOtherComplete_2016-11-17-12-00-46.png
INFO  2016-11-17 12:00:46,502 [Worker#STA_NP] TestScripts.BaseTest - Teardown test
[END]
