[START]
INFO  2017-03-06 12:03:40,435 [Worker#STA_NP] TestScripts.BaseTestES - Setup test
INFO  2017-03-06 12:04:15,736 [Worker#STA_NP] TestScripts.BaseTestES - Click on the Signout button.
INFO  2017-03-06 12:04:29,416 [Worker#STA_NP] TestScripts.BaseTestES - Click on the Notifications Icon at top.
INFO  2017-03-06 12:04:34,474 [Worker#STA_NP] TestScripts.BaseTestES - Verify the short notification on the Notification Window.
INFO  2017-03-06 12:04:35,662 [Worker#STA_NP] TestScripts.BaseTestES - Click See All link.
INFO  2017-03-06 12:04:42,722 [Worker#STA_NP] TestScripts.BaseTestES - Verify the Project Assigned Notification.
INFO  2017-03-06 12:04:43,769 [Worker#STA_NP] TestScripts.BaseTestES - Click short notification on the Notification Window.
INFO  2017-03-06 12:04:46,138 [Worker#STA_NP] TestScripts.BaseTestES - Click the Marketplace tab.
INFO  2017-03-06 12:04:52,475 [Worker#STA_NP] TestScripts.BaseTestES - Click the Browse button.
INFO  2017-03-06 12:04:59,766 [Worker#STA_NP] TestScripts.BaseTestES - Enter the project name.
INFO  2017-03-06 12:06:25,806 [Worker#STA_NP] TestScripts.BaseTestES - Click the prSearch button.
INFO  2017-03-06 12:06:41,888 [Worker#STA_NP] TestScripts.BaseTestES - Click the Project Name on the Projects Page.
INFO  2017-03-06 12:08:57,257 [Worker#STA_NP] Util.UtilityHelper - Screenshot saved at: Screenshots\AutomationScreenShot_2017-03-06-12-08-56.png
ERROR 2017-03-06 12:08:57,402 [Worker#STA_NP] Util.DriverExtender - OpenQA.Selenium.WebDriverTimeoutException: Timed out after 120 seconds ---> OpenQA.Selenium.NoSuchElementException: no such element: Unable to locate element: {"method":"xpath","selector":"//div[contains(@class, 'modal-content')]//a[contains(text(),'Yes')]"}
  (Session info: chrome=56.0.2924.87)
  (Driver info: chromedriver=2.24.417431 (9aea000394714d2fbb20850021f6204f2256b9cf),platform=Windows NT 6.3.9600 x86_64)
   at OpenQA.Selenium.Remote.RemoteWebDriver.UnpackAndThrowOnError(Response errorResponse)
   at OpenQA.Selenium.Remote.RemoteWebDriver.Execute(String driverCommandToExecute, Dictionary`2 parameters)
   at OpenQA.Selenium.Remote.RemoteWebDriver.FindElement(String mechanism, String value)
   at OpenQA.Selenium.Remote.RemoteWebDriver.FindElementByXPath(String xpath)
   at OpenQA.Selenium.By.<>c__DisplayClasse.<XPath>b__c(ISearchContext context)
   at OpenQA.Selenium.By.FindElement(ISearchContext context)
   at OpenQA.Selenium.Remote.RemoteWebDriver.FindElement(By by)
   at OpenQA.Selenium.Support.UI.ExpectedConditions.<>c__DisplayClass13.<ElementIsVisible>b__12(IWebDriver driver)
   at OpenQA.Selenium.Support.UI.DefaultWait`1.Until[TResult](Func`2 condition)
   --- End of inner exception stack trace ---
   at OpenQA.Selenium.Support.UI.DefaultWait`1.ThrowTimeoutException(String exceptionMessage, Exception lastException)
   at OpenQA.Selenium.Support.UI.DefaultWait`1.Until[TResult](Func`2 condition)
   at RallyTeam.Util.DriverExtender.SafeClick(IWebDriver driver, By locator) in F:\Automation_SeleniumCSharp\RallyTeam\RallyTeamAutomation\RallyTeamAutomation\Util\DriverExtender.cs:line 461
INFO  2017-03-06 12:08:57,690 [Worker#STA_NP] Util.UtilityHelper - Screenshot saved at: Screenshots\RallyTeam.TestScripts.NotificationsTest.Notifications_001_ProjectAssignment_2017-03-06-12-08-57.png
INFO  2017-03-06 12:08:57,690 [Worker#STA_NP] TestScripts.BaseTestES - Teardown test
[END]
