[START]
INFO  2017-04-21 15:42:18,774 [Worker#STA_NP] TestScripts.BaseTestES - Setup test
INFO  2017-04-21 15:42:39,787 [Worker#STA_NP] TestScripts.BaseTestES - Click on the Continue button.
INFO  2017-04-21 15:42:51,232 [Worker#STA_NP] TestScripts.BaseTestES - Enter Skills.
INFO  2017-04-21 15:42:59,938 [Worker#STA_NP] TestScripts.BaseTestES - Click Add button.
INFO  2017-04-21 15:43:11,570 [Worker#STA_NP] TestScripts.BaseTestES - Click Add button.
INFO  2017-04-21 15:43:14,789 [Worker#STA_NP] TestScripts.BaseTestES - Click on the Continue button.
INFO  2017-04-21 15:43:28,026 [Worker#STA_NP] TestScripts.BaseTestES - Click Publish Button
INFO  2017-04-21 15:43:42,451 [Worker#STA_NP] TestScripts.BaseTestES - Click on the Signout button.
INFO  2017-04-21 15:43:46,358 [Worker#STA_NP] TestScripts.BaseTestES - Sign in with different user.
INFO  2017-04-21 15:43:53,830 [Worker#STA_NP] TestScripts.BaseTestES - Click the Invoicing menu.
INFO  2017-04-21 15:43:59,058 [Worker#STA_NP] TestScripts.BaseTestES - Click the New Invoice button.
INFO  2017-04-21 15:44:04,481 [Worker#STA_NP] TestScripts.BaseTestES - Enter the Invoice Title.
INFO  2017-04-21 15:44:05,611 [Worker#STA_NP] TestScripts.BaseTestES - Click Due Date Field.
INFO  2017-04-21 15:44:06,723 [Worker#STA_NP] TestScripts.BaseTestES - Select today's date.
INFO  2017-04-21 15:44:08,936 [Worker#STA_NP] TestScripts.BaseTestES - Enter the Invoice Total Amount
INFO  2017-04-21 15:44:10,129 [Worker#STA_NP] TestScripts.BaseTestES - Select Project.
INFO  2017-04-21 15:44:12,455 [Worker#STA_NP] TestScripts.BaseTestES - Enter Invoice Notes
INFO  2017-04-21 15:44:14,644 [Worker#STA_NP] TestScripts.BaseTestES - Click Save Draft button.
INFO  2017-04-21 15:44:19,714 [Worker#STA_NP] TestScripts.BaseTestES - Click the Project Name on the Projects Page.
INFO  2017-04-21 15:44:26,996 [Worker#STA_NP] TestScripts.BaseTestES - Click on the Signout button.
INFO  2017-04-21 15:44:38,972 [Worker#STA_NP] TestScripts.BaseTestES - Click the Marketplace tab.
INFO  2017-04-21 15:44:44,456 [Worker#STA_NP] TestScripts.BaseTestES - Click the Browse button.
INFO  2017-04-21 15:44:54,894 [Worker#STA_NP] TestScripts.BaseTestES - Enter the project name.
INFO  2017-04-21 15:44:56,159 [Worker#STA_NP] TestScripts.BaseTestES - Select Completed Projects from the drop-down.
INFO  2017-04-21 15:45:01,199 [Worker#STA_NP] TestScripts.BaseTestES - Click the Project Name on the Projects Page.
INFO  2017-04-21 15:47:12,188 [Worker#STA_NP] Util.UtilityHelper - Screenshot saved at: Screenshots\AutomationScreenShot_2017-04-21-15-47-11.png
ERROR 2017-04-21 15:47:12,200 [Worker#STA_NP] Util.DriverExtender - OpenQA.Selenium.WebDriverTimeoutException: Timed out after 120 seconds ---> OpenQA.Selenium.NoSuchElementException: no such element: Unable to locate element: {"method":"xpath","selector":"//div[contains(@class, 'rt-project-actions')]//button"}
  (Session info: chrome=58.0.3029.81)
  (Driver info: chromedriver=2.29.461591 (62ebf098771772160f391d75e589dc567915b233),platform=Windows NT 6.3.9600 x86_64)
   at OpenQA.Selenium.Remote.RemoteWebDriver.UnpackAndThrowOnError(Response errorResponse)
   at OpenQA.Selenium.Remote.RemoteWebDriver.Execute(String driverCommandToExecute, Dictionary`2 parameters)
   at OpenQA.Selenium.Remote.RemoteWebDriver.FindElement(String mechanism, String value)
   at OpenQA.Selenium.Remote.RemoteWebDriver.FindElementByXPath(String xpath)
   at OpenQA.Selenium.By.<>c__DisplayClasse.<XPath>b__c(ISearchContext context)
   at OpenQA.Selenium.By.FindElement(ISearchContext context)
   at OpenQA.Selenium.Remote.RemoteWebDriver.FindElement(By by)
   at OpenQA.Selenium.Support.UI.ExpectedConditions.<>c__DisplayClass13.<ElementIsVisible>b__12(IWebDriver driver)
   at OpenQA.Selenium.Support.UI.DefaultWait`1.Until[TResult](Func`2 condition)
   --- End of inner exception stack trace ---
   at OpenQA.Selenium.Support.UI.DefaultWait`1.ThrowTimeoutException(String exceptionMessage, Exception lastException)
   at OpenQA.Selenium.Support.UI.DefaultWait`1.Until[TResult](Func`2 condition)
   at RallyTeam.Util.DriverExtender.SafeClick(IWebDriver driver, By locator) in F:\Automation_SeleniumCSharp\RallyTeam\RallyTeamAutomation\RallyTeamAutomation\Util\DriverExtender.cs:line 461
INFO  2017-04-21 15:47:12,415 [Worker#STA_NP] Util.UtilityHelper - Screenshot saved at: Screenshots\RallyTeam.TestScripts.InvoicingTest.Invoicing_001_CreateAndVerifyDraftInvoice_2017-04-21-15-47-12.png
INFO  2017-04-21 15:47:12,415 [Worker#STA_NP] TestScripts.BaseTestES - Teardown test
[END]
