[START]
INFO  2016-11-28 11:57:33,071 [Worker#STA_NP] TestScripts.BaseTest - Setup test
INFO  2016-11-28 11:57:53,459 [Worker#STA_NP] TestScripts.BaseTest - Click on the Add Project button at Projects page
INFO  2016-11-28 11:58:09,250 [Worker#STA_NP] TestScripts.BaseTest - Verify the Project Created successful message.
INFO  2016-11-28 11:58:20,608 [Worker#STA_NP] TestScripts.BaseTest - Teardown test
INFO  2016-11-28 11:58:57,431 [Worker#STA_NP] TestScripts.BaseTest - Setup test
INFO  2016-11-28 11:59:18,012 [Worker#STA_NP] TestScripts.BaseTest - Click on the Add Project button at Projects page
INFO  2016-11-28 11:59:33,984 [Worker#STA_NP] TestScripts.BaseTest - Verify About tab on the created Project page.
INFO  2016-11-28 11:59:37,033 [Worker#STA_NP] TestScripts.BaseTest - Verify Discussion tab on the created Project page.
INFO  2016-11-28 11:59:40,083 [Worker#STA_NP] TestScripts.BaseTest - Verify Tasks tab on the created Project page.
INFO  2016-11-28 11:59:43,128 [Worker#STA_NP] TestScripts.BaseTest - Verify Files tab on the created Project page.
INFO  2016-11-28 11:59:46,176 [Worker#STA_NP] TestScripts.BaseTest - Verify Add member icon on the created Project page.
INFO  2016-11-28 11:59:49,238 [Worker#STA_NP] TestScripts.BaseTest - Verify Share project icon on the created Project page.
INFO  2016-11-28 11:59:52,299 [Worker#STA_NP] TestScripts.BaseTest - Verify Delete project icon on the created Project page.
INFO  2016-11-28 11:59:55,359 [Worker#STA_NP] TestScripts.BaseTest - Verify Start Date field on the created Project page.
INFO  2016-11-28 11:59:58,403 [Worker#STA_NP] TestScripts.BaseTest - Verify Due Date field on the created Project page.
INFO  2016-11-28 12:00:01,450 [Worker#STA_NP] TestScripts.BaseTest - Verify Status field on the created Project page.
INFO  2016-11-28 12:00:04,506 [Worker#STA_NP] TestScripts.BaseTest - Verify Location field on the created Project page.
INFO  2016-11-28 12:00:07,554 [Worker#STA_NP] TestScripts.BaseTest - Verify Group field on the created Project page.
INFO  2016-11-28 12:00:10,610 [Worker#STA_NP] TestScripts.BaseTest - Verify Event field on the created Project page.
INFO  2016-11-28 12:00:13,655 [Worker#STA_NP] TestScripts.BaseTest - Verify Reward field on the created Project page.
INFO  2016-11-28 12:00:16,736 [Worker#STA_NP] TestScripts.BaseTest - Verify Owner field on the created Project page.
INFO  2016-11-28 12:00:19,782 [Worker#STA_NP] TestScripts.BaseTest - Verify GitHub field on the created Project page.
INFO  2016-11-28 12:00:23,829 [Worker#STA_NP] TestScripts.BaseTest - Verify Mark Complete on the created Project page.
INFO  2016-11-28 12:00:35,168 [Worker#STA_NP] TestScripts.BaseTest - Teardown test
INFO  2016-11-28 12:01:08,364 [Worker#STA_NP] TestScripts.BaseTest - Setup test
INFO  2016-11-28 12:01:28,611 [Worker#STA_NP] TestScripts.BaseTest - Click on the Add Project button at Projects page
INFO  2016-11-28 12:01:52,823 [Worker#STA_NP] TestScripts.BaseTest - Click on the Signout button.
INFO  2016-11-28 12:01:56,303 [Worker#STA_NP] TestScripts.BaseTest - Sign in with different user.
INFO  2016-11-28 12:01:58,165 [Worker#STA_NP] TestScripts.BaseTest - Click the Projects menu option.
INFO  2016-11-28 12:02:04,452 [Worker#STA_NP] TestScripts.BaseTest - Click the All Projects dropdown.
INFO  2016-11-28 12:02:07,512 [Worker#STA_NP] TestScripts.BaseTest - Select Recruiting option from the All Projects dropdown.
INFO  2016-11-28 12:04:10,161 [Worker#STA_NP] Util.UtilityHelper - Screenshot saved at: Screenshots\AutomationScreenShot_2016-11-28-12-04-09.png
ERROR 2016-11-28 12:04:10,168 [Worker#STA_NP] Util.DriverExtender - OpenQA.Selenium.WebDriverTimeoutException: Timed out after 120 seconds
   at OpenQA.Selenium.Support.UI.DefaultWait`1.ThrowTimeoutException(String exceptionMessage, Exception lastException)
   at OpenQA.Selenium.Support.UI.DefaultWait`1.Until[TResult](Func`2 condition)
   at RallyTeam.Util.DriverExtender.SafeClick(IWebDriver driver, By locator) in F:\Automation_SeleniumCSharp\RallyTeam\RallyTeamAutomation\RallyTeamAutomation\Util\DriverExtender.cs:line 388
INFO  2016-11-28 12:04:10,384 [Worker#STA_NP] Util.UtilityHelper - Screenshot saved at: Screenshots\RallyTeam.TestScripts.ProjectsTest.Projects_033_VerifyProjectScreenForNonMember_2016-11-28-12-04-10.png
INFO  2016-11-28 12:04:10,384 [Worker#STA_NP] TestScripts.BaseTest - Teardown test
INFO  2016-11-28 12:05:15,125 [Worker#STA_NP] TestScripts.BaseTest - Setup test
INFO  2016-11-28 12:09:35,418 [Worker#STA_NP] TestScripts.BaseTest - Click on the Add Project button at Projects page
INFO  2016-11-28 12:09:59,888 [Worker#STA_NP] TestScripts.BaseTest - Click on the Signout button.
INFO  2016-11-28 12:10:03,485 [Worker#STA_NP] TestScripts.BaseTest - Sign in with different user.
INFO  2016-11-28 12:10:04,702 [Worker#STA_NP] TestScripts.BaseTest - Click the Projects menu option.
INFO  2016-11-28 12:10:10,845 [Worker#STA_NP] TestScripts.BaseTest - Click the All Projects dropdown.
INFO  2016-11-28 12:10:13,963 [Worker#STA_NP] TestScripts.BaseTest - Select Recruiting option from the All Projects dropdown.
INFO  2016-11-28 12:10:17,513 [Worker#STA_NP] TestScripts.BaseTest - Click the Project Name on the Projects Page.
INFO  2016-11-28 12:10:21,670 [Worker#STA_NP] TestScripts.BaseTest - Click Request To Join button doisplayed on screen.
INFO  2016-11-28 12:10:34,086 [Worker#STA_NP] TestScripts.BaseTest - Click on the Signout button.
INFO  2016-11-28 12:10:38,130 [Worker#STA_NP] TestScripts.BaseTest - Click the Projects menu option.
INFO  2016-11-28 12:10:44,278 [Worker#STA_NP] TestScripts.BaseTest - Click the All Projects dropdown.
INFO  2016-11-28 12:10:47,335 [Worker#STA_NP] TestScripts.BaseTest - Select 'Recruiting' option from the All Projects dropdown.
INFO  2016-11-28 12:10:50,803 [Worker#STA_NP] TestScripts.BaseTest - Click the Project Name on the Projects Page.
INFO  2016-11-28 12:10:55,018 [Worker#STA_NP] TestScripts.BaseTest - Click the Requested Member of the Project.
INFO  2016-11-28 12:11:01,181 [Worker#STA_NP] TestScripts.BaseTest - Accept the Requested member.
INFO  2016-11-28 12:13:09,981 [Worker#STA_NP] Util.UtilityHelper - Screenshot saved at: Screenshots\AutomationScreenShot_2016-11-28-12-13-09.png
ERROR 2016-11-28 12:13:09,982 [Worker#STA_NP] Util.DriverExtender - OpenQA.Selenium.WebDriverTimeoutException: Timed out after 120 seconds
   at OpenQA.Selenium.Support.UI.DefaultWait`1.ThrowTimeoutException(String exceptionMessage, Exception lastException)
   at OpenQA.Selenium.Support.UI.DefaultWait`1.Until[TResult](Func`2 condition)
   at RallyTeam.Util.DriverExtender.SafeClick(IWebDriver driver, By locator) in F:\Automation_SeleniumCSharp\RallyTeam\RallyTeamAutomation\RallyTeamAutomation\Util\DriverExtender.cs:line 389
INFO  2016-11-28 12:13:10,210 [Worker#STA_NP] Util.UtilityHelper - Screenshot saved at: Screenshots\RallyTeam.TestScripts.ProjectsTest.Projects_034_VerifyShareLeaveProjectForMember_2016-11-28-12-13-09.png
INFO  2016-11-28 12:13:10,210 [Worker#STA_NP] TestScripts.BaseTest - Teardown test
INFO  2016-11-28 12:13:47,272 [Worker#STA_NP] TestScripts.BaseTest - Setup test
INFO  2016-11-28 12:14:08,580 [Worker#STA_NP] TestScripts.BaseTest - Click on the Add Project button at Projects page
INFO  2016-11-28 12:14:28,356 [Worker#STA_NP] TestScripts.BaseTest - Click the Add member icon for the Project.
INFO  2016-11-28 12:14:36,589 [Worker#STA_NP] TestScripts.BaseTest - Verify the Add Project Member window fields.
INFO  2016-11-28 12:14:40,139 [Worker#STA_NP] TestScripts.BaseTest - Click the Add Project Member window close icon.
INFO  2016-11-28 12:14:49,509 [Worker#STA_NP] TestScripts.BaseTest - Teardown test
INFO  2016-11-28 12:15:19,837 [Worker#STA_NP] TestScripts.BaseTest - Setup test
INFO  2016-11-28 12:15:40,065 [Worker#STA_NP] TestScripts.BaseTest - Click on the Add Project button at Projects page
INFO  2016-11-28 12:15:59,359 [Worker#STA_NP] TestScripts.BaseTest - Click the Add member icon for the Project.
INFO  2016-11-28 12:16:07,759 [Worker#STA_NP] TestScripts.BaseTest - User selected successfully.
INFO  2016-11-28 12:16:10,885 [Worker#STA_NP] TestScripts.BaseTest - Click the Add Project Member window Done button.
INFO  2016-11-28 12:16:15,166 [Worker#STA_NP] TestScripts.BaseTest - Verified Project member added confirmation message.
INFO  2016-11-28 12:16:27,006 [Worker#STA_NP] TestScripts.BaseTest - Teardown test
INFO  2016-11-28 12:16:58,314 [Worker#STA_NP] TestScripts.BaseTest - Setup test
INFO  2016-11-28 12:17:18,546 [Worker#STA_NP] TestScripts.BaseTest - Click on the Add Project button at Projects page
INFO  2016-11-28 12:17:37,750 [Worker#STA_NP] TestScripts.BaseTest - Click the Add member icon for the Project.
INFO  2016-11-28 12:17:57,473 [Worker#STA_NP] TestScripts.BaseTest - Click the Add Project Member window Done button.
INFO  2016-11-28 12:18:01,636 [Worker#STA_NP] TestScripts.BaseTest - Verified Project member added confirmation message.
INFO  2016-11-28 12:18:13,030 [Worker#STA_NP] TestScripts.BaseTest - Teardown test
INFO  2016-11-28 12:18:46,842 [Worker#STA_NP] TestScripts.BaseTest - Setup test
INFO  2016-11-28 12:19:07,235 [Worker#STA_NP] TestScripts.BaseTest - Click on the Add Project button at Projects page
INFO  2016-11-28 12:21:26,651 [Worker#STA_NP] Util.UtilityHelper - Screenshot saved at: Screenshots\AutomationScreenShot_2016-11-28-12-21-26.png
ERROR 2016-11-28 12:21:26,652 [Worker#STA_NP] Util.DriverExtender - OpenQA.Selenium.WebDriverTimeoutException: Timed out after 120 seconds ---> OpenQA.Selenium.NoSuchElementException: no such element: Unable to locate element: {"method":"xpath","selector":"//li[1]/a/div/i"}
  (Session info: chrome=54.0.2840.99)
  (Driver info: chromedriver=2.24.417431 (9aea000394714d2fbb20850021f6204f2256b9cf),platform=Windows NT 6.3.9600 x86_64)
   at OpenQA.Selenium.Remote.RemoteWebDriver.UnpackAndThrowOnError(Response errorResponse)
   at OpenQA.Selenium.Remote.RemoteWebDriver.Execute(String driverCommandToExecute, Dictionary`2 parameters)
   at OpenQA.Selenium.Remote.RemoteWebDriver.FindElement(String mechanism, String value)
   at OpenQA.Selenium.Remote.RemoteWebDriver.FindElementByXPath(String xpath)
   at OpenQA.Selenium.By.<XPath>c__AnonStorey3.<>m__0(ISearchContext context)
   at OpenQA.Selenium.By.FindElement(ISearchContext context)
   at OpenQA.Selenium.Remote.RemoteWebDriver.FindElement(By by)
   at OpenQA.Selenium.Support.UI.ExpectedConditions.<>c__DisplayClass13.<ElementIsVisible>b__12(IWebDriver driver)
   at OpenQA.Selenium.Support.UI.DefaultWait`1.Until[TResult](Func`2 condition)
   --- End of inner exception stack trace ---
   at OpenQA.Selenium.Support.UI.DefaultWait`1.ThrowTimeoutException(String exceptionMessage, Exception lastException)
   at OpenQA.Selenium.Support.UI.DefaultWait`1.Until[TResult](Func`2 condition)
   at RallyTeam.Util.DriverExtender.SafeClick(IWebDriver driver, By locator) in F:\Automation_SeleniumCSharp\RallyTeam\RallyTeamAutomation\RallyTeamAutomation\Util\DriverExtender.cs:line 388
INFO  2016-11-28 12:21:26,933 [Worker#STA_NP] Util.UtilityHelper - Screenshot saved at: Screenshots\RallyTeam.TestScripts.ProjectsTest.Projects_039_ClickRemoveMemberAndVerify_2016-11-28-12-21-26.png
INFO  2016-11-28 12:21:26,933 [Worker#STA_NP] TestScripts.BaseTest - Teardown test
INFO  2016-11-28 12:22:05,888 [Worker#STA_NP] TestScripts.BaseTest - Setup test
INFO  2016-11-28 12:22:26,181 [Worker#STA_NP] TestScripts.BaseTest - Click on the Add Project button at Projects page
INFO  2016-11-28 12:22:45,359 [Worker#STA_NP] TestScripts.BaseTest - Click the Add member icon for the Project.
INFO  2016-11-28 12:22:53,758 [Worker#STA_NP] TestScripts.BaseTest - User selected successfully.
INFO  2016-11-28 12:22:56,895 [Worker#STA_NP] TestScripts.BaseTest - Click the Add Project Member window Done button.
INFO  2016-11-28 12:23:03,975 [Worker#STA_NP] TestScripts.BaseTest - Click Project member added remove icon.
INFO  2016-11-28 12:23:07,103 [Worker#STA_NP] TestScripts.BaseTest - Click the Remove Project Member window No button.
INFO  2016-11-28 12:23:10,148 [Worker#STA_NP] TestScripts.BaseTest - Verify the Project Member Name
INFO  2016-11-28 12:23:21,452 [Worker#STA_NP] TestScripts.BaseTest - Teardown test
INFO  2016-11-28 12:23:54,433 [Worker#STA_NP] TestScripts.BaseTest - Setup test
INFO  2016-11-28 12:24:14,847 [Worker#STA_NP] TestScripts.BaseTest - Click on the Add Project button at Projects page
INFO  2016-11-28 12:24:34,255 [Worker#STA_NP] TestScripts.BaseTest - Click the Add member icon for the Project.
INFO  2016-11-28 12:24:42,665 [Worker#STA_NP] TestScripts.BaseTest - User selected successfully.
INFO  2016-11-28 12:24:45,805 [Worker#STA_NP] TestScripts.BaseTest - Click the Add Project Member window Done button.
INFO  2016-11-28 12:24:52,437 [Worker#STA_NP] TestScripts.BaseTest - Click Project member added remove icon.
INFO  2016-11-28 12:24:55,567 [Worker#STA_NP] TestScripts.BaseTest - Click the Remove Project Member window No button.
INFO  2016-11-28 12:26:58,774 [Worker#STA_NP] TestScripts.BaseTest - Verified Project member is deleted.
INFO  2016-11-28 12:29:04,571 [Worker#STA_NP] Util.UtilityHelper - Screenshot saved at: Screenshots\AutomationScreenShot_2016-11-28-12-29-03.png
ERROR 2016-11-28 12:29:04,572 [Worker#STA_NP] Util.DriverExtender - OpenQA.Selenium.WebDriverTimeoutException: Timed out after 120 seconds ---> OpenQA.Selenium.NoSuchElementException: no such element: Unable to locate element: {"method":"xpath","selector":"//li[3]/a/div/i"}
  (Session info: chrome=54.0.2840.99)
  (Driver info: chromedriver=2.24.417431 (9aea000394714d2fbb20850021f6204f2256b9cf),platform=Windows NT 6.3.9600 x86_64)
   at OpenQA.Selenium.Remote.RemoteWebDriver.UnpackAndThrowOnError(Response errorResponse)
   at OpenQA.Selenium.Remote.RemoteWebDriver.Execute(String driverCommandToExecute, Dictionary`2 parameters)
   at OpenQA.Selenium.Remote.RemoteWebDriver.FindElement(String mechanism, String value)
   at OpenQA.Selenium.Remote.RemoteWebDriver.FindElementByXPath(String xpath)
   at OpenQA.Selenium.By.<XPath>c__AnonStorey3.<>m__0(ISearchContext context)
   at OpenQA.Selenium.By.FindElement(ISearchContext context)
   at OpenQA.Selenium.Remote.RemoteWebDriver.FindElement(By by)
   at OpenQA.Selenium.Support.UI.ExpectedConditions.<>c__DisplayClass13.<ElementIsVisible>b__12(IWebDriver driver)
   at OpenQA.Selenium.Support.UI.DefaultWait`1.Until[TResult](Func`2 condition)
   --- End of inner exception stack trace ---
   at OpenQA.Selenium.Support.UI.DefaultWait`1.ThrowTimeoutException(String exceptionMessage, Exception lastException)
   at OpenQA.Selenium.Support.UI.DefaultWait`1.Until[TResult](Func`2 condition)
   at RallyTeam.Util.DriverExtender.SafeClick(IWebDriver driver, By locator) in F:\Automation_SeleniumCSharp\RallyTeam\RallyTeamAutomation\RallyTeamAutomation\Util\DriverExtender.cs:line 388
INFO  2016-11-28 12:29:04,766 [Worker#STA_NP] Util.UtilityHelper - Screenshot saved at: Screenshots\RallyTeam.TestScripts.ProjectsTest.Projects_041_ClickRemoveMemberYesBtn_2016-11-28-12-29-04.png
INFO  2016-11-28 12:29:04,766 [Worker#STA_NP] TestScripts.BaseTest - Teardown test
INFO  2016-11-28 12:29:54,535 [Worker#STA_NP] TestScripts.BaseTest - Setup test
INFO  2016-11-28 12:30:14,829 [Worker#STA_NP] TestScripts.BaseTest - Click on the Add Project button at Projects page
INFO  2016-11-28 12:30:32,826 [Worker#STA_NP] TestScripts.BaseTest - Edit the Project Name.
INFO  2016-11-28 12:30:36,171 [Worker#STA_NP] TestScripts.BaseTest - Edit the Start Date.
INFO  2016-11-28 12:30:39,536 [Worker#STA_NP] TestScripts.BaseTest - Edit the Due Date.
INFO  2016-11-28 12:30:42,737 [Worker#STA_NP] TestScripts.BaseTest - Edit the Project Owner.
INFO  2016-11-28 12:30:52,391 [Worker#STA_NP] TestScripts.BaseTest - Click on the Signout button.
INFO  2016-11-28 12:30:56,537 [Worker#STA_NP] TestScripts.BaseTest - Sign in with different user.
INFO  2016-11-28 12:30:58,275 [Worker#STA_NP] TestScripts.BaseTest - Click the Projects menu option.
INFO  2016-11-28 12:31:04,659 [Worker#STA_NP] TestScripts.BaseTest - Click the All Projects dropdown.
INFO  2016-11-28 12:31:08,778 [Worker#STA_NP] TestScripts.BaseTest - Select Recruiting option from the All Projects dropdown.
INFO  2016-11-28 12:31:11,781 [Worker#STA_NP] TestScripts.BaseTest - Click the Project Name on the Projects Page.
INFO  2016-11-28 12:31:24,247 [Worker#STA_NP] TestScripts.BaseTest - Teardown test
INFO  2016-11-28 12:31:50,624 [Worker#STA_NP] TestScripts.BaseTest - Setup test
INFO  2016-11-28 12:32:10,893 [Worker#STA_NP] TestScripts.BaseTest - Click on the Add Project button at Projects page
INFO  2016-11-28 12:32:30,930 [Worker#STA_NP] TestScripts.BaseTest - Verify the Delete Project Member Window.
INFO  2016-11-28 12:32:32,976 [Worker#STA_NP] TestScripts.BaseTest - Verify the Delete Project Member Window No Button.
INFO  2016-11-28 12:32:35,023 [Worker#STA_NP] TestScripts.BaseTest - Verify the Delete Project Member Window Yes button.
INFO  2016-11-28 12:32:37,162 [Worker#STA_NP] TestScripts.BaseTest - Close the Delete Group Member Window.
INFO  2016-11-28 12:32:49,412 [Worker#STA_NP] TestScripts.BaseTest - Teardown test
INFO  2016-11-28 12:33:13,879 [Worker#STA_NP] TestScripts.BaseTest - Setup test
INFO  2016-11-28 12:33:34,161 [Worker#STA_NP] TestScripts.BaseTest - Click on the Add Project button at Projects page
INFO  2016-11-28 12:33:54,241 [Worker#STA_NP] TestScripts.BaseTest - Click the Delete Group Member Window No button.
INFO  2016-11-28 12:33:58,541 [Worker#STA_NP] TestScripts.BaseTest - Click the Projects menu option.
INFO  2016-11-28 12:34:04,691 [Worker#STA_NP] TestScripts.BaseTest - Click the All Projects dropdown.
INFO  2016-11-28 12:34:07,770 [Worker#STA_NP] TestScripts.BaseTest - Select I've Posted option from the All Projects dropdown.
INFO  2016-11-28 12:34:09,814 [Worker#STA_NP] TestScripts.BaseTest - Verify the Project Name on the Projects Page is still displayed.
INFO  2016-11-28 12:34:12,359 [Worker#STA_NP] TestScripts.BaseTest - Click the Project Name on the Projects Page.
INFO  2016-11-28 12:34:24,706 [Worker#STA_NP] TestScripts.BaseTest - Teardown test
INFO  2016-11-28 12:35:00,148 [Worker#STA_NP] TestScripts.BaseTest - Setup test
INFO  2016-11-28 12:35:21,720 [Worker#STA_NP] TestScripts.BaseTest - Click on the Add Project button at Projects page
INFO  2016-11-28 12:35:41,942 [Worker#STA_NP] TestScripts.BaseTest - Click the Delete Group Member Window Yes button.
INFO  2016-11-28 12:35:46,068 [Worker#STA_NP] TestScripts.BaseTest - Click the Projects menu option.
INFO  2016-11-28 12:35:52,213 [Worker#STA_NP] TestScripts.BaseTest - Click the All Projects dropdown.
INFO  2016-11-28 12:35:55,275 [Worker#STA_NP] TestScripts.BaseTest - Select I've Posted option from the All Projects dropdown.
INFO  2016-11-28 12:37:57,298 [Worker#STA_NP] TestScripts.BaseTest - Verify the Project Name on the Projects Page is not displayed.
INFO  2016-11-28 12:37:59,299 [Worker#STA_NP] TestScripts.BaseTest - Teardown test
INFO  2016-11-28 12:38:38,321 [Worker#STA_NP] TestScripts.BaseTest - Setup test
INFO  2016-11-28 12:38:50,473 [Worker#STA_NP] TestScripts.BaseTest - Click on the Add Project button at Projects page
INFO  2016-11-28 12:38:56,694 [Worker#STA_NP] TestScripts.BaseTest - Verify the Name required error message
INFO  2016-11-28 12:38:59,736 [Worker#STA_NP] TestScripts.BaseTest - Verify the Desc required error message
INFO  2016-11-28 12:39:01,864 [Worker#STA_NP] TestScripts.BaseTest - Click on Cancel button.
INFO  2016-11-28 12:39:03,866 [Worker#STA_NP] TestScripts.BaseTest - Teardown test
INFO  2016-11-28 12:39:50,318 [Worker#STA_NP] TestScripts.BaseTest - Setup test
INFO  2016-11-28 12:40:02,698 [Worker#STA_NP] TestScripts.BaseTest - Click on the Add Project button at Projects page
INFO  2016-11-28 12:40:12,140 [Worker#STA_NP] TestScripts.BaseTest - Verify the Name required error message
INFO  2016-11-28 12:40:14,251 [Worker#STA_NP] TestScripts.BaseTest - Click on Cancel button.
INFO  2016-11-28 12:40:16,252 [Worker#STA_NP] TestScripts.BaseTest - Teardown test
INFO  2016-11-28 12:40:48,373 [Worker#STA_NP] TestScripts.BaseTest - Setup test
INFO  2016-11-28 12:41:01,329 [Worker#STA_NP] TestScripts.BaseTest - Click on the Add Project button at Projects page
INFO  2016-11-28 12:41:10,728 [Worker#STA_NP] TestScripts.BaseTest - Verify the Desc required error message
INFO  2016-11-28 12:41:12,856 [Worker#STA_NP] TestScripts.BaseTest - Click on Cancel button.
INFO  2016-11-28 12:41:14,858 [Worker#STA_NP] TestScripts.BaseTest - Teardown test
INFO  2016-11-28 12:41:47,629 [Worker#STA_NP] TestScripts.BaseTest - Setup test
INFO  2016-11-28 12:42:07,862 [Worker#STA_NP] TestScripts.BaseTest - Click on the Add Project button at Projects page
INFO  2016-11-28 12:42:27,003 [Worker#STA_NP] TestScripts.BaseTest - Click the Add member icon for the Project.
INFO  2016-11-28 12:42:34,407 [Worker#STA_NP] TestScripts.BaseTest - User selected successfully.
INFO  2016-11-28 12:42:37,552 [Worker#STA_NP] TestScripts.BaseTest - Click the Add Project Member window Done button.
INFO  2016-11-28 12:42:47,632 [Worker#STA_NP] TestScripts.BaseTest - Click on the Signout button.
INFO  2016-11-28 12:42:51,118 [Worker#STA_NP] TestScripts.BaseTest - Sign in with different user.
INFO  2016-11-28 12:42:52,858 [Worker#STA_NP] TestScripts.BaseTest - Click the Projects menu option.
INFO  2016-11-28 12:42:59,018 [Worker#STA_NP] TestScripts.BaseTest - Click the All Projects dropdown.
INFO  2016-11-28 12:43:02,089 [Worker#STA_NP] TestScripts.BaseTest - Select Recruiting option from the All Projects dropdown.
INFO  2016-11-28 12:43:04,544 [Worker#STA_NP] TestScripts.BaseTest - Click the Project Name on the Projects Page.
INFO  2016-11-28 12:43:07,776 [Worker#STA_NP] TestScripts.BaseTest - Click Leave Project icon displayed on screen.
INFO  2016-11-28 12:43:09,926 [Worker#STA_NP] TestScripts.BaseTest - Click Leave Project window Yes button.
INFO  2016-11-28 12:43:19,271 [Worker#STA_NP] TestScripts.BaseTest - Click on the Signout button.
INFO  2016-11-28 12:43:23,849 [Worker#STA_NP] TestScripts.BaseTest - Click the Projects menu option.
INFO  2016-11-28 12:43:30,043 [Worker#STA_NP] TestScripts.BaseTest - Click the All Projects dropdown.
INFO  2016-11-28 12:43:33,078 [Worker#STA_NP] TestScripts.BaseTest - Select 'Recruiting' option from the All Projects dropdown.
INFO  2016-11-28 12:43:36,626 [Worker#STA_NP] TestScripts.BaseTest - Click the Project Name on the Projects Page.
INFO  2016-11-28 12:43:50,965 [Worker#STA_NP] TestScripts.BaseTest - Teardown test
INFO  2016-11-28 12:44:31,413 [Worker#STA_NP] TestScripts.BaseTest - Setup test
INFO  2016-11-28 12:44:51,795 [Worker#STA_NP] TestScripts.BaseTest - Click on the Add Project button at Projects page
INFO  2016-11-28 12:45:09,306 [Worker#STA_NP] TestScripts.BaseTest - Click on Project's Discussion tab.
INFO  2016-11-28 12:45:15,356 [Worker#STA_NP] TestScripts.BaseTest - Verify the Discussion message div.
INFO  2016-11-28 12:45:21,403 [Worker#STA_NP] TestScripts.BaseTest - Verify the Discussion tab Add member icon.
INFO  2016-11-28 12:45:24,445 [Worker#STA_NP] TestScripts.BaseTest - Verify the Discussion Share Project icon.
INFO  2016-11-28 12:45:27,488 [Worker#STA_NP] TestScripts.BaseTest - Verify the Discussion tab Delete Project icon.
INFO  2016-11-28 12:45:36,804 [Worker#STA_NP] TestScripts.BaseTest - Teardown test
INFO  2016-11-28 12:46:15,769 [Worker#STA_NP] TestScripts.BaseTest - Setup test
INFO  2016-11-28 12:46:36,046 [Worker#STA_NP] TestScripts.BaseTest - Click on the Add Project button at Projects page
INFO  2016-11-28 12:46:54,913 [Worker#STA_NP] TestScripts.BaseTest - Click on Project's Discussion tab.
INFO  2016-11-28 12:47:07,398 [Worker#STA_NP] TestScripts.BaseTest - Enter message in Discussion.
INFO  2016-11-28 12:47:10,625 [Worker#STA_NP] TestScripts.BaseTest - Click the Post button for the message.
INFO  2016-11-28 12:47:13,679 [Worker#STA_NP] TestScripts.BaseTest - Verify the Discussion Message Reply button.
INFO  2016-11-28 12:47:24,095 [Worker#STA_NP] TestScripts.BaseTest - Teardown test
INFO  2016-11-28 12:48:00,497 [Worker#STA_NP] TestScripts.BaseTest - Setup test
INFO  2016-11-28 12:48:20,958 [Worker#STA_NP] TestScripts.BaseTest - Click on the Add Project button at Projects page
INFO  2016-11-28 12:48:38,736 [Worker#STA_NP] TestScripts.BaseTest - Click on Project's Discussion tab.
INFO  2016-11-28 12:48:42,942 [Worker#STA_NP] TestScripts.BaseTest - Click message in Discussion.
INFO  2016-11-28 12:49:00,078 [Worker#STA_NP] TestScripts.BaseTest - Teardown test
INFO  2016-11-28 12:49:34,945 [Worker#STA_NP] TestScripts.BaseTest - Setup test
INFO  2016-11-28 12:49:55,250 [Worker#STA_NP] TestScripts.BaseTest - Click on the Add Project button at Projects page
INFO  2016-11-28 12:50:12,767 [Worker#STA_NP] TestScripts.BaseTest - Click on Project's Discussion tab.
INFO  2016-11-28 12:50:17,846 [Worker#STA_NP] TestScripts.BaseTest - Click message in Discussion.
INFO  2016-11-28 12:50:20,986 [Worker#STA_NP] TestScripts.BaseTest - Enter message in Discussion.
INFO  2016-11-28 12:50:26,198 [Worker#STA_NP] TestScripts.BaseTest - Click the Post button for the message.
INFO  2016-11-28 12:50:35,527 [Worker#STA_NP] TestScripts.BaseTest - Teardown test
INFO  2016-11-28 12:51:04,381 [Worker#STA_NP] TestScripts.BaseTest - Setup test
INFO  2016-11-28 12:51:24,818 [Worker#STA_NP] TestScripts.BaseTest - Click on the Add Project button at Projects page
INFO  2016-11-28 12:51:42,402 [Worker#STA_NP] TestScripts.BaseTest - Click on Project's Discussion tab.
INFO  2016-11-28 12:51:47,474 [Worker#STA_NP] TestScripts.BaseTest - Click message in Discussion.
INFO  2016-11-28 12:51:50,661 [Worker#STA_NP] TestScripts.BaseTest - Enter message in Discussion.
INFO  2016-11-28 12:51:55,838 [Worker#STA_NP] TestScripts.BaseTest - Click the Post button for the message.
INFO  2016-11-28 12:52:05,166 [Worker#STA_NP] TestScripts.BaseTest - Teardown test
INFO  2016-11-28 12:52:53,449 [Worker#STA_NP] TestScripts.BaseTest - Setup test
INFO  2016-11-28 12:53:00,172 [Worker#STA_NP] TestScripts.BaseTest - Click on the Plus icon at the top.
INFO  2016-11-28 12:53:23,902 [Worker#STA_NP] TestScripts.BaseTest - Teardown test
INFO  2016-11-28 12:54:00,484 [Worker#STA_NP] TestScripts.BaseTest - Setup test
INFO  2016-11-28 12:54:20,782 [Worker#STA_NP] TestScripts.BaseTest - Click on the Add Project button at Projects page
INFO  2016-11-28 12:54:40,117 [Worker#STA_NP] TestScripts.BaseTest - Click the Add member icon for the Project.
INFO  2016-11-28 12:54:59,741 [Worker#STA_NP] TestScripts.BaseTest - Click the Add Project Member window Done button.
INFO  2016-11-28 12:55:08,075 [Worker#STA_NP] TestScripts.BaseTest - Click the Add member icon for the Project.
INFO  2016-11-28 12:55:10,223 [Worker#STA_NP] TestScripts.BaseTest - Click on the Biew Team Status hyperlink.
INFO  2016-11-28 12:57:10,780 [Worker#STA_NP] Util.UtilityHelper - Screenshot saved at: Screenshots\AutomationScreenShot_2016-11-28-12-57-10.png
ERROR 2016-11-28 12:57:10,780 [Worker#STA_NP] Util.AssertHelper - Expected element (By.XPath: //a[contains(text(),'Hui Wang')]) to be displayed but did not.
INFO  2016-11-28 12:57:10,997 [Worker#STA_NP] Util.UtilityHelper - Screenshot saved at: Screenshots\RallyTeam.TestScripts.ProjectsTest.Projects_080_ViewProjectsTeamStatus_2016-11-28-12-57-10.png
INFO  2016-11-28 12:57:10,997 [Worker#STA_NP] TestScripts.BaseTest - Teardown test
INFO  2016-11-28 12:57:43,327 [Worker#STA_NP] TestScripts.BaseTest - Setup test
INFO  2016-11-28 12:58:03,596 [Worker#STA_NP] TestScripts.BaseTest - Click on the Add Project button at Projects page
INFO  2016-11-28 12:58:23,165 [Worker#STA_NP] TestScripts.BaseTest - Click the Add member icon for the Project.
INFO  2016-11-28 12:58:43,030 [Worker#STA_NP] TestScripts.BaseTest - Click the Add Project Member window Done button.
INFO  2016-11-28 12:58:51,299 [Worker#STA_NP] TestScripts.BaseTest - Click the Add member icon for the Project.
INFO  2016-11-28 12:58:53,532 [Worker#STA_NP] TestScripts.BaseTest - Click on the Biew Team Status hyperlink.
INFO  2016-11-28 12:58:55,625 [Worker#STA_NP] TestScripts.BaseTest - Verify the Team Member Type.
INFO  2016-11-28 12:58:57,715 [Worker#STA_NP] TestScripts.BaseTest - Verify the Team Member Project Role.
INFO  2016-11-28 12:58:59,804 [Worker#STA_NP] TestScripts.BaseTest - Verify the Team Member Status.
INFO  2016-11-28 12:58:59,959 [Worker#STA_NP] TestScripts.BaseTest - Click on Team Status window Close icon.
INFO  2016-11-28 12:59:03,541 [Worker#STA_NP] TestScripts.BaseTest - Click the Add Project Member window Done button.
INFO  2016-11-28 12:59:13,129 [Worker#STA_NP] TestScripts.BaseTest - Teardown test
INFO  2016-11-28 13:00:03,438 [Worker#STA_NP] TestScripts.BaseTest - Setup test
INFO  2016-11-28 13:00:25,270 [Worker#STA_NP] TestScripts.BaseTest - Click on the Add Project button at Projects page
INFO  2016-11-28 13:00:41,342 [Worker#STA_NP] TestScripts.BaseTest - Click the Projects menu option.
INFO  2016-11-28 13:00:47,518 [Worker#STA_NP] TestScripts.BaseTest - Click the All Projects dropdown.
INFO  2016-11-28 13:00:50,791 [Worker#STA_NP] TestScripts.BaseTest - Select I've Posted option from the All Projects dropdown.
INFO  2016-11-28 13:00:53,382 [Worker#STA_NP] TestScripts.BaseTest - Click the Project Name on the Projects Page.
INFO  2016-11-28 13:00:57,582 [Worker#STA_NP] TestScripts.BaseTest - Select Project status as 'Closed'
INFO  2016-11-28 13:01:00,967 [Worker#STA_NP] TestScripts.BaseTest - Click the Projects menu option.
INFO  2016-11-28 13:01:07,033 [Worker#STA_NP] TestScripts.BaseTest - Select 'Closed' option from the All Projects dropdown.
INFO  2016-11-28 13:03:09,417 [Worker#STA_NP] Util.UtilityHelper - Screenshot saved at: Screenshots\AutomationScreenShot_2016-11-28-13-03-09.png
ERROR 2016-11-28 13:03:09,417 [Worker#STA_NP] Util.AssertHelper - Expected element (By.XPath: //span[contains(text(), 'Test Public ProjectYOBU')]) to be displayed but did not.
INFO  2016-11-28 13:03:09,655 [Worker#STA_NP] Util.UtilityHelper - Screenshot saved at: Screenshots\RallyTeam.TestScripts.ProjectsTest.Projects_083_VerifyClosedIvePostedProjects_2016-11-28-13-03-09.png
INFO  2016-11-28 13:03:09,655 [Worker#STA_NP] TestScripts.BaseTest - Teardown test
[END]
