[START]
INFO  2017-04-25 09:24:07,937 [Worker#STA_NP] TestScripts.BaseTestES - Setup test
INFO  2017-04-25 09:24:08,330 [Worker#STA_NP] Util.UtilityHelper - Screenshot saved at: Screenshots\RallyTeam.TestScripts.PeopleTest.ENG2248_001_VerifyAddNotesViewNotes_2017-04-25-09-24-08.png
INFO  2017-04-25 09:24:08,333 [Worker#STA_NP] TestScripts.BaseTestES - Teardown test
INFO  2017-04-25 09:25:05,971 [Worker#STA_NP] TestScripts.BaseTestES - Setup test
INFO  2017-04-25 09:25:14,759 [Worker#STA_NP] Util.UtilityHelper - Screenshot saved at: Screenshots\RallyTeam.TestScripts.PeopleTest.ENG2248_002_VerifyViewNotesWindow_2017-04-25-09-25-14.png
INFO  2017-04-25 09:25:14,759 [Worker#STA_NP] TestScripts.BaseTestES - Teardown test
INFO  2017-04-25 09:26:05,147 [Worker#STA_NP] TestScripts.BaseTestES - Setup test
INFO  2017-04-25 09:26:15,161 [Worker#STA_NP] TestScripts.BaseTestES - Click the User Profile Icon.
INFO  2017-04-25 09:26:18,686 [Worker#STA_NP] TestScripts.BaseTestES - Click User Profile option 'Admin'.
INFO  2017-04-25 09:26:21,116 [Worker#STA_NP] TestScripts.BaseTestES - Enter search user email id.
INFO  2017-04-25 09:26:25,489 [Worker#STA_NP] TestScripts.BaseTestES - Click View Notes link.
INFO  2017-04-25 09:26:29,480 [Worker#STA_NP] TestScripts.BaseTestES - Enter View Notes TextArea.
INFO  2017-04-25 09:26:31,753 [Worker#STA_NP] TestScripts.BaseTestES - Click the Add Note button.
INFO  2017-04-25 09:26:34,858 [Worker#STA_NP] TestScripts.BaseTestES - Teardown test
INFO  2017-04-25 09:27:26,795 [Worker#STA_NP] TestScripts.BaseTestES - Setup test
INFO  2017-04-25 09:27:37,371 [Worker#STA_NP] TestScripts.BaseTestES - Click the People tab.
INFO  2017-04-25 09:27:41,616 [Worker#STA_NP] TestScripts.BaseTestES - Enter the Search text on the main search page.
INFO  2017-04-25 09:27:42,907 [Worker#STA_NP] TestScripts.BaseTestES - Click on the Search button on the main page
INFO  2017-04-25 09:27:47,982 [Worker#STA_NP] TestScripts.BaseTestES - Verify searched user is displayed.
INFO  2017-04-25 09:27:50,274 [Worker#STA_NP] TestScripts.BaseTestES - Enter the Search text.
INFO  2017-04-25 09:27:56,399 [Worker#STA_NP] TestScripts.BaseTestES - Verify searched user is displayed.
INFO  2017-04-25 09:27:56,399 [Worker#STA_NP] TestScripts.BaseTestES - Teardown test
INFO  2017-04-25 09:28:52,167 [Worker#STA_NP] TestScripts.BaseTestES - Setup test
INFO  2017-04-25 09:29:00,154 [Worker#STA_NP] TestScripts.BaseTestES - Click the People tab.
INFO  2017-04-25 09:29:04,379 [Worker#STA_NP] TestScripts.BaseTestES - Enter the Search text on the main search page.
INFO  2017-04-25 09:29:05,689 [Worker#STA_NP] TestScripts.BaseTestES - Click on the Search button on the main page
INFO  2017-04-25 09:29:10,756 [Worker#STA_NP] TestScripts.BaseTestES - Move to user container.
INFO  2017-04-25 09:29:13,164 [Worker#STA_NP] TestScripts.BaseTestES - Click on Message button.
INFO  2017-04-25 09:29:16,227 [Worker#STA_NP] TestScripts.BaseTestES - Verify New Message Window.
INFO  2017-04-25 09:29:18,244 [Worker#STA_NP] TestScripts.BaseTestES - Teardown test
INFO  2017-04-25 09:30:20,730 [Worker#STA_NP] TestScripts.BaseTestES - Setup test
INFO  2017-04-25 09:30:28,720 [Worker#STA_NP] TestScripts.BaseTestES - Click the People tab.
INFO  2017-04-25 09:30:32,992 [Worker#STA_NP] TestScripts.BaseTestES - Enter the Search text on the main search page.
INFO  2017-04-25 09:30:34,306 [Worker#STA_NP] TestScripts.BaseTestES - Click on the Search button on the main page
INFO  2017-04-25 09:30:39,377 [Worker#STA_NP] TestScripts.BaseTestES - Move to user container.
INFO  2017-04-25 09:30:41,740 [Worker#STA_NP] TestScripts.BaseTestES - Click on Message button.
INFO  2017-04-25 09:30:44,790 [Worker#STA_NP] TestScripts.BaseTestES - Verify User Profile Message button.
INFO  2017-04-25 09:30:46,868 [Worker#STA_NP] TestScripts.BaseTestES - Verify User Profile Skills & Endorsements.
INFO  2017-04-25 09:32:49,486 [Worker#STA_NP] Util.UtilityHelper - Screenshot saved at: Screenshots\AutomationScreenShot_2017-04-25-09-32-49.png
ERROR 2017-04-25 09:32:49,486 [Worker#STA_NP] Util.AssertHelper - Expected element (By.XPath: //div[text() ='Industry/Domain Expertise']) to be displayed but did not.
INFO  2017-04-25 09:32:49,686 [Worker#STA_NP] Util.UtilityHelper - Screenshot saved at: Screenshots\RallyTeam.TestScripts.PeopleTest.PeopleES_003_ClickViewProfileAndVerify_2017-04-25-09-32-49.png
INFO  2017-04-25 09:32:49,686 [Worker#STA_NP] TestScripts.BaseTestES - Teardown test
INFO  2017-04-25 09:33:45,399 [Worker#STA_NP] TestScripts.BaseTestES - Setup test
INFO  2017-04-25 09:33:52,551 [Worker#STA_NP] TestScripts.BaseTestES - Click the People tab.
INFO  2017-04-25 09:33:55,835 [Worker#STA_NP] TestScripts.BaseTestES - Clickthe Advance Search hyperlink.
INFO  2017-04-25 09:33:57,905 [Worker#STA_NP] TestScripts.BaseTestES - Verify Advance Search Name.
INFO  2017-04-25 09:33:58,997 [Worker#STA_NP] TestScripts.BaseTestES - Verify Advance Search Skills Needed.
INFO  2017-04-25 09:34:00,041 [Worker#STA_NP] TestScripts.BaseTestES - Verify Advance Search Job Function.
INFO  2017-04-25 09:34:01,131 [Worker#STA_NP] TestScripts.BaseTestES - Verify Advance Search Location.
INFO  2017-04-25 09:36:03,156 [Worker#STA_NP] Util.UtilityHelper - Screenshot saved at: Screenshots\AutomationScreenShot_2017-04-25-09-36-02.png
ERROR 2017-04-25 09:36:03,156 [Worker#STA_NP] Util.AssertHelper - Expected element (By.XPath: //tags-input[contains(@placeholder, 'looking for experts in these industries or domains')]) to be displayed but did not.
INFO  2017-04-25 09:36:03,602 [Worker#STA_NP] Util.UtilityHelper - Screenshot saved at: Screenshots\RallyTeam.TestScripts.PeopleTest.PeopleES_004_VerifyAdvanceSearchFields_2017-04-25-09-36-03.png
INFO  2017-04-25 09:36:03,602 [Worker#STA_NP] TestScripts.BaseTestES - Teardown test
INFO  2017-04-25 09:36:50,629 [Worker#STA_NP] TestScripts.BaseTestES - Setup test
INFO  2017-04-25 09:36:58,290 [Worker#STA_NP] TestScripts.BaseTestES - Click the People tab.
INFO  2017-04-25 09:37:01,588 [Worker#STA_NP] TestScripts.BaseTestES - Clickthe Advance Search hyperlink.
INFO  2017-04-25 09:37:03,835 [Worker#STA_NP] TestScripts.BaseTestES - Enter Advance Search Name.
INFO  2017-04-25 09:37:05,131 [Worker#STA_NP] TestScripts.BaseTestES - Click on the Search button on the Advance Search page.
INFO  2017-04-25 09:39:10,779 [Worker#STA_NP] Util.UtilityHelper - Screenshot saved at: Screenshots\AutomationScreenShot_2017-04-25-09-39-10.png
ERROR 2017-04-25 09:39:10,779 [Worker#STA_NP] Util.AssertHelper - Expected element (By.XPath: //div[@class='rt-user-container']//strong[contains(text(), 'anup kumar')]) to be displayed but did not.
INFO  2017-04-25 09:39:10,960 [Worker#STA_NP] Util.UtilityHelper - Screenshot saved at: Screenshots\RallyTeam.TestScripts.PeopleTest.PeopleES_005_NameSearchViaAdvanceSearch_2017-04-25-09-39-10.png
INFO  2017-04-25 09:39:10,960 [Worker#STA_NP] TestScripts.BaseTestES - Teardown test
INFO  2017-04-25 09:40:14,269 [Worker#STA_NP] TestScripts.BaseTestES - Setup test
INFO  2017-04-25 09:42:45,185 [Worker#STA_NP] Util.UtilityHelper - Screenshot saved at: Screenshots\AutomationScreenShot_2017-04-25-09-42-44.png
ERROR 2017-04-25 09:42:45,186 [Worker#STA_NP] Util.DriverExtender - OpenQA.Selenium.WebDriverTimeoutException: Timed out after 120 seconds ---> OpenQA.Selenium.NoSuchElementException: no such element: Unable to locate element: {"method":"xpath","selector":"//i[@class= 'fa fa-user-plus']"}
  (Session info: chrome=58.0.3029.81)
  (Driver info: chromedriver=2.29.461591 (62ebf098771772160f391d75e589dc567915b233),platform=Windows NT 6.3.9600 x86_64)
   at OpenQA.Selenium.Remote.RemoteWebDriver.UnpackAndThrowOnError(Response errorResponse)
   at OpenQA.Selenium.Remote.RemoteWebDriver.Execute(String driverCommandToExecute, Dictionary`2 parameters)
   at OpenQA.Selenium.Remote.RemoteWebDriver.FindElement(String mechanism, String value)
   at OpenQA.Selenium.Remote.RemoteWebDriver.FindElementByXPath(String xpath)
   at OpenQA.Selenium.By.<>c__DisplayClasse.<XPath>b__c(ISearchContext context)
   at OpenQA.Selenium.By.FindElement(ISearchContext context)
   at OpenQA.Selenium.Remote.RemoteWebDriver.FindElement(By by)
   at OpenQA.Selenium.Support.UI.ExpectedConditions.<>c__DisplayClass13.<ElementIsVisible>b__12(IWebDriver driver)
   at OpenQA.Selenium.Support.UI.DefaultWait`1.Until[TResult](Func`2 condition)
   --- End of inner exception stack trace ---
   at OpenQA.Selenium.Support.UI.DefaultWait`1.ThrowTimeoutException(String exceptionMessage, Exception lastException)
   at OpenQA.Selenium.Support.UI.DefaultWait`1.Until[TResult](Func`2 condition)
   at RallyTeam.Util.DriverExtender.SafeClick(IWebDriver driver, By locator) in F:\Automation_SeleniumCSharp\RallyTeam\RallyTeamAutomation\RallyTeamAutomation\Util\DriverExtender.cs:line 461
INFO  2017-04-25 09:42:45,413 [Worker#STA_NP] Util.UtilityHelper - Screenshot saved at: Screenshots\RallyTeam.TestScripts.PeopleTest.PeopleES_006_EndorseUserAwesomeRating_2017-04-25-09-42-45.png
INFO  2017-04-25 09:42:45,413 [Worker#STA_NP] TestScripts.BaseTestES - Teardown test
INFO  2017-04-25 09:43:39,469 [Worker#STA_NP] TestScripts.BaseTestES - Setup test
INFO  2017-04-25 09:46:10,561 [Worker#STA_NP] Util.UtilityHelper - Screenshot saved at: Screenshots\AutomationScreenShot_2017-04-25-09-46-10.png
ERROR 2017-04-25 09:46:10,562 [Worker#STA_NP] Util.DriverExtender - OpenQA.Selenium.WebDriverTimeoutException: Timed out after 120 seconds ---> OpenQA.Selenium.NoSuchElementException: no such element: Unable to locate element: {"method":"xpath","selector":"//i[@class= 'fa fa-user-plus']"}
  (Session info: chrome=58.0.3029.81)
  (Driver info: chromedriver=2.29.461591 (62ebf098771772160f391d75e589dc567915b233),platform=Windows NT 6.3.9600 x86_64)
   at OpenQA.Selenium.Remote.RemoteWebDriver.UnpackAndThrowOnError(Response errorResponse)
   at OpenQA.Selenium.Remote.RemoteWebDriver.Execute(String driverCommandToExecute, Dictionary`2 parameters)
   at OpenQA.Selenium.Remote.RemoteWebDriver.FindElement(String mechanism, String value)
   at OpenQA.Selenium.Remote.RemoteWebDriver.FindElementByXPath(String xpath)
   at OpenQA.Selenium.By.<>c__DisplayClasse.<XPath>b__c(ISearchContext context)
   at OpenQA.Selenium.By.FindElement(ISearchContext context)
   at OpenQA.Selenium.Remote.RemoteWebDriver.FindElement(By by)
   at OpenQA.Selenium.Support.UI.ExpectedConditions.<>c__DisplayClass13.<ElementIsVisible>b__12(IWebDriver driver)
   at OpenQA.Selenium.Support.UI.DefaultWait`1.Until[TResult](Func`2 condition)
   --- End of inner exception stack trace ---
   at OpenQA.Selenium.Support.UI.DefaultWait`1.ThrowTimeoutException(String exceptionMessage, Exception lastException)
   at OpenQA.Selenium.Support.UI.DefaultWait`1.Until[TResult](Func`2 condition)
   at RallyTeam.Util.DriverExtender.SafeClick(IWebDriver driver, By locator) in F:\Automation_SeleniumCSharp\RallyTeam\RallyTeamAutomation\RallyTeamAutomation\Util\DriverExtender.cs:line 461
INFO  2017-04-25 09:46:10,716 [Worker#STA_NP] Util.UtilityHelper - Screenshot saved at: Screenshots\RallyTeam.TestScripts.PeopleTest.PeopleES_007_EndorseUserGoodRating_2017-04-25-09-46-10.png
INFO  2017-04-25 09:46:10,716 [Worker#STA_NP] TestScripts.BaseTestES - Teardown test
INFO  2017-04-25 09:47:08,246 [Worker#STA_NP] TestScripts.BaseTestES - Setup test
INFO  2017-04-25 09:49:39,332 [Worker#STA_NP] Util.UtilityHelper - Screenshot saved at: Screenshots\AutomationScreenShot_2017-04-25-09-49-39.png
ERROR 2017-04-25 09:49:39,332 [Worker#STA_NP] Util.DriverExtender - OpenQA.Selenium.WebDriverTimeoutException: Timed out after 120 seconds ---> OpenQA.Selenium.NoSuchElementException: no such element: Unable to locate element: {"method":"xpath","selector":"//i[@class= 'fa fa-user-plus']"}
  (Session info: chrome=58.0.3029.81)
  (Driver info: chromedriver=2.29.461591 (62ebf098771772160f391d75e589dc567915b233),platform=Windows NT 6.3.9600 x86_64)
   at OpenQA.Selenium.Remote.RemoteWebDriver.UnpackAndThrowOnError(Response errorResponse)
   at OpenQA.Selenium.Remote.RemoteWebDriver.Execute(String driverCommandToExecute, Dictionary`2 parameters)
   at OpenQA.Selenium.Remote.RemoteWebDriver.FindElement(String mechanism, String value)
   at OpenQA.Selenium.Remote.RemoteWebDriver.FindElementByXPath(String xpath)
   at OpenQA.Selenium.By.<>c__DisplayClasse.<XPath>b__c(ISearchContext context)
   at OpenQA.Selenium.By.FindElement(ISearchContext context)
   at OpenQA.Selenium.Remote.RemoteWebDriver.FindElement(By by)
   at OpenQA.Selenium.Support.UI.ExpectedConditions.<>c__DisplayClass13.<ElementIsVisible>b__12(IWebDriver driver)
   at OpenQA.Selenium.Support.UI.DefaultWait`1.Until[TResult](Func`2 condition)
   --- End of inner exception stack trace ---
   at OpenQA.Selenium.Support.UI.DefaultWait`1.ThrowTimeoutException(String exceptionMessage, Exception lastException)
   at OpenQA.Selenium.Support.UI.DefaultWait`1.Until[TResult](Func`2 condition)
   at RallyTeam.Util.DriverExtender.SafeClick(IWebDriver driver, By locator) in F:\Automation_SeleniumCSharp\RallyTeam\RallyTeamAutomation\RallyTeamAutomation\Util\DriverExtender.cs:line 461
INFO  2017-04-25 09:49:39,592 [Worker#STA_NP] Util.UtilityHelper - Screenshot saved at: Screenshots\RallyTeam.TestScripts.PeopleTest.PeopleES_008_EndorseUserNotGoodRating_2017-04-25-09-49-39.png
INFO  2017-04-25 09:49:39,592 [Worker#STA_NP] TestScripts.BaseTestES - Teardown test
INFO  2017-04-25 09:50:38,182 [Worker#STA_NP] TestScripts.BaseTestES - Setup test
INFO  2017-04-25 09:50:45,893 [Worker#STA_NP] TestScripts.BaseTestES - Click the People tab.
INFO  2017-04-25 09:50:50,149 [Worker#STA_NP] TestScripts.BaseTestES - Enter the Search text on the main search page.
INFO  2017-04-25 09:50:51,436 [Worker#STA_NP] TestScripts.BaseTestES - Click on the Search button on the main page
INFO  2017-04-25 09:50:56,505 [Worker#STA_NP] TestScripts.BaseTestES - Move to user container.
INFO  2017-04-25 09:50:58,998 [Worker#STA_NP] TestScripts.BaseTestES - Click on Message button.
ERROR 2017-04-25 09:53:04,140 [Worker#STA_NP] Util.DriverExtender - OpenQA.Selenium.WebDriverTimeoutException: Timed out after 120 seconds ---> OpenQA.Selenium.NoSuchElementException: no such element: Unable to locate element: {"method":"xpath","selector":"//div[contains(@class, 'rt-user-profile__basic-info')]/span/a"}
  (Session info: chrome=58.0.3029.81)
  (Driver info: chromedriver=2.29.461591 (62ebf098771772160f391d75e589dc567915b233),platform=Windows NT 6.3.9600 x86_64)
   at OpenQA.Selenium.Remote.RemoteWebDriver.UnpackAndThrowOnError(Response errorResponse)
   at OpenQA.Selenium.Remote.RemoteWebDriver.Execute(String driverCommandToExecute, Dictionary`2 parameters)
   at OpenQA.Selenium.Remote.RemoteWebDriver.FindElement(String mechanism, String value)
   at OpenQA.Selenium.Remote.RemoteWebDriver.FindElementByXPath(String xpath)
   at OpenQA.Selenium.By.<>c__DisplayClasse.<XPath>b__c(ISearchContext context)
   at OpenQA.Selenium.By.FindElement(ISearchContext context)
   at OpenQA.Selenium.Remote.RemoteWebDriver.FindElement(By by)
   at OpenQA.Selenium.Support.UI.ExpectedConditions.<>c__DisplayClass13.<ElementIsVisible>b__12(IWebDriver driver)
   at OpenQA.Selenium.Support.UI.DefaultWait`1.Until[TResult](Func`2 condition)
   --- End of inner exception stack trace ---
   at OpenQA.Selenium.Support.UI.DefaultWait`1.ThrowTimeoutException(String exceptionMessage, Exception lastException)
   at OpenQA.Selenium.Support.UI.DefaultWait`1.Until[TResult](Func`2 condition)
   at RallyTeam.Util.DriverExtender.GetElementText(IWebDriver driver, By locator) in F:\Automation_SeleniumCSharp\RallyTeam\RallyTeamAutomation\RallyTeamAutomation\Util\DriverExtender.cs:line 202
INFO  2017-04-25 09:53:04,356 [Worker#STA_NP] Util.UtilityHelper - Screenshot saved at: Screenshots\RallyTeam.TestScripts.PeopleTest.PeopleES_009_EndorseUserAndVerifyIncreasedCount_2017-04-25-09-53-04.png
INFO  2017-04-25 09:53:04,356 [Worker#STA_NP] TestScripts.BaseTestES - Teardown test
INFO  2017-04-25 09:54:07,976 [Worker#STA_NP] TestScripts.BaseTestES - Setup test
INFO  2017-04-25 09:56:39,897 [Worker#STA_NP] Util.UtilityHelper - Screenshot saved at: Screenshots\AutomationScreenShot_2017-04-25-09-56-39.png
ERROR 2017-04-25 09:56:39,898 [Worker#STA_NP] Util.DriverExtender - OpenQA.Selenium.WebDriverTimeoutException: Timed out after 120 seconds ---> OpenQA.Selenium.NoSuchElementException: no such element: Unable to locate element: {"method":"xpath","selector":"//i[@class= 'fa fa-user-plus']"}
  (Session info: chrome=58.0.3029.81)
  (Driver info: chromedriver=2.29.461591 (62ebf098771772160f391d75e589dc567915b233),platform=Windows NT 6.3.9600 x86_64)
   at OpenQA.Selenium.Remote.RemoteWebDriver.UnpackAndThrowOnError(Response errorResponse)
   at OpenQA.Selenium.Remote.RemoteWebDriver.Execute(String driverCommandToExecute, Dictionary`2 parameters)
   at OpenQA.Selenium.Remote.RemoteWebDriver.FindElement(String mechanism, String value)
   at OpenQA.Selenium.Remote.RemoteWebDriver.FindElementByXPath(String xpath)
   at OpenQA.Selenium.By.<>c__DisplayClasse.<XPath>b__c(ISearchContext context)
   at OpenQA.Selenium.By.FindElement(ISearchContext context)
   at OpenQA.Selenium.Remote.RemoteWebDriver.FindElement(By by)
   at OpenQA.Selenium.Support.UI.ExpectedConditions.<>c__DisplayClass13.<ElementIsVisible>b__12(IWebDriver driver)
   at OpenQA.Selenium.Support.UI.DefaultWait`1.Until[TResult](Func`2 condition)
   --- End of inner exception stack trace ---
   at OpenQA.Selenium.Support.UI.DefaultWait`1.ThrowTimeoutException(String exceptionMessage, Exception lastException)
   at OpenQA.Selenium.Support.UI.DefaultWait`1.Until[TResult](Func`2 condition)
   at RallyTeam.Util.DriverExtender.SafeClick(IWebDriver driver, By locator) in F:\Automation_SeleniumCSharp\RallyTeam\RallyTeamAutomation\RallyTeamAutomation\Util\DriverExtender.cs:line 461
INFO  2017-04-25 09:56:40,072 [Worker#STA_NP] Util.UtilityHelper - Screenshot saved at: Screenshots\RallyTeam.TestScripts.PeopleTest.PeopleES_010_RequestFeedback_2017-04-25-09-56-39.png
INFO  2017-04-25 09:56:40,072 [Worker#STA_NP] TestScripts.BaseTestES - Teardown test
[END]
