[START]
INFO  2017-01-11 14:35:48,549 [Worker#STA_NP] TestScripts.BaseTestES - Setup test
INFO  2017-01-11 14:35:59,076 [Worker#STA_NP] TestScripts.BaseTestES - Click the People tab.
INFO  2017-01-11 14:36:03,254 [Worker#STA_NP] TestScripts.BaseTestES - Enter the Search text on the main search page.
INFO  2017-01-11 14:36:04,496 [Worker#STA_NP] TestScripts.BaseTestES - Click on the Search button on the main page
INFO  2017-01-11 14:36:09,545 [Worker#STA_NP] TestScripts.BaseTestES - Move to user container.
INFO  2017-01-11 14:36:11,966 [Worker#STA_NP] TestScripts.BaseTestES - Click on Message button.
ERROR 2017-01-11 14:38:17,503 [Worker#STA_NP] Util.DriverExtender - OpenQA.Selenium.WebDriverTimeoutException: Timed out after 120 seconds ---> OpenQA.Selenium.NoSuchElementException: no such element: Unable to locate element: {"method":"xpath","selector":"//div[contains(@class, 'rt-user-profile__basic-info')]/span/a"}
  (Session info: chrome=55.0.2883.87)
  (Driver info: chromedriver=2.24.417431 (9aea000394714d2fbb20850021f6204f2256b9cf),platform=Windows NT 6.3.9600 x86_64)
   at OpenQA.Selenium.Remote.RemoteWebDriver.UnpackAndThrowOnError(Response errorResponse)
   at OpenQA.Selenium.Remote.RemoteWebDriver.Execute(String driverCommandToExecute, Dictionary`2 parameters)
   at OpenQA.Selenium.Remote.RemoteWebDriver.FindElement(String mechanism, String value)
   at OpenQA.Selenium.Remote.RemoteWebDriver.FindElementByXPath(String xpath)
   at OpenQA.Selenium.By.<XPath>c__AnonStorey3.<>m__0(ISearchContext context)
   at OpenQA.Selenium.By.FindElement(ISearchContext context)
   at OpenQA.Selenium.Remote.RemoteWebDriver.FindElement(By by)
   at OpenQA.Selenium.Support.UI.ExpectedConditions.<>c__DisplayClass13.<ElementIsVisible>b__12(IWebDriver driver)
   at OpenQA.Selenium.Support.UI.DefaultWait`1.Until[TResult](Func`2 condition)
   --- End of inner exception stack trace ---
   at OpenQA.Selenium.Support.UI.DefaultWait`1.ThrowTimeoutException(String exceptionMessage, Exception lastException)
   at OpenQA.Selenium.Support.UI.DefaultWait`1.Until[TResult](Func`2 condition)
   at RallyTeam.Util.DriverExtender.GetElementText(IWebDriver driver, By locator) in F:\Automation_SeleniumCSharp\RallyTeam\RallyTeamAutomation\RallyTeamAutomation\Util\DriverExtender.cs:line 190
INFO  2017-01-11 14:38:17,884 [Worker#STA_NP] Util.UtilityHelper - Screenshot saved at: Screenshots\RallyTeam.TestScripts.PeopleTestES.PeopleES_009_EndorseUserAndVerifyIncreasedCount_2017-01-11-14-38-17.png
INFO  2017-01-11 14:38:17,887 [Worker#STA_NP] TestScripts.BaseTestES - Teardown test
INFO  2017-01-11 14:38:56,553 [Worker#STA_NP] TestScripts.BaseTestES - Setup test
INFO  2017-01-11 14:39:29,494 [Worker#STA_NP] TestScripts.BaseTestES - Click the Add member icon for the Project.
INFO  2017-01-11 14:39:38,242 [Worker#STA_NP] TestScripts.BaseTestES - User selected successfully.
INFO  2017-01-11 14:39:41,501 [Worker#STA_NP] TestScripts.BaseTestES - Click the Add Project Member window Done button.
INFO  2017-01-11 14:39:51,674 [Worker#STA_NP] TestScripts.BaseTestES - Select Project status as 'Completed'
INFO  2017-01-11 14:39:56,228 [Worker#STA_NP] TestScripts.BaseTestES - Select Awesome rating.
INFO  2017-01-11 14:39:59,401 [Worker#STA_NP] TestScripts.BaseTestES - Click Mark Complete button.
INFO  2017-01-11 14:40:11,616 [Worker#STA_NP] TestScripts.BaseTestES - Click on the Signout button.
INFO  2017-01-11 14:40:15,158 [Worker#STA_NP] TestScripts.BaseTestES - Sign in with different user.
INFO  2017-01-11 14:40:20,225 [Worker#STA_NP] TestScripts.BaseTestES - Click the User Profile Icon.
INFO  2017-01-11 14:40:23,859 [Worker#STA_NP] TestScripts.BaseTestES - Click User Profile option 'Profile'.
INFO  2017-01-11 14:40:29,222 [Worker#STA_NP] TestScripts.BaseTestES - Click on Request Feedback button.
INFO  2017-01-11 14:40:34,377 [Worker#STA_NP] TestScripts.BaseTestES - Select Project.
INFO  2017-01-11 14:40:38,718 [Worker#STA_NP] TestScripts.BaseTestES - Enter Feedback From.
INFO  2017-01-11 14:40:40,048 [Worker#STA_NP] TestScripts.BaseTestES - Enter Optional Message.
INFO  2017-01-11 14:40:41,259 [Worker#STA_NP] TestScripts.BaseTestES - Click on Send button.
INFO  2017-01-11 14:40:46,261 [Worker#STA_NP] TestScripts.BaseTestES - Teardown test
[END]
