[START]
INFO  2017-01-04 13:02:53,075 [Worker#STA_NP] TestScripts.BaseTestES - Setup test
INFO  2017-01-04 13:03:05,903 [Worker#STA_NP] TestScripts.BaseTestES - Click the User Profile Icon.
INFO  2017-01-04 13:03:08,360 [Worker#STA_NP] TestScripts.BaseTestES - Click User Profile option 'Admin'.
INFO  2017-01-04 13:03:13,481 [Worker#STA_NP] TestScripts.BaseTestES - Verify Notes column is displayed.
INFO  2017-01-04 13:05:15,159 [Worker#STA_NP] Util.UtilityHelper - Screenshot saved at: Screenshots\AutomationScreenShot_2017-01-04-13-05-14.png
ERROR 2017-01-04 13:05:15,180 [Worker#STA_NP] Util.AssertHelper - Expected element (By.XPath: //table[@class='table table-hover']//tbody/tr[1]/td[6]//a) to be displayed but did not.
INFO  2017-01-04 13:05:15,555 [Worker#STA_NP] Util.UtilityHelper - Screenshot saved at: Screenshots\RallyTeam.TestScripts.PeopleTestES.ENG2248_001_VerifyAddNotesViewNotes_2017-01-04-13-05-15.png
INFO  2017-01-04 13:05:15,556 [Worker#STA_NP] TestScripts.BaseTestES - Teardown test
INFO  2017-01-04 13:05:42,163 [Worker#STA_NP] TestScripts.BaseTestES - Setup test
INFO  2017-01-04 13:05:50,142 [Worker#STA_NP] TestScripts.BaseTestES - Click the User Profile Icon.
INFO  2017-01-04 13:05:52,464 [Worker#STA_NP] TestScripts.BaseTestES - Click User Profile option 'Admin'.
INFO  2017-01-04 13:05:55,838 [Worker#STA_NP] TestScripts.BaseTestES - Enter search user email id.
INFO  2017-01-04 13:08:03,530 [Worker#STA_NP] Util.UtilityHelper - Screenshot saved at: Screenshots\AutomationScreenShot_2017-01-04-13-08-03.png
ERROR 2017-01-04 13:08:03,590 [Worker#STA_NP] Util.DriverExtender - OpenQA.Selenium.WebDriverTimeoutException: Timed out after 120 seconds ---> OpenQA.Selenium.NoSuchElementException: no such element: Unable to locate element: {"method":"xpath","selector":"//table[@class='table table-hover']//tbody/tr[1]/td[6]//a"}
  (Session info: chrome=55.0.2883.87)
  (Driver info: chromedriver=2.24.417431 (9aea000394714d2fbb20850021f6204f2256b9cf),platform=Windows NT 6.3.9600 x86_64)
   at OpenQA.Selenium.Remote.RemoteWebDriver.UnpackAndThrowOnError(Response errorResponse)
   at OpenQA.Selenium.Remote.RemoteWebDriver.Execute(String driverCommandToExecute, Dictionary`2 parameters)
   at OpenQA.Selenium.Remote.RemoteWebDriver.FindElement(String mechanism, String value)
   at OpenQA.Selenium.Remote.RemoteWebDriver.FindElementByXPath(String xpath)
   at OpenQA.Selenium.By.<XPath>c__AnonStorey3.<>m__0(ISearchContext context)
   at OpenQA.Selenium.By.FindElement(ISearchContext context)
   at OpenQA.Selenium.Remote.RemoteWebDriver.FindElement(By by)
   at OpenQA.Selenium.Support.UI.ExpectedConditions.<>c__DisplayClass13.<ElementIsVisible>b__12(IWebDriver driver)
   at OpenQA.Selenium.Support.UI.DefaultWait`1.Until[TResult](Func`2 condition)
   --- End of inner exception stack trace ---
   at OpenQA.Selenium.Support.UI.DefaultWait`1.ThrowTimeoutException(String exceptionMessage, Exception lastException)
   at OpenQA.Selenium.Support.UI.DefaultWait`1.Until[TResult](Func`2 condition)
   at RallyTeam.Util.DriverExtender.SafeClick(IWebDriver driver, By locator) in F:\Automation_SeleniumCSharp\RallyTeam\RallyTeamAutomation\RallyTeamAutomation\Util\DriverExtender.cs:line 399
INFO  2017-01-04 13:08:03,765 [Worker#STA_NP] Util.UtilityHelper - Screenshot saved at: Screenshots\RallyTeam.TestScripts.PeopleTestES.ENG2248_002_VerifyViewNotesWindow_2017-01-04-13-08-03.png
INFO  2017-01-04 13:08:03,765 [Worker#STA_NP] TestScripts.BaseTestES - Teardown test
INFO  2017-01-04 13:08:30,299 [Worker#STA_NP] TestScripts.BaseTestES - Setup test
INFO  2017-01-04 13:08:40,011 [Worker#STA_NP] TestScripts.BaseTestES - Click the User Profile Icon.
INFO  2017-01-04 13:08:43,341 [Worker#STA_NP] TestScripts.BaseTestES - Click User Profile option 'Admin'.
INFO  2017-01-04 13:08:46,635 [Worker#STA_NP] TestScripts.BaseTestES - Enter search user email id.
INFO  2017-01-04 13:10:51,091 [Worker#STA_NP] Util.UtilityHelper - Screenshot saved at: Screenshots\AutomationScreenShot_2017-01-04-13-10-50.png
ERROR 2017-01-04 13:10:51,092 [Worker#STA_NP] Util.DriverExtender - OpenQA.Selenium.WebDriverTimeoutException: Timed out after 120 seconds ---> OpenQA.Selenium.NoSuchElementException: no such element: Unable to locate element: {"method":"xpath","selector":"//table[@class='table table-hover']//tbody/tr[1]/td[6]//a"}
  (Session info: chrome=55.0.2883.87)
  (Driver info: chromedriver=2.24.417431 (9aea000394714d2fbb20850021f6204f2256b9cf),platform=Windows NT 6.3.9600 x86_64)
   at OpenQA.Selenium.Remote.RemoteWebDriver.UnpackAndThrowOnError(Response errorResponse)
   at OpenQA.Selenium.Remote.RemoteWebDriver.Execute(String driverCommandToExecute, Dictionary`2 parameters)
   at OpenQA.Selenium.Remote.RemoteWebDriver.FindElement(String mechanism, String value)
   at OpenQA.Selenium.Remote.RemoteWebDriver.FindElementByXPath(String xpath)
   at OpenQA.Selenium.By.<XPath>c__AnonStorey3.<>m__0(ISearchContext context)
   at OpenQA.Selenium.By.FindElement(ISearchContext context)
   at OpenQA.Selenium.Remote.RemoteWebDriver.FindElement(By by)
   at OpenQA.Selenium.Support.UI.ExpectedConditions.<>c__DisplayClass13.<ElementIsVisible>b__12(IWebDriver driver)
   at OpenQA.Selenium.Support.UI.DefaultWait`1.Until[TResult](Func`2 condition)
   --- End of inner exception stack trace ---
   at OpenQA.Selenium.Support.UI.DefaultWait`1.ThrowTimeoutException(String exceptionMessage, Exception lastException)
   at OpenQA.Selenium.Support.UI.DefaultWait`1.Until[TResult](Func`2 condition)
   at RallyTeam.Util.DriverExtender.SafeClick(IWebDriver driver, By locator) in F:\Automation_SeleniumCSharp\RallyTeam\RallyTeamAutomation\RallyTeamAutomation\Util\DriverExtender.cs:line 399
INFO  2017-01-04 13:10:51,322 [Worker#STA_NP] Util.UtilityHelper - Screenshot saved at: Screenshots\RallyTeam.TestScripts.PeopleTestES.ENG2248_004_AddNoteAndVerify_2017-01-04-13-10-51.png
INFO  2017-01-04 13:10:51,322 [Worker#STA_NP] TestScripts.BaseTestES - Teardown test
[END]
