[START]
INFO  2017-01-09 14:10:32,667 [Worker#STA_NP] TestScripts.BaseTest - Setup test
INFO  2017-01-09 14:10:45,783 [Worker#STA_NP] TestScripts.BaseTest - Click the People menu option.
INFO  2017-01-09 14:10:50,089 [Worker#STA_NP] TestScripts.BaseTest - Enter the Search text.
INFO  2017-01-09 14:10:58,326 [Worker#STA_NP] TestScripts.BaseTest - Move to user container.
INFO  2017-01-09 14:11:00,656 [Worker#STA_NP] TestScripts.BaseTest - Click on Message button.
INFO  2017-01-09 14:13:06,217 [Worker#STA_NP] Util.UtilityHelper - Screenshot saved at: Screenshots\AutomationScreenShot_2017-01-09-14-13-05.png
ERROR 2017-01-09 14:13:06,389 [Worker#STA_NP] Util.DriverExtender - OpenQA.Selenium.WebDriverTimeoutException: Timed out after 120 seconds ---> OpenQA.Selenium.NoSuchElementException: no such element: Unable to locate element: {"method":"xpath","selector":"//button[@class= 'rt-settings-btn btn dropdown-toggle']"}
  (Session info: chrome=55.0.2883.87)
  (Driver info: chromedriver=2.24.417431 (9aea000394714d2fbb20850021f6204f2256b9cf),platform=Windows NT 6.3.9600 x86_64)
   at OpenQA.Selenium.Remote.RemoteWebDriver.UnpackAndThrowOnError(Response errorResponse)
   at OpenQA.Selenium.Remote.RemoteWebDriver.Execute(String driverCommandToExecute, Dictionary`2 parameters)
   at OpenQA.Selenium.Remote.RemoteWebDriver.FindElement(String mechanism, String value)
   at OpenQA.Selenium.Remote.RemoteWebDriver.FindElementByXPath(String xpath)
   at OpenQA.Selenium.By.<XPath>c__AnonStorey3.<>m__0(ISearchContext context)
   at OpenQA.Selenium.By.FindElement(ISearchContext context)
   at OpenQA.Selenium.Remote.RemoteWebDriver.FindElement(By by)
   at OpenQA.Selenium.Support.UI.ExpectedConditions.<>c__DisplayClass13.<ElementIsVisible>b__12(IWebDriver driver)
   at OpenQA.Selenium.Support.UI.DefaultWait`1.Until[TResult](Func`2 condition)
   --- End of inner exception stack trace ---
   at OpenQA.Selenium.Support.UI.DefaultWait`1.ThrowTimeoutException(String exceptionMessage, Exception lastException)
   at OpenQA.Selenium.Support.UI.DefaultWait`1.Until[TResult](Func`2 condition)
   at RallyTeam.Util.DriverExtender.SafeClick(IWebDriver driver, By locator) in F:\Automation_SeleniumCSharp\RallyTeam\RallyTeamAutomation\RallyTeamAutomation\Util\DriverExtender.cs:line 399
INFO  2017-01-09 14:13:06,598 [Worker#STA_NP] Util.UtilityHelper - Screenshot saved at: Screenshots\RallyTeam.TestScripts.UserProfileTest.ENG2177_006_EditOtherUserProfileByAdminUser_2017-01-09-14-13-06.png
INFO  2017-01-09 14:13:06,598 [Worker#STA_NP] TestScripts.BaseTest - Teardown test
[END]
