[START]
INFO  2017-01-31 15:59:58,423 [Worker#STA_NP] TestScripts.BaseTestES - Setup test
INFO  2017-01-31 16:00:27,671 [Worker#STA_NP] TestScripts.BaseTestES - Select the Private Project check-box.
INFO  2017-01-31 16:00:43,890 [Worker#STA_NP] TestScripts.BaseTestES - Click on the Signout button.
INFO  2017-01-31 16:00:53,537 [Worker#STA_NP] TestScripts.BaseTestES - Click the Browse button.
INFO  2017-01-31 16:01:06,408 [Worker#STA_NP] TestScripts.BaseTestES - Enter the project name.
INFO  2017-01-31 16:01:08,547 [Worker#STA_NP] TestScripts.BaseTestES - Click the Search button.
INFO  2017-01-31 16:01:15,771 [Worker#STA_NP] TestScripts.BaseTestES - Verify Project is not displayed.
INFO  2017-01-31 16:01:24,001 [Worker#STA_NP] TestScripts.BaseTestES - Click on the Signout button.
INFO  2017-01-31 16:01:25,926 [Worker#STA_NP] TestScripts.BaseTestES - Click the Browse button.
INFO  2017-01-31 16:01:36,246 [Worker#STA_NP] TestScripts.BaseTestES - Enter the project name.
INFO  2017-01-31 16:03:41,470 [Worker#STA_NP] Util.UtilityHelper - Screenshot saved at: Screenshots\AutomationScreenShot_2017-01-31-16-03-37.png
ERROR 2017-01-31 16:03:45,447 [Worker#STA_NP] Util.DriverExtender - OpenQA.Selenium.WebDriverTimeoutException: Timed out after 120 seconds ---> OpenQA.Selenium.NoSuchElementException: no such element: Unable to locate element: {"method":"xpath","selector":"//a[text()= 'Search']"}
  (Session info: chrome=55.0.2883.87)
  (Driver info: chromedriver=2.24.417431 (9aea000394714d2fbb20850021f6204f2256b9cf),platform=Windows NT 6.3.9600 x86_64)
   at OpenQA.Selenium.Remote.RemoteWebDriver.UnpackAndThrowOnError(Response errorResponse)
   at OpenQA.Selenium.Remote.RemoteWebDriver.Execute(String driverCommandToExecute, Dictionary`2 parameters)
   at OpenQA.Selenium.Remote.RemoteWebDriver.FindElement(String mechanism, String value)
   at OpenQA.Selenium.Remote.RemoteWebDriver.FindElementByXPath(String xpath)
   at OpenQA.Selenium.By.<XPath>c__AnonStorey3.<>m__0(ISearchContext context)
   at OpenQA.Selenium.By.FindElement(ISearchContext context)
   at OpenQA.Selenium.Remote.RemoteWebDriver.FindElement(By by)
   at OpenQA.Selenium.Support.UI.ExpectedConditions.<>c__DisplayClass13.<ElementIsVisible>b__12(IWebDriver driver)
   at OpenQA.Selenium.Support.UI.DefaultWait`1.Until[TResult](Func`2 condition)
   --- End of inner exception stack trace ---
   at OpenQA.Selenium.Support.UI.DefaultWait`1.ThrowTimeoutException(String exceptionMessage, Exception lastException)
   at OpenQA.Selenium.Support.UI.DefaultWait`1.Until[TResult](Func`2 condition)
   at RallyTeam.Util.DriverExtender.SafeClick(IWebDriver driver, By locator) in F:\Automation_SeleniumCSharp\RallyTeam\RallyTeamAutomation\RallyTeamAutomation\Util\DriverExtender.cs:line 449
INFO  2017-01-31 16:03:46,597 [Worker#STA_NP] Util.UtilityHelper - Screenshot saved at: Screenshots\RallyTeam.TestScripts.PostProjectTest.PostProject_013_VerifyNonAdminCannotAccessPrivateProject_2017-01-31-16-03-45.png
INFO  2017-01-31 16:03:46,597 [Worker#STA_NP] TestScripts.BaseTestES - Teardown test
[END]
