[START]
INFO  2017-04-24 12:19:57,162 [Worker#STA_NP] TestScripts.BaseTestES - Setup test
INFO  2017-04-24 12:20:17,431 [Worker#STA_NP] TestScripts.BaseTestES - Click on the Continue button.
INFO  2017-04-24 12:20:28,828 [Worker#STA_NP] TestScripts.BaseTestES - Enter Skills.
INFO  2017-04-24 12:20:37,630 [Worker#STA_NP] TestScripts.BaseTestES - Click Add button.
INFO  2017-04-24 12:20:49,132 [Worker#STA_NP] TestScripts.BaseTestES - Click Add button.
INFO  2017-04-24 12:20:52,336 [Worker#STA_NP] TestScripts.BaseTestES - Click on the Continue button.
INFO  2017-04-24 12:21:05,533 [Worker#STA_NP] TestScripts.BaseTestES - Click Publish Button
INFO  2017-04-24 12:21:13,174 [Worker#STA_NP] TestScripts.BaseTestES - Click the Marketplace tab.
INFO  2017-04-24 12:21:18,567 [Worker#STA_NP] TestScripts.BaseTestES - Click Browse button.
INFO  2017-04-24 12:21:23,998 [Worker#STA_NP] TestScripts.BaseTestES - Enter the project name.
INFO  2017-04-24 12:21:26,373 [Worker#STA_NP] TestScripts.BaseTestES - Click the Search button.
INFO  2017-04-24 12:21:38,801 [Worker#STA_NP] TestScripts.BaseTestES - Click the Project Name on the Projects Page.
INFO  2017-04-24 12:21:44,096 [Worker#STA_NP] TestScripts.BaseTestES - Click Settings Icon
INFO  2017-04-24 12:21:47,601 [Worker#STA_NP] TestScripts.BaseTestES - Select Delete Project option.
INFO  2017-04-24 12:26:42,953 [Worker#STA_NP] TestScripts.BaseTestES - Setup test
INFO  2017-04-24 12:27:03,582 [Worker#STA_NP] TestScripts.BaseTestES - Click on the Continue button.
INFO  2017-04-24 12:27:14,976 [Worker#STA_NP] TestScripts.BaseTestES - Enter Skills.
INFO  2017-04-24 12:27:23,595 [Worker#STA_NP] TestScripts.BaseTestES - Click Add button.
INFO  2017-04-24 12:27:35,225 [Worker#STA_NP] TestScripts.BaseTestES - Click Add button.
INFO  2017-04-24 12:27:38,532 [Worker#STA_NP] TestScripts.BaseTestES - Click on the Continue button.
INFO  2017-04-24 12:27:50,801 [Worker#STA_NP] TestScripts.BaseTestES - Click Publish Button
INFO  2017-04-24 12:27:59,608 [Worker#STA_NP] TestScripts.BaseTestES - Click the Marketplace tab.
INFO  2017-04-24 12:28:05,010 [Worker#STA_NP] TestScripts.BaseTestES - Click the Browse button.
INFO  2017-04-24 12:28:15,427 [Worker#STA_NP] TestScripts.BaseTestES - Enter the project name.
INFO  2017-04-24 12:28:16,645 [Worker#STA_NP] TestScripts.BaseTestES - Click the Search button.
INFO  2017-04-24 12:28:22,069 [Worker#STA_NP] TestScripts.BaseTestES - Click the Project Name on the Projects Page.
INFO  2017-04-24 12:28:27,490 [Worker#STA_NP] TestScripts.BaseTestES - Click Settings Icon
INFO  2017-04-24 12:28:30,796 [Worker#STA_NP] TestScripts.BaseTestES - Select Delete Project option.
INFO  2017-04-24 12:28:34,104 [Worker#STA_NP] TestScripts.BaseTestES - Press Delete Project Window Yes button.
INFO  2017-04-24 12:28:34,104 [Worker#STA_NP] TestScripts.BaseTestES - Teardown test
INFO  2017-04-24 12:29:25,291 [Worker#STA_NP] TestScripts.BaseTestES - Setup test
INFO  2017-04-24 12:29:44,999 [Worker#STA_NP] TestScripts.BaseTestES - Click on the Continue button.
INFO  2017-04-24 12:29:56,320 [Worker#STA_NP] TestScripts.BaseTestES - Enter Skills.
INFO  2017-04-24 12:30:04,933 [Worker#STA_NP] TestScripts.BaseTestES - Click Add button.
INFO  2017-04-24 12:30:16,632 [Worker#STA_NP] TestScripts.BaseTestES - Click Add button.
INFO  2017-04-24 12:30:19,954 [Worker#STA_NP] TestScripts.BaseTestES - Click on the Continue button.
INFO  2017-04-24 12:30:32,194 [Worker#STA_NP] TestScripts.BaseTestES - Click Publish Button
INFO  2017-04-24 12:30:40,938 [Worker#STA_NP] TestScripts.BaseTestES - Click the Marketplace tab.
INFO  2017-04-24 12:30:46,364 [Worker#STA_NP] TestScripts.BaseTestES - Click the Browse button.
INFO  2017-04-24 12:30:56,889 [Worker#STA_NP] TestScripts.BaseTestES - Enter the project name.
INFO  2017-04-24 12:30:58,777 [Worker#STA_NP] Util.UtilityHelper - Screenshot saved at: Screenshots\AutomationScreenShot_2017-04-24-12-30-58.png
ERROR 2017-04-24 12:30:58,793 [Worker#STA_NP] Util.DriverExtender - OpenQA.Selenium.NoSuchElementException: Cannot locate element with text: My Projects
   at OpenQA.Selenium.Support.UI.SelectElement.SelectByText(String text)
   at RallyTeam.Util.DriverExtender.SelectDropDownOption(IWebDriver _driver, String option, By locator) in F:\Automation_SeleniumCSharp\RallyTeam\RallyTeamAutomation\RallyTeamAutomation\Util\DriverExtender.cs:line 74
INFO  2017-04-24 12:30:58,991 [Worker#STA_NP] Util.UtilityHelper - Screenshot saved at: Screenshots\RallyTeam.TestScripts.MarketplaceTest.Marketplace_003_VerifyMyProjectsSearch_2017-04-24-12-30-58.png
INFO  2017-04-24 12:30:58,991 [Worker#STA_NP] TestScripts.BaseTestES - Teardown test
INFO  2017-04-24 12:31:55,076 [Worker#STA_NP] TestScripts.BaseTestES - Setup test
INFO  2017-04-24 12:32:14,716 [Worker#STA_NP] TestScripts.BaseTestES - Click on the Continue button.
INFO  2017-04-24 12:32:26,065 [Worker#STA_NP] TestScripts.BaseTestES - Enter Skills.
INFO  2017-04-24 12:32:34,710 [Worker#STA_NP] TestScripts.BaseTestES - Click Add button.
INFO  2017-04-24 12:32:46,354 [Worker#STA_NP] TestScripts.BaseTestES - Click Add button.
INFO  2017-04-24 12:32:49,666 [Worker#STA_NP] TestScripts.BaseTestES - Click on the Continue button.
INFO  2017-04-24 12:33:02,841 [Worker#STA_NP] TestScripts.BaseTestES - Click Publish Button
INFO  2017-04-24 12:33:22,437 [Worker#STA_NP] TestScripts.BaseTestES - Click the Marketplace tab.
INFO  2017-04-24 12:33:28,601 [Worker#STA_NP] TestScripts.BaseTestES - Click the Browse button.
INFO  2017-04-24 12:33:39,417 [Worker#STA_NP] TestScripts.BaseTestES - Enter the project name.
INFO  2017-04-24 12:33:40,654 [Worker#STA_NP] TestScripts.BaseTestES - Select My Projects from the drop-down.
INFO  2017-04-24 12:33:46,102 [Worker#STA_NP] TestScripts.BaseTestES - Click the Project Name on the Projects Page.
INFO  2017-04-24 12:33:51,497 [Worker#STA_NP] TestScripts.BaseTestES - Click Settings Icon
INFO  2017-04-24 12:33:54,810 [Worker#STA_NP] TestScripts.BaseTestES - Select Delete Project option.
INFO  2017-04-24 12:33:58,041 [Worker#STA_NP] TestScripts.BaseTestES - Press Delete Project Window Yes button.
INFO  2017-04-24 12:33:58,041 [Worker#STA_NP] TestScripts.BaseTestES - Teardown test
INFO  2017-04-24 12:35:02,594 [Worker#STA_NP] TestScripts.BaseTestES - Setup test
INFO  2017-04-24 12:35:22,050 [Worker#STA_NP] TestScripts.BaseTestES - Click on the Continue button.
INFO  2017-04-24 12:35:33,400 [Worker#STA_NP] TestScripts.BaseTestES - Enter Skills.
INFO  2017-04-24 12:35:42,008 [Worker#STA_NP] TestScripts.BaseTestES - Click Add button.
INFO  2017-04-24 12:35:53,569 [Worker#STA_NP] TestScripts.BaseTestES - Click Add button.
INFO  2017-04-24 12:35:56,911 [Worker#STA_NP] TestScripts.BaseTestES - Click on the Continue button.
INFO  2017-04-24 12:36:09,281 [Worker#STA_NP] TestScripts.BaseTestES - Click Publish Button
INFO  2017-04-24 12:36:17,213 [Worker#STA_NP] TestScripts.BaseTestES - Click the Marketplace tab.
INFO  2017-04-24 12:36:23,519 [Worker#STA_NP] TestScripts.BaseTestES - Click the Browse button.
INFO  2017-04-24 12:36:33,951 [Worker#STA_NP] TestScripts.BaseTestES - Enter the project name.
INFO  2017-04-24 12:36:35,431 [Worker#STA_NP] Util.UtilityHelper - Screenshot saved at: Screenshots\AutomationScreenShot_2017-04-24-12-36-35.png
ERROR 2017-04-24 12:36:35,431 [Worker#STA_NP] Util.DriverExtender - OpenQA.Selenium.NoSuchElementException: Cannot locate element with text: Recruiting Projects
   at OpenQA.Selenium.Support.UI.SelectElement.SelectByText(String text)
   at RallyTeam.Util.DriverExtender.SelectDropDownOption(IWebDriver _driver, String option, By locator) in F:\Automation_SeleniumCSharp\RallyTeam\RallyTeamAutomation\RallyTeamAutomation\Util\DriverExtender.cs:line 74
INFO  2017-04-24 12:36:35,713 [Worker#STA_NP] Util.UtilityHelper - Screenshot saved at: Screenshots\RallyTeam.TestScripts.MarketplaceTest.Marketplace_005_VerifyRecruitingProjectsSearch_2017-04-24-12-36-35.png
INFO  2017-04-24 12:36:35,713 [Worker#STA_NP] TestScripts.BaseTestES - Teardown test
INFO  2017-04-24 12:37:39,850 [Worker#STA_NP] TestScripts.BaseTestES - Setup test
