[START]
INFO  2016-12-26 15:53:07,476 [Worker#STA_NP] TestScripts.BaseTestES - Setup test
INFO  2016-12-26 15:53:44,747 [Worker#STA_NP] TestScripts.BaseTestES - Click the Add member icon for the Project.
INFO  2016-12-26 15:53:53,554 [Worker#STA_NP] TestScripts.BaseTestES - User selected successfully.
INFO  2016-12-26 15:53:56,705 [Worker#STA_NP] TestScripts.BaseTestES - Click the Add Project Member window Done button.
INFO  2016-12-26 15:54:03,626 [Worker#STA_NP] TestScripts.BaseTestES - Select Project status as 'Completed'
INFO  2016-12-26 15:54:07,867 [Worker#STA_NP] TestScripts.BaseTestES - Select Awesome rating.
INFO  2016-12-26 15:54:11,012 [Worker#STA_NP] TestScripts.BaseTestES - Click Mark Complete button.
INFO  2016-12-26 15:54:24,386 [Worker#STA_NP] TestScripts.BaseTestES - Click on the Signout button.
INFO  2016-12-26 15:54:28,082 [Worker#STA_NP] TestScripts.BaseTestES - Sign in with different user.
INFO  2016-12-26 15:54:35,508 [Worker#STA_NP] TestScripts.BaseTestES - Click the Invoicing menu.
INFO  2016-12-26 15:54:40,684 [Worker#STA_NP] TestScripts.BaseTestES - Click the New Invoice button.
INFO  2016-12-26 15:54:45,985 [Worker#STA_NP] TestScripts.BaseTestES - Enter the Invoice Title.
INFO  2016-12-26 15:54:47,095 [Worker#STA_NP] TestScripts.BaseTestES - Click Due Date Field.
INFO  2016-12-26 15:54:48,202 [Worker#STA_NP] TestScripts.BaseTestES - Select today's date.
INFO  2016-12-26 15:54:50,366 [Worker#STA_NP] TestScripts.BaseTestES - Enter the Invoice Total Amount
INFO  2016-12-26 15:54:51,509 [Worker#STA_NP] TestScripts.BaseTestES - Select Project.
INFO  2016-12-26 15:54:53,816 [Worker#STA_NP] TestScripts.BaseTestES - Enter Invoice Notes
INFO  2016-12-26 15:54:55,950 [Worker#STA_NP] TestScripts.BaseTestES - Click Save Draft button.
INFO  2016-12-26 15:55:01,060 [Worker#STA_NP] TestScripts.BaseTestES - Click the Project Name on the Projects Page.
INFO  2016-12-26 15:55:06,487 [Worker#STA_NP] TestScripts.BaseTestES - Click the Marketplace tab.
INFO  2016-12-26 15:55:11,787 [Worker#STA_NP] TestScripts.BaseTestES - Click the Browse button.
INFO  2016-12-26 15:55:22,046 [Worker#STA_NP] TestScripts.BaseTestES - Enter the project name.
INFO  2016-12-26 15:55:23,314 [Worker#STA_NP] TestScripts.BaseTestES - Select Completed Projects from the drop-down.
INFO  2016-12-26 15:55:28,848 [Worker#STA_NP] TestScripts.BaseTestES - Click the Project Name on the Projects Page.
INFO  2016-12-26 15:57:37,931 [Worker#STA_NP] Util.UtilityHelper - Screenshot saved at: Screenshots\AutomationScreenShot_2016-12-26-15-57-37.png
ERROR 2016-12-26 15:57:38,248 [Worker#STA_NP] Util.DriverExtender - OpenQA.Selenium.WebDriverTimeoutException: Timed out after 120 seconds ---> OpenQA.Selenium.NoSuchElementException: no such element: Unable to locate element: {"method":"xpath","selector":"//li[2]/a/div/i"}
  (Session info: chrome=55.0.2883.87)
  (Driver info: chromedriver=2.24.417431 (9aea000394714d2fbb20850021f6204f2256b9cf),platform=Windows NT 6.3.9600 x86_64)
   at OpenQA.Selenium.Remote.RemoteWebDriver.UnpackAndThrowOnError(Response errorResponse)
   at OpenQA.Selenium.Remote.RemoteWebDriver.Execute(String driverCommandToExecute, Dictionary`2 parameters)
   at OpenQA.Selenium.Remote.RemoteWebDriver.FindElement(String mechanism, String value)
   at OpenQA.Selenium.Remote.RemoteWebDriver.FindElementByXPath(String xpath)
   at OpenQA.Selenium.By.<XPath>c__AnonStorey3.<>m__0(ISearchContext context)
   at OpenQA.Selenium.By.FindElement(ISearchContext context)
   at OpenQA.Selenium.Remote.RemoteWebDriver.FindElement(By by)
   at OpenQA.Selenium.Support.UI.ExpectedConditions.<>c__DisplayClass13.<ElementIsVisible>b__12(IWebDriver driver)
   at OpenQA.Selenium.Support.UI.DefaultWait`1.Until[TResult](Func`2 condition)
   --- End of inner exception stack trace ---
   at OpenQA.Selenium.Support.UI.DefaultWait`1.ThrowTimeoutException(String exceptionMessage, Exception lastException)
   at OpenQA.Selenium.Support.UI.DefaultWait`1.Until[TResult](Func`2 condition)
   at RallyTeam.Util.DriverExtender.SafeClick(IWebDriver driver, By locator) in F:\Automation_SeleniumCSharp\RallyTeam\RallyTeamAutomation\RallyTeamAutomation\Util\DriverExtender.cs:line 395
INFO  2016-12-26 15:57:38,484 [Worker#STA_NP] Util.UtilityHelper - Screenshot saved at: Screenshots\RallyTeam.TestScripts.InvoicingTest.Invoicing_001_CreateDraftInvoice_2016-12-26-15-57-38.png
INFO  2016-12-26 15:57:38,484 [Worker#STA_NP] TestScripts.BaseTestES - Teardown test
[END]
