[START]
INFO  2017-03-24 17:11:47,353 [Worker#STA_NP] TestScripts.BaseTestES - Setup test
INFO  2017-03-24 17:11:57,460 [Worker#STA_NP] TestScripts.BaseTestES - Click User Profile Icon.
INFO  2017-03-24 17:11:59,825 [Worker#STA_NP] TestScripts.BaseTestES - Click User Profile option 'Admin'.
INFO  2017-03-24 17:12:05,113 [Worker#STA_NP] TestScripts.BaseTestES - Click Groups Tab
INFO  2017-03-24 17:12:08,288 [Worker#STA_NP] TestScripts.BaseTestES - Click Add Group Button
INFO  2017-03-24 17:12:13,289 [Worker#STA_NP] TestScripts.BaseTestES - Enter Group Name
INFO  2017-03-24 17:14:14,816 [Worker#STA_NP] Util.UtilityHelper - Screenshot saved at: Screenshots\AutomationScreenShot_2017-03-24-17-14-14.png
ERROR 2017-03-24 17:14:14,944 [Worker#STA_NP] Util.DriverExtender - OpenQA.Selenium.WebDriverTimeoutException: Timed out after 120 seconds ---> OpenQA.Selenium.InvalidSelectorException: invalid selector: Unable to locate an element with the xpath expression //i[contains(@class= 'fa-user-plus')] because of the following error:
SyntaxError: Failed to execute 'evaluate' on 'Document': The string '//i[contains(@class= 'fa-user-plus')]' is not a valid XPath expression.
  (Session info: chrome=56.0.2924.87)
  (Driver info: chromedriver=2.24.417431 (9aea000394714d2fbb20850021f6204f2256b9cf),platform=Windows NT 6.3.9600 x86_64)
   at OpenQA.Selenium.Remote.RemoteWebDriver.UnpackAndThrowOnError(Response errorResponse)
   at OpenQA.Selenium.Remote.RemoteWebDriver.Execute(String driverCommandToExecute, Dictionary`2 parameters)
   at OpenQA.Selenium.Remote.RemoteWebDriver.FindElement(String mechanism, String value)
   at OpenQA.Selenium.Remote.RemoteWebDriver.FindElementByXPath(String xpath)
   at OpenQA.Selenium.By.<>c__DisplayClasse.<XPath>b__c(ISearchContext context)
   at OpenQA.Selenium.By.FindElement(ISearchContext context)
   at OpenQA.Selenium.Remote.RemoteWebDriver.FindElement(By by)
   at OpenQA.Selenium.Support.UI.ExpectedConditions.<>c__DisplayClass13.<ElementIsVisible>b__12(IWebDriver driver)
   at OpenQA.Selenium.Support.UI.DefaultWait`1.Until[TResult](Func`2 condition)
   --- End of inner exception stack trace ---
   at OpenQA.Selenium.Support.UI.DefaultWait`1.ThrowTimeoutException(String exceptionMessage, Exception lastException)
   at OpenQA.Selenium.Support.UI.DefaultWait`1.Until[TResult](Func`2 condition)
   at RallyTeam.Util.DriverExtender.SafeClick(IWebDriver driver, By locator) in F:\Automation_SeleniumCSharp\RallyTeam\RallyTeamAutomation\RallyTeamAutomation\Util\DriverExtender.cs:line 461
INFO  2017-03-24 17:14:15,147 [Worker#STA_NP] Util.UtilityHelper - Screenshot saved at: Screenshots\RallyTeam.TestScripts.GroupsTest.Groups_004_AddMemberToGroup_2017-03-24-17-14-14.png
INFO  2017-03-24 17:14:15,147 [Worker#STA_NP] TestScripts.BaseTestES - Teardown test
[END]
