[START]
INFO  2016-12-27 10:39:28,285 [Worker#STA_NP] TestScripts.BaseTestES - Setup test
INFO  2016-12-27 10:40:02,262 [Worker#STA_NP] TestScripts.BaseTestES - Click the Add member icon for the Project.
INFO  2016-12-27 10:40:10,791 [Worker#STA_NP] TestScripts.BaseTestES - User selected successfully.
INFO  2016-12-27 10:40:13,943 [Worker#STA_NP] TestScripts.BaseTestES - Click the Add Project Member window Done button.
INFO  2016-12-27 10:40:24,144 [Worker#STA_NP] TestScripts.BaseTestES - Select Project status as 'Completed'
INFO  2016-12-27 10:40:28,346 [Worker#STA_NP] TestScripts.BaseTestES - Select Awesome rating.
INFO  2016-12-27 10:40:31,484 [Worker#STA_NP] TestScripts.BaseTestES - Click Mark Complete button.
INFO  2016-12-27 10:40:43,836 [Worker#STA_NP] TestScripts.BaseTestES - Click on the Signout button.
INFO  2016-12-27 10:40:47,501 [Worker#STA_NP] TestScripts.BaseTestES - Sign in with different user.
INFO  2016-12-27 10:40:54,861 [Worker#STA_NP] TestScripts.BaseTestES - Click the Invoicing menu.
INFO  2016-12-27 10:41:00,985 [Worker#STA_NP] TestScripts.BaseTestES - Click the New Invoice button.
INFO  2016-12-27 10:41:06,165 [Worker#STA_NP] TestScripts.BaseTestES - Enter the Invoice Title.
INFO  2016-12-27 10:41:07,253 [Worker#STA_NP] TestScripts.BaseTestES - Click Due Date Field.
INFO  2016-12-27 10:41:08,367 [Worker#STA_NP] TestScripts.BaseTestES - Select today's date.
INFO  2016-12-27 10:41:10,554 [Worker#STA_NP] TestScripts.BaseTestES - Enter the Invoice Total Amount
INFO  2016-12-27 10:41:11,751 [Worker#STA_NP] TestScripts.BaseTestES - Select Project.
INFO  2016-12-27 10:41:13,975 [Worker#STA_NP] TestScripts.BaseTestES - Enter Invoice Notes
INFO  2016-12-27 10:41:16,184 [Worker#STA_NP] TestScripts.BaseTestES - Click Submit button.
INFO  2016-12-27 10:41:23,461 [Worker#STA_NP] TestScripts.BaseTestES - Click on the Signout button.
INFO  2016-12-27 10:41:37,316 [Worker#STA_NP] TestScripts.BaseTestES - Click the Invoicing menu.
INFO  2016-12-27 10:41:39,399 [Worker#STA_NP] TestScripts.BaseTestES - Click Invoice displayed.
INFO  2016-12-27 10:43:41,358 [Worker#STA_NP] Util.UtilityHelper - Screenshot saved at: Screenshots\AutomationScreenShot_2016-12-27-10-43-40.png
ERROR 2016-12-27 10:43:41,493 [Worker#STA_NP] Util.DriverExtender - OpenQA.Selenium.WebDriverTimeoutException: Timed out after 120 seconds ---> OpenQA.Selenium.NoSuchElementException: no such element: Unable to locate element: {"method":"xpath","selector":"//div[contains(id, 'taTextElement')]"}
  (Session info: chrome=55.0.2883.87)
  (Driver info: chromedriver=2.24.417431 (9aea000394714d2fbb20850021f6204f2256b9cf),platform=Windows NT 6.3.9600 x86_64)
   at OpenQA.Selenium.Remote.RemoteWebDriver.UnpackAndThrowOnError(Response errorResponse)
   at OpenQA.Selenium.Remote.RemoteWebDriver.Execute(String driverCommandToExecute, Dictionary`2 parameters)
   at OpenQA.Selenium.Remote.RemoteWebDriver.FindElement(String mechanism, String value)
   at OpenQA.Selenium.Remote.RemoteWebDriver.FindElementByXPath(String xpath)
   at OpenQA.Selenium.By.<XPath>c__AnonStorey3.<>m__0(ISearchContext context)
   at OpenQA.Selenium.By.FindElement(ISearchContext context)
   at OpenQA.Selenium.Remote.RemoteWebDriver.FindElement(By by)
   at OpenQA.Selenium.Support.UI.ExpectedConditions.<>c__DisplayClass13.<ElementIsVisible>b__12(IWebDriver driver)
   at OpenQA.Selenium.Support.UI.DefaultWait`1.Until[TResult](Func`2 condition)
   --- End of inner exception stack trace ---
   at OpenQA.Selenium.Support.UI.DefaultWait`1.ThrowTimeoutException(String exceptionMessage, Exception lastException)
   at OpenQA.Selenium.Support.UI.DefaultWait`1.Until[TResult](Func`2 condition)
   at RallyTeam.Util.DriverExtender.SafeClick(IWebDriver driver, By locator) in F:\Automation_SeleniumCSharp\RallyTeam\RallyTeamAutomation\RallyTeamAutomation\Util\DriverExtender.cs:line 395
INFO  2016-12-27 10:43:41,658 [Worker#STA_NP] Util.UtilityHelper - Screenshot saved at: Screenshots\RallyTeam.TestScripts.InvoicingTest.Invoicing_003_ApproveInvoiceAndVerifyStatus_2016-12-27-10-43-41.png
INFO  2016-12-27 10:43:41,658 [Worker#STA_NP] TestScripts.BaseTestES - Teardown test
[END]
