[START]
INFO  2017-01-19 11:48:05,653 [Worker#STA_NP] TestScripts.BaseTestES - Setup test
INFO  2017-01-19 11:48:43,337 [Worker#STA_NP] TestScripts.BaseTestES - Click the Marketplace tab.
INFO  2017-01-19 11:48:49,263 [Worker#STA_NP] TestScripts.BaseTestES - Click Browse button.
INFO  2017-01-19 11:48:55,823 [Worker#STA_NP] TestScripts.BaseTestES - Enter the project name.
INFO  2017-01-19 11:48:59,259 [Worker#STA_NP] TestScripts.BaseTestES - Click the Search button.
INFO  2017-01-19 11:49:06,657 [Worker#STA_NP] TestScripts.BaseTestES - Click the Project Name on the Projects Page.
INFO  2017-01-19 11:51:15,859 [Worker#STA_NP] Util.UtilityHelper - Screenshot saved at: Screenshots\AutomationScreenShot_2017-01-19-11-51-15.png
ERROR 2017-01-19 11:51:16,019 [Worker#STA_NP] Util.DriverExtender - OpenQA.Selenium.WebDriverTimeoutException: Timed out after 120 seconds ---> OpenQA.Selenium.NoSuchElementException: Unable to find element with xpath == //li[2]/a/div/i
   at OpenQA.Selenium.Remote.RemoteWebDriver.UnpackAndThrowOnError(Response errorResponse)
   at OpenQA.Selenium.Remote.RemoteWebDriver.Execute(String driverCommandToExecute, Dictionary`2 parameters)
   at OpenQA.Selenium.Remote.RemoteWebDriver.FindElement(String mechanism, String value)
   at OpenQA.Selenium.Remote.RemoteWebDriver.FindElementByXPath(String xpath)
   at OpenQA.Selenium.By.<XPath>c__AnonStorey3.<>m__0(ISearchContext context)
   at OpenQA.Selenium.By.FindElement(ISearchContext context)
   at OpenQA.Selenium.Remote.RemoteWebDriver.FindElement(By by)
   at OpenQA.Selenium.Support.UI.ExpectedConditions.<>c__DisplayClass13.<ElementIsVisible>b__12(IWebDriver driver)
   at OpenQA.Selenium.Support.UI.DefaultWait`1.Until[TResult](Func`2 condition)
   --- End of inner exception stack trace ---
   at OpenQA.Selenium.Support.UI.DefaultWait`1.ThrowTimeoutException(String exceptionMessage, Exception lastException)
   at OpenQA.Selenium.Support.UI.DefaultWait`1.Until[TResult](Func`2 condition)
   at RallyTeam.Util.DriverExtender.SafeClick(IWebDriver driver, By locator) in F:\Automation_SeleniumCSharp\RallyTeam\RallyTeamAutomation\RallyTeamAutomation\Util\DriverExtender.cs:line 399
INFO  2017-01-19 11:51:16,503 [Worker#STA_NP] Util.UtilityHelper - Screenshot saved at: Screenshots\RallyTeam.TestScripts.MarketplaceTest.Marketplace_001_SearchProject_2017-01-19-11-51-16.png
INFO  2017-01-19 11:51:16,503 [Worker#STA_NP] TestScripts.BaseTestES - Teardown test
[END]
