[START]
INFO  2017-01-17 11:54:30,765 [Worker#STA_NP] TestScripts.BaseTest - Setup test
INFO  2017-01-17 11:54:39,162 [Worker#STA_NP] TestScripts.BaseTest - Click the Events menu option.
INFO  2017-01-17 11:54:45,697 [Worker#STA_NP] TestScripts.BaseTest - Click on New Event button.
INFO  2017-01-17 11:54:49,951 [Worker#STA_NP] TestScripts.BaseTest - Enter the Event Name.
INFO  2017-01-17 11:54:53,162 [Worker#STA_NP] TestScripts.BaseTest - Enter the Event Description.
INFO  2017-01-17 11:54:58,345 [Worker#STA_NP] TestScripts.BaseTest - Enter the Event Location.
INFO  2017-01-17 11:55:04,664 [Worker#STA_NP] TestScripts.BaseTest - Verify Create New Event Page.
INFO  2017-01-17 11:55:08,665 [Worker#STA_NP] TestScripts.BaseTest - Create a new Event.
INFO  2017-01-17 11:55:13,815 [Worker#STA_NP] TestScripts.BaseTest - Click on the Settings option after Event is created.
INFO  2017-01-17 11:55:15,184 [Worker#STA_NP] TestScripts.BaseTest - Click Settings option value: 'Edit Event'
INFO  2017-01-17 11:55:18,229 [Worker#STA_NP] TestScripts.BaseTest - Verify the Edit Group Member Window.
INFO  2017-01-17 11:55:23,572 [Worker#STA_NP] TestScripts.BaseTest - Save clicked successfully.
INFO  2017-01-17 11:55:32,948 [Worker#STA_NP] TestScripts.BaseTest - Click Settings option value: 'Leave Event'
INFO  2017-01-17 11:55:35,997 [Worker#STA_NP] TestScripts.BaseTest - Verify the Leave Event window.
INFO  2017-01-17 11:55:39,047 [Worker#STA_NP] TestScripts.BaseTest - Verify the Leave Event window No Button.
INFO  2017-01-17 11:55:42,094 [Worker#STA_NP] TestScripts.BaseTest - Verify the Leave Event window Yes Button.
INFO  2017-01-17 11:55:44,236 [Worker#STA_NP] TestScripts.BaseTest - Click Leave Event Window Close Icon.
INFO  2017-01-17 11:55:53,594 [Worker#STA_NP] TestScripts.BaseTest - Click on the Signout button.
INFO  2017-01-17 11:55:57,163 [Worker#STA_NP] TestScripts.BaseTest - Sign in with different user.
INFO  2017-01-17 11:57:59,087 [Worker#STA_NP] Util.UtilityHelper - Screenshot saved at: Screenshots\AutomationScreenShot_2017-01-17-11-57-58.png
ERROR 2017-01-17 11:57:59,342 [Worker#STA_NP] Util.DriverExtender - OpenQA.Selenium.WebDriverTimeoutException: Timed out after 120 seconds ---> OpenQA.Selenium.NoSuchElementException: no such element: Unable to locate element: {"method":"xpath","selector":"//ul[@class='nav']//span[text()= 'Events']"}
  (Session info: chrome=55.0.2883.87)
  (Driver info: chromedriver=2.24.417431 (9aea000394714d2fbb20850021f6204f2256b9cf),platform=Windows NT 6.3.9600 x86_64)
   at OpenQA.Selenium.Remote.RemoteWebDriver.UnpackAndThrowOnError(Response errorResponse)
   at OpenQA.Selenium.Remote.RemoteWebDriver.Execute(String driverCommandToExecute, Dictionary`2 parameters)
   at OpenQA.Selenium.Remote.RemoteWebDriver.FindElement(String mechanism, String value)
   at OpenQA.Selenium.Remote.RemoteWebDriver.FindElementByXPath(String xpath)
   at OpenQA.Selenium.By.<XPath>c__AnonStorey3.<>m__0(ISearchContext context)
   at OpenQA.Selenium.By.FindElement(ISearchContext context)
   at OpenQA.Selenium.Remote.RemoteWebDriver.FindElement(By by)
   at OpenQA.Selenium.Support.UI.ExpectedConditions.<>c__DisplayClass13.<ElementIsVisible>b__12(IWebDriver driver)
   at OpenQA.Selenium.Support.UI.DefaultWait`1.Until[TResult](Func`2 condition)
   --- End of inner exception stack trace ---
   at OpenQA.Selenium.Support.UI.DefaultWait`1.ThrowTimeoutException(String exceptionMessage, Exception lastException)
   at OpenQA.Selenium.Support.UI.DefaultWait`1.Until[TResult](Func`2 condition)
   at RallyTeam.Util.DriverExtender.SafeClick(IWebDriver driver, By locator) in F:\Automation_SeleniumCSharp\RallyTeam\RallyTeamAutomation\RallyTeamAutomation\Util\DriverExtender.cs:line 399
INFO  2017-01-17 11:57:59,920 [Worker#STA_NP] Util.UtilityHelper - Screenshot saved at: Screenshots\RallyTeam.TestScripts.EventsTest.Event_026_LeaveEventAndVerify_2017-01-17-11-57-59.png
INFO  2017-01-17 11:57:59,920 [Worker#STA_NP] TestScripts.BaseTest - Teardown test
[END]
