[START]
INFO  2017-04-10 16:57:09,986 [Worker#STA_NP] TestScripts.BaseTestES - Setup test
INFO  2017-04-10 16:57:30,072 [Worker#STA_NP] TestScripts.BaseTestES - Click on the Continue button.
INFO  2017-04-10 16:57:41,486 [Worker#STA_NP] TestScripts.BaseTestES - Enter Skills.
INFO  2017-04-10 16:57:50,113 [Worker#STA_NP] TestScripts.BaseTestES - Click Add button.
INFO  2017-04-10 16:58:01,604 [Worker#STA_NP] TestScripts.BaseTestES - Click Add button.
INFO  2017-04-10 16:58:04,855 [Worker#STA_NP] TestScripts.BaseTestES - Click on the Continue button.
INFO  2017-04-10 16:58:17,099 [Worker#STA_NP] TestScripts.BaseTestES - Click Publish Button
INFO  2017-04-10 16:58:24,394 [Worker#STA_NP] TestScripts.BaseTestES - Click Settings Icon
INFO  2017-04-10 16:58:27,692 [Worker#STA_NP] TestScripts.BaseTestES - Select Edit Project option.
INFO  2017-04-10 16:58:32,873 [Worker#STA_NP] TestScripts.BaseTestES - Click Member Remove icon
INFO  2017-04-10 16:58:37,040 [Worker#STA_NP] TestScripts.BaseTestES - Click Member Remove icon
INFO  2017-04-10 16:58:48,610 [Worker#STA_NP] TestScripts.BaseTestES - Click Add button.
INFO  2017-04-10 17:00:51,824 [Worker#STA_NP] Util.UtilityHelper - Screenshot saved at: Screenshots\AutomationScreenShot_2017-04-10-17-00-51.png
ERROR 2017-04-10 17:00:51,833 [Worker#STA_NP] Util.DriverExtender - OpenQA.Selenium.WebDriverTimeoutException: Timed out after 120 seconds ---> OpenQA.Selenium.NoSuchElementException: no such element: Unable to locate element: {"method":"xpath","selector":"//a[contains(text(), 'Save')]"}
  (Session info: chrome=57.0.2987.133)
  (Driver info: chromedriver=2.29.461591 (62ebf098771772160f391d75e589dc567915b233),platform=Windows NT 6.3.9600 x86_64)
   at OpenQA.Selenium.Remote.RemoteWebDriver.UnpackAndThrowOnError(Response errorResponse)
   at OpenQA.Selenium.Remote.RemoteWebDriver.Execute(String driverCommandToExecute, Dictionary`2 parameters)
   at OpenQA.Selenium.Remote.RemoteWebDriver.FindElement(String mechanism, String value)
   at OpenQA.Selenium.Remote.RemoteWebDriver.FindElementByXPath(String xpath)
   at OpenQA.Selenium.By.<>c__DisplayClasse.<XPath>b__c(ISearchContext context)
   at OpenQA.Selenium.By.FindElement(ISearchContext context)
   at OpenQA.Selenium.Remote.RemoteWebDriver.FindElement(By by)
   at OpenQA.Selenium.Support.UI.ExpectedConditions.<>c__DisplayClass13.<ElementIsVisible>b__12(IWebDriver driver)
   at OpenQA.Selenium.Support.UI.DefaultWait`1.Until[TResult](Func`2 condition)
   --- End of inner exception stack trace ---
   at OpenQA.Selenium.Support.UI.DefaultWait`1.ThrowTimeoutException(String exceptionMessage, Exception lastException)
   at OpenQA.Selenium.Support.UI.DefaultWait`1.Until[TResult](Func`2 condition)
   at RallyTeam.Util.DriverExtender.SafeClick(IWebDriver driver, By locator) in F:\Automation_SeleniumCSharp\RallyTeam\RallyTeamAutomation\RallyTeamAutomation\Util\DriverExtender.cs:line 461
INFO  2017-04-10 17:00:51,989 [Worker#STA_NP] Util.UtilityHelper - Screenshot saved at: Screenshots\RallyTeam.TestScripts.PostProjectTest.PostProject_007_ManageProjectTeam_2017-04-10-17-00-51.png
INFO  2017-04-10 17:00:51,989 [Worker#STA_NP] TestScripts.BaseTestES - Teardown test
[END]
