[START]
INFO  2017-01-02 15:00:00,259 [Worker#STA_NP] TestScripts.BaseTest - Setup test
INFO  2017-01-02 15:00:23,202 [Worker#STA_NP] TestScripts.BaseTest - Click on the Add Project button at Projects page
INFO  2017-01-02 15:00:43,240 [Worker#STA_NP] TestScripts.BaseTest - Click the Add member icon for the Project.
INFO  2017-01-02 15:00:51,735 [Worker#STA_NP] TestScripts.BaseTest - User selected successfully.
INFO  2017-01-02 15:00:54,906 [Worker#STA_NP] TestScripts.BaseTest - Click the Add Project Member window Done button.
INFO  2017-01-02 15:01:01,276 [Worker#STA_NP] TestScripts.BaseTest - Click Project member added remove icon.
INFO  2017-01-02 15:01:04,487 [Worker#STA_NP] TestScripts.BaseTest - Click the Remove Project Member window No button.
INFO  2017-01-02 15:03:07,775 [Worker#STA_NP] TestScripts.BaseTest - Verified Project member is deleted.
INFO  2017-01-02 15:03:19,353 [Worker#STA_NP] TestScripts.BaseTest - Teardown test
INFO  2017-01-02 15:04:07,910 [Worker#STA_NP] TestScripts.BaseTest - Setup test
INFO  2017-01-02 15:04:29,141 [Worker#STA_NP] TestScripts.BaseTest - Click on the Add Project button at Projects page
INFO  2017-01-02 15:04:47,238 [Worker#STA_NP] TestScripts.BaseTest - Edit the Project Name.
INFO  2017-01-02 15:04:50,759 [Worker#STA_NP] TestScripts.BaseTest - Edit the Start Date.
INFO  2017-01-02 15:04:54,228 [Worker#STA_NP] TestScripts.BaseTest - Edit the Due Date.
INFO  2017-01-02 15:04:58,400 [Worker#STA_NP] TestScripts.BaseTest - Edit the Project Owner.
INFO  2017-01-02 15:05:05,788 [Worker#STA_NP] TestScripts.BaseTest - Click on the Signout button.
INFO  2017-01-02 15:05:11,374 [Worker#STA_NP] TestScripts.BaseTest - Sign in with different user.
INFO  2017-01-02 15:05:13,366 [Worker#STA_NP] TestScripts.BaseTest - Click the Projects menu option.
INFO  2017-01-02 15:05:19,614 [Worker#STA_NP] TestScripts.BaseTest - Click the All Projects dropdown.
INFO  2017-01-02 15:05:22,731 [Worker#STA_NP] TestScripts.BaseTest - Select Recruiting option from the All Projects dropdown.
INFO  2017-01-02 15:05:25,337 [Worker#STA_NP] TestScripts.BaseTest - Click the Project Name on the Projects Page.
INFO  2017-01-02 15:07:33,528 [Worker#STA_NP] Util.UtilityHelper - Screenshot saved at: Screenshots\AutomationScreenShot_2017-01-02-15-07-32.png
ERROR 2017-01-02 15:07:33,677 [Worker#STA_NP] Util.DriverExtender - OpenQA.Selenium.WebDriverTimeoutException: Timed out after 120 seconds ---> OpenQA.Selenium.NoSuchElementException: no such element: Unable to locate element: {"method":"xpath","selector":"//i[@class= 'fa fa-trash-o']"}
  (Session info: chrome=55.0.2883.87)
  (Driver info: chromedriver=2.24.417431 (9aea000394714d2fbb20850021f6204f2256b9cf),platform=Windows NT 6.3.9600 x86_64)
   at OpenQA.Selenium.Remote.RemoteWebDriver.UnpackAndThrowOnError(Response errorResponse)
   at OpenQA.Selenium.Remote.RemoteWebDriver.Execute(String driverCommandToExecute, Dictionary`2 parameters)
   at OpenQA.Selenium.Remote.RemoteWebDriver.FindElement(String mechanism, String value)
   at OpenQA.Selenium.Remote.RemoteWebDriver.FindElementByXPath(String xpath)
   at OpenQA.Selenium.By.<XPath>c__AnonStorey3.<>m__0(ISearchContext context)
   at OpenQA.Selenium.By.FindElement(ISearchContext context)
   at OpenQA.Selenium.Remote.RemoteWebDriver.FindElement(By by)
   at OpenQA.Selenium.Support.UI.ExpectedConditions.<>c__DisplayClass13.<ElementIsVisible>b__12(IWebDriver driver)
   at OpenQA.Selenium.Support.UI.DefaultWait`1.Until[TResult](Func`2 condition)
   --- End of inner exception stack trace ---
   at OpenQA.Selenium.Support.UI.DefaultWait`1.ThrowTimeoutException(String exceptionMessage, Exception lastException)
   at OpenQA.Selenium.Support.UI.DefaultWait`1.Until[TResult](Func`2 condition)
   at RallyTeam.Util.DriverExtender.SafeClick(IWebDriver driver, By locator) in F:\Automation_SeleniumCSharp\RallyTeam\RallyTeamAutomation\RallyTeamAutomation\Util\DriverExtender.cs:line 399
INFO  2017-01-02 15:07:33,910 [Worker#STA_NP] Util.UtilityHelper - Screenshot saved at: Screenshots\RallyTeam.TestScripts.ProjectsTest.Projects_042_EditProject_2017-01-02-15-07-33.png
INFO  2017-01-02 15:07:33,910 [Worker#STA_NP] TestScripts.BaseTest - Teardown test
INFO  2017-01-02 15:08:01,188 [Worker#STA_NP] TestScripts.BaseTest - Setup test
INFO  2017-01-02 15:08:22,708 [Worker#STA_NP] TestScripts.BaseTest - Click on the Add Project button at Projects page
INFO  2017-01-02 15:10:44,056 [Worker#STA_NP] Util.UtilityHelper - Screenshot saved at: Screenshots\AutomationScreenShot_2017-01-02-15-10-43.png
ERROR 2017-01-02 15:10:44,056 [Worker#STA_NP] Util.AssertHelper - Expected element (By.XPath: //div[contains(@class, 'modal-content')]//h1[text()='Are you sure you want to delete this project?']) to be displayed but did not.
INFO  2017-01-02 15:10:44,287 [Worker#STA_NP] Util.UtilityHelper - Screenshot saved at: Screenshots\RallyTeam.TestScripts.ProjectsTest.Projects_043_ClickDeleteProjectAndVerify_2017-01-02-15-10-44.png
INFO  2017-01-02 15:10:44,287 [Worker#STA_NP] TestScripts.BaseTest - Teardown test
INFO  2017-01-02 15:11:15,202 [Worker#STA_NP] TestScripts.BaseTest - Setup test
INFO  2017-01-02 15:11:35,763 [Worker#STA_NP] TestScripts.BaseTest - Click on the Add Project button at Projects page
INFO  2017-01-02 15:11:56,366 [Worker#STA_NP] TestScripts.BaseTest - Click the Delete Group Member Window No button.
INFO  2017-01-02 15:12:00,623 [Worker#STA_NP] TestScripts.BaseTest - Click the Projects menu option.
INFO  2017-01-02 15:12:06,783 [Worker#STA_NP] TestScripts.BaseTest - Click the All Projects dropdown.
INFO  2017-01-02 15:12:09,861 [Worker#STA_NP] TestScripts.BaseTest - Select I've Posted option from the All Projects dropdown.
INFO  2017-01-02 15:12:11,908 [Worker#STA_NP] TestScripts.BaseTest - Verify the Project Name on the Projects Page is still displayed.
INFO  2017-01-02 15:12:14,484 [Worker#STA_NP] TestScripts.BaseTest - Click the Project Name on the Projects Page.
INFO  2017-01-02 15:12:26,847 [Worker#STA_NP] TestScripts.BaseTest - Teardown test
INFO  2017-01-02 15:12:51,965 [Worker#STA_NP] TestScripts.BaseTest - Setup test
INFO  2017-01-02 15:13:12,399 [Worker#STA_NP] TestScripts.BaseTest - Click on the Add Project button at Projects page
INFO  2017-01-02 15:13:32,771 [Worker#STA_NP] TestScripts.BaseTest - Click the Delete Group Member Window Yes button.
INFO  2017-01-02 15:13:36,976 [Worker#STA_NP] TestScripts.BaseTest - Click the Projects menu option.
INFO  2017-01-02 15:13:43,260 [Worker#STA_NP] TestScripts.BaseTest - Click the All Projects dropdown.
INFO  2017-01-02 15:13:46,401 [Worker#STA_NP] TestScripts.BaseTest - Select I've Posted option from the All Projects dropdown.
INFO  2017-01-02 15:15:48,795 [Worker#STA_NP] TestScripts.BaseTest - Verify the Project Name on the Projects Page is not displayed.
INFO  2017-01-02 15:15:50,795 [Worker#STA_NP] TestScripts.BaseTest - Teardown test
INFO  2017-01-02 15:16:18,126 [Worker#STA_NP] TestScripts.BaseTest - Setup test
INFO  2017-01-02 15:16:32,380 [Worker#STA_NP] TestScripts.BaseTest - Click on the Add Project button at Projects page
INFO  2017-01-02 15:16:38,581 [Worker#STA_NP] TestScripts.BaseTest - Verify the Name required error message
INFO  2017-01-02 15:16:41,646 [Worker#STA_NP] TestScripts.BaseTest - Verify the Desc required error message
INFO  2017-01-02 15:16:43,784 [Worker#STA_NP] TestScripts.BaseTest - Click on Cancel button.
INFO  2017-01-02 15:16:45,784 [Worker#STA_NP] TestScripts.BaseTest - Teardown test
INFO  2017-01-02 15:17:29,187 [Worker#STA_NP] TestScripts.BaseTest - Setup test
INFO  2017-01-02 15:17:42,163 [Worker#STA_NP] TestScripts.BaseTest - Click on the Add Project button at Projects page
INFO  2017-01-02 15:17:51,824 [Worker#STA_NP] TestScripts.BaseTest - Verify the Name required error message
INFO  2017-01-02 15:17:54,050 [Worker#STA_NP] TestScripts.BaseTest - Click on Cancel button.
INFO  2017-01-02 15:17:56,051 [Worker#STA_NP] TestScripts.BaseTest - Teardown test
[END]
