[START]
INFO  2016-12-28 13:56:10,904 [Worker#STA_NP] TestScripts.BaseTestES - Setup test
INFO  2016-12-28 13:56:29,778 [Worker#STA_NP] TestScripts.BaseTestES - Click the People tab.
INFO  2016-12-28 13:56:34,664 [Worker#STA_NP] TestScripts.BaseTestES - Enter the Search text on the main search page.
INFO  2016-12-28 13:56:35,846 [Worker#STA_NP] TestScripts.BaseTestES - Click on the Search button on the main page
INFO  2016-12-28 13:56:40,930 [Worker#STA_NP] TestScripts.BaseTestES - Move to user container.
INFO  2016-12-28 13:56:43,355 [Worker#STA_NP] TestScripts.BaseTestES - Click on Message button.
INFO  2016-12-28 13:56:48,847 [Worker#STA_NP] TestScripts.BaseTestES - Click on Endorse button.
INFO  2016-12-28 13:56:54,300 [Worker#STA_NP] TestScripts.BaseTestES - Enter Project Title.
INFO  2016-12-28 13:56:55,598 [Worker#STA_NP] TestScripts.BaseTestES - Enter Project Description.
INFO  2016-12-28 13:56:56,794 [Worker#STA_NP] TestScripts.BaseTestES - Click the Good rating.
INFO  2016-12-28 13:56:58,991 [Worker#STA_NP] TestScripts.BaseTestES - Enter Project Feedback.
INFO  2016-12-28 13:59:00,954 [Worker#STA_NP] Util.UtilityHelper - Screenshot saved at: Screenshots\AutomationScreenShot_2016-12-28-13-59-00.png
ERROR 2016-12-28 13:59:01,132 [Worker#STA_NP] Util.DriverExtender - OpenQA.Selenium.WebDriverTimeoutException: Timed out after 120 seconds
   at OpenQA.Selenium.Support.UI.DefaultWait`1.ThrowTimeoutException(String exceptionMessage, Exception lastException)
   at OpenQA.Selenium.Support.UI.DefaultWait`1.Until[TResult](Func`2 condition)
   at RallyTeam.Util.DriverExtender.SafeClick(IWebDriver driver, By locator) in F:\Automation_SeleniumCSharp\RallyTeam\RallyTeamAutomation\RallyTeamAutomation\Util\DriverExtender.cs:line 400
INFO  2016-12-28 13:59:01,369 [Worker#STA_NP] Util.UtilityHelper - Screenshot saved at: Screenshots\RallyTeam.TestScripts.PeopleTestES.PeopleES_007_EndorseUserGoodRating_2016-12-28-13-59-01.png
INFO  2016-12-28 13:59:01,369 [Worker#STA_NP] TestScripts.BaseTestES - Teardown test
INFO  2016-12-28 13:59:36,096 [Worker#STA_NP] TestScripts.BaseTestES - Setup test
INFO  2016-12-28 13:59:43,046 [Worker#STA_NP] TestScripts.BaseTestES - Click the People tab.
INFO  2016-12-28 13:59:47,370 [Worker#STA_NP] TestScripts.BaseTestES - Enter the Search text on the main search page.
INFO  2016-12-28 13:59:48,678 [Worker#STA_NP] TestScripts.BaseTestES - Click on the Search button on the main page
INFO  2016-12-28 13:59:53,769 [Worker#STA_NP] TestScripts.BaseTestES - Move to user container.
INFO  2016-12-28 13:59:56,266 [Worker#STA_NP] TestScripts.BaseTestES - Click on Message button.
INFO  2016-12-28 14:00:01,531 [Worker#STA_NP] TestScripts.BaseTestES - Click on Endorse button.
INFO  2016-12-28 14:00:06,860 [Worker#STA_NP] TestScripts.BaseTestES - Enter Project Title.
INFO  2016-12-28 14:00:08,047 [Worker#STA_NP] TestScripts.BaseTestES - Enter Project Description.
INFO  2016-12-28 14:00:09,233 [Worker#STA_NP] TestScripts.BaseTestES - Click the Not Good rating.
INFO  2016-12-28 14:00:11,460 [Worker#STA_NP] TestScripts.BaseTestES - Enter Project Feedback.
INFO  2016-12-28 14:02:17,674 [Worker#STA_NP] Util.UtilityHelper - Screenshot saved at: Screenshots\AutomationScreenShot_2016-12-28-14-02-14.png
ERROR 2016-12-28 14:02:17,674 [Worker#STA_NP] Util.DriverExtender - OpenQA.Selenium.WebDriverTimeoutException: Timed out after 120 seconds
   at OpenQA.Selenium.Support.UI.DefaultWait`1.ThrowTimeoutException(String exceptionMessage, Exception lastException)
   at OpenQA.Selenium.Support.UI.DefaultWait`1.Until[TResult](Func`2 condition)
   at RallyTeam.Util.DriverExtender.SafeClick(IWebDriver driver, By locator) in F:\Automation_SeleniumCSharp\RallyTeam\RallyTeamAutomation\RallyTeamAutomation\Util\DriverExtender.cs:line 400
INFO  2016-12-28 14:02:18,073 [Worker#STA_NP] Util.UtilityHelper - Screenshot saved at: Screenshots\RallyTeam.TestScripts.PeopleTestES.PeopleES_008_EndorseUserNotGoodRating_2016-12-28-14-02-17.png
INFO  2016-12-28 14:02:18,073 [Worker#STA_NP] TestScripts.BaseTestES - Teardown test
[END]
