[START]
INFO  2016-11-28 09:32:46,643 [Worker#STA_NP] TestScripts.BaseTest - Setup test
INFO  2016-11-28 09:33:43,481 [Worker#STA_NP] TestScripts.BaseTest - Verify Projects menu icon
INFO  2016-11-28 09:33:43,484 [Worker#STA_NP] TestScripts.BaseTest - Teardown test
INFO  2016-11-28 09:34:53,605 [Worker#STA_NP] TestScripts.BaseTest - Setup test
INFO  2016-11-28 09:36:52,352 [Worker#STA_NP] TestScripts.BaseTest - Click on the Add Project button at Projects page
INFO  2016-11-28 09:37:10,771 [Worker#STA_NP] TestScripts.BaseTest - Click the Projects menu option.
INFO  2016-11-28 09:37:16,920 [Worker#STA_NP] TestScripts.BaseTest - Click the All Projects dropdown.
INFO  2016-11-28 09:37:20,030 [Worker#STA_NP] TestScripts.BaseTest - Select I've Posted option from the All Projects dropdown.
INFO  2016-11-28 09:37:22,100 [Worker#STA_NP] TestScripts.BaseTest - Verify the Project Name on the Projects Page.
INFO  2016-11-28 09:37:24,567 [Worker#STA_NP] TestScripts.BaseTest - Click the Project Name on the Projects Page.
INFO  2016-11-28 09:37:36,937 [Worker#STA_NP] TestScripts.BaseTest - Teardown test
INFO  2016-11-28 09:38:42,459 [Worker#STA_NP] TestScripts.BaseTest - Setup test
INFO  2016-11-28 09:39:46,905 [Worker#STA_NP] TestScripts.BaseTest - Click on the Add Project button at Projects page
INFO  2016-11-28 09:40:03,814 [Worker#STA_NP] TestScripts.BaseTest - Click the Projects menu option.
INFO  2016-11-28 09:40:10,081 [Worker#STA_NP] TestScripts.BaseTest - Click the All Projects dropdown.
INFO  2016-11-28 09:40:13,202 [Worker#STA_NP] TestScripts.BaseTest - Select Recruiting option from the All Projects dropdown.
INFO  2016-11-28 09:40:15,297 [Worker#STA_NP] TestScripts.BaseTest - Verify the Project Name on the Projects Page.
INFO  2016-11-28 09:40:18,017 [Worker#STA_NP] TestScripts.BaseTest - Click the Project Name on the Projects Page.
INFO  2016-11-28 09:40:31,424 [Worker#STA_NP] TestScripts.BaseTest - Teardown test
INFO  2016-11-28 09:41:03,858 [Worker#STA_NP] TestScripts.BaseTest - Setup test
INFO  2016-11-28 09:41:24,347 [Worker#STA_NP] TestScripts.BaseTest - Click on the Add Project button at Projects page
INFO  2016-11-28 09:41:40,854 [Worker#STA_NP] TestScripts.BaseTest - Click the Projects menu option.
INFO  2016-11-28 09:41:47,042 [Worker#STA_NP] TestScripts.BaseTest - Click the All Projects dropdown.
INFO  2016-11-28 09:41:50,143 [Worker#STA_NP] TestScripts.BaseTest - Select I've Posted option from the All Projects dropdown.
INFO  2016-11-28 09:41:52,638 [Worker#STA_NP] TestScripts.BaseTest - Click the Project Name on the Projects Page.
INFO  2016-11-28 09:41:56,802 [Worker#STA_NP] TestScripts.BaseTest - Select Project status as 'In Progress'
INFO  2016-11-28 09:42:00,276 [Worker#STA_NP] TestScripts.BaseTest - Click the Projects menu option.
INFO  2016-11-28 09:44:07,138 [Worker#STA_NP] Util.UtilityHelper - Screenshot saved at: Screenshots\AutomationScreenShot_2016-11-28-09-44-06.png
ERROR 2016-11-28 09:44:07,292 [Worker#STA_NP] Util.DriverExtender - OpenQA.Selenium.WebDriverTimeoutException: Timed out after 120 seconds ---> OpenQA.Selenium.NoSuchElementException: no such element: Unable to locate element: {"method":"xpath","selector":"//a[@class='dropdown-toggle']//*[contains(text(), 'All Projects')]"}
  (Session info: chrome=54.0.2840.99)
  (Driver info: chromedriver=2.24.417431 (9aea000394714d2fbb20850021f6204f2256b9cf),platform=Windows NT 6.3.9600 x86_64)
   at OpenQA.Selenium.Remote.RemoteWebDriver.UnpackAndThrowOnError(Response errorResponse)
   at OpenQA.Selenium.Remote.RemoteWebDriver.Execute(String driverCommandToExecute, Dictionary`2 parameters)
   at OpenQA.Selenium.Remote.RemoteWebDriver.FindElement(String mechanism, String value)
   at OpenQA.Selenium.Remote.RemoteWebDriver.FindElementByXPath(String xpath)
   at OpenQA.Selenium.By.<XPath>c__AnonStorey3.<>m__0(ISearchContext context)
   at OpenQA.Selenium.By.FindElement(ISearchContext context)
   at OpenQA.Selenium.Remote.RemoteWebDriver.FindElement(By by)
   at OpenQA.Selenium.Support.UI.ExpectedConditions.<>c__DisplayClass13.<ElementIsVisible>b__12(IWebDriver driver)
   at OpenQA.Selenium.Support.UI.DefaultWait`1.Until[TResult](Func`2 condition)
   --- End of inner exception stack trace ---
   at OpenQA.Selenium.Support.UI.DefaultWait`1.ThrowTimeoutException(String exceptionMessage, Exception lastException)
   at OpenQA.Selenium.Support.UI.DefaultWait`1.Until[TResult](Func`2 condition)
   at RallyTeam.Util.DriverExtender.SafeClick(IWebDriver driver, By locator) in F:\Automation_SeleniumCSharp\RallyTeam\RallyTeamAutomation\RallyTeamAutomation\Util\DriverExtender.cs:line 388
INFO  2016-11-28 09:44:07,503 [Worker#STA_NP] Util.UtilityHelper - Screenshot saved at: Screenshots\RallyTeam.TestScripts.ProjectsTest.Projects_008_VerifyInProgressProjects_2016-11-28-09-44-07.png
INFO  2016-11-28 09:44:07,504 [Worker#STA_NP] TestScripts.BaseTest - Teardown test
INFO  2016-11-28 09:45:13,699 [Worker#STA_NP] TestScripts.BaseTest - Setup test
INFO  2016-11-28 09:46:58,886 [Worker#STA_NP] TestScripts.BaseTest - Click on the Add Project button at Projects page
INFO  2016-11-28 09:47:17,289 [Worker#STA_NP] TestScripts.BaseTest - Click the Projects menu option.
INFO  2016-11-28 09:47:23,496 [Worker#STA_NP] TestScripts.BaseTest - Click the All Projects dropdown.
INFO  2016-11-28 09:47:26,650 [Worker#STA_NP] TestScripts.BaseTest - Select I've Posted option from the All Projects dropdown.
INFO  2016-11-28 09:47:33,028 [Worker#STA_NP] TestScripts.BaseTest - Click the Project Name on the Projects Page.
INFO  2016-11-28 09:47:37,339 [Worker#STA_NP] TestScripts.BaseTest - Select Project status as 'Completed'
INFO  2016-11-28 09:47:41,777 [Worker#STA_NP] TestScripts.BaseTest - Click Mark Complete button.
INFO  2016-11-28 09:49:47,207 [Worker#STA_NP] Util.UtilityHelper - Screenshot saved at: Screenshots\AutomationScreenShot_2016-11-28-09-49-46.png
ERROR 2016-11-28 09:49:47,208 [Worker#STA_NP] Util.DriverExtender - OpenQA.Selenium.WebDriverTimeoutException: Timed out after 120 seconds
   at OpenQA.Selenium.Support.UI.DefaultWait`1.ThrowTimeoutException(String exceptionMessage, Exception lastException)
   at OpenQA.Selenium.Support.UI.DefaultWait`1.Until[TResult](Func`2 condition)
   at RallyTeam.Util.DriverExtender.SafeClick(IWebDriver driver, By locator) in F:\Automation_SeleniumCSharp\RallyTeam\RallyTeamAutomation\RallyTeamAutomation\Util\DriverExtender.cs:line 389
INFO  2016-11-28 09:49:47,641 [Worker#STA_NP] Util.UtilityHelper - Screenshot saved at: Screenshots\RallyTeam.TestScripts.ProjectsTest.Projects_009_VerifyCompletedProjects_2016-11-28-09-49-47.png
INFO  2016-11-28 09:49:47,641 [Worker#STA_NP] TestScripts.BaseTest - Teardown test
INFO  2016-11-28 09:50:53,120 [Worker#STA_NP] TestScripts.BaseTest - Setup test
INFO  2016-11-28 09:52:04,310 [Worker#STA_NP] TestScripts.BaseTest - Click on the Add Project button at Projects page
INFO  2016-11-28 09:52:21,450 [Worker#STA_NP] TestScripts.BaseTest - Click the Projects menu option.
INFO  2016-11-28 09:52:27,708 [Worker#STA_NP] TestScripts.BaseTest - Click the All Projects dropdown.
INFO  2016-11-28 09:52:30,810 [Worker#STA_NP] TestScripts.BaseTest - Select I've Posted option from the All Projects dropdown.
INFO  2016-11-28 09:52:33,460 [Worker#STA_NP] TestScripts.BaseTest - Click the Project Name on the Projects Page.
INFO  2016-11-28 09:52:37,624 [Worker#STA_NP] TestScripts.BaseTest - Select Project status as 'Closed'
INFO  2016-11-28 09:52:40,973 [Worker#STA_NP] TestScripts.BaseTest - Click the Projects menu option.
INFO  2016-11-28 09:54:47,780 [Worker#STA_NP] Util.UtilityHelper - Screenshot saved at: Screenshots\AutomationScreenShot_2016-11-28-09-54-47.png
ERROR 2016-11-28 09:54:47,781 [Worker#STA_NP] Util.DriverExtender - OpenQA.Selenium.WebDriverTimeoutException: Timed out after 120 seconds ---> OpenQA.Selenium.NoSuchElementException: no such element: Unable to locate element: {"method":"xpath","selector":"//a[@class='dropdown-toggle']//*[contains(text(), 'All Projects')]"}
  (Session info: chrome=54.0.2840.99)
  (Driver info: chromedriver=2.24.417431 (9aea000394714d2fbb20850021f6204f2256b9cf),platform=Windows NT 6.3.9600 x86_64)
   at OpenQA.Selenium.Remote.RemoteWebDriver.UnpackAndThrowOnError(Response errorResponse)
   at OpenQA.Selenium.Remote.RemoteWebDriver.Execute(String driverCommandToExecute, Dictionary`2 parameters)
   at OpenQA.Selenium.Remote.RemoteWebDriver.FindElement(String mechanism, String value)
   at OpenQA.Selenium.Remote.RemoteWebDriver.FindElementByXPath(String xpath)
   at OpenQA.Selenium.By.<XPath>c__AnonStorey3.<>m__0(ISearchContext context)
   at OpenQA.Selenium.By.FindElement(ISearchContext context)
   at OpenQA.Selenium.Remote.RemoteWebDriver.FindElement(By by)
   at OpenQA.Selenium.Support.UI.ExpectedConditions.<>c__DisplayClass13.<ElementIsVisible>b__12(IWebDriver driver)
   at OpenQA.Selenium.Support.UI.DefaultWait`1.Until[TResult](Func`2 condition)
   --- End of inner exception stack trace ---
   at OpenQA.Selenium.Support.UI.DefaultWait`1.ThrowTimeoutException(String exceptionMessage, Exception lastException)
   at OpenQA.Selenium.Support.UI.DefaultWait`1.Until[TResult](Func`2 condition)
   at RallyTeam.Util.DriverExtender.SafeClick(IWebDriver driver, By locator) in F:\Automation_SeleniumCSharp\RallyTeam\RallyTeamAutomation\RallyTeamAutomation\Util\DriverExtender.cs:line 388
INFO  2016-11-28 09:54:48,218 [Worker#STA_NP] Util.UtilityHelper - Screenshot saved at: Screenshots\RallyTeam.TestScripts.ProjectsTest.Projects_010_VerifyClosedProjects_2016-11-28-09-54-47.png
INFO  2016-11-28 09:54:48,219 [Worker#STA_NP] TestScripts.BaseTest - Teardown test
INFO  2016-11-28 09:55:19,244 [Worker#STA_NP] TestScripts.BaseTest - Setup test
INFO  2016-11-28 09:55:39,762 [Worker#STA_NP] TestScripts.BaseTest - Click on the Add Project button at Projects page
INFO  2016-11-28 09:56:04,241 [Worker#STA_NP] TestScripts.BaseTest - Click on the Signout button.
INFO  2016-11-28 09:56:07,995 [Worker#STA_NP] TestScripts.BaseTest - Sign in with different user.
INFO  2016-11-28 09:56:11,316 [Worker#STA_NP] TestScripts.BaseTest - Click the Projects menu option.
INFO  2016-11-28 09:56:17,548 [Worker#STA_NP] TestScripts.BaseTest - Click the All Projects dropdown.
INFO  2016-11-28 09:56:20,666 [Worker#STA_NP] TestScripts.BaseTest - Select Recruiting option from the All Projects dropdown.
INFO  2016-11-28 09:58:23,427 [Worker#STA_NP] Util.UtilityHelper - Screenshot saved at: Screenshots\AutomationScreenShot_2016-11-28-09-58-22.png
ERROR 2016-11-28 09:58:23,427 [Worker#STA_NP] Util.AssertHelper - Expected element (By.XPath: //div[contains(@class, 'rt-project-tile')]//span[contains(text(), 'Test Public ProjectHUHH')]) to be displayed but did not.
INFO  2016-11-28 09:58:23,985 [Worker#STA_NP] Util.UtilityHelper - Screenshot saved at: Screenshots\RallyTeam.TestScripts.ProjectsTest.Projects_011_VerifyJoiningOptionForRecruitingProject_2016-11-28-09-58-23.png
INFO  2016-11-28 09:58:23,985 [Worker#STA_NP] TestScripts.BaseTest - Teardown test
INFO  2016-11-28 09:58:59,294 [Worker#STA_NP] TestScripts.BaseTest - Setup test
INFO  2016-11-28 09:59:19,839 [Worker#STA_NP] TestScripts.BaseTest - Click on the Add Project button at Projects page
INFO  2016-11-28 09:59:36,415 [Worker#STA_NP] TestScripts.BaseTest - Click the Projects menu option.
INFO  2016-11-28 09:59:42,710 [Worker#STA_NP] TestScripts.BaseTest - Click the All Projects dropdown.
INFO  2016-11-28 09:59:45,812 [Worker#STA_NP] TestScripts.BaseTest - Select I've Posted option from the All Projects dropdown.
INFO  2016-11-28 09:59:48,370 [Worker#STA_NP] TestScripts.BaseTest - Click the Project Name on the Projects Page.
INFO  2016-11-28 09:59:52,525 [Worker#STA_NP] TestScripts.BaseTest - Select Project status as 'In Progress'
INFO  2016-11-28 10:00:04,374 [Worker#STA_NP] TestScripts.BaseTest - Click on the Signout button.
INFO  2016-11-28 10:00:08,152 [Worker#STA_NP] TestScripts.BaseTest - Sign in with different user.
INFO  2016-11-28 10:00:09,932 [Worker#STA_NP] TestScripts.BaseTest - Click the Projects menu option.
INFO  2016-11-28 10:00:16,167 [Worker#STA_NP] TestScripts.BaseTest - Click the All Projects dropdown.
INFO  2016-11-28 10:00:19,298 [Worker#STA_NP] TestScripts.BaseTest - Select In Progress option from the All Projects dropdown.
INFO  2016-11-28 10:02:21,843 [Worker#STA_NP] Util.UtilityHelper - Screenshot saved at: Screenshots\AutomationScreenShot_2016-11-28-10-02-21.png
ERROR 2016-11-28 10:02:21,844 [Worker#STA_NP] Util.DriverExtender - OpenQA.Selenium.WebDriverTimeoutException: Timed out after 120 seconds
   at OpenQA.Selenium.Support.UI.DefaultWait`1.ThrowTimeoutException(String exceptionMessage, Exception lastException)
   at OpenQA.Selenium.Support.UI.DefaultWait`1.Until[TResult](Func`2 condition)
   at RallyTeam.Util.DriverExtender.SafeClick(IWebDriver driver, By locator) in F:\Automation_SeleniumCSharp\RallyTeam\RallyTeamAutomation\RallyTeamAutomation\Util\DriverExtender.cs:line 388
INFO  2016-11-28 10:02:22,249 [Worker#STA_NP] Util.UtilityHelper - Screenshot saved at: Screenshots\RallyTeam.TestScripts.ProjectsTest.Projects_012_VerifyJoiningOptionForInProgressProject_2016-11-28-10-02-21.png
INFO  2016-11-28 10:02:22,249 [Worker#STA_NP] TestScripts.BaseTest - Teardown test
INFO  2016-11-28 10:02:57,584 [Worker#STA_NP] TestScripts.BaseTest - Setup test
INFO  2016-11-28 10:03:18,552 [Worker#STA_NP] TestScripts.BaseTest - Click on the Add Project button at Projects page
INFO  2016-11-28 10:03:38,007 [Worker#STA_NP] TestScripts.BaseTest - Click the Projects menu option.
INFO  2016-11-28 10:03:44,204 [Worker#STA_NP] TestScripts.BaseTest - Click the All Projects dropdown.
INFO  2016-11-28 10:03:47,380 [Worker#STA_NP] TestScripts.BaseTest - Select I've Posted option from the All Projects dropdown.
INFO  2016-11-28 10:03:50,028 [Worker#STA_NP] TestScripts.BaseTest - Click the Project Name on the Projects Page.
INFO  2016-11-28 10:03:54,206 [Worker#STA_NP] TestScripts.BaseTest - Select Project status as 'Completed'
INFO  2016-11-28 10:03:57,357 [Worker#STA_NP] TestScripts.BaseTest - Click Mark Complete button.
INFO  2016-11-28 10:04:10,124 [Worker#STA_NP] TestScripts.BaseTest - Click on the Signout button.
INFO  2016-11-28 10:04:13,854 [Worker#STA_NP] TestScripts.BaseTest - Sign in with different user.
INFO  2016-11-28 10:04:15,694 [Worker#STA_NP] TestScripts.BaseTest - Click the Projects menu option.
INFO  2016-11-28 10:04:21,999 [Worker#STA_NP] TestScripts.BaseTest - Click the All Projects dropdown.
INFO  2016-11-28 10:04:26,096 [Worker#STA_NP] TestScripts.BaseTest - Select Completed option from the All Projects dropdown.
INFO  2016-11-28 10:06:29,692 [Worker#STA_NP] Util.UtilityHelper - Screenshot saved at: Screenshots\AutomationScreenShot_2016-11-28-10-06-29.png
ERROR 2016-11-28 10:06:29,693 [Worker#STA_NP] Util.DriverExtender - OpenQA.Selenium.WebDriverTimeoutException: Timed out after 120 seconds ---> OpenQA.Selenium.NoSuchElementException: no such element: Unable to locate element: {"method":"xpath","selector":"//div[contains(@class, 'rt-project-tile')]//span[contains(text(), 'Test Public ProjectZMCP')]"}
  (Session info: chrome=54.0.2840.99)
  (Driver info: chromedriver=2.24.417431 (9aea000394714d2fbb20850021f6204f2256b9cf),platform=Windows NT 6.3.9600 x86_64)
   at OpenQA.Selenium.Remote.RemoteWebDriver.UnpackAndThrowOnError(Response errorResponse)
   at OpenQA.Selenium.Remote.RemoteWebDriver.Execute(String driverCommandToExecute, Dictionary`2 parameters)
   at OpenQA.Selenium.Remote.RemoteWebDriver.FindElement(String mechanism, String value)
   at OpenQA.Selenium.Remote.RemoteWebDriver.FindElementByXPath(String xpath)
   at OpenQA.Selenium.By.<XPath>c__AnonStorey3.<>m__0(ISearchContext context)
   at OpenQA.Selenium.By.FindElement(ISearchContext context)
   at OpenQA.Selenium.Remote.RemoteWebDriver.FindElement(By by)
   at OpenQA.Selenium.Support.UI.ExpectedConditions.<>c__DisplayClass13.<ElementIsVisible>b__12(IWebDriver driver)
   at OpenQA.Selenium.Support.UI.DefaultWait`1.Until[TResult](Func`2 condition)
   --- End of inner exception stack trace ---
   at OpenQA.Selenium.Support.UI.DefaultWait`1.ThrowTimeoutException(String exceptionMessage, Exception lastException)
   at OpenQA.Selenium.Support.UI.DefaultWait`1.Until[TResult](Func`2 condition)
   at RallyTeam.Util.DriverExtender.SafeClick(IWebDriver driver, By locator) in F:\Automation_SeleniumCSharp\RallyTeam\RallyTeamAutomation\RallyTeamAutomation\Util\DriverExtender.cs:line 388
INFO  2016-11-28 10:06:29,972 [Worker#STA_NP] Util.UtilityHelper - Screenshot saved at: Screenshots\RallyTeam.TestScripts.ProjectsTest.Projects_013_VerifyJoiningOptionForCompletedProject_2016-11-28-10-06-29.png
INFO  2016-11-28 10:06:29,972 [Worker#STA_NP] TestScripts.BaseTest - Teardown test
INFO  2016-11-28 10:06:57,389 [Worker#STA_NP] TestScripts.BaseTest - Setup test
INFO  2016-11-28 10:07:17,980 [Worker#STA_NP] TestScripts.BaseTest - Click on the Add Project button at Projects page
INFO  2016-11-28 10:07:34,295 [Worker#STA_NP] TestScripts.BaseTest - Click the Projects menu option.
INFO  2016-11-28 10:07:40,509 [Worker#STA_NP] TestScripts.BaseTest - Click the All Projects dropdown.
INFO  2016-11-28 10:07:43,623 [Worker#STA_NP] TestScripts.BaseTest - Select I've Posted option from the All Projects dropdown.
INFO  2016-11-28 10:07:46,375 [Worker#STA_NP] TestScripts.BaseTest - Click the Project Name on the Projects Page.
INFO  2016-11-28 10:07:50,586 [Worker#STA_NP] TestScripts.BaseTest - Select Project status as 'Closed'
INFO  2016-11-28 10:08:02,368 [Worker#STA_NP] TestScripts.BaseTest - Click on the Signout button.
INFO  2016-11-28 10:08:05,984 [Worker#STA_NP] TestScripts.BaseTest - Sign in with different user.
INFO  2016-11-28 10:08:07,717 [Worker#STA_NP] TestScripts.BaseTest - Click the Projects menu option.
INFO  2016-11-28 10:08:13,851 [Worker#STA_NP] TestScripts.BaseTest - Click the All Projects dropdown.
INFO  2016-11-28 10:08:16,965 [Worker#STA_NP] TestScripts.BaseTest - Select Closed option from the All Projects dropdown.
INFO  2016-11-28 10:08:20,494 [Worker#STA_NP] TestScripts.BaseTest - Click the Project Name on the Projects Page.
INFO  2016-11-28 10:08:25,860 [Worker#STA_NP] Util.UtilityHelper - Screenshot saved at: Screenshots\AutomationScreenShot_2016-11-28-10-08-25.png
INFO  2016-11-28 10:08:26,091 [Worker#STA_NP] Util.UtilityHelper - Screenshot saved at: Screenshots\RallyTeam.TestScripts.ProjectsTest.Projects_014_VerifyJoiningOptionForClosedProject_2016-11-28-10-08-25.png
INFO  2016-11-28 10:08:26,091 [Worker#STA_NP] TestScripts.BaseTest - Teardown test
INFO  2016-11-28 10:08:58,333 [Worker#STA_NP] TestScripts.BaseTest - Setup test
INFO  2016-11-28 10:09:19,035 [Worker#STA_NP] TestScripts.BaseTest - Click on the Add Project button at Projects page
INFO  2016-11-28 10:09:43,988 [Worker#STA_NP] TestScripts.BaseTest - Click on the Signout button.
INFO  2016-11-28 10:09:47,606 [Worker#STA_NP] TestScripts.BaseTest - Sign in with different user.
INFO  2016-11-28 10:09:49,367 [Worker#STA_NP] TestScripts.BaseTest - Click the Projects menu option.
INFO  2016-11-28 10:09:55,551 [Worker#STA_NP] TestScripts.BaseTest - Click the All Projects dropdown.
INFO  2016-11-28 10:09:58,620 [Worker#STA_NP] TestScripts.BaseTest - Select Recruiting option from the All Projects dropdown.
INFO  2016-11-28 10:10:01,191 [Worker#STA_NP] TestScripts.BaseTest - Click the Project Name on the Projects Page.
INFO  2016-11-28 10:10:05,351 [Worker#STA_NP] TestScripts.BaseTest - Click Request To Join button doisplayed on screen.
INFO  2016-11-28 10:10:11,462 [Worker#STA_NP] TestScripts.BaseTest - Verify Request Sent button doisplayed on screen.
INFO  2016-11-28 10:10:23,990 [Worker#STA_NP] TestScripts.BaseTest - Click on the Signout button.
INFO  2016-11-28 10:10:29,168 [Worker#STA_NP] TestScripts.BaseTest - Click the Projects menu option.
INFO  2016-11-28 10:10:35,332 [Worker#STA_NP] TestScripts.BaseTest - Click the All Projects dropdown.
INFO  2016-11-28 10:10:38,416 [Worker#STA_NP] TestScripts.BaseTest - Select 'Recruiting' option from the All Projects dropdown.
INFO  2016-11-28 10:10:42,105 [Worker#STA_NP] TestScripts.BaseTest - Click the Project Name on the Projects Page.
INFO  2016-11-28 10:10:54,557 [Worker#STA_NP] TestScripts.BaseTest - Teardown test
INFO  2016-11-28 10:11:34,200 [Worker#STA_NP] TestScripts.BaseTest - Setup test
INFO  2016-11-28 10:11:55,314 [Worker#STA_NP] TestScripts.BaseTest - Click on the Add Project button at Projects page
INFO  2016-11-28 10:12:12,152 [Worker#STA_NP] TestScripts.BaseTest - Click the Projects menu option.
INFO  2016-11-28 10:12:18,440 [Worker#STA_NP] TestScripts.BaseTest - Click the All Projects dropdown.
INFO  2016-11-28 10:12:21,552 [Worker#STA_NP] TestScripts.BaseTest - Select I've Posted option from the All Projects dropdown.
INFO  2016-11-28 10:12:24,303 [Worker#STA_NP] TestScripts.BaseTest - Click the Project Name on the Projects Page.
INFO  2016-11-28 10:12:28,484 [Worker#STA_NP] TestScripts.BaseTest - Select Project status as 'In Progress'
INFO  2016-11-28 10:12:40,106 [Worker#STA_NP] TestScripts.BaseTest - Click on the Signout button.
INFO  2016-11-28 10:12:43,662 [Worker#STA_NP] TestScripts.BaseTest - Sign in with different user.
INFO  2016-11-28 10:12:45,379 [Worker#STA_NP] TestScripts.BaseTest - Click the Projects menu option.
INFO  2016-11-28 10:12:51,538 [Worker#STA_NP] TestScripts.BaseTest - Click the All Projects dropdown.
INFO  2016-11-28 10:12:54,680 [Worker#STA_NP] TestScripts.BaseTest - Select In Progress option from the All Projects dropdown.
INFO  2016-11-28 10:12:58,163 [Worker#STA_NP] TestScripts.BaseTest - Click the Project Name on the Projects Page.
INFO  2016-11-28 10:13:02,308 [Worker#STA_NP] TestScripts.BaseTest - Click Request To Join button doisplayed on screen.
INFO  2016-11-28 10:13:06,410 [Worker#STA_NP] TestScripts.BaseTest - Verify Request Sent button doisplayed on screen.
INFO  2016-11-28 10:13:19,134 [Worker#STA_NP] TestScripts.BaseTest - Click on the Signout button.
INFO  2016-11-28 10:13:23,288 [Worker#STA_NP] TestScripts.BaseTest - Click the Projects menu option.
INFO  2016-11-28 10:13:29,527 [Worker#STA_NP] TestScripts.BaseTest - Click the All Projects dropdown.
INFO  2016-11-28 10:13:32,670 [Worker#STA_NP] TestScripts.BaseTest - Select 'In Progress' option from the All Projects dropdown.
INFO  2016-11-28 10:13:36,115 [Worker#STA_NP] TestScripts.BaseTest - Click the Project Name on the Projects Page.
INFO  2016-11-28 10:13:48,730 [Worker#STA_NP] TestScripts.BaseTest - Teardown test
INFO  2016-11-28 10:14:27,969 [Worker#STA_NP] TestScripts.BaseTest - Setup test
INFO  2016-11-28 10:14:48,331 [Worker#STA_NP] TestScripts.BaseTest - Click on the Add Project button at Projects page
INFO  2016-11-28 10:15:04,402 [Worker#STA_NP] TestScripts.BaseTest - Click the Projects menu option.
INFO  2016-11-28 10:15:10,675 [Worker#STA_NP] TestScripts.BaseTest - Click the All Projects dropdown.
INFO  2016-11-28 10:15:13,746 [Worker#STA_NP] TestScripts.BaseTest - Select I've Posted option from the All Projects dropdown.
INFO  2016-11-28 10:15:16,217 [Worker#STA_NP] TestScripts.BaseTest - Click the Project Name on the Projects Page.
INFO  2016-11-28 10:15:20,378 [Worker#STA_NP] TestScripts.BaseTest - Select Project status as 'In Progress'
INFO  2016-11-28 10:15:23,655 [Worker#STA_NP] TestScripts.BaseTest - Click the Projects menu option.
INFO  2016-11-28 10:15:29,885 [Worker#STA_NP] TestScripts.BaseTest - Click the All Projects dropdown.
INFO  2016-11-28 10:15:32,965 [Worker#STA_NP] TestScripts.BaseTest - Select 'In Progress' option from the All Projects dropdown.
INFO  2016-11-28 10:15:34,997 [Worker#STA_NP] TestScripts.BaseTest - Verify the Project Name on the Projects Page.
INFO  2016-11-28 10:15:37,644 [Worker#STA_NP] TestScripts.BaseTest - Click the Project Name on the Projects Page.
INFO  2016-11-28 10:15:50,093 [Worker#STA_NP] TestScripts.BaseTest - Teardown test
INFO  2016-11-28 10:16:22,809 [Worker#STA_NP] TestScripts.BaseTest - Setup test
INFO  2016-11-28 10:16:43,534 [Worker#STA_NP] TestScripts.BaseTest - Click on the Add Project button at Projects page
INFO  2016-11-28 10:19:04,426 [Worker#STA_NP] Util.UtilityHelper - Screenshot saved at: Screenshots\AutomationScreenShot_2016-11-28-10-19-04.png
ERROR 2016-11-28 10:19:04,427 [Worker#STA_NP] Util.DriverExtender - OpenQA.Selenium.WebDriverTimeoutException: Timed out after 120 seconds
   at OpenQA.Selenium.Support.UI.DefaultWait`1.ThrowTimeoutException(String exceptionMessage, Exception lastException)
   at OpenQA.Selenium.Support.UI.DefaultWait`1.Until[TResult](Func`2 condition)
   at RallyTeam.Util.DriverExtender.SafeClick(IWebDriver driver, By locator) in F:\Automation_SeleniumCSharp\RallyTeam\RallyTeamAutomation\RallyTeamAutomation\Util\DriverExtender.cs:line 389
INFO  2016-11-28 10:19:04,680 [Worker#STA_NP] Util.UtilityHelper - Screenshot saved at: Screenshots\RallyTeam.TestScripts.ProjectsTest.Projects_020_VerifyLeaveProjectOption_2016-11-28-10-19-04.png
INFO  2016-11-28 10:19:04,680 [Worker#STA_NP] TestScripts.BaseTest - Teardown test
INFO  2016-11-28 10:19:34,086 [Worker#STA_NP] TestScripts.BaseTest - Setup test
INFO  2016-11-28 10:19:54,743 [Worker#STA_NP] TestScripts.BaseTest - Click on the Add Project button at Projects page
