[START]
INFO  2017-05-04 16:31:53,961 [Worker#STA_NP] TestScripts.BaseTestES - Setup test
INFO  2017-05-04 16:32:14,591 [Worker#STA_NP] TestScripts.BaseTestES - Click on the Continue button.
INFO  2017-05-04 16:32:25,987 [Worker#STA_NP] TestScripts.BaseTestES - Enter Skills.
INFO  2017-05-04 16:32:34,615 [Worker#STA_NP] TestScripts.BaseTestES - Click Add button.
INFO  2017-05-04 16:32:46,084 [Worker#STA_NP] TestScripts.BaseTestES - Click Add button.
INFO  2017-05-04 16:32:49,292 [Worker#STA_NP] TestScripts.BaseTestES - Click on the Continue button.
INFO  2017-05-04 16:33:01,548 [Worker#STA_NP] TestScripts.BaseTestES - Click Publish Button
INFO  2017-05-04 16:33:08,661 [Worker#STA_NP] TestScripts.BaseTestES - Click the User Profile Icon.
INFO  2017-05-04 16:33:11,052 [Worker#STA_NP] TestScripts.BaseTestES - Click User Profile option 'Admin'.
INFO  2017-05-04 16:33:13,521 [Worker#STA_NP] TestScripts.BaseTestES - Enter search user email id.
INFO  2017-05-04 16:35:18,064 [Worker#STA_NP] Util.UtilityHelper - Screenshot saved at: Screenshots\AutomationScreenShot_2017-05-04-16-35-17.png
ERROR 2017-05-04 16:35:18,075 [Worker#STA_NP] Util.DriverExtender - OpenQA.Selenium.WebDriverTimeoutException: Timed out after 120 seconds ---> OpenQA.Selenium.NoSuchElementException: no such element: Unable to locate element: {"method":"xpath","selector":"//table[contains(@class, 'table table-hover')]//tbody/tr[1]/td[1]//a"}
  (Session info: chrome=58.0.3029.96)
  (Driver info: chromedriver=2.29.461591 (62ebf098771772160f391d75e589dc567915b233),platform=Windows NT 6.3.9600 x86_64)
   at OpenQA.Selenium.Remote.RemoteWebDriver.UnpackAndThrowOnError(Response errorResponse)
   at OpenQA.Selenium.Remote.RemoteWebDriver.Execute(String driverCommandToExecute, Dictionary`2 parameters)
   at OpenQA.Selenium.Remote.RemoteWebDriver.FindElement(String mechanism, String value)
   at OpenQA.Selenium.Remote.RemoteWebDriver.FindElementByXPath(String xpath)
   at OpenQA.Selenium.By.<>c__DisplayClasse.<XPath>b__c(ISearchContext context)
   at OpenQA.Selenium.By.FindElement(ISearchContext context)
   at OpenQA.Selenium.Remote.RemoteWebDriver.FindElement(By by)
   at OpenQA.Selenium.Support.UI.ExpectedConditions.<>c__DisplayClass13.<ElementIsVisible>b__12(IWebDriver driver)
   at OpenQA.Selenium.Support.UI.DefaultWait`1.Until[TResult](Func`2 condition)
   --- End of inner exception stack trace ---
   at OpenQA.Selenium.Support.UI.DefaultWait`1.ThrowTimeoutException(String exceptionMessage, Exception lastException)
   at OpenQA.Selenium.Support.UI.DefaultWait`1.Until[TResult](Func`2 condition)
   at RallyTeam.Util.DriverExtender.SafeClick(IWebDriver driver, By locator) in F:\Automation_SeleniumCSharp\RallyTeam\RallyTeamAutomation\RallyTeamAutomation\Util\DriverExtender.cs:line 461
INFO  2017-05-04 16:35:18,256 [Worker#STA_NP] Util.UtilityHelper - Screenshot saved at: Screenshots\RallyTeam.TestScripts.NotificationsTest.Notifications_011_UserReceivesFeedback_2017-05-04-16-35-18.png
INFO  2017-05-04 16:35:18,256 [Worker#STA_NP] TestScripts.BaseTestES - Teardown test
[END]
