[START]
INFO  2016-12-27 15:37:25,629 [Worker#STA_NP] TestScripts.BaseTest - Setup test
INFO  2016-12-27 15:37:32,278 [Worker#STA_NP] TestScripts.BaseTest - Verify Projects menu icon
INFO  2016-12-27 15:37:32,281 [Worker#STA_NP] TestScripts.BaseTest - Teardown test
INFO  2016-12-27 15:37:58,646 [Worker#STA_NP] TestScripts.BaseTest - Setup test
INFO  2016-12-27 15:38:28,326 [Worker#STA_NP] TestScripts.BaseTest - Click on the Add Project button at Projects page
INFO  2016-12-27 15:38:46,207 [Worker#STA_NP] TestScripts.BaseTest - Click the Projects menu option.
INFO  2016-12-27 15:38:52,468 [Worker#STA_NP] TestScripts.BaseTest - Click the All Projects dropdown.
INFO  2016-12-27 15:38:55,578 [Worker#STA_NP] TestScripts.BaseTest - Select I've Posted option from the All Projects dropdown.
INFO  2016-12-27 15:38:57,626 [Worker#STA_NP] TestScripts.BaseTest - Verify the Project Name on the Projects Page.
INFO  2016-12-27 15:39:00,238 [Worker#STA_NP] TestScripts.BaseTest - Click the Project Name on the Projects Page.
INFO  2016-12-27 15:39:12,796 [Worker#STA_NP] TestScripts.BaseTest - Teardown test
INFO  2016-12-27 15:39:56,623 [Worker#STA_NP] TestScripts.BaseTest - Setup test
INFO  2016-12-27 15:40:18,642 [Worker#STA_NP] TestScripts.BaseTest - Click on the Add Project button at Projects page
INFO  2016-12-27 15:40:35,717 [Worker#STA_NP] TestScripts.BaseTest - Click the Projects menu option.
INFO  2016-12-27 15:40:41,964 [Worker#STA_NP] TestScripts.BaseTest - Click the All Projects dropdown.
INFO  2016-12-27 15:40:45,037 [Worker#STA_NP] TestScripts.BaseTest - Select Recruiting option from the All Projects dropdown.
INFO  2016-12-27 15:40:47,092 [Worker#STA_NP] TestScripts.BaseTest - Verify the Project Name on the Projects Page.
INFO  2016-12-27 15:40:49,670 [Worker#STA_NP] TestScripts.BaseTest - Click the Project Name on the Projects Page.
INFO  2016-12-27 15:41:02,108 [Worker#STA_NP] TestScripts.BaseTest - Teardown test
INFO  2016-12-27 15:41:30,035 [Worker#STA_NP] TestScripts.BaseTest - Setup test
INFO  2016-12-27 15:41:50,609 [Worker#STA_NP] TestScripts.BaseTest - Click on the Add Project button at Projects page
INFO  2016-12-27 15:42:07,900 [Worker#STA_NP] TestScripts.BaseTest - Click the Projects menu option.
INFO  2016-12-27 15:42:14,196 [Worker#STA_NP] TestScripts.BaseTest - Click the All Projects dropdown.
INFO  2016-12-27 15:42:17,357 [Worker#STA_NP] TestScripts.BaseTest - Select I've Posted option from the All Projects dropdown.
INFO  2016-12-27 15:42:23,136 [Worker#STA_NP] TestScripts.BaseTest - Click the Project Name on the Projects Page.
INFO  2016-12-27 15:42:29,311 [Worker#STA_NP] TestScripts.BaseTest - Select Project status as 'In Progress'
INFO  2016-12-27 15:42:35,609 [Worker#STA_NP] TestScripts.BaseTest - Click the Projects menu option.
INFO  2016-12-27 15:42:41,755 [Worker#STA_NP] TestScripts.BaseTest - Click the All Projects dropdown.
INFO  2016-12-27 15:42:44,833 [Worker#STA_NP] TestScripts.BaseTest - Select 'In Progress' option from the All Projects dropdown.
INFO  2016-12-27 15:42:49,881 [Worker#STA_NP] TestScripts.BaseTest - Verify the Project Name on the Projects Page.
INFO  2016-12-27 15:42:52,587 [Worker#STA_NP] TestScripts.BaseTest - Click the Project Name on the Projects Page.
INFO  2016-12-27 15:43:06,962 [Worker#STA_NP] TestScripts.BaseTest - Teardown test
INFO  2016-12-27 15:43:40,382 [Worker#STA_NP] TestScripts.BaseTest - Setup test
INFO  2016-12-27 15:44:01,012 [Worker#STA_NP] TestScripts.BaseTest - Click on the Add Project button at Projects page
INFO  2016-12-27 15:44:18,171 [Worker#STA_NP] TestScripts.BaseTest - Click the Projects menu option.
INFO  2016-12-27 15:44:24,379 [Worker#STA_NP] TestScripts.BaseTest - Click the All Projects dropdown.
INFO  2016-12-27 15:44:27,474 [Worker#STA_NP] TestScripts.BaseTest - Select I've Posted option from the All Projects dropdown.
INFO  2016-12-27 15:44:33,105 [Worker#STA_NP] TestScripts.BaseTest - Click the Project Name on the Projects Page.
INFO  2016-12-27 15:44:39,325 [Worker#STA_NP] TestScripts.BaseTest - Select Project status as 'Completed'
INFO  2016-12-27 15:44:44,530 [Worker#STA_NP] TestScripts.BaseTest - Click Mark Complete button.
INFO  2016-12-27 15:44:50,977 [Worker#STA_NP] TestScripts.BaseTest - Click the Projects menu option.
INFO  2016-12-27 15:44:57,129 [Worker#STA_NP] TestScripts.BaseTest - Click the All Projects dropdown.
INFO  2016-12-27 15:45:00,205 [Worker#STA_NP] TestScripts.BaseTest - Select 'Completed' option from the All Projects dropdown.
INFO  2016-12-27 15:45:05,256 [Worker#STA_NP] TestScripts.BaseTest - Verify the Project Name on the Projects Page.
INFO  2016-12-27 15:45:07,802 [Worker#STA_NP] TestScripts.BaseTest - Click the Project Name on the Projects Page.
INFO  2016-12-27 15:45:23,390 [Worker#STA_NP] TestScripts.BaseTest - Teardown test
INFO  2016-12-27 15:45:48,953 [Worker#STA_NP] TestScripts.BaseTest - Setup test
INFO  2016-12-27 15:46:09,349 [Worker#STA_NP] TestScripts.BaseTest - Click on the Add Project button at Projects page
INFO  2016-12-27 15:46:26,076 [Worker#STA_NP] TestScripts.BaseTest - Click the Projects menu option.
INFO  2016-12-27 15:46:32,239 [Worker#STA_NP] TestScripts.BaseTest - Click the All Projects dropdown.
INFO  2016-12-27 15:46:38,325 [Worker#STA_NP] TestScripts.BaseTest - Select I've Posted option from the All Projects dropdown.
INFO  2016-12-27 15:46:43,879 [Worker#STA_NP] TestScripts.BaseTest - Click the Project Name on the Projects Page.
INFO  2016-12-27 15:46:50,014 [Worker#STA_NP] TestScripts.BaseTest - Select Project status as 'Closed'
INFO  2016-12-27 15:46:53,305 [Worker#STA_NP] TestScripts.BaseTest - Click the Projects menu option.
INFO  2016-12-27 15:46:59,456 [Worker#STA_NP] TestScripts.BaseTest - Click the All Projects dropdown.
INFO  2016-12-27 15:47:02,560 [Worker#STA_NP] TestScripts.BaseTest - Select 'Closed' option from the All Projects dropdown.
INFO  2016-12-27 15:47:07,606 [Worker#STA_NP] TestScripts.BaseTest - Verify the Project Name on the Projects Page.
INFO  2016-12-27 15:47:10,540 [Worker#STA_NP] TestScripts.BaseTest - Click the Project Name on the Projects Page.
INFO  2016-12-27 15:47:23,425 [Worker#STA_NP] TestScripts.BaseTest - Teardown test
INFO  2016-12-27 15:48:08,789 [Worker#STA_NP] TestScripts.BaseTest - Setup test
INFO  2016-12-27 15:48:38,586 [Worker#STA_NP] TestScripts.BaseTest - Click on the Add Project button at Projects page
INFO  2016-12-27 15:49:00,721 [Worker#STA_NP] TestScripts.BaseTest - Click on the Signout button.
INFO  2016-12-27 15:49:04,272 [Worker#STA_NP] TestScripts.BaseTest - Sign in with different user.
INFO  2016-12-27 15:49:06,565 [Worker#STA_NP] TestScripts.BaseTest - Click the Projects menu option.
INFO  2016-12-27 15:49:12,715 [Worker#STA_NP] TestScripts.BaseTest - Click the All Projects dropdown.
INFO  2016-12-27 15:49:15,790 [Worker#STA_NP] TestScripts.BaseTest - Select Recruiting option from the All Projects dropdown.
INFO  2016-12-27 15:49:20,888 [Worker#STA_NP] TestScripts.BaseTest - Verify the Project Name on the Projects Page.
INFO  2016-12-27 15:49:23,450 [Worker#STA_NP] TestScripts.BaseTest - Click the Project Name on the Projects Page.
INFO  2016-12-27 15:49:28,513 [Worker#STA_NP] TestScripts.BaseTest - Verify Request To Join button doisplayed on screen.
INFO  2016-12-27 15:49:37,700 [Worker#STA_NP] TestScripts.BaseTest - Click on the Signout button.
INFO  2016-12-27 15:49:41,873 [Worker#STA_NP] TestScripts.BaseTest - Click the Projects menu option.
INFO  2016-12-27 15:49:48,000 [Worker#STA_NP] TestScripts.BaseTest - Click the All Projects dropdown.
INFO  2016-12-27 15:49:51,062 [Worker#STA_NP] TestScripts.BaseTest - Select 'Recruiting' option from the All Projects dropdown.
INFO  2016-12-27 15:49:54,680 [Worker#STA_NP] TestScripts.BaseTest - Click the Project Name on the Projects Page.
INFO  2016-12-27 15:50:07,267 [Worker#STA_NP] TestScripts.BaseTest - Teardown test
INFO  2016-12-27 15:50:41,401 [Worker#STA_NP] TestScripts.BaseTest - Setup test
INFO  2016-12-27 15:51:02,762 [Worker#STA_NP] TestScripts.BaseTest - Click on the Add Project button at Projects page
INFO  2016-12-27 15:51:19,358 [Worker#STA_NP] TestScripts.BaseTest - Click the Projects menu option.
INFO  2016-12-27 15:51:25,617 [Worker#STA_NP] TestScripts.BaseTest - Click the All Projects dropdown.
INFO  2016-12-27 15:51:28,765 [Worker#STA_NP] TestScripts.BaseTest - Select I've Posted option from the All Projects dropdown.
INFO  2016-12-27 15:51:31,619 [Worker#STA_NP] TestScripts.BaseTest - Click the Project Name on the Projects Page.
INFO  2016-12-27 15:51:35,937 [Worker#STA_NP] TestScripts.BaseTest - Select Project status as 'In Progress'
INFO  2016-12-27 15:51:45,285 [Worker#STA_NP] TestScripts.BaseTest - Click on the Signout button.
INFO  2016-12-27 15:51:49,058 [Worker#STA_NP] TestScripts.BaseTest - Sign in with different user.
INFO  2016-12-27 15:51:50,242 [Worker#STA_NP] TestScripts.BaseTest - Click the Projects menu option.
INFO  2016-12-27 15:51:56,532 [Worker#STA_NP] TestScripts.BaseTest - Click the All Projects dropdown.
INFO  2016-12-27 15:51:59,645 [Worker#STA_NP] TestScripts.BaseTest - Select In Progress option from the All Projects dropdown.
INFO  2016-12-27 15:52:05,652 [Worker#STA_NP] TestScripts.BaseTest - Click the Project Name on the Projects Page.
INFO  2016-12-27 15:52:10,757 [Worker#STA_NP] TestScripts.BaseTest - Verify Request To Join button doisplayed on screen.
INFO  2016-12-27 15:52:20,088 [Worker#STA_NP] TestScripts.BaseTest - Click on the Signout button.
INFO  2016-12-27 15:52:24,360 [Worker#STA_NP] TestScripts.BaseTest - Click the Projects menu option.
INFO  2016-12-27 15:52:30,610 [Worker#STA_NP] TestScripts.BaseTest - Click the All Projects dropdown.
INFO  2016-12-27 15:52:33,678 [Worker#STA_NP] TestScripts.BaseTest - Select 'In Progress' option from the All Projects dropdown.
INFO  2016-12-27 15:52:37,238 [Worker#STA_NP] TestScripts.BaseTest - Click the Project Name on the Projects Page.
INFO  2016-12-27 15:52:49,867 [Worker#STA_NP] TestScripts.BaseTest - Teardown test
INFO  2016-12-27 15:53:30,133 [Worker#STA_NP] TestScripts.BaseTest - Setup test
INFO  2016-12-27 15:53:51,011 [Worker#STA_NP] TestScripts.BaseTest - Click on the Add Project button at Projects page
INFO  2016-12-27 15:54:08,410 [Worker#STA_NP] TestScripts.BaseTest - Click the Projects menu option.
INFO  2016-12-27 15:54:14,645 [Worker#STA_NP] TestScripts.BaseTest - Click the All Projects dropdown.
INFO  2016-12-27 15:54:17,770 [Worker#STA_NP] TestScripts.BaseTest - Select I've Posted option from the All Projects dropdown.
INFO  2016-12-27 15:54:20,526 [Worker#STA_NP] TestScripts.BaseTest - Click the Project Name on the Projects Page.
INFO  2016-12-27 15:54:24,745 [Worker#STA_NP] TestScripts.BaseTest - Select Project status as 'Completed'
INFO  2016-12-27 15:54:27,864 [Worker#STA_NP] TestScripts.BaseTest - Click Mark Complete button.
INFO  2016-12-27 15:54:38,166 [Worker#STA_NP] TestScripts.BaseTest - Click on the Signout button.
INFO  2016-12-27 15:54:41,761 [Worker#STA_NP] TestScripts.BaseTest - Sign in with different user.
INFO  2016-12-27 15:54:43,709 [Worker#STA_NP] TestScripts.BaseTest - Click the Projects menu option.
INFO  2016-12-27 15:54:49,917 [Worker#STA_NP] TestScripts.BaseTest - Click the All Projects dropdown.
INFO  2016-12-27 15:54:54,057 [Worker#STA_NP] TestScripts.BaseTest - Select Completed option from the All Projects dropdown.
INFO  2016-12-27 15:54:57,564 [Worker#STA_NP] TestScripts.BaseTest - Click the Project Name on the Projects Page.
INFO  2016-12-27 15:55:03,122 [Worker#STA_NP] Util.UtilityHelper - Screenshot saved at: Screenshots\AutomationScreenShot_2016-12-27-15-55-02.png
INFO  2016-12-27 15:55:03,718 [Worker#STA_NP] Util.UtilityHelper - Screenshot saved at: Screenshots\RallyTeam.TestScripts.ProjectsTest.Projects_013_VerifyJoiningOptionForCompletedProject_2016-12-27-15-55-03.png
INFO  2016-12-27 15:55:03,718 [Worker#STA_NP] TestScripts.BaseTest - Teardown test
INFO  2016-12-27 15:55:36,316 [Worker#STA_NP] TestScripts.BaseTest - Setup test
INFO  2016-12-27 15:55:56,999 [Worker#STA_NP] TestScripts.BaseTest - Click on the Add Project button at Projects page
INFO  2016-12-27 15:56:13,020 [Worker#STA_NP] TestScripts.BaseTest - Click the Projects menu option.
INFO  2016-12-27 15:56:19,161 [Worker#STA_NP] TestScripts.BaseTest - Click the All Projects dropdown.
INFO  2016-12-27 15:56:22,264 [Worker#STA_NP] TestScripts.BaseTest - Select I've Posted option from the All Projects dropdown.
INFO  2016-12-27 15:56:24,934 [Worker#STA_NP] TestScripts.BaseTest - Click the Project Name on the Projects Page.
INFO  2016-12-27 15:56:29,068 [Worker#STA_NP] TestScripts.BaseTest - Select Project status as 'Closed'
INFO  2016-12-27 15:56:38,562 [Worker#STA_NP] TestScripts.BaseTest - Click on the Signout button.
INFO  2016-12-27 15:56:42,200 [Worker#STA_NP] TestScripts.BaseTest - Sign in with different user.
INFO  2016-12-27 15:56:44,478 [Worker#STA_NP] TestScripts.BaseTest - Click the Projects menu option.
INFO  2016-12-27 15:56:50,674 [Worker#STA_NP] TestScripts.BaseTest - Click the All Projects dropdown.
INFO  2016-12-27 15:56:53,812 [Worker#STA_NP] TestScripts.BaseTest - Select Closed option from the All Projects dropdown.
INFO  2016-12-27 15:56:57,618 [Worker#STA_NP] TestScripts.BaseTest - Click the Project Name on the Projects Page.
INFO  2016-12-27 15:57:03,235 [Worker#STA_NP] Util.UtilityHelper - Screenshot saved at: Screenshots\AutomationScreenShot_2016-12-27-15-57-02.png
INFO  2016-12-27 15:57:03,458 [Worker#STA_NP] Util.UtilityHelper - Screenshot saved at: Screenshots\RallyTeam.TestScripts.ProjectsTest.Projects_014_VerifyJoiningOptionForClosedProject_2016-12-27-15-57-03.png
INFO  2016-12-27 15:57:03,458 [Worker#STA_NP] TestScripts.BaseTest - Teardown test
INFO  2016-12-27 15:57:39,797 [Worker#STA_NP] TestScripts.BaseTest - Setup test
INFO  2016-12-27 15:58:00,496 [Worker#STA_NP] TestScripts.BaseTest - Click on the Add Project button at Projects page
INFO  2016-12-27 15:58:22,958 [Worker#STA_NP] TestScripts.BaseTest - Click on the Signout button.
INFO  2016-12-27 15:58:26,619 [Worker#STA_NP] TestScripts.BaseTest - Sign in with different user.
INFO  2016-12-27 15:58:29,474 [Worker#STA_NP] TestScripts.BaseTest - Click the Projects menu option.
INFO  2016-12-27 15:58:35,729 [Worker#STA_NP] TestScripts.BaseTest - Click the All Projects dropdown.
INFO  2016-12-27 15:58:38,850 [Worker#STA_NP] TestScripts.BaseTest - Select Recruiting option from the All Projects dropdown.
INFO  2016-12-27 15:58:41,471 [Worker#STA_NP] TestScripts.BaseTest - Click the Project Name on the Projects Page.
INFO  2016-12-27 15:58:45,596 [Worker#STA_NP] TestScripts.BaseTest - Click Request To Join button doisplayed on screen.
INFO  2016-12-27 15:58:49,697 [Worker#STA_NP] TestScripts.BaseTest - Verify Request Sent button doisplayed on screen.
INFO  2016-12-27 15:59:00,020 [Worker#STA_NP] TestScripts.BaseTest - Click on the Signout button.
INFO  2016-12-27 15:59:03,942 [Worker#STA_NP] TestScripts.BaseTest - Click the Projects menu option.
INFO  2016-12-27 15:59:11,117 [Worker#STA_NP] TestScripts.BaseTest - Click the All Projects dropdown.
INFO  2016-12-27 15:59:14,212 [Worker#STA_NP] TestScripts.BaseTest - Select 'Recruiting' option from the All Projects dropdown.
INFO  2016-12-27 15:59:17,738 [Worker#STA_NP] TestScripts.BaseTest - Click the Project Name on the Projects Page.
INFO  2016-12-27 15:59:30,076 [Worker#STA_NP] TestScripts.BaseTest - Teardown test
INFO  2016-12-27 15:59:52,421 [Worker#STA_NP] TestScripts.BaseTest - Setup test
INFO  2016-12-27 16:00:12,845 [Worker#STA_NP] TestScripts.BaseTest - Click on the Add Project button at Projects page
INFO  2016-12-27 16:00:29,953 [Worker#STA_NP] TestScripts.BaseTest - Click the Projects menu option.
INFO  2016-12-27 16:00:36,184 [Worker#STA_NP] TestScripts.BaseTest - Click the All Projects dropdown.
INFO  2016-12-27 16:00:39,278 [Worker#STA_NP] TestScripts.BaseTest - Select I've Posted option from the All Projects dropdown.
INFO  2016-12-27 16:00:43,004 [Worker#STA_NP] TestScripts.BaseTest - Click the Project Name on the Projects Page.
INFO  2016-12-27 16:00:47,281 [Worker#STA_NP] TestScripts.BaseTest - Select Project status as 'In Progress'
INFO  2016-12-27 16:00:56,722 [Worker#STA_NP] TestScripts.BaseTest - Click on the Signout button.
INFO  2016-12-27 16:01:00,333 [Worker#STA_NP] TestScripts.BaseTest - Sign in with different user.
INFO  2016-12-27 16:01:01,756 [Worker#STA_NP] TestScripts.BaseTest - Click the Projects menu option.
INFO  2016-12-27 16:01:07,940 [Worker#STA_NP] TestScripts.BaseTest - Click the All Projects dropdown.
INFO  2016-12-27 16:01:11,085 [Worker#STA_NP] TestScripts.BaseTest - Select In Progress option from the All Projects dropdown.
INFO  2016-12-27 16:01:13,566 [Worker#STA_NP] TestScripts.BaseTest - Click the Project Name on the Projects Page.
INFO  2016-12-27 16:01:17,707 [Worker#STA_NP] TestScripts.BaseTest - Click Request To Join button doisplayed on screen.
INFO  2016-12-27 16:01:22,623 [Worker#STA_NP] TestScripts.BaseTest - Verify Request Sent button doisplayed on screen.
INFO  2016-12-27 16:01:33,917 [Worker#STA_NP] TestScripts.BaseTest - Click on the Signout button.
INFO  2016-12-27 16:01:38,738 [Worker#STA_NP] TestScripts.BaseTest - Click the Projects menu option.
INFO  2016-12-27 16:01:44,974 [Worker#STA_NP] TestScripts.BaseTest - Click the All Projects dropdown.
INFO  2016-12-27 16:01:48,070 [Worker#STA_NP] TestScripts.BaseTest - Select 'In Progress' option from the All Projects dropdown.
INFO  2016-12-27 16:01:51,582 [Worker#STA_NP] TestScripts.BaseTest - Click the Project Name on the Projects Page.
INFO  2016-12-27 16:02:03,956 [Worker#STA_NP] TestScripts.BaseTest - Teardown test
INFO  2016-12-27 16:02:30,124 [Worker#STA_NP] TestScripts.BaseTest - Setup test
INFO  2016-12-27 16:02:50,926 [Worker#STA_NP] TestScripts.BaseTest - Click on the Add Project button at Projects page
INFO  2016-12-27 16:03:08,037 [Worker#STA_NP] TestScripts.BaseTest - Click the Projects menu option.
INFO  2016-12-27 16:03:14,283 [Worker#STA_NP] TestScripts.BaseTest - Click the All Projects dropdown.
INFO  2016-12-27 16:03:17,392 [Worker#STA_NP] TestScripts.BaseTest - Select I've Posted option from the All Projects dropdown.
INFO  2016-12-27 16:03:19,972 [Worker#STA_NP] TestScripts.BaseTest - Click the Project Name on the Projects Page.
INFO  2016-12-27 16:03:24,172 [Worker#STA_NP] TestScripts.BaseTest - Select Project status as 'In Progress'
INFO  2016-12-27 16:03:27,540 [Worker#STA_NP] TestScripts.BaseTest - Click the Projects menu option.
INFO  2016-12-27 16:03:33,803 [Worker#STA_NP] TestScripts.BaseTest - Click the All Projects dropdown.
INFO  2016-12-27 16:03:36,941 [Worker#STA_NP] TestScripts.BaseTest - Select 'In Progress' option from the All Projects dropdown.
INFO  2016-12-27 16:03:38,974 [Worker#STA_NP] TestScripts.BaseTest - Verify the Project Name on the Projects Page.
INFO  2016-12-27 16:03:41,572 [Worker#STA_NP] TestScripts.BaseTest - Click the Project Name on the Projects Page.
INFO  2016-12-27 16:03:54,225 [Worker#STA_NP] TestScripts.BaseTest - Teardown test
INFO  2016-12-27 16:04:23,596 [Worker#STA_NP] TestScripts.BaseTest - Setup test
INFO  2016-12-27 16:04:43,990 [Worker#STA_NP] TestScripts.BaseTest - Click on the Add Project button at Projects page
INFO  2016-12-27 16:05:06,448 [Worker#STA_NP] TestScripts.BaseTest - Click on the Signout button.
INFO  2016-12-27 16:05:10,173 [Worker#STA_NP] TestScripts.BaseTest - Sign in with different user.
INFO  2016-12-27 16:05:11,884 [Worker#STA_NP] TestScripts.BaseTest - Click the Projects menu option.
INFO  2016-12-27 16:05:18,001 [Worker#STA_NP] TestScripts.BaseTest - Click the All Projects dropdown.
INFO  2016-12-27 16:05:21,177 [Worker#STA_NP] TestScripts.BaseTest - Select Recruiting option from the All Projects dropdown.
INFO  2016-12-27 16:05:23,716 [Worker#STA_NP] TestScripts.BaseTest - Click the Project Name on the Projects Page.
INFO  2016-12-27 16:05:27,829 [Worker#STA_NP] TestScripts.BaseTest - Click Request To Join button doisplayed on screen.
INFO  2016-12-27 16:05:38,107 [Worker#STA_NP] TestScripts.BaseTest - Click on the Signout button.
INFO  2016-12-27 16:05:42,214 [Worker#STA_NP] TestScripts.BaseTest - Click the Projects menu option.
INFO  2016-12-27 16:05:48,323 [Worker#STA_NP] TestScripts.BaseTest - Click the All Projects dropdown.
INFO  2016-12-27 16:05:51,463 [Worker#STA_NP] TestScripts.BaseTest - Select 'Recruiting' option from the All Projects dropdown.
INFO  2016-12-27 16:05:55,979 [Worker#STA_NP] TestScripts.BaseTest - Click the Project Name on the Projects Page.
INFO  2016-12-27 16:06:00,794 [Worker#STA_NP] TestScripts.BaseTest - Click the Requested Member of the Project.
INFO  2016-12-27 16:06:07,011 [Worker#STA_NP] TestScripts.BaseTest - Accept the Requested member.
INFO  2016-12-27 16:06:17,175 [Worker#STA_NP] TestScripts.BaseTest - Click on the Signout button.
INFO  2016-12-27 16:06:19,824 [Worker#STA_NP] Util.UtilityHelper - Screenshot saved at: Screenshots\RallyTeam.TestScripts.ProjectsTest.Projects_020_VerifyLeaveProjectOption_2016-12-27-16-06-19.png
INFO  2016-12-27 16:06:19,824 [Worker#STA_NP] TestScripts.BaseTest - Teardown test
INFO  2016-12-27 16:06:45,737 [Worker#STA_NP] TestScripts.BaseTest - Setup test
INFO  2016-12-27 16:07:06,228 [Worker#STA_NP] TestScripts.BaseTest - Click on the Add Project button at Projects page
INFO  2016-12-27 16:07:23,202 [Worker#STA_NP] TestScripts.BaseTest - Verify the Project Created successful message.
INFO  2016-12-27 16:07:34,800 [Worker#STA_NP] TestScripts.BaseTest - Teardown test
INFO  2016-12-27 16:07:57,654 [Worker#STA_NP] TestScripts.BaseTest - Setup test
INFO  2016-12-27 16:08:18,376 [Worker#STA_NP] TestScripts.BaseTest - Click on the Add Project button at Projects page
INFO  2016-12-27 16:08:35,176 [Worker#STA_NP] TestScripts.BaseTest - Verify About tab on the created Project page.
INFO  2016-12-27 16:08:38,228 [Worker#STA_NP] TestScripts.BaseTest - Verify Discussion tab on the created Project page.
INFO  2016-12-27 16:08:41,320 [Worker#STA_NP] TestScripts.BaseTest - Verify Tasks tab on the created Project page.
INFO  2016-12-27 16:08:44,415 [Worker#STA_NP] TestScripts.BaseTest - Verify Files tab on the created Project page.
INFO  2016-12-27 16:08:47,468 [Worker#STA_NP] TestScripts.BaseTest - Verify Add member icon on the created Project page.
INFO  2016-12-27 16:08:50,570 [Worker#STA_NP] TestScripts.BaseTest - Verify Share project icon on the created Project page.
INFO  2016-12-27 16:08:53,666 [Worker#STA_NP] TestScripts.BaseTest - Verify Delete project icon on the created Project page.
INFO  2016-12-27 16:08:56,753 [Worker#STA_NP] TestScripts.BaseTest - Verify Start Date field on the created Project page.
INFO  2016-12-27 16:08:59,799 [Worker#STA_NP] TestScripts.BaseTest - Verify Due Date field on the created Project page.
INFO  2016-12-27 16:09:02,846 [Worker#STA_NP] TestScripts.BaseTest - Verify Status field on the created Project page.
INFO  2016-12-27 16:09:05,936 [Worker#STA_NP] TestScripts.BaseTest - Verify Location field on the created Project page.
INFO  2016-12-27 16:09:08,977 [Worker#STA_NP] TestScripts.BaseTest - Verify Group field on the created Project page.
INFO  2016-12-27 16:09:12,073 [Worker#STA_NP] TestScripts.BaseTest - Verify Event field on the created Project page.
INFO  2016-12-27 16:09:15,119 [Worker#STA_NP] TestScripts.BaseTest - Verify Reward field on the created Project page.
INFO  2016-12-27 16:09:18,161 [Worker#STA_NP] TestScripts.BaseTest - Verify Owner field on the created Project page.
INFO  2016-12-27 16:09:21,210 [Worker#STA_NP] TestScripts.BaseTest - Verify GitHub field on the created Project page.
INFO  2016-12-27 16:09:24,257 [Worker#STA_NP] TestScripts.BaseTest - Verify Mark Complete on the created Project page.
INFO  2016-12-27 16:09:35,802 [Worker#STA_NP] TestScripts.BaseTest - Teardown test
INFO  2016-12-27 16:10:00,409 [Worker#STA_NP] TestScripts.BaseTest - Setup test
INFO  2016-12-27 16:10:21,300 [Worker#STA_NP] TestScripts.BaseTest - Click on the Add Project button at Projects page
INFO  2016-12-27 16:10:43,526 [Worker#STA_NP] TestScripts.BaseTest - Click on the Signout button.
INFO  2016-12-27 16:10:47,031 [Worker#STA_NP] TestScripts.BaseTest - Sign in with different user.
INFO  2016-12-27 16:10:48,226 [Worker#STA_NP] TestScripts.BaseTest - Click the Projects menu option.
INFO  2016-12-27 16:10:54,435 [Worker#STA_NP] TestScripts.BaseTest - Click the All Projects dropdown.
INFO  2016-12-27 16:10:57,542 [Worker#STA_NP] TestScripts.BaseTest - Select Recruiting option from the All Projects dropdown.
INFO  2016-12-27 16:11:03,126 [Worker#STA_NP] TestScripts.BaseTest - Click the Project Name on the Projects Page.
INFO  2016-12-27 16:11:09,197 [Worker#STA_NP] TestScripts.BaseTest - Verify Request To Join button doisplayed on screen.
INFO  2016-12-27 16:11:18,572 [Worker#STA_NP] TestScripts.BaseTest - Click on the Signout button.
INFO  2016-12-27 16:11:22,881 [Worker#STA_NP] TestScripts.BaseTest - Click the Projects menu option.
INFO  2016-12-27 16:11:29,031 [Worker#STA_NP] TestScripts.BaseTest - Click the All Projects dropdown.
INFO  2016-12-27 16:11:32,131 [Worker#STA_NP] TestScripts.BaseTest - Select 'Recruiting' option from the All Projects dropdown.
INFO  2016-12-27 16:11:35,662 [Worker#STA_NP] TestScripts.BaseTest - Click the Project Name on the Projects Page.
INFO  2016-12-27 16:11:49,030 [Worker#STA_NP] TestScripts.BaseTest - Teardown test
INFO  2016-12-27 16:12:20,112 [Worker#STA_NP] TestScripts.BaseTest - Setup test
INFO  2016-12-27 16:12:40,674 [Worker#STA_NP] TestScripts.BaseTest - Click on the Add Project button at Projects page
INFO  2016-12-27 16:13:03,395 [Worker#STA_NP] TestScripts.BaseTest - Click on the Signout button.
INFO  2016-12-27 16:13:07,123 [Worker#STA_NP] TestScripts.BaseTest - Sign in with different user.
INFO  2016-12-27 16:13:09,911 [Worker#STA_NP] TestScripts.BaseTest - Click the Projects menu option.
INFO  2016-12-27 16:13:16,140 [Worker#STA_NP] TestScripts.BaseTest - Click the All Projects dropdown.
INFO  2016-12-27 16:13:19,275 [Worker#STA_NP] TestScripts.BaseTest - Select Recruiting option from the All Projects dropdown.
INFO  2016-12-27 16:13:21,905 [Worker#STA_NP] TestScripts.BaseTest - Click the Project Name on the Projects Page.
INFO  2016-12-27 16:13:26,141 [Worker#STA_NP] TestScripts.BaseTest - Click Request To Join button doisplayed on screen.
INFO  2016-12-27 16:13:36,480 [Worker#STA_NP] TestScripts.BaseTest - Click on the Signout button.
INFO  2016-12-27 16:13:40,359 [Worker#STA_NP] TestScripts.BaseTest - Click the Projects menu option.
INFO  2016-12-27 16:13:46,522 [Worker#STA_NP] TestScripts.BaseTest - Click the All Projects dropdown.
INFO  2016-12-27 16:13:50,614 [Worker#STA_NP] TestScripts.BaseTest - Select 'Recruiting' option from the All Projects dropdown.
INFO  2016-12-27 16:13:54,781 [Worker#STA_NP] TestScripts.BaseTest - Click the Project Name on the Projects Page.
INFO  2016-12-27 16:14:00,085 [Worker#STA_NP] TestScripts.BaseTest - Click the Requested Member of the Project.
INFO  2016-12-27 16:14:06,354 [Worker#STA_NP] TestScripts.BaseTest - Accept the Requested member.
INFO  2016-12-27 16:14:16,528 [Worker#STA_NP] TestScripts.BaseTest - Click on the Signout button.
INFO  2016-12-27 16:14:18,910 [Worker#STA_NP] Util.UtilityHelper - Screenshot saved at: Screenshots\RallyTeam.TestScripts.ProjectsTest.Projects_034_VerifyShareLeaveProjectForMember_2016-12-27-16-14-18.png
INFO  2016-12-27 16:14:18,910 [Worker#STA_NP] TestScripts.BaseTest - Teardown test
INFO  2016-12-27 16:14:45,618 [Worker#STA_NP] TestScripts.BaseTest - Setup test
INFO  2016-12-27 16:15:06,130 [Worker#STA_NP] TestScripts.BaseTest - Click on the Add Project button at Projects page
INFO  2016-12-27 16:15:25,703 [Worker#STA_NP] TestScripts.BaseTest - Click the Add member icon for the Project.
INFO  2016-12-27 16:15:34,057 [Worker#STA_NP] TestScripts.BaseTest - Verify the Add Project Member window fields.
INFO  2016-12-27 16:15:37,608 [Worker#STA_NP] TestScripts.BaseTest - Click the Add Project Member window close icon.
INFO  2016-12-27 16:15:46,928 [Worker#STA_NP] TestScripts.BaseTest - Teardown test
INFO  2016-12-27 16:16:11,685 [Worker#STA_NP] TestScripts.BaseTest - Setup test
INFO  2016-12-27 16:16:32,454 [Worker#STA_NP] TestScripts.BaseTest - Click on the Add Project button at Projects page
INFO  2016-12-27 16:16:52,520 [Worker#STA_NP] TestScripts.BaseTest - Click the Add member icon for the Project.
INFO  2016-12-27 16:37:25,129 [Worker#STA_NP] Util.UtilityHelper - Screenshot saved at: Screenshots\AutomationScreenShot_2016-12-27-16-37-04.png
ERROR 2016-12-27 16:37:25,494 [Worker#STA_NP] Util.DriverExtender - OpenQA.Selenium.WebDriverException: The HTTP request to the remote WebDriver server for URL http://localhost:60200/session/459013960f1cb9ce433636f6f4d633cc/element timed out after 60 seconds. ---> System.Net.WebException: The request was aborted: The operation has timed out.
   at System.Net.HttpWebRequest.GetResponse()
   at OpenQA.Selenium.Remote.HttpCommandExecutor.CreateResponse(WebRequest request)
   --- End of inner exception stack trace ---
   at OpenQA.Selenium.Remote.HttpCommandExecutor.CreateResponse(WebRequest request)
   at OpenQA.Selenium.Remote.HttpCommandExecutor.Execute(Command commandToExecute)
   at OpenQA.Selenium.Remote.DriverServiceCommandExecutor.Execute(Command commandToExecute)
   at OpenQA.Selenium.Remote.RemoteWebDriver.Execute(String driverCommandToExecute, Dictionary`2 parameters)
   at OpenQA.Selenium.Remote.RemoteWebDriver.FindElement(String mechanism, String value)
   at OpenQA.Selenium.Remote.RemoteWebDriver.FindElementByXPath(String xpath)
   at OpenQA.Selenium.By.<XPath>c__AnonStorey3.<>m__0(ISearchContext context)
   at OpenQA.Selenium.By.FindElement(ISearchContext context)
   at OpenQA.Selenium.Remote.RemoteWebDriver.FindElement(By by)
   at OpenQA.Selenium.Support.UI.ExpectedConditions.<>c__DisplayClass13.<ElementIsVisible>b__12(IWebDriver driver)
   at OpenQA.Selenium.Support.UI.DefaultWait`1.Until[TResult](Func`2 condition)
   at RallyTeam.Util.DriverExtender.SafeClick(IWebDriver driver, By locator) in F:\Automation_SeleniumCSharp\RallyTeam\RallyTeamAutomation\RallyTeamAutomation\Util\DriverExtender.cs:line 395
INFO  2016-12-27 16:37:26,981 [Worker#STA_NP] Util.UtilityHelper - Screenshot saved at: Screenshots\RallyTeam.TestScripts.ProjectsTest.Projects_036_AddMemberToProject_2016-12-27-16-37-25.png
INFO  2016-12-27 16:37:26,981 [Worker#STA_NP] TestScripts.BaseTest - Teardown test
INFO  2016-12-27 16:39:04,899 [Worker#STA_NP] TestScripts.BaseTest - Setup test
INFO  2016-12-27 16:39:42,318 [Worker#STA_NP] TestScripts.BaseTest - Click on the Add Project button at Projects page
INFO  2016-12-27 16:40:02,386 [Worker#STA_NP] TestScripts.BaseTest - Click the Add member icon for the Project.
INFO  2016-12-27 16:40:23,220 [Worker#STA_NP] TestScripts.BaseTest - Click the Add Project Member window Done button.
INFO  2016-12-27 16:40:29,231 [Worker#STA_NP] TestScripts.BaseTest - Verified Project member added confirmation message.
INFO  2016-12-27 16:40:42,333 [Worker#STA_NP] TestScripts.BaseTest - Teardown test
INFO  2016-12-27 16:41:16,887 [Worker#STA_NP] TestScripts.BaseTest - Setup test
INFO  2016-12-27 16:41:47,324 [Worker#STA_NP] TestScripts.BaseTest - Click on the Add Project button at Projects page
INFO  2016-12-27 16:42:08,128 [Worker#STA_NP] TestScripts.BaseTest - Click the Add member icon for the Project.
INFO  2016-12-27 16:44:18,438 [Worker#STA_NP] Util.UtilityHelper - Screenshot saved at: Screenshots\AutomationScreenShot_2016-12-27-16-44-17.png
ERROR 2016-12-27 16:44:18,438 [Worker#STA_NP] Util.DriverExtender - OpenQA.Selenium.WebDriverTimeoutException: Timed out after 120 seconds ---> OpenQA.Selenium.NoSuchElementException: no such element: Unable to locate element: {"method":"xpath","selector":"//ul[contains(@class, 'suggestion-list')]//span[contains(text(), 'Hui Wang')]"}
  (Session info: chrome=55.0.2883.87)
  (Driver info: chromedriver=2.24.417431 (9aea000394714d2fbb20850021f6204f2256b9cf),platform=Windows NT 6.3.9600 x86_64)
   at OpenQA.Selenium.Remote.RemoteWebDriver.UnpackAndThrowOnError(Response errorResponse)
   at OpenQA.Selenium.Remote.RemoteWebDriver.Execute(String driverCommandToExecute, Dictionary`2 parameters)
   at OpenQA.Selenium.Remote.RemoteWebDriver.FindElement(String mechanism, String value)
   at OpenQA.Selenium.Remote.RemoteWebDriver.FindElementByXPath(String xpath)
   at OpenQA.Selenium.By.<XPath>c__AnonStorey3.<>m__0(ISearchContext context)
   at OpenQA.Selenium.By.FindElement(ISearchContext context)
   at OpenQA.Selenium.Remote.RemoteWebDriver.FindElement(By by)
   at OpenQA.Selenium.Support.UI.ExpectedConditions.<>c__DisplayClass13.<ElementIsVisible>b__12(IWebDriver driver)
   at OpenQA.Selenium.Support.UI.DefaultWait`1.Until[TResult](Func`2 condition)
   --- End of inner exception stack trace ---
   at OpenQA.Selenium.Support.UI.DefaultWait`1.ThrowTimeoutException(String exceptionMessage, Exception lastException)
   at OpenQA.Selenium.Support.UI.DefaultWait`1.Until[TResult](Func`2 condition)
   at RallyTeam.Util.DriverExtender.SafeClick(IWebDriver driver, By locator) in F:\Automation_SeleniumCSharp\RallyTeam\RallyTeamAutomation\RallyTeamAutomation\Util\DriverExtender.cs:line 395
INFO  2016-12-27 16:44:18,741 [Worker#STA_NP] Util.UtilityHelper - Screenshot saved at: Screenshots\RallyTeam.TestScripts.ProjectsTest.Projects_039_ClickRemoveMemberAndVerify_2016-12-27-16-44-18.png
INFO  2016-12-27 16:44:18,741 [Worker#STA_NP] TestScripts.BaseTest - Teardown test
INFO  2016-12-27 16:44:56,773 [Worker#STA_NP] TestScripts.BaseTest - Setup test
INFO  2016-12-27 16:45:22,356 [Worker#STA_NP] TestScripts.BaseTest - Click on the Add Project button at Projects page
INFO  2016-12-27 16:45:44,950 [Worker#STA_NP] TestScripts.BaseTest - Click the Add member icon for the Project.
INFO  2016-12-27 16:47:54,292 [Worker#STA_NP] Util.UtilityHelper - Screenshot saved at: Screenshots\AutomationScreenShot_2016-12-27-16-47-53.png
ERROR 2016-12-27 16:47:54,292 [Worker#STA_NP] Util.DriverExtender - OpenQA.Selenium.WebDriverTimeoutException: Timed out after 120 seconds ---> OpenQA.Selenium.NoSuchElementException: no such element: Unable to locate element: {"method":"xpath","selector":"//ul[contains(@class, 'suggestion-list')]//span[contains(text(), 'Hui Wang')]"}
  (Session info: chrome=55.0.2883.87)
  (Driver info: chromedriver=2.24.417431 (9aea000394714d2fbb20850021f6204f2256b9cf),platform=Windows NT 6.3.9600 x86_64)
   at OpenQA.Selenium.Remote.RemoteWebDriver.UnpackAndThrowOnError(Response errorResponse)
   at OpenQA.Selenium.Remote.RemoteWebDriver.Execute(String driverCommandToExecute, Dictionary`2 parameters)
   at OpenQA.Selenium.Remote.RemoteWebDriver.FindElement(String mechanism, String value)
   at OpenQA.Selenium.Remote.RemoteWebDriver.FindElementByXPath(String xpath)
   at OpenQA.Selenium.By.<XPath>c__AnonStorey3.<>m__0(ISearchContext context)
   at OpenQA.Selenium.By.FindElement(ISearchContext context)
   at OpenQA.Selenium.Remote.RemoteWebDriver.FindElement(By by)
   at OpenQA.Selenium.Support.UI.ExpectedConditions.<>c__DisplayClass13.<ElementIsVisible>b__12(IWebDriver driver)
   at OpenQA.Selenium.Support.UI.DefaultWait`1.Until[TResult](Func`2 condition)
   --- End of inner exception stack trace ---
   at OpenQA.Selenium.Support.UI.DefaultWait`1.ThrowTimeoutException(String exceptionMessage, Exception lastException)
   at OpenQA.Selenium.Support.UI.DefaultWait`1.Until[TResult](Func`2 condition)
   at RallyTeam.Util.DriverExtender.SafeClick(IWebDriver driver, By locator) in F:\Automation_SeleniumCSharp\RallyTeam\RallyTeamAutomation\RallyTeamAutomation\Util\DriverExtender.cs:line 395
INFO  2016-12-27 16:47:54,557 [Worker#STA_NP] Util.UtilityHelper - Screenshot saved at: Screenshots\RallyTeam.TestScripts.ProjectsTest.Projects_040_ClickRemoveMemberNoBtn_2016-12-27-16-47-54.png
INFO  2016-12-27 16:47:54,557 [Worker#STA_NP] TestScripts.BaseTest - Teardown test
INFO  2016-12-27 16:48:34,184 [Worker#STA_NP] TestScripts.BaseTest - Setup test
INFO  2016-12-27 16:49:08,266 [Worker#STA_NP] TestScripts.BaseTest - Click on the Add Project button at Projects page
INFO  2016-12-27 16:49:29,179 [Worker#STA_NP] TestScripts.BaseTest - Click the Add member icon for the Project.
INFO  2016-12-27 16:51:38,835 [Worker#STA_NP] Util.UtilityHelper - Screenshot saved at: Screenshots\AutomationScreenShot_2016-12-27-16-51-38.png
ERROR 2016-12-27 16:51:38,836 [Worker#STA_NP] Util.DriverExtender - OpenQA.Selenium.WebDriverTimeoutException: Timed out after 120 seconds ---> OpenQA.Selenium.NoSuchElementException: no such element: Unable to locate element: {"method":"xpath","selector":"//ul[contains(@class, 'suggestion-list')]//span[contains(text(), 'Hui Wang')]"}
  (Session info: chrome=55.0.2883.87)
  (Driver info: chromedriver=2.24.417431 (9aea000394714d2fbb20850021f6204f2256b9cf),platform=Windows NT 6.3.9600 x86_64)
   at OpenQA.Selenium.Remote.RemoteWebDriver.UnpackAndThrowOnError(Response errorResponse)
   at OpenQA.Selenium.Remote.RemoteWebDriver.Execute(String driverCommandToExecute, Dictionary`2 parameters)
   at OpenQA.Selenium.Remote.RemoteWebDriver.FindElement(String mechanism, String value)
   at OpenQA.Selenium.Remote.RemoteWebDriver.FindElementByXPath(String xpath)
   at OpenQA.Selenium.By.<XPath>c__AnonStorey3.<>m__0(ISearchContext context)
   at OpenQA.Selenium.By.FindElement(ISearchContext context)
   at OpenQA.Selenium.Remote.RemoteWebDriver.FindElement(By by)
   at OpenQA.Selenium.Support.UI.ExpectedConditions.<>c__DisplayClass13.<ElementIsVisible>b__12(IWebDriver driver)
   at OpenQA.Selenium.Support.UI.DefaultWait`1.Until[TResult](Func`2 condition)
   --- End of inner exception stack trace ---
   at OpenQA.Selenium.Support.UI.DefaultWait`1.ThrowTimeoutException(String exceptionMessage, Exception lastException)
   at OpenQA.Selenium.Support.UI.DefaultWait`1.Until[TResult](Func`2 condition)
   at RallyTeam.Util.DriverExtender.SafeClick(IWebDriver driver, By locator) in F:\Automation_SeleniumCSharp\RallyTeam\RallyTeamAutomation\RallyTeamAutomation\Util\DriverExtender.cs:line 395
INFO  2016-12-27 16:51:39,137 [Worker#STA_NP] Util.UtilityHelper - Screenshot saved at: Screenshots\RallyTeam.TestScripts.ProjectsTest.Projects_041_ClickRemoveMemberYesBtn_2016-12-27-16-51-38.png
INFO  2016-12-27 16:51:39,137 [Worker#STA_NP] TestScripts.BaseTest - Teardown test
INFO  2016-12-27 16:52:49,701 [Worker#STA_NP] TestScripts.BaseTest - Setup test
INFO  2016-12-27 16:59:47,598 [Worker#STA_NP] TestScripts.BaseTest - Click on the Add Project button at Projects page
INFO  2016-12-27 17:00:07,627 [Worker#STA_NP] TestScripts.BaseTest - Edit the Project Name.
INFO  2016-12-27 17:00:11,271 [Worker#STA_NP] TestScripts.BaseTest - Edit the Start Date.
INFO  2016-12-27 17:00:14,961 [Worker#STA_NP] TestScripts.BaseTest - Edit the Due Date.
INFO  2016-12-27 17:00:18,551 [Worker#STA_NP] TestScripts.BaseTest - Edit the Project Owner.
INFO  2016-12-27 17:00:26,282 [Worker#STA_NP] TestScripts.BaseTest - Click on the Signout button.
INFO  2016-12-27 17:00:35,822 [Worker#STA_NP] TestScripts.BaseTest - Sign in with different user.
INFO  2016-12-27 17:00:39,038 [Worker#STA_NP] TestScripts.BaseTest - Click the Projects menu option.
INFO  2016-12-27 17:00:45,345 [Worker#STA_NP] TestScripts.BaseTest - Click the All Projects dropdown.
INFO  2016-12-27 17:00:48,544 [Worker#STA_NP] TestScripts.BaseTest - Select Recruiting option from the All Projects dropdown.
INFO  2016-12-27 17:00:51,392 [Worker#STA_NP] TestScripts.BaseTest - Click the Project Name on the Projects Page.
INFO  2016-12-27 17:02:59,350 [Worker#STA_NP] Util.UtilityHelper - Screenshot saved at: Screenshots\AutomationScreenShot_2016-12-27-17-02-58.png
ERROR 2016-12-27 17:02:59,351 [Worker#STA_NP] Util.DriverExtender - OpenQA.Selenium.WebDriverTimeoutException: Timed out after 120 seconds ---> OpenQA.Selenium.NoSuchElementException: no such element: Unable to locate element: {"method":"xpath","selector":"//li[3]/a/div/i"}
  (Session info: chrome=55.0.2883.87)
  (Driver info: chromedriver=2.24.417431 (9aea000394714d2fbb20850021f6204f2256b9cf),platform=Windows NT 6.3.9600 x86_64)
   at OpenQA.Selenium.Remote.RemoteWebDriver.UnpackAndThrowOnError(Response errorResponse)
   at OpenQA.Selenium.Remote.RemoteWebDriver.Execute(String driverCommandToExecute, Dictionary`2 parameters)
   at OpenQA.Selenium.Remote.RemoteWebDriver.FindElement(String mechanism, String value)
   at OpenQA.Selenium.Remote.RemoteWebDriver.FindElementByXPath(String xpath)
   at OpenQA.Selenium.By.<XPath>c__AnonStorey3.<>m__0(ISearchContext context)
   at OpenQA.Selenium.By.FindElement(ISearchContext context)
   at OpenQA.Selenium.Remote.RemoteWebDriver.FindElement(By by)
   at OpenQA.Selenium.Support.UI.ExpectedConditions.<>c__DisplayClass13.<ElementIsVisible>b__12(IWebDriver driver)
   at OpenQA.Selenium.Support.UI.DefaultWait`1.Until[TResult](Func`2 condition)
   --- End of inner exception stack trace ---
   at OpenQA.Selenium.Support.UI.DefaultWait`1.ThrowTimeoutException(String exceptionMessage, Exception lastException)
   at OpenQA.Selenium.Support.UI.DefaultWait`1.Until[TResult](Func`2 condition)
   at RallyTeam.Util.DriverExtender.SafeClick(IWebDriver driver, By locator) in F:\Automation_SeleniumCSharp\RallyTeam\RallyTeamAutomation\RallyTeamAutomation\Util\DriverExtender.cs:line 395
INFO  2016-12-27 17:02:59,658 [Worker#STA_NP] Util.UtilityHelper - Screenshot saved at: Screenshots\RallyTeam.TestScripts.ProjectsTest.Projects_042_EditProject_2016-12-27-17-02-59.png
INFO  2016-12-27 17:02:59,658 [Worker#STA_NP] TestScripts.BaseTest - Teardown test
INFO  2016-12-27 17:03:48,885 [Worker#STA_NP] TestScripts.BaseTest - Setup test
INFO  2016-12-27 17:04:10,892 [Worker#STA_NP] TestScripts.BaseTest - Click on the Add Project button at Projects page
INFO  2016-12-27 17:06:32,584 [Worker#STA_NP] Util.UtilityHelper - Screenshot saved at: Screenshots\AutomationScreenShot_2016-12-27-17-06-32.png
ERROR 2016-12-27 17:06:32,584 [Worker#STA_NP] Util.AssertHelper - Expected element (By.XPath: //div[contains(@class, 'modal-content')]//h1[text()='Are you sure you want to delete this project?']) to be displayed but did not.
INFO  2016-12-27 17:06:32,891 [Worker#STA_NP] Util.UtilityHelper - Screenshot saved at: Screenshots\RallyTeam.TestScripts.ProjectsTest.Projects_043_ClickDeleteProjectAndVerify_2016-12-27-17-06-32.png
INFO  2016-12-27 17:06:32,891 [Worker#STA_NP] TestScripts.BaseTest - Teardown test
INFO  2016-12-27 17:07:03,638 [Worker#STA_NP] TestScripts.BaseTest - Setup test
INFO  2016-12-27 17:07:25,633 [Worker#STA_NP] TestScripts.BaseTest - Click on the Add Project button at Projects page
INFO  2016-12-27 17:07:47,079 [Worker#STA_NP] TestScripts.BaseTest - Click the Delete Group Member Window No button.
INFO  2016-12-27 17:07:51,649 [Worker#STA_NP] TestScripts.BaseTest - Click the Projects menu option.
INFO  2016-12-27 17:07:57,868 [Worker#STA_NP] TestScripts.BaseTest - Click the All Projects dropdown.
INFO  2016-12-27 17:08:00,993 [Worker#STA_NP] TestScripts.BaseTest - Select I've Posted option from the All Projects dropdown.
INFO  2016-12-27 17:08:03,056 [Worker#STA_NP] TestScripts.BaseTest - Verify the Project Name on the Projects Page is still displayed.
INFO  2016-12-27 17:08:05,978 [Worker#STA_NP] TestScripts.BaseTest - Click the Project Name on the Projects Page.
INFO  2016-12-27 17:08:18,633 [Worker#STA_NP] TestScripts.BaseTest - Teardown test
INFO  2016-12-27 17:08:50,480 [Worker#STA_NP] TestScripts.BaseTest - Setup test
INFO  2016-12-27 17:09:13,063 [Worker#STA_NP] TestScripts.BaseTest - Click on the Add Project button at Projects page
INFO  2016-12-27 17:09:34,309 [Worker#STA_NP] TestScripts.BaseTest - Click the Delete Group Member Window Yes button.
INFO  2016-12-27 17:09:38,442 [Worker#STA_NP] TestScripts.BaseTest - Click the Projects menu option.
INFO  2016-12-27 17:09:44,673 [Worker#STA_NP] TestScripts.BaseTest - Click the All Projects dropdown.
INFO  2016-12-27 17:09:47,783 [Worker#STA_NP] TestScripts.BaseTest - Select I've Posted option from the All Projects dropdown.
INFO  2016-12-27 17:11:49,843 [Worker#STA_NP] TestScripts.BaseTest - Verify the Project Name on the Projects Page is not displayed.
INFO  2016-12-27 17:11:51,845 [Worker#STA_NP] TestScripts.BaseTest - Teardown test
INFO  2016-12-27 17:12:26,901 [Worker#STA_NP] TestScripts.BaseTest - Setup test
INFO  2016-12-27 17:12:43,432 [Worker#STA_NP] TestScripts.BaseTest - Click on the Add Project button at Projects page
INFO  2016-12-27 17:12:49,938 [Worker#STA_NP] TestScripts.BaseTest - Verify the Name required error message
INFO  2016-12-27 17:12:53,024 [Worker#STA_NP] TestScripts.BaseTest - Verify the Desc required error message
INFO  2016-12-27 17:12:55,422 [Worker#STA_NP] TestScripts.BaseTest - Click on Cancel button.
INFO  2016-12-27 17:12:57,424 [Worker#STA_NP] TestScripts.BaseTest - Teardown test
INFO  2016-12-27 17:13:27,575 [Worker#STA_NP] TestScripts.BaseTest - Setup test
INFO  2016-12-27 17:13:43,918 [Worker#STA_NP] TestScripts.BaseTest - Click on the Add Project button at Projects page
INFO  2016-12-27 17:13:53,865 [Worker#STA_NP] TestScripts.BaseTest - Verify the Name required error message
INFO  2016-12-27 17:13:56,314 [Worker#STA_NP] TestScripts.BaseTest - Click on Cancel button.
INFO  2016-12-27 17:13:58,315 [Worker#STA_NP] TestScripts.BaseTest - Teardown test
INFO  2016-12-27 17:14:22,474 [Worker#STA_NP] TestScripts.BaseTest - Setup test
INFO  2016-12-27 17:14:36,193 [Worker#STA_NP] TestScripts.BaseTest - Click on the Add Project button at Projects page
INFO  2016-12-27 17:14:45,843 [Worker#STA_NP] TestScripts.BaseTest - Verify the Desc required error message
INFO  2016-12-27 17:14:48,029 [Worker#STA_NP] TestScripts.BaseTest - Click on Cancel button.
INFO  2016-12-27 17:14:50,031 [Worker#STA_NP] TestScripts.BaseTest - Teardown test
INFO  2016-12-27 17:15:13,641 [Worker#STA_NP] TestScripts.BaseTest - Setup test
INFO  2016-12-27 17:15:35,269 [Worker#STA_NP] TestScripts.BaseTest - Click on the Add Project button at Projects page
INFO  2016-12-27 17:15:55,601 [Worker#STA_NP] TestScripts.BaseTest - Click the Add member icon for the Project.
INFO  2016-12-27 17:18:03,695 [Worker#STA_NP] Util.UtilityHelper - Screenshot saved at: Screenshots\AutomationScreenShot_2016-12-27-17-18-03.png
ERROR 2016-12-27 17:18:03,696 [Worker#STA_NP] Util.DriverExtender - OpenQA.Selenium.WebDriverTimeoutException: Timed out after 120 seconds ---> OpenQA.Selenium.NoSuchElementException: no such element: Unable to locate element: {"method":"xpath","selector":"//ul[contains(@class, 'suggestion-list')]//span[contains(text(), 'Hui Wang')]"}
  (Session info: chrome=55.0.2883.87)
  (Driver info: chromedriver=2.24.417431 (9aea000394714d2fbb20850021f6204f2256b9cf),platform=Windows NT 6.3.9600 x86_64)
   at OpenQA.Selenium.Remote.RemoteWebDriver.UnpackAndThrowOnError(Response errorResponse)
   at OpenQA.Selenium.Remote.RemoteWebDriver.Execute(String driverCommandToExecute, Dictionary`2 parameters)
   at OpenQA.Selenium.Remote.RemoteWebDriver.FindElement(String mechanism, String value)
   at OpenQA.Selenium.Remote.RemoteWebDriver.FindElementByXPath(String xpath)
   at OpenQA.Selenium.By.<XPath>c__AnonStorey3.<>m__0(ISearchContext context)
   at OpenQA.Selenium.By.FindElement(ISearchContext context)
   at OpenQA.Selenium.Remote.RemoteWebDriver.FindElement(By by)
   at OpenQA.Selenium.Support.UI.ExpectedConditions.<>c__DisplayClass13.<ElementIsVisible>b__12(IWebDriver driver)
   at OpenQA.Selenium.Support.UI.DefaultWait`1.Until[TResult](Func`2 condition)
   --- End of inner exception stack trace ---
   at OpenQA.Selenium.Support.UI.DefaultWait`1.ThrowTimeoutException(String exceptionMessage, Exception lastException)
   at OpenQA.Selenium.Support.UI.DefaultWait`1.Until[TResult](Func`2 condition)
   at RallyTeam.Util.DriverExtender.SafeClick(IWebDriver driver, By locator) in F:\Automation_SeleniumCSharp\RallyTeam\RallyTeamAutomation\RallyTeamAutomation\Util\DriverExtender.cs:line 395
INFO  2016-12-27 17:18:03,944 [Worker#STA_NP] Util.UtilityHelper - Screenshot saved at: Screenshots\RallyTeam.TestScripts.ProjectsTest.Projects_052_LeaveProject_2016-12-27-17-18-03.png
INFO  2016-12-27 17:18:03,944 [Worker#STA_NP] TestScripts.BaseTest - Teardown test
INFO  2016-12-27 17:18:33,419 [Worker#STA_NP] TestScripts.BaseTest - Setup test
INFO  2016-12-27 17:18:58,915 [Worker#STA_NP] TestScripts.BaseTest - Click on the Add Project button at Projects page
INFO  2016-12-27 17:19:17,025 [Worker#STA_NP] TestScripts.BaseTest - Click on Project's Discussion tab.
INFO  2016-12-27 17:19:23,100 [Worker#STA_NP] TestScripts.BaseTest - Verify the Discussion message div.
INFO  2016-12-27 17:19:29,216 [Worker#STA_NP] TestScripts.BaseTest - Verify the Discussion tab Add member icon.
INFO  2016-12-27 17:19:32,276 [Worker#STA_NP] TestScripts.BaseTest - Verify the Discussion Share Project icon.
INFO  2016-12-27 17:19:35,332 [Worker#STA_NP] TestScripts.BaseTest - Verify the Discussion tab Delete Project icon.
INFO  2016-12-27 17:19:44,871 [Worker#STA_NP] TestScripts.BaseTest - Teardown test
INFO  2016-12-27 17:20:27,125 [Worker#STA_NP] TestScripts.BaseTest - Setup test
INFO  2016-12-27 17:21:17,732 [Worker#STA_NP] TestScripts.BaseTest - Click on the Add Project button at Projects page
INFO  2016-12-27 17:21:35,306 [Worker#STA_NP] TestScripts.BaseTest - Click on Project's Discussion tab.
INFO  2016-12-27 17:21:48,767 [Worker#STA_NP] TestScripts.BaseTest - Enter message in Discussion.
INFO  2016-12-27 17:21:51,999 [Worker#STA_NP] TestScripts.BaseTest - Click the Post button for the message.
INFO  2016-12-27 17:21:56,076 [Worker#STA_NP] TestScripts.BaseTest - Verify the Discussion Message Reply button.
INFO  2016-12-27 17:22:06,505 [Worker#STA_NP] TestScripts.BaseTest - Teardown test
INFO  2016-12-27 17:22:54,370 [Worker#STA_NP] TestScripts.BaseTest - Setup test
