[START]
INFO  2017-04-10 15:46:47,109 [Worker#STA_NP] TestScripts.BaseTestES - Setup test
INFO  2017-04-10 15:47:07,707 [Worker#STA_NP] TestScripts.BaseTestES - Click on the Continue button.
INFO  2017-04-10 15:47:19,109 [Worker#STA_NP] TestScripts.BaseTestES - Enter Skills.
INFO  2017-04-10 15:47:27,885 [Worker#STA_NP] TestScripts.BaseTestES - Click Add button.
INFO  2017-04-10 15:47:39,385 [Worker#STA_NP] TestScripts.BaseTestES - Click Add button.
INFO  2017-04-10 15:47:42,600 [Worker#STA_NP] TestScripts.BaseTestES - Click on the Continue button.
INFO  2017-04-10 15:47:55,030 [Worker#STA_NP] TestScripts.BaseTestES - Click Publish Button
INFO  2017-04-10 15:48:03,358 [Worker#STA_NP] TestScripts.BaseTestES - Click Settings Icon
INFO  2017-04-10 15:48:07,031 [Worker#STA_NP] TestScripts.BaseTestES - Select Edit Project option.
INFO  2017-04-10 15:50:12,625 [Worker#STA_NP] Util.UtilityHelper - Screenshot saved at: Screenshots\AutomationScreenShot_2017-04-10-15-50-12.png
ERROR 2017-04-10 15:50:12,636 [Worker#STA_NP] Util.DriverExtender - OpenQA.Selenium.WebDriverTimeoutException: Timed out after 120 seconds ---> OpenQA.Selenium.NoSuchElementException: no such element: Unable to locate element: {"method":"xpath","selector":"div[contains(@class, 'rt-projects-members')]//div[2]//i[@tolltip= 'Remove User']"}
  (Session info: chrome=57.0.2987.133)
  (Driver info: chromedriver=2.29.461591 (62ebf098771772160f391d75e589dc567915b233),platform=Windows NT 6.3.9600 x86_64)
   at OpenQA.Selenium.Remote.RemoteWebDriver.UnpackAndThrowOnError(Response errorResponse)
   at OpenQA.Selenium.Remote.RemoteWebDriver.Execute(String driverCommandToExecute, Dictionary`2 parameters)
   at OpenQA.Selenium.Remote.RemoteWebDriver.FindElement(String mechanism, String value)
   at OpenQA.Selenium.Remote.RemoteWebDriver.FindElementByXPath(String xpath)
   at OpenQA.Selenium.By.<>c__DisplayClasse.<XPath>b__c(ISearchContext context)
   at OpenQA.Selenium.By.FindElement(ISearchContext context)
   at OpenQA.Selenium.Remote.RemoteWebDriver.FindElement(By by)
   at OpenQA.Selenium.Support.UI.ExpectedConditions.<>c__DisplayClass13.<ElementIsVisible>b__12(IWebDriver driver)
   at OpenQA.Selenium.Support.UI.DefaultWait`1.Until[TResult](Func`2 condition)
   --- End of inner exception stack trace ---
   at OpenQA.Selenium.Support.UI.DefaultWait`1.ThrowTimeoutException(String exceptionMessage, Exception lastException)
   at OpenQA.Selenium.Support.UI.DefaultWait`1.Until[TResult](Func`2 condition)
   at RallyTeam.Util.DriverExtender.SafeClick(IWebDriver driver, By locator) in F:\Automation_SeleniumCSharp\RallyTeam\RallyTeamAutomation\RallyTeamAutomation\Util\DriverExtender.cs:line 461
INFO  2017-04-10 15:50:12,867 [Worker#STA_NP] Util.UtilityHelper - Screenshot saved at: Screenshots\RallyTeam.TestScripts.PostProjectTest.PostProject_007_ManageProjectTeam_2017-04-10-15-50-12.png
INFO  2017-04-10 15:50:12,867 [Worker#STA_NP] TestScripts.BaseTestES - Teardown test
[END]
