[START]
INFO  2017-01-19 16:36:57,478 [Worker#STA_NP] TestScripts.BaseTestES - Setup test
INFO  2017-01-19 16:37:42,465 [Worker#STA_NP] TestScripts.BaseTestES - Click on the Signout button.
INFO  2017-01-19 16:37:48,326 [Worker#STA_NP] TestScripts.BaseTestES - Sign in with different user.
INFO  2017-01-19 16:37:51,120 [Worker#STA_NP] TestScripts.BaseTestES - Click the Marketplace tab.
INFO  2017-01-19 16:37:56,876 [Worker#STA_NP] TestScripts.BaseTestES - Click the Browse button.
INFO  2017-01-19 16:38:08,375 [Worker#STA_NP] TestScripts.BaseTestES - Enter the project name.
INFO  2017-01-19 16:38:12,057 [Worker#STA_NP] TestScripts.BaseTestES - Select Recommended Projects from the drop-down.
INFO  2017-01-19 16:38:24,941 [Worker#STA_NP] TestScripts.BaseTestES - Click on the Signout button.
INFO  2017-01-19 16:38:35,576 [Worker#STA_NP] TestScripts.BaseTestES - Enter the project name.
INFO  2017-01-19 16:40:37,458 [Worker#STA_NP] Util.UtilityHelper - Screenshot saved at: Screenshots\AutomationScreenShot_2017-01-19-16-40-36.png
ERROR 2017-01-19 16:40:37,500 [Worker#STA_NP] Util.DriverExtender - OpenQA.Selenium.WebDriverTimeoutException: Timed out after 120 seconds ---> OpenQA.Selenium.NoSuchElementException: Unable to find element with xpath == //a[contains(text(), 'Search')]
   at OpenQA.Selenium.Remote.RemoteWebDriver.UnpackAndThrowOnError(Response errorResponse)
   at OpenQA.Selenium.Remote.RemoteWebDriver.Execute(String driverCommandToExecute, Dictionary`2 parameters)
   at OpenQA.Selenium.Remote.RemoteWebDriver.FindElement(String mechanism, String value)
   at OpenQA.Selenium.Remote.RemoteWebDriver.FindElementByXPath(String xpath)
   at OpenQA.Selenium.By.<XPath>c__AnonStorey3.<>m__0(ISearchContext context)
   at OpenQA.Selenium.By.FindElement(ISearchContext context)
   at OpenQA.Selenium.Remote.RemoteWebDriver.FindElement(By by)
   at OpenQA.Selenium.Support.UI.ExpectedConditions.<>c__DisplayClass13.<ElementIsVisible>b__12(IWebDriver driver)
   at OpenQA.Selenium.Support.UI.DefaultWait`1.Until[TResult](Func`2 condition)
   --- End of inner exception stack trace ---
   at OpenQA.Selenium.Support.UI.DefaultWait`1.ThrowTimeoutException(String exceptionMessage, Exception lastException)
   at OpenQA.Selenium.Support.UI.DefaultWait`1.Until[TResult](Func`2 condition)
   at RallyTeam.Util.DriverExtender.SafeClick(IWebDriver driver, By locator) in F:\Automation_SeleniumCSharp\RallyTeam\RallyTeamAutomation\RallyTeamAutomation\Util\DriverExtender.cs:line 401
INFO  2017-01-19 16:40:38,003 [Worker#STA_NP] Util.UtilityHelper - Screenshot saved at: Screenshots\RallyTeam.TestScripts.MarketplaceTest.Marketplace_006_VerifyRecommendedProjectsSearch_2017-01-19-16-40-37.png
INFO  2017-01-19 16:40:38,003 [Worker#STA_NP] TestScripts.BaseTestES - Teardown test
[END]
