[START]
INFO  2017-01-19 15:58:31,062 [Worker#STA_NP] TestScripts.BaseTestES - Setup test
INFO  2017-01-19 15:59:36,424 [Worker#STA_NP] TestScripts.BaseTestES - Click the Marketplace tab.
INFO  2017-01-19 15:59:42,254 [Worker#STA_NP] TestScripts.BaseTestES - Click Browse button.
INFO  2017-01-19 15:59:48,755 [Worker#STA_NP] TestScripts.BaseTestES - Enter the project name.
INFO  2017-01-19 15:59:53,176 [Worker#STA_NP] TestScripts.BaseTestES - Click the Search button.
INFO  2017-01-19 16:00:06,700 [Worker#STA_NP] TestScripts.BaseTestES - Click the Project Name on the Projects Page.
INFO  2017-01-19 16:00:20,765 [Worker#STA_NP] TestScripts.BaseTestES - Teardown test
INFO  2017-01-19 16:01:24,962 [Worker#STA_NP] TestScripts.BaseTestES - Setup test
INFO  2017-01-19 16:07:45,191 [Worker#STA_NP] TestScripts.BaseTestES - Setup test
INFO  2017-01-19 16:08:36,153 [Worker#STA_NP] TestScripts.BaseTestES - Click the Marketplace tab.
INFO  2017-01-19 16:08:42,223 [Worker#STA_NP] TestScripts.BaseTestES - Click the Browse button.
INFO  2017-01-19 16:08:54,029 [Worker#STA_NP] TestScripts.BaseTestES - Enter the project name.
INFO  2017-01-19 16:09:02,499 [Worker#STA_NP] TestScripts.BaseTestES - Select My Projects from the drop-down.
INFO  2017-01-19 16:09:10,391 [Worker#STA_NP] TestScripts.BaseTestES - Click the Project Name on the Projects Page.
INFO  2017-01-19 16:11:22,676 [Worker#STA_NP] Util.UtilityHelper - Screenshot saved at: Screenshots\AutomationScreenShot_2017-01-19-16-11-22.png
ERROR 2017-01-19 16:11:23,365 [Worker#STA_NP] Util.DriverExtender - OpenQA.Selenium.WebDriverTimeoutException: Timed out after 120 seconds ---> OpenQA.Selenium.NoSuchElementException: Unable to find element with xpath == //div[contains(@class, 'modal-content')]//a[contains(text(),'Yes')]
   at OpenQA.Selenium.Remote.RemoteWebDriver.UnpackAndThrowOnError(Response errorResponse)
   at OpenQA.Selenium.Remote.RemoteWebDriver.Execute(String driverCommandToExecute, Dictionary`2 parameters)
   at OpenQA.Selenium.Remote.RemoteWebDriver.FindElement(String mechanism, String value)
   at OpenQA.Selenium.Remote.RemoteWebDriver.FindElementByXPath(String xpath)
   at OpenQA.Selenium.By.<XPath>c__AnonStorey3.<>m__0(ISearchContext context)
   at OpenQA.Selenium.By.FindElement(ISearchContext context)
   at OpenQA.Selenium.Remote.RemoteWebDriver.FindElement(By by)
   at OpenQA.Selenium.Support.UI.ExpectedConditions.<>c__DisplayClass13.<ElementIsVisible>b__12(IWebDriver driver)
   at OpenQA.Selenium.Support.UI.DefaultWait`1.Until[TResult](Func`2 condition)
   --- End of inner exception stack trace ---
   at OpenQA.Selenium.Support.UI.DefaultWait`1.ThrowTimeoutException(String exceptionMessage, Exception lastException)
   at OpenQA.Selenium.Support.UI.DefaultWait`1.Until[TResult](Func`2 condition)
   at RallyTeam.Util.DriverExtender.SafeClick(IWebDriver driver, By locator) in F:\Automation_SeleniumCSharp\RallyTeam\RallyTeamAutomation\RallyTeamAutomation\Util\DriverExtender.cs:line 401
INFO  2017-01-19 16:11:24,454 [Worker#STA_NP] Util.UtilityHelper - Screenshot saved at: Screenshots\RallyTeam.TestScripts.MarketplaceTest.Marketplace_003_VerifyMyProjectsSearch_2017-01-19-16-11-23.png
INFO  2017-01-19 16:11:24,454 [Worker#STA_NP] TestScripts.BaseTestES - Teardown test
INFO  2017-01-19 16:11:48,036 [Worker#STA_NP] TestScripts.BaseTestES - Setup test
INFO  2017-01-19 16:14:31,488 [Worker#STA_NP] Util.UtilityHelper - Screenshot saved at: Screenshots\AutomationScreenShot_2017-01-19-16-14-29.png
ERROR 2017-01-19 16:14:31,489 [Worker#STA_NP] Util.DriverExtender - OpenQA.Selenium.WebDriverTimeoutException: Timed out after 120 seconds ---> OpenQA.Selenium.NoSuchElementException: Unable to find element with xpath == //a[text()= 'MARKETPLACE']
   at OpenQA.Selenium.Remote.RemoteWebDriver.UnpackAndThrowOnError(Response errorResponse)
   at OpenQA.Selenium.Remote.RemoteWebDriver.Execute(String driverCommandToExecute, Dictionary`2 parameters)
   at OpenQA.Selenium.Remote.RemoteWebDriver.FindElement(String mechanism, String value)
   at OpenQA.Selenium.Remote.RemoteWebDriver.FindElementByXPath(String xpath)
   at OpenQA.Selenium.By.<XPath>c__AnonStorey3.<>m__0(ISearchContext context)
   at OpenQA.Selenium.By.FindElement(ISearchContext context)
   at OpenQA.Selenium.Remote.RemoteWebDriver.FindElement(By by)
   at OpenQA.Selenium.Support.UI.ExpectedConditions.<>c__DisplayClass13.<ElementIsVisible>b__12(IWebDriver driver)
   at OpenQA.Selenium.Support.UI.DefaultWait`1.Until[TResult](Func`2 condition)
   --- End of inner exception stack trace ---
   at OpenQA.Selenium.Support.UI.DefaultWait`1.ThrowTimeoutException(String exceptionMessage, Exception lastException)
   at OpenQA.Selenium.Support.UI.DefaultWait`1.Until[TResult](Func`2 condition)
   at RallyTeam.Util.DriverExtender.SafeClick(IWebDriver driver, By locator) in F:\Automation_SeleniumCSharp\RallyTeam\RallyTeamAutomation\RallyTeamAutomation\Util\DriverExtender.cs:line 401
INFO  2017-01-19 16:14:34,109 [Worker#STA_NP] Util.UtilityHelper - Screenshot saved at: Screenshots\RallyTeam.TestScripts.MarketplaceTest.Marketplace_004_VerifyProjectsIOwnSearch_2017-01-19-16-14-31.png
INFO  2017-01-19 16:14:34,109 [Worker#STA_NP] TestScripts.BaseTestES - Teardown test
INFO  2017-01-19 16:14:49,834 [Worker#STA_NP] TestScripts.BaseTestES - Setup test
INFO  2017-01-19 16:15:37,952 [Worker#STA_NP] TestScripts.BaseTestES - Click the Marketplace tab.
INFO  2017-01-19 16:15:44,086 [Worker#STA_NP] TestScripts.BaseTestES - Click the Browse button.
INFO  2017-01-19 16:15:56,113 [Worker#STA_NP] TestScripts.BaseTestES - Enter the project name.
INFO  2017-01-19 16:16:00,131 [Worker#STA_NP] TestScripts.BaseTestES - Select My Projects from the drop-down.
INFO  2017-01-19 16:16:07,907 [Worker#STA_NP] TestScripts.BaseTestES - Click the Project Name on the Projects Page.
INFO  2017-01-19 16:16:23,825 [Worker#STA_NP] TestScripts.BaseTestES - Teardown test
INFO  2017-01-19 16:16:43,541 [Worker#STA_NP] TestScripts.BaseTestES - Setup test
INFO  2017-01-19 16:17:34,787 [Worker#STA_NP] TestScripts.BaseTestES - Click on the Signout button.
INFO  2017-01-19 16:17:37,866 [Worker#STA_NP] Util.UtilityHelper - Screenshot saved at: Screenshots\RallyTeam.TestScripts.MarketplaceTest.Marketplace_006_VerifyRecommendedProjectsSearch_2017-01-19-16-17-37.png
INFO  2017-01-19 16:17:37,866 [Worker#STA_NP] TestScripts.BaseTestES - Teardown test
