[START]
INFO  2017-02-01 16:37:06,488 [Worker#STA_NP] TestScripts.BaseTestES - Setup test
INFO  2017-02-01 16:38:02,203 [Worker#STA_NP] TestScripts.BaseTestES - Click the Add member icon for the Project.
INFO  2017-02-01 16:38:12,180 [Worker#STA_NP] TestScripts.BaseTestES - User selected successfully.
INFO  2017-02-01 16:38:16,005 [Worker#STA_NP] TestScripts.BaseTestES - Click the Add Project Member window Done button.
INFO  2017-02-01 16:38:23,378 [Worker#STA_NP] TestScripts.BaseTestES - Click Project member added remove icon.
INFO  2017-02-01 16:38:27,226 [Worker#STA_NP] TestScripts.BaseTestES - Click the Remove Project Member window No button.
INFO  2017-02-01 16:40:30,972 [Worker#STA_NP] TestScripts.BaseTestES - Verified Project member is deleted.
INFO  2017-02-01 16:42:42,282 [Worker#STA_NP] Util.UtilityHelper - Screenshot saved at: Screenshots\AutomationScreenShot_2017-02-01-16-42-41.png
ERROR 2017-02-01 16:42:42,444 [Worker#STA_NP] Util.DriverExtender - OpenQA.Selenium.WebDriverTimeoutException: Timed out after 120 seconds ---> OpenQA.Selenium.NoSuchElementException: Unable to find element with xpath == //div[contains(@class, 'modal-content')]//a[contains(text(),'Yes')]
   at OpenQA.Selenium.Remote.RemoteWebDriver.UnpackAndThrowOnError(Response errorResponse)
   at OpenQA.Selenium.Remote.RemoteWebDriver.Execute(String driverCommandToExecute, Dictionary`2 parameters)
   at OpenQA.Selenium.Remote.RemoteWebDriver.FindElement(String mechanism, String value)
   at OpenQA.Selenium.Remote.RemoteWebDriver.FindElementByXPath(String xpath)
   at OpenQA.Selenium.By.<XPath>c__AnonStorey3.<>m__0(ISearchContext context)
   at OpenQA.Selenium.By.FindElement(ISearchContext context)
   at OpenQA.Selenium.Remote.RemoteWebDriver.FindElement(By by)
   at OpenQA.Selenium.Support.UI.ExpectedConditions.<>c__DisplayClass13.<ElementIsVisible>b__12(IWebDriver driver)
   at OpenQA.Selenium.Support.UI.DefaultWait`1.Until[TResult](Func`2 condition)
   --- End of inner exception stack trace ---
   at OpenQA.Selenium.Support.UI.DefaultWait`1.ThrowTimeoutException(String exceptionMessage, Exception lastException)
   at OpenQA.Selenium.Support.UI.DefaultWait`1.Until[TResult](Func`2 condition)
   at RallyTeam.Util.DriverExtender.SafeClick(IWebDriver driver, By locator) in F:\Automation_SeleniumCSharp\RallyTeam\RallyTeamAutomation\RallyTeamAutomation\Util\DriverExtender.cs:line 461
INFO  2017-02-01 16:42:42,777 [Worker#STA_NP] Util.UtilityHelper - Screenshot saved at: Screenshots\RallyTeam.TestScripts.PostProjectTest.PostProject_010_RemoveMemberFromProject_2017-02-01-16-42-42.png
INFO  2017-02-01 16:42:42,777 [Worker#STA_NP] TestScripts.BaseTestES - Teardown test
[END]
