[START]
INFO  2016-12-05 16:56:58,950 [Worker#STA_NP] TestScripts.BaseTest - Setup test
INFO  2016-12-05 16:57:14,642 [Worker#STA_NP] TestScripts.BaseTest - Verify Tasks menu icon
INFO  2016-12-05 16:57:14,644 [Worker#STA_NP] TestScripts.BaseTest - Teardown test
INFO  2016-12-05 16:57:34,942 [Worker#STA_NP] TestScripts.BaseTest - Setup test
INFO  2016-12-05 16:57:43,513 [Worker#STA_NP] TestScripts.BaseTest - Click the Tasks menu option.
INFO  2016-12-05 16:57:46,549 [Worker#STA_NP] TestScripts.BaseTest - Verify Tasks Page get displayed.
INFO  2016-12-05 16:57:47,589 [Worker#STA_NP] TestScripts.BaseTest - Verify Add Task Text field get displayed.
INFO  2016-12-05 16:57:48,688 [Worker#STA_NP] TestScripts.BaseTest - Verify Add Text Plus Icon get displayed.
INFO  2016-12-05 16:57:49,790 [Worker#STA_NP] TestScripts.BaseTest - Verify To-Do section gets displayed.
INFO  2016-12-05 16:57:50,872 [Worker#STA_NP] TestScripts.BaseTest - Verify In Progress section gets displayed.
INFO  2016-12-05 16:57:51,941 [Worker#STA_NP] TestScripts.BaseTest - Verify Completed section gets displayed.
INFO  2016-12-05 16:57:51,941 [Worker#STA_NP] TestScripts.BaseTest - Teardown test
INFO  2016-12-05 16:58:12,628 [Worker#STA_NP] TestScripts.BaseTest - Setup test
INFO  2016-12-05 16:58:18,864 [Worker#STA_NP] TestScripts.BaseTest - Click the Tasks menu option.
INFO  2016-12-05 16:58:23,201 [Worker#STA_NP] TestScripts.BaseTest - Enter the Task Name.
INFO  2016-12-05 16:58:26,379 [Worker#STA_NP] TestScripts.BaseTest - Click the Add Task Plus icon.
INFO  2016-12-05 16:58:30,380 [Worker#STA_NP] TestScripts.BaseTest - Create new Task.
INFO  2016-12-05 16:58:33,490 [Worker#STA_NP] TestScripts.BaseTest - Verify Task get displayed.
INFO  2016-12-05 16:58:39,032 [Worker#STA_NP] TestScripts.BaseTest - Click the Task.
INFO  2016-12-05 16:58:42,324 [Worker#STA_NP] TestScripts.BaseTest - Click the Delete This Task link.
INFO  2016-12-05 16:58:44,632 [Worker#STA_NP] TestScripts.BaseTest - Click the Delete Task Window Yes Button.
INFO  2016-12-05 16:58:46,633 [Worker#STA_NP] TestScripts.BaseTest - Teardown test
INFO  2016-12-05 16:59:05,123 [Worker#STA_NP] TestScripts.BaseTest - Setup test
INFO  2016-12-05 16:59:11,325 [Worker#STA_NP] TestScripts.BaseTest - Click the Tasks menu option.
INFO  2016-12-05 16:59:15,756 [Worker#STA_NP] TestScripts.BaseTest - Enter the Task Name.
INFO  2016-12-05 16:59:19,043 [Worker#STA_NP] TestScripts.BaseTest - Click the Add Task Plus icon.
INFO  2016-12-05 16:59:23,044 [Worker#STA_NP] TestScripts.BaseTest - Create new Task.
INFO  2016-12-05 16:59:25,296 [Worker#STA_NP] TestScripts.BaseTest - Drag and Drop the task to In Progress section.
INFO  2016-12-05 16:59:27,396 [Worker#STA_NP] TestScripts.BaseTest - Verify Task get displayed in In Progress section.
INFO  2016-12-05 16:59:29,693 [Worker#STA_NP] TestScripts.BaseTest - Drag and Drop the task to To-Do section.
INFO  2016-12-05 16:59:35,145 [Worker#STA_NP] TestScripts.BaseTest - Click the Task.
INFO  2016-12-05 16:59:38,435 [Worker#STA_NP] TestScripts.BaseTest - Click the Delete This Task link.
INFO  2016-12-05 16:59:40,744 [Worker#STA_NP] TestScripts.BaseTest - Click the Delete Task Window Yes Button.
INFO  2016-12-05 16:59:44,745 [Worker#STA_NP] TestScripts.BaseTest - Teardown test
INFO  2016-12-05 17:00:03,872 [Worker#STA_NP] TestScripts.BaseTest - Setup test
INFO  2016-12-05 17:00:09,936 [Worker#STA_NP] TestScripts.BaseTest - Click the Tasks menu option.
INFO  2016-12-05 17:00:14,184 [Worker#STA_NP] TestScripts.BaseTest - Enter the Task Name.
INFO  2016-12-05 17:00:17,504 [Worker#STA_NP] TestScripts.BaseTest - Click the Add Task Plus icon.
INFO  2016-12-05 17:00:21,505 [Worker#STA_NP] TestScripts.BaseTest - Create new Task.
INFO  2016-12-05 17:00:23,835 [Worker#STA_NP] TestScripts.BaseTest - Drag and Drop the task to In Progress section.
INFO  2016-12-05 17:00:25,926 [Worker#STA_NP] TestScripts.BaseTest - Verify Task get displayed in In Progress section.
INFO  2016-12-05 17:00:28,253 [Worker#STA_NP] TestScripts.BaseTest - Drag and Drop the task to To-Do section.
INFO  2016-12-05 17:00:33,751 [Worker#STA_NP] TestScripts.BaseTest - Click the Task.
INFO  2016-12-05 17:00:36,937 [Worker#STA_NP] TestScripts.BaseTest - Click the Delete This Task link.
INFO  2016-12-05 17:00:39,080 [Worker#STA_NP] TestScripts.BaseTest - Click the Delete Task Window Yes Button.
INFO  2016-12-05 17:00:43,083 [Worker#STA_NP] TestScripts.BaseTest - Teardown test
INFO  2016-12-05 17:01:01,569 [Worker#STA_NP] TestScripts.BaseTest - Setup test
INFO  2016-12-05 17:01:07,827 [Worker#STA_NP] TestScripts.BaseTest - Click the Tasks menu option.
INFO  2016-12-05 17:01:12,153 [Worker#STA_NP] TestScripts.BaseTest - Enter the Task Name.
INFO  2016-12-05 17:01:15,496 [Worker#STA_NP] TestScripts.BaseTest - Click the Add Task Plus icon.
INFO  2016-12-05 17:01:19,497 [Worker#STA_NP] TestScripts.BaseTest - Create new Task.
INFO  2016-12-05 17:01:22,600 [Worker#STA_NP] TestScripts.BaseTest - Verify Task get displayed.
INFO  2016-12-05 17:01:24,708 [Worker#STA_NP] TestScripts.BaseTest - Verify Task User Name gets displayed.
INFO  2016-12-05 17:01:30,234 [Worker#STA_NP] TestScripts.BaseTest - Click the Task.
INFO  2016-12-05 17:01:33,633 [Worker#STA_NP] TestScripts.BaseTest - Click the Delete This Task link.
INFO  2016-12-05 17:01:35,991 [Worker#STA_NP] TestScripts.BaseTest - Click the Delete Task Window Yes Button.
INFO  2016-12-05 17:01:39,993 [Worker#STA_NP] TestScripts.BaseTest - Teardown test
INFO  2016-12-05 17:01:56,912 [Worker#STA_NP] TestScripts.BaseTest - Setup test
INFO  2016-12-05 17:02:03,556 [Worker#STA_NP] TestScripts.BaseTest - Click the Tasks menu option.
INFO  2016-12-05 17:02:08,010 [Worker#STA_NP] TestScripts.BaseTest - Enter the Task Name.
INFO  2016-12-05 17:02:11,417 [Worker#STA_NP] TestScripts.BaseTest - Click the Add Task Plus icon.
INFO  2016-12-05 17:02:15,417 [Worker#STA_NP] TestScripts.BaseTest - Create new Task.
INFO  2016-12-05 17:02:20,949 [Worker#STA_NP] TestScripts.BaseTest - Click the Task.
INFO  2016-12-05 17:02:24,049 [Worker#STA_NP] TestScripts.BaseTest - Verify the Task Window Delete This Task Link.
INFO  2016-12-05 17:02:25,150 [Worker#STA_NP] TestScripts.BaseTest - Verify the Task Window Add Due Date.
INFO  2016-12-05 17:02:26,252 [Worker#STA_NP] TestScripts.BaseTest - Verify the Task Window Add Comment Div.
INFO  2016-12-05 17:02:27,366 [Worker#STA_NP] TestScripts.BaseTest - Verify the Task Window Files Plus Icon.
INFO  2016-12-05 17:02:28,424 [Worker#STA_NP] TestScripts.BaseTest - Verify the Task Window Attachment Icon.
INFO  2016-12-05 17:02:29,525 [Worker#STA_NP] TestScripts.BaseTest - Verify Task Window Close Icon.
INFO  2016-12-05 17:02:30,849 [Worker#STA_NP] TestScripts.BaseTest - Click Task Window Close Icon.
INFO  2016-12-05 17:02:36,230 [Worker#STA_NP] TestScripts.BaseTest - Click the Task.
INFO  2016-12-05 17:02:39,634 [Worker#STA_NP] TestScripts.BaseTest - Click the Delete This Task link.
INFO  2016-12-05 17:02:41,863 [Worker#STA_NP] TestScripts.BaseTest - Click the Delete Task Window Yes Button.
INFO  2016-12-05 17:02:43,864 [Worker#STA_NP] TestScripts.BaseTest - Teardown test
INFO  2016-12-05 17:03:02,788 [Worker#STA_NP] TestScripts.BaseTest - Setup test
INFO  2016-12-05 17:03:09,164 [Worker#STA_NP] TestScripts.BaseTest - Click the Tasks menu option.
INFO  2016-12-05 17:03:13,488 [Worker#STA_NP] TestScripts.BaseTest - Enter the Task Name.
INFO  2016-12-05 17:03:16,639 [Worker#STA_NP] TestScripts.BaseTest - Click the Add Task Plus icon.
INFO  2016-12-05 17:03:20,640 [Worker#STA_NP] TestScripts.BaseTest - Create new Task.
INFO  2016-12-05 17:03:26,285 [Worker#STA_NP] TestScripts.BaseTest - Click the Task.
INFO  2016-12-05 17:03:29,560 [Worker#STA_NP] TestScripts.BaseTest - Click add comment area.
INFO  2016-12-05 17:03:31,962 [Worker#STA_NP] TestScripts.BaseTest - Enter comment in Text Area.
INFO  2016-12-05 17:03:35,302 [Worker#STA_NP] TestScripts.BaseTest - Click the Post button for the comment.
INFO  2016-12-05 17:03:38,409 [Worker#STA_NP] TestScripts.BaseTest - Verify the Add Comment Reply button.
INFO  2016-12-05 17:03:42,815 [Worker#STA_NP] TestScripts.BaseTest - Click Task Window Close Icon.
INFO  2016-12-05 17:03:48,333 [Worker#STA_NP] TestScripts.BaseTest - Click the Task.
INFO  2016-12-05 17:03:51,755 [Worker#STA_NP] TestScripts.BaseTest - Click the Delete This Task link.
INFO  2016-12-05 17:03:54,065 [Worker#STA_NP] TestScripts.BaseTest - Click the Delete Task Window Yes Button.
INFO  2016-12-05 17:03:58,066 [Worker#STA_NP] TestScripts.BaseTest - Teardown test
INFO  2016-12-05 17:04:14,848 [Worker#STA_NP] TestScripts.BaseTest - Setup test
INFO  2016-12-05 17:04:21,202 [Worker#STA_NP] TestScripts.BaseTest - Click the Tasks menu option.
INFO  2016-12-05 17:04:25,598 [Worker#STA_NP] TestScripts.BaseTest - Enter the Task Name.
INFO  2016-12-05 17:04:28,899 [Worker#STA_NP] TestScripts.BaseTest - Click the Add Task Plus icon.
INFO  2016-12-05 17:04:32,900 [Worker#STA_NP] TestScripts.BaseTest - Create new Task.
INFO  2016-12-05 17:04:38,466 [Worker#STA_NP] TestScripts.BaseTest - Click the Task.
INFO  2016-12-05 17:04:42,602 [Worker#STA_NP] TestScripts.BaseTest - Click attachment icon under task window.
INFO  2016-12-05 17:04:53,461 [Worker#STA_NP] TestScripts.BaseTest - Click the Post button for the comment.
INFO  2016-12-05 17:04:55,636 [Worker#STA_NP] TestScripts.BaseTest - Click Task Window Close Icon.
INFO  2016-12-05 17:05:01,032 [Worker#STA_NP] TestScripts.BaseTest - Click the Task.
INFO  2016-12-05 17:05:04,453 [Worker#STA_NP] TestScripts.BaseTest - Click the Delete This Task link.
INFO  2016-12-05 17:05:06,707 [Worker#STA_NP] TestScripts.BaseTest - Click the Delete Task Window Yes Button.
INFO  2016-12-05 17:05:10,709 [Worker#STA_NP] TestScripts.BaseTest - Teardown test
INFO  2016-12-05 17:05:28,676 [Worker#STA_NP] TestScripts.BaseTest - Setup test
INFO  2016-12-05 17:05:34,810 [Worker#STA_NP] TestScripts.BaseTest - Click the Tasks menu option.
INFO  2016-12-05 17:05:39,175 [Worker#STA_NP] TestScripts.BaseTest - Enter the Task Name.
INFO  2016-12-05 17:05:42,432 [Worker#STA_NP] TestScripts.BaseTest - Click the Add Task Plus icon.
INFO  2016-12-05 17:05:46,433 [Worker#STA_NP] TestScripts.BaseTest - Create new Task.
INFO  2016-12-05 17:05:51,883 [Worker#STA_NP] TestScripts.BaseTest - Click the Task.
INFO  2016-12-05 17:05:55,083 [Worker#STA_NP] TestScripts.BaseTest - Click add comment area.
INFO  2016-12-05 17:05:57,741 [Worker#STA_NP] TestScripts.BaseTest - Enter comment in Text Area.
INFO  2016-12-05 17:06:01,028 [Worker#STA_NP] TestScripts.BaseTest - Click the Post button for the comment.
INFO  2016-12-05 17:06:04,407 [Worker#STA_NP] TestScripts.BaseTest - Click the Add Comment Message Reply button.
INFO  2016-12-05 17:06:14,025 [Worker#STA_NP] TestScripts.BaseTest - Enter the Reply Comment Text Area
INFO  2016-12-05 17:06:21,201 [Worker#STA_NP] TestScripts.BaseTest - Click the Post button for the comment.
INFO  2016-12-05 17:08:23,981 [Worker#STA_NP] Util.UtilityHelper - Screenshot saved at: Screenshots\AutomationScreenShot_2016-12-05-17-08-23.png
ERROR 2016-12-05 17:08:24,022 [Worker#STA_NP] Util.DriverExtender - OpenQA.Selenium.WebDriverTimeoutException: Timed out after 120 seconds
   at OpenQA.Selenium.Support.UI.DefaultWait`1.ThrowTimeoutException(String exceptionMessage, Exception lastException)
   at OpenQA.Selenium.Support.UI.DefaultWait`1.Until[TResult](Func`2 condition)
   at RallyTeam.Util.DriverExtender.SafeClick(IWebDriver driver, By locator) in F:\Automation_SeleniumCSharp\RallyTeam\RallyTeamAutomation\RallyTeamAutomation\Util\DriverExtender.cs:line 389
INFO  2016-12-05 17:08:24,336 [Worker#STA_NP] Util.UtilityHelper - Screenshot saved at: Screenshots\RallyTeam.TestScripts.TasksTest.Tasks_019_ReplyAddCommentAndVerify_2016-12-05-17-08-24.png
INFO  2016-12-05 17:08:24,336 [Worker#STA_NP] TestScripts.BaseTest - Teardown test
INFO  2016-12-05 17:08:41,780 [Worker#STA_NP] TestScripts.BaseTest - Setup test
INFO  2016-12-05 17:08:47,865 [Worker#STA_NP] TestScripts.BaseTest - Click the Tasks menu option.
INFO  2016-12-05 17:08:52,274 [Worker#STA_NP] TestScripts.BaseTest - Enter the Task Name.
INFO  2016-12-05 17:08:55,511 [Worker#STA_NP] TestScripts.BaseTest - Click the Add Task Plus icon.
INFO  2016-12-05 17:08:59,512 [Worker#STA_NP] TestScripts.BaseTest - Create new Task.
INFO  2016-12-05 17:09:05,105 [Worker#STA_NP] TestScripts.BaseTest - Click the Task.
INFO  2016-12-05 17:09:08,385 [Worker#STA_NP] TestScripts.BaseTest - Click the Delete This Task link.
INFO  2016-12-05 17:11:11,905 [Worker#STA_NP] Util.UtilityHelper - Screenshot saved at: Screenshots\AutomationScreenShot_2016-12-05-17-11-11.png
ERROR 2016-12-05 17:11:11,905 [Worker#STA_NP] Util.AssertHelper - Expected element (By.XPath: //div[contains(@class, 'modal-dialog')]//h1[contains(text(),'Are you sure you want to delete this task?')]) to be displayed but did not.
INFO  2016-12-05 17:11:12,239 [Worker#STA_NP] Util.UtilityHelper - Screenshot saved at: Screenshots\RallyTeam.TestScripts.TasksTest.Tasks_020_DeleteTaskAndVerify_2016-12-05-17-11-11.png
INFO  2016-12-05 17:11:12,239 [Worker#STA_NP] TestScripts.BaseTest - Teardown test
INFO  2016-12-05 17:11:29,628 [Worker#STA_NP] TestScripts.BaseTest - Setup test
INFO  2016-12-05 17:11:36,544 [Worker#STA_NP] TestScripts.BaseTest - Click the Tasks menu option.
INFO  2016-12-05 17:11:41,028 [Worker#STA_NP] TestScripts.BaseTest - Enter the Task Name.
INFO  2016-12-05 17:11:44,349 [Worker#STA_NP] TestScripts.BaseTest - Click the Add Task Plus icon.
INFO  2016-12-05 17:11:48,350 [Worker#STA_NP] TestScripts.BaseTest - Create new Task.
INFO  2016-12-05 17:11:54,030 [Worker#STA_NP] TestScripts.BaseTest - Click the Task.
INFO  2016-12-05 17:11:57,283 [Worker#STA_NP] TestScripts.BaseTest - Click the Delete This Task link.
INFO  2016-12-05 17:11:59,571 [Worker#STA_NP] TestScripts.BaseTest - Click the Delete Task window No Button.
INFO  2016-12-05 17:12:01,908 [Worker#STA_NP] TestScripts.BaseTest - Click Task Window Close Icon.
INFO  2016-12-05 17:12:04,962 [Worker#STA_NP] TestScripts.BaseTest - Verify Task get displayed.
INFO  2016-12-05 17:12:10,372 [Worker#STA_NP] TestScripts.BaseTest - Click the Task.
INFO  2016-12-05 17:12:13,733 [Worker#STA_NP] TestScripts.BaseTest - Click the Delete This Task link.
INFO  2016-12-05 17:12:16,032 [Worker#STA_NP] TestScripts.BaseTest - Click the Delete Task Window Yes Button.
INFO  2016-12-05 17:12:20,034 [Worker#STA_NP] TestScripts.BaseTest - Teardown test
INFO  2016-12-05 17:12:37,584 [Worker#STA_NP] TestScripts.BaseTest - Setup test
INFO  2016-12-05 17:12:43,834 [Worker#STA_NP] TestScripts.BaseTest - Click the Tasks menu option.
INFO  2016-12-05 17:12:48,133 [Worker#STA_NP] TestScripts.BaseTest - Enter the Task Name.
INFO  2016-12-05 17:12:51,323 [Worker#STA_NP] TestScripts.BaseTest - Click the Add Task Plus icon.
INFO  2016-12-05 17:12:55,324 [Worker#STA_NP] TestScripts.BaseTest - Create new Task.
INFO  2016-12-05 17:13:00,868 [Worker#STA_NP] TestScripts.BaseTest - Click the Task.
INFO  2016-12-05 17:13:04,278 [Worker#STA_NP] TestScripts.BaseTest - Click the Delete This Task link.
INFO  2016-12-05 17:13:06,584 [Worker#STA_NP] TestScripts.BaseTest - Click the Delete Task window Yes Button.
INFO  2016-12-05 17:15:08,923 [Worker#STA_NP] TestScripts.BaseTest - Verify Task get displayed.
INFO  2016-12-05 17:15:10,924 [Worker#STA_NP] TestScripts.BaseTest - Teardown test
INFO  2016-12-05 17:15:30,441 [Worker#STA_NP] TestScripts.BaseTest - Setup test
INFO  2016-12-05 17:15:37,229 [Worker#STA_NP] TestScripts.BaseTest - Click on the Plus icon at the top.
INFO  2016-12-05 17:15:39,675 [Worker#STA_NP] TestScripts.BaseTest - Enter the Task Name.
INFO  2016-12-05 17:15:42,891 [Worker#STA_NP] TestScripts.BaseTest - Click the Add Task Plus icon.
INFO  2016-12-05 17:15:54,916 [Worker#STA_NP] TestScripts.BaseTest - Click the Tasks menu option.
INFO  2016-12-05 17:16:03,422 [Worker#STA_NP] TestScripts.BaseTest - Click the Task.
INFO  2016-12-05 17:16:06,692 [Worker#STA_NP] TestScripts.BaseTest - Click the Delete This Task link.
INFO  2016-12-05 17:16:09,114 [Worker#STA_NP] TestScripts.BaseTest - Click the Delete Task Window Yes Button.
INFO  2016-12-05 17:16:13,115 [Worker#STA_NP] TestScripts.BaseTest - Teardown test
INFO  2016-12-05 17:16:29,975 [Worker#STA_NP] TestScripts.BaseTest - Setup test
INFO  2016-12-05 17:16:42,339 [Worker#STA_NP] TestScripts.BaseTest - Click on the Add Project button at Projects page
INFO  2016-12-05 17:16:58,537 [Worker#STA_NP] TestScripts.BaseTest - Verify Tasks tab on the created Project page.
INFO  2016-12-05 17:19:03,456 [Worker#STA_NP] Util.UtilityHelper - Screenshot saved at: Screenshots\AutomationScreenShot_2016-12-05-17-19-03.png
ERROR 2016-12-05 17:19:03,457 [Worker#STA_NP] Util.DriverExtender - OpenQA.Selenium.WebDriverTimeoutException: Timed out after 120 seconds ---> OpenQA.Selenium.NoSuchElementException: no such element: Unable to locate element: {"method":"xpath","selector":"//div[contains(@class, 'modal-content')]//button[contains(text(),'Yes')]"}
  (Session info: chrome=54.0.2840.99)
  (Driver info: chromedriver=2.24.417431 (9aea000394714d2fbb20850021f6204f2256b9cf),platform=Windows NT 6.3.9600 x86_64)
   at OpenQA.Selenium.Remote.RemoteWebDriver.UnpackAndThrowOnError(Response errorResponse)
   at OpenQA.Selenium.Remote.RemoteWebDriver.Execute(String driverCommandToExecute, Dictionary`2 parameters)
   at OpenQA.Selenium.Remote.RemoteWebDriver.FindElement(String mechanism, String value)
   at OpenQA.Selenium.Remote.RemoteWebDriver.FindElementByXPath(String xpath)
   at OpenQA.Selenium.By.<XPath>c__AnonStorey3.<>m__0(ISearchContext context)
   at OpenQA.Selenium.By.FindElement(ISearchContext context)
   at OpenQA.Selenium.Remote.RemoteWebDriver.FindElement(By by)
   at OpenQA.Selenium.Support.UI.ExpectedConditions.<>c__DisplayClass13.<ElementIsVisible>b__12(IWebDriver driver)
   at OpenQA.Selenium.Support.UI.DefaultWait`1.Until[TResult](Func`2 condition)
   --- End of inner exception stack trace ---
   at OpenQA.Selenium.Support.UI.DefaultWait`1.ThrowTimeoutException(String exceptionMessage, Exception lastException)
   at OpenQA.Selenium.Support.UI.DefaultWait`1.Until[TResult](Func`2 condition)
   at RallyTeam.Util.DriverExtender.SafeClick(IWebDriver driver, By locator) in F:\Automation_SeleniumCSharp\RallyTeam\RallyTeamAutomation\RallyTeamAutomation\Util\DriverExtender.cs:line 388
INFO  2016-12-05 17:19:04,192 [Worker#STA_NP] Util.UtilityHelper - Screenshot saved at: Screenshots\RallyTeam.TestScripts.TasksTest.Tasks_031_VerifyTasksUnderProjects_2016-12-05-17-19-03.png
INFO  2016-12-05 17:19:04,192 [Worker#STA_NP] TestScripts.BaseTest - Teardown test
INFO  2016-12-05 17:19:21,322 [Worker#STA_NP] TestScripts.BaseTest - Setup test
INFO  2016-12-05 17:19:33,718 [Worker#STA_NP] TestScripts.BaseTest - Click on the Add Project button at Projects page
INFO  2016-12-05 17:19:50,270 [Worker#STA_NP] TestScripts.BaseTest - Click Tasks tab on the created Project page.
INFO  2016-12-05 17:19:54,948 [Worker#STA_NP] TestScripts.BaseTest - Enter Add Text field get under Projects Task.
INFO  2016-12-05 17:19:58,154 [Worker#STA_NP] TestScripts.BaseTest - Click Add Text Plus Icon.
INFO  2016-12-05 17:20:01,369 [Worker#STA_NP] TestScripts.BaseTest - Click the About tab of Prjects
INFO  2016-12-05 17:22:07,463 [Worker#STA_NP] Util.UtilityHelper - Screenshot saved at: Screenshots\AutomationScreenShot_2016-12-05-17-22-07.png
ERROR 2016-12-05 17:22:07,463 [Worker#STA_NP] Util.DriverExtender - OpenQA.Selenium.WebDriverTimeoutException: Timed out after 120 seconds ---> OpenQA.Selenium.NoSuchElementException: no such element: Unable to locate element: {"method":"xpath","selector":"//div[contains(@class, 'modal-content')]//button[contains(text(),'Yes')]"}
  (Session info: chrome=54.0.2840.99)
  (Driver info: chromedriver=2.24.417431 (9aea000394714d2fbb20850021f6204f2256b9cf),platform=Windows NT 6.3.9600 x86_64)
   at OpenQA.Selenium.Remote.RemoteWebDriver.UnpackAndThrowOnError(Response errorResponse)
   at OpenQA.Selenium.Remote.RemoteWebDriver.Execute(String driverCommandToExecute, Dictionary`2 parameters)
   at OpenQA.Selenium.Remote.RemoteWebDriver.FindElement(String mechanism, String value)
   at OpenQA.Selenium.Remote.RemoteWebDriver.FindElementByXPath(String xpath)
   at OpenQA.Selenium.By.<XPath>c__AnonStorey3.<>m__0(ISearchContext context)
   at OpenQA.Selenium.By.FindElement(ISearchContext context)
   at OpenQA.Selenium.Remote.RemoteWebDriver.FindElement(By by)
   at OpenQA.Selenium.Support.UI.ExpectedConditions.<>c__DisplayClass13.<ElementIsVisible>b__12(IWebDriver driver)
   at OpenQA.Selenium.Support.UI.DefaultWait`1.Until[TResult](Func`2 condition)
   --- End of inner exception stack trace ---
   at OpenQA.Selenium.Support.UI.DefaultWait`1.ThrowTimeoutException(String exceptionMessage, Exception lastException)
   at OpenQA.Selenium.Support.UI.DefaultWait`1.Until[TResult](Func`2 condition)
   at RallyTeam.Util.DriverExtender.SafeClick(IWebDriver driver, By locator) in F:\Automation_SeleniumCSharp\RallyTeam\RallyTeamAutomation\RallyTeamAutomation\Util\DriverExtender.cs:line 388
INFO  2016-12-05 17:22:07,659 [Worker#STA_NP] Util.UtilityHelper - Screenshot saved at: Screenshots\RallyTeam.TestScripts.TasksTest.Tasks_032_AddTaskUnderProjectWithMember_2016-12-05-17-22-07.png
INFO  2016-12-05 17:22:07,659 [Worker#STA_NP] TestScripts.BaseTest - Teardown test
INFO  2016-12-05 17:22:26,793 [Worker#STA_NP] TestScripts.BaseTest - Setup test
INFO  2016-12-05 17:22:39,274 [Worker#STA_NP] TestScripts.BaseTest - Click on the Add Project button at Projects page
INFO  2016-12-05 17:22:58,980 [Worker#STA_NP] TestScripts.BaseTest - Click Tasks tab on the created Project page.
INFO  2016-12-05 17:23:01,496 [Worker#STA_NP] TestScripts.BaseTest - Enter Add Text field get under Projects Task.
INFO  2016-12-05 17:23:04,827 [Worker#STA_NP] TestScripts.BaseTest - Click Add Text Plus Icon.
INFO  2016-12-05 17:23:07,980 [Worker#STA_NP] TestScripts.BaseTest - Click the About tab of Prjects
INFO  2016-12-05 17:25:13,590 [Worker#STA_NP] Util.UtilityHelper - Screenshot saved at: Screenshots\AutomationScreenShot_2016-12-05-17-25-13.png
ERROR 2016-12-05 17:25:13,590 [Worker#STA_NP] Util.DriverExtender - OpenQA.Selenium.WebDriverTimeoutException: Timed out after 120 seconds ---> OpenQA.Selenium.NoSuchElementException: no such element: Unable to locate element: {"method":"xpath","selector":"//div[contains(@class, 'modal-content')]//button[contains(text(),'Yes')]"}
  (Session info: chrome=54.0.2840.99)
  (Driver info: chromedriver=2.24.417431 (9aea000394714d2fbb20850021f6204f2256b9cf),platform=Windows NT 6.3.9600 x86_64)
   at OpenQA.Selenium.Remote.RemoteWebDriver.UnpackAndThrowOnError(Response errorResponse)
   at OpenQA.Selenium.Remote.RemoteWebDriver.Execute(String driverCommandToExecute, Dictionary`2 parameters)
   at OpenQA.Selenium.Remote.RemoteWebDriver.FindElement(String mechanism, String value)
   at OpenQA.Selenium.Remote.RemoteWebDriver.FindElementByXPath(String xpath)
   at OpenQA.Selenium.By.<XPath>c__AnonStorey3.<>m__0(ISearchContext context)
   at OpenQA.Selenium.By.FindElement(ISearchContext context)
   at OpenQA.Selenium.Remote.RemoteWebDriver.FindElement(By by)
   at OpenQA.Selenium.Support.UI.ExpectedConditions.<>c__DisplayClass13.<ElementIsVisible>b__12(IWebDriver driver)
   at OpenQA.Selenium.Support.UI.DefaultWait`1.Until[TResult](Func`2 condition)
   --- End of inner exception stack trace ---
   at OpenQA.Selenium.Support.UI.DefaultWait`1.ThrowTimeoutException(String exceptionMessage, Exception lastException)
   at OpenQA.Selenium.Support.UI.DefaultWait`1.Until[TResult](Func`2 condition)
   at RallyTeam.Util.DriverExtender.SafeClick(IWebDriver driver, By locator) in F:\Automation_SeleniumCSharp\RallyTeam\RallyTeamAutomation\RallyTeamAutomation\Util\DriverExtender.cs:line 388
INFO  2016-12-05 17:25:13,811 [Worker#STA_NP] Util.UtilityHelper - Screenshot saved at: Screenshots\RallyTeam.TestScripts.TasksTest.Tasks_033_AddTaskUnderProjectWithoutMember_2016-12-05-17-25-13.png
INFO  2016-12-05 17:25:13,812 [Worker#STA_NP] TestScripts.BaseTest - Teardown test
INFO  2016-12-05 17:25:32,802 [Worker#STA_NP] TestScripts.BaseTest - Setup test
INFO  2016-12-05 17:25:45,391 [Worker#STA_NP] TestScripts.BaseTest - Click on the Add Project button at Projects page
INFO  2016-12-05 17:26:02,645 [Worker#STA_NP] TestScripts.BaseTest - Click Tasks tab on the created Project page.
INFO  2016-12-05 17:26:04,692 [Worker#STA_NP] TestScripts.BaseTest - Verify Add Task Text field gets displayed.
INFO  2016-12-05 17:26:05,738 [Worker#STA_NP] TestScripts.BaseTest - Verify Add Text Plus Icon get displayed.
INFO  2016-12-05 17:26:06,780 [Worker#STA_NP] TestScripts.BaseTest - Verify To-Do section gets displayed.
INFO  2016-12-05 17:26:07,872 [Worker#STA_NP] TestScripts.BaseTest - Verify In Progress section gets displayed.
INFO  2016-12-05 17:26:08,976 [Worker#STA_NP] TestScripts.BaseTest - Verify Completed section gets displayed.
INFO  2016-12-05 17:26:10,180 [Worker#STA_NP] TestScripts.BaseTest - Click the About tab of Prjects
INFO  2016-12-05 17:28:15,802 [Worker#STA_NP] Util.UtilityHelper - Screenshot saved at: Screenshots\AutomationScreenShot_2016-12-05-17-28-15.png
ERROR 2016-12-05 17:28:15,802 [Worker#STA_NP] Util.DriverExtender - OpenQA.Selenium.WebDriverTimeoutException: Timed out after 120 seconds ---> OpenQA.Selenium.NoSuchElementException: no such element: Unable to locate element: {"method":"xpath","selector":"//div[contains(@class, 'modal-content')]//button[contains(text(),'Yes')]"}
  (Session info: chrome=54.0.2840.99)
  (Driver info: chromedriver=2.24.417431 (9aea000394714d2fbb20850021f6204f2256b9cf),platform=Windows NT 6.3.9600 x86_64)
   at OpenQA.Selenium.Remote.RemoteWebDriver.UnpackAndThrowOnError(Response errorResponse)
   at OpenQA.Selenium.Remote.RemoteWebDriver.Execute(String driverCommandToExecute, Dictionary`2 parameters)
   at OpenQA.Selenium.Remote.RemoteWebDriver.FindElement(String mechanism, String value)
   at OpenQA.Selenium.Remote.RemoteWebDriver.FindElementByXPath(String xpath)
   at OpenQA.Selenium.By.<XPath>c__AnonStorey3.<>m__0(ISearchContext context)
   at OpenQA.Selenium.By.FindElement(ISearchContext context)
   at OpenQA.Selenium.Remote.RemoteWebDriver.FindElement(By by)
   at OpenQA.Selenium.Support.UI.ExpectedConditions.<>c__DisplayClass13.<ElementIsVisible>b__12(IWebDriver driver)
   at OpenQA.Selenium.Support.UI.DefaultWait`1.Until[TResult](Func`2 condition)
   --- End of inner exception stack trace ---
   at OpenQA.Selenium.Support.UI.DefaultWait`1.ThrowTimeoutException(String exceptionMessage, Exception lastException)
   at OpenQA.Selenium.Support.UI.DefaultWait`1.Until[TResult](Func`2 condition)
   at RallyTeam.Util.DriverExtender.SafeClick(IWebDriver driver, By locator) in F:\Automation_SeleniumCSharp\RallyTeam\RallyTeamAutomation\RallyTeamAutomation\Util\DriverExtender.cs:line 388
INFO  2016-12-05 17:28:15,989 [Worker#STA_NP] Util.UtilityHelper - Screenshot saved at: Screenshots\RallyTeam.TestScripts.TasksTest.Tasks_035_VerifyTaskWindowUnderProject_2016-12-05-17-28-15.png
INFO  2016-12-05 17:28:15,989 [Worker#STA_NP] TestScripts.BaseTest - Teardown test
INFO  2016-12-05 17:28:35,703 [Worker#STA_NP] TestScripts.BaseTest - Setup test
INFO  2016-12-05 17:28:48,207 [Worker#STA_NP] TestScripts.BaseTest - Click on the Add Project button at Projects page
INFO  2016-12-05 17:29:05,670 [Worker#STA_NP] TestScripts.BaseTest - Click Tasks tab on the created Project page.
INFO  2016-12-05 17:29:08,328 [Worker#STA_NP] TestScripts.BaseTest - Enter Add Text field get under Projects Task.
INFO  2016-12-05 17:29:11,651 [Worker#STA_NP] TestScripts.BaseTest - Click Add Task Plus Icon.
INFO  2016-12-05 17:29:14,761 [Worker#STA_NP] TestScripts.BaseTest - Verify Task get displayed.
INFO  2016-12-05 17:29:18,056 [Worker#STA_NP] TestScripts.BaseTest - Click the About tab of Prjects
