[START]
INFO  2017-05-23 10:33:48,242 [Worker#STA_NP] TestScripts.BaseTestES - Setup test
INFO  2017-05-23 10:34:14,422 [Worker#STA_NP] TestScripts.BaseTestES - Click on the Continue button.
INFO  2017-05-23 10:34:25,708 [Worker#STA_NP] TestScripts.BaseTestES - Enter Skills.
INFO  2017-05-23 10:34:34,613 [Worker#STA_NP] TestScripts.BaseTestES - Click Add button.
INFO  2017-05-23 10:34:47,240 [Worker#STA_NP] TestScripts.BaseTestES - Click Add button.
INFO  2017-05-23 10:34:50,579 [Worker#STA_NP] TestScripts.BaseTestES - Click on the Continue button.
INFO  2017-05-23 10:35:02,777 [Worker#STA_NP] TestScripts.BaseTestES - Click Publish Button
INFO  2017-05-23 10:35:17,143 [Worker#STA_NP] TestScripts.BaseTestES - Click on the Signout button.
INFO  2017-05-23 10:35:23,889 [Worker#STA_NP] TestScripts.BaseTestES - Sign in with different user.
INFO  2017-05-23 10:35:31,253 [Worker#STA_NP] TestScripts.BaseTestES - Click the Invoicing menu.
INFO  2017-05-23 10:35:36,470 [Worker#STA_NP] TestScripts.BaseTestES - Click the New Invoice button.
INFO  2017-05-23 10:35:41,824 [Worker#STA_NP] TestScripts.BaseTestES - Enter the Invoice Title.
INFO  2017-05-23 10:35:42,963 [Worker#STA_NP] TestScripts.BaseTestES - Click Due Date Field.
INFO  2017-05-23 10:35:44,123 [Worker#STA_NP] TestScripts.BaseTestES - Select today's date.
INFO  2017-05-23 10:35:46,320 [Worker#STA_NP] TestScripts.BaseTestES - Enter the Invoice Total Amount
INFO  2017-05-23 10:35:47,560 [Worker#STA_NP] TestScripts.BaseTestES - Select Project.
INFO  2017-05-23 10:35:49,908 [Worker#STA_NP] TestScripts.BaseTestES - Enter Invoice Notes
INFO  2017-05-23 10:35:52,278 [Worker#STA_NP] TestScripts.BaseTestES - Click Submit button.
INFO  2017-05-23 10:36:01,608 [Worker#STA_NP] TestScripts.BaseTestES - Click on the Signout button.
INFO  2017-05-23 10:36:17,840 [Worker#STA_NP] TestScripts.BaseTestES - Click the Invoicing menu.
INFO  2017-05-23 10:36:19,326 [Worker#STA_NP] TestScripts.BaseTestES - Click Invoice displayed.
INFO  2017-05-23 10:38:24,947 [Worker#STA_NP] Util.UtilityHelper - Screenshot saved at: Screenshots\AutomationScreenShot_2017-05-23-10-38-24.png
ERROR 2017-05-23 10:38:24,956 [Worker#STA_NP] Util.DriverExtender - OpenQA.Selenium.WebDriverTimeoutException: Timed out after 120 seconds ---> OpenQA.Selenium.NoSuchElementException: no such element: Unable to locate element: {"method":"xpath","selector":"//div[contains(@id, 'taTextElement')]"}
  (Session info: chrome=58.0.3029.110)
  (Driver info: chromedriver=2.29.461591 (62ebf098771772160f391d75e589dc567915b233),platform=Windows NT 6.3.9600 x86_64)
   at OpenQA.Selenium.Remote.RemoteWebDriver.UnpackAndThrowOnError(Response errorResponse)
   at OpenQA.Selenium.Remote.RemoteWebDriver.Execute(String driverCommandToExecute, Dictionary`2 parameters)
   at OpenQA.Selenium.Remote.RemoteWebDriver.FindElement(String mechanism, String value)
   at OpenQA.Selenium.Remote.RemoteWebDriver.FindElementByXPath(String xpath)
   at OpenQA.Selenium.By.<>c__DisplayClasse.<XPath>b__c(ISearchContext context)
   at OpenQA.Selenium.By.FindElement(ISearchContext context)
   at OpenQA.Selenium.Remote.RemoteWebDriver.FindElement(By by)
   at OpenQA.Selenium.Support.UI.ExpectedConditions.<>c__DisplayClass13.<ElementIsVisible>b__12(IWebDriver driver)
   at OpenQA.Selenium.Support.UI.DefaultWait`1.Until[TResult](Func`2 condition)
   --- End of inner exception stack trace ---
   at OpenQA.Selenium.Support.UI.DefaultWait`1.ThrowTimeoutException(String exceptionMessage, Exception lastException)
   at OpenQA.Selenium.Support.UI.DefaultWait`1.Until[TResult](Func`2 condition)
   at RallyTeam.Util.DriverExtender.SafeClick(IWebDriver driver, By locator) in F:\Automation_SeleniumCSharp\RallyTeam\RallyTeamAutomation\RallyTeamAutomation\Util\DriverExtender.cs:line 461
INFO  2017-05-23 10:38:25,164 [Worker#STA_NP] Util.UtilityHelper - Screenshot saved at: Screenshots\RallyTeam.TestScripts.InvoicingTest.Invoicing_004_DenyInvoiceAndVerifyStatus_2017-05-23-10-38-24.png
INFO  2017-05-23 10:38:25,164 [Worker#STA_NP] TestScripts.BaseTestES - Teardown test
[END]
