[START]
INFO  2016-12-30 15:38:39,586 [Worker#STA_NP] TestScripts.BaseTest - Setup test
INFO  2016-12-30 15:38:54,482 [Worker#STA_NP] TestScripts.BaseTest - Verify Search menu icon
INFO  2016-12-30 15:38:54,484 [Worker#STA_NP] TestScripts.BaseTest - Teardown test
INFO  2016-12-30 15:39:34,239 [Worker#STA_NP] TestScripts.BaseTest - Setup test
INFO  2016-12-30 15:39:47,847 [Worker#STA_NP] Util.UtilityHelper - Screenshot saved at: Screenshots\RallyTeam.TestScripts.SearchTest.Search_002_SearchLoggedInUser_2016-12-30-15-39-47.png
INFO  2016-12-30 15:39:47,905 [Worker#STA_NP] TestScripts.BaseTest - Teardown test
INFO  2016-12-30 15:40:17,756 [Worker#STA_NP] TestScripts.BaseTest - Setup test
INFO  2016-12-30 15:40:27,272 [Worker#STA_NP] TestScripts.BaseTest - Enter the Search option.
INFO  2016-12-30 15:40:33,472 [Worker#STA_NP] TestScripts.BaseTest - Verify zero results displayed.
INFO  2016-12-30 15:40:35,474 [Worker#STA_NP] TestScripts.BaseTest - Teardown test
INFO  2016-12-30 15:41:01,728 [Worker#STA_NP] TestScripts.BaseTest - Setup test
INFO  2016-12-30 15:43:12,945 [Worker#STA_NP] Util.UtilityHelper - Screenshot saved at: Screenshots\AutomationScreenShot_2016-12-30-15-43-12.png
ERROR 2016-12-30 15:43:12,946 [Worker#STA_NP] Util.DriverExtender - Unable to send text to element: {"method":"Name","selector":"searchTerm"}
INFO  2016-12-30 15:43:13,178 [Worker#STA_NP] Util.UtilityHelper - Screenshot saved at: Screenshots\RallyTeam.TestScripts.SearchTest.Search_009_VerifySearchScreenDisplay_2016-12-30-15-43-12.png
INFO  2016-12-30 15:43:13,178 [Worker#STA_NP] TestScripts.BaseTest - Teardown test
INFO  2016-12-30 15:43:40,769 [Worker#STA_NP] TestScripts.BaseTest - Setup test
INFO  2016-12-30 15:45:48,414 [Worker#STA_NP] Util.UtilityHelper - Screenshot saved at: Screenshots\AutomationScreenShot_2016-12-30-15-45-48.png
ERROR 2016-12-30 15:45:48,414 [Worker#STA_NP] Util.DriverExtender - Unable to send text to element: {"method":"Name","selector":"searchTerm"}
INFO  2016-12-30 15:45:48,606 [Worker#STA_NP] Util.UtilityHelper - Screenshot saved at: Screenshots\RallyTeam.TestScripts.SearchTest.Search_012_VerifyAllRadio_2016-12-30-15-45-48.png
INFO  2016-12-30 15:45:48,606 [Worker#STA_NP] TestScripts.BaseTest - Teardown test
INFO  2016-12-30 15:46:40,665 [Worker#STA_NP] TestScripts.BaseTest - Setup test
INFO  2016-12-30 15:46:56,753 [Worker#STA_NP] TestScripts.BaseTest - Click on the side navigation link 'Groups'
INFO  2016-12-30 15:47:03,293 [Worker#STA_NP] TestScripts.BaseTest - Click on the Add New Group button at Groups page
INFO  2016-12-30 15:47:18,474 [Worker#STA_NP] TestScripts.BaseTest - Enter the Search option.
INFO  2016-12-30 15:49:26,476 [Worker#STA_NP] Util.UtilityHelper - Screenshot saved at: Screenshots\AutomationScreenShot_2016-12-30-15-49-25.png
ERROR 2016-12-30 15:49:26,543 [Worker#STA_NP] Util.DriverExtender - OpenQA.Selenium.WebDriverTimeoutException: Timed out after 120 seconds ---> OpenQA.Selenium.NoSuchElementException: no such element: Unable to locate element: {"method":"id","selector":"optionsRadios3"}
  (Session info: chrome=55.0.2883.87)
  (Driver info: chromedriver=2.24.417431 (9aea000394714d2fbb20850021f6204f2256b9cf),platform=Windows NT 6.3.9600 x86_64)
   at OpenQA.Selenium.Remote.RemoteWebDriver.UnpackAndThrowOnError(Response errorResponse)
   at OpenQA.Selenium.Remote.RemoteWebDriver.Execute(String driverCommandToExecute, Dictionary`2 parameters)
   at OpenQA.Selenium.Remote.RemoteWebDriver.FindElement(String mechanism, String value)
   at OpenQA.Selenium.Remote.RemoteWebDriver.FindElementById(String id)
   at OpenQA.Selenium.By.<Id>c__AnonStorey0.<>m__0(ISearchContext context)
   at OpenQA.Selenium.By.FindElement(ISearchContext context)
   at OpenQA.Selenium.Remote.RemoteWebDriver.FindElement(By by)
   at OpenQA.Selenium.Support.UI.ExpectedConditions.<>c__DisplayClass13.<ElementIsVisible>b__12(IWebDriver driver)
   at OpenQA.Selenium.Support.UI.DefaultWait`1.Until[TResult](Func`2 condition)
   --- End of inner exception stack trace ---
   at OpenQA.Selenium.Support.UI.DefaultWait`1.ThrowTimeoutException(String exceptionMessage, Exception lastException)
   at OpenQA.Selenium.Support.UI.DefaultWait`1.Until[TResult](Func`2 condition)
   at RallyTeam.Util.DriverExtender.SafeClick(IWebDriver driver, By locator) in F:\Automation_SeleniumCSharp\RallyTeam\RallyTeamAutomation\RallyTeamAutomation\Util\DriverExtender.cs:line 399
INFO  2016-12-30 15:49:26,795 [Worker#STA_NP] Util.UtilityHelper - Screenshot saved at: Screenshots\RallyTeam.TestScripts.SearchTest.Search_013_VerifyGroupRadio_2016-12-30-15-49-26.png
INFO  2016-12-30 15:49:26,795 [Worker#STA_NP] TestScripts.BaseTest - Teardown test
INFO  2016-12-30 15:50:01,864 [Worker#STA_NP] TestScripts.BaseTest - Setup test
INFO  2016-12-30 15:52:10,090 [Worker#STA_NP] Util.UtilityHelper - Screenshot saved at: Screenshots\AutomationScreenShot_2016-12-30-15-52-09.png
ERROR 2016-12-30 15:52:10,090 [Worker#STA_NP] Util.DriverExtender - Unable to send text to element: {"method":"Name","selector":"searchTerm"}
INFO  2016-12-30 15:52:10,729 [Worker#STA_NP] Util.UtilityHelper - Screenshot saved at: Screenshots\RallyTeam.TestScripts.SearchTest.Search_014_VerifyUserRadio_2016-12-30-15-52-10.png
INFO  2016-12-30 15:52:10,729 [Worker#STA_NP] TestScripts.BaseTest - Teardown test
INFO  2016-12-30 15:53:01,117 [Worker#STA_NP] TestScripts.BaseTest - Setup test
INFO  2016-12-30 15:53:09,529 [Worker#STA_NP] TestScripts.BaseTest - Click the Events menu option.
INFO  2016-12-30 15:53:13,997 [Worker#STA_NP] TestScripts.BaseTest - Click on New Event button.
INFO  2016-12-30 15:53:18,281 [Worker#STA_NP] TestScripts.BaseTest - Enter the Event Name.
INFO  2016-12-30 15:53:21,555 [Worker#STA_NP] TestScripts.BaseTest - Enter the Event Description.
INFO  2016-12-30 15:53:24,778 [Worker#STA_NP] TestScripts.BaseTest - Verify Create New Event Page.
INFO  2016-12-30 15:53:28,971 [Worker#STA_NP] TestScripts.BaseTest - Enter the Search option.
INFO  2016-12-30 15:55:37,049 [Worker#STA_NP] Util.UtilityHelper - Screenshot saved at: Screenshots\AutomationScreenShot_2016-12-30-15-55-36.png
ERROR 2016-12-30 15:55:37,050 [Worker#STA_NP] Util.DriverExtender - OpenQA.Selenium.WebDriverTimeoutException: Timed out after 120 seconds ---> OpenQA.Selenium.NoSuchElementException: no such element: Unable to locate element: {"method":"id","selector":"optionsRadios4"}
  (Session info: chrome=55.0.2883.87)
  (Driver info: chromedriver=2.24.417431 (9aea000394714d2fbb20850021f6204f2256b9cf),platform=Windows NT 6.3.9600 x86_64)
   at OpenQA.Selenium.Remote.RemoteWebDriver.UnpackAndThrowOnError(Response errorResponse)
   at OpenQA.Selenium.Remote.RemoteWebDriver.Execute(String driverCommandToExecute, Dictionary`2 parameters)
   at OpenQA.Selenium.Remote.RemoteWebDriver.FindElement(String mechanism, String value)
   at OpenQA.Selenium.Remote.RemoteWebDriver.FindElementById(String id)
   at OpenQA.Selenium.By.<Id>c__AnonStorey0.<>m__0(ISearchContext context)
   at OpenQA.Selenium.By.FindElement(ISearchContext context)
   at OpenQA.Selenium.Remote.RemoteWebDriver.FindElement(By by)
   at OpenQA.Selenium.Support.UI.ExpectedConditions.<>c__DisplayClass13.<ElementIsVisible>b__12(IWebDriver driver)
   at OpenQA.Selenium.Support.UI.DefaultWait`1.Until[TResult](Func`2 condition)
   --- End of inner exception stack trace ---
   at OpenQA.Selenium.Support.UI.DefaultWait`1.ThrowTimeoutException(String exceptionMessage, Exception lastException)
   at OpenQA.Selenium.Support.UI.DefaultWait`1.Until[TResult](Func`2 condition)
   at RallyTeam.Util.DriverExtender.SafeClick(IWebDriver driver, By locator) in F:\Automation_SeleniumCSharp\RallyTeam\RallyTeamAutomation\RallyTeamAutomation\Util\DriverExtender.cs:line 399
INFO  2016-12-30 15:55:37,326 [Worker#STA_NP] Util.UtilityHelper - Screenshot saved at: Screenshots\RallyTeam.TestScripts.SearchTest.Search_015_VerifyEventsRadio_2016-12-30-15-55-37.png
INFO  2016-12-30 15:55:37,327 [Worker#STA_NP] TestScripts.BaseTest - Teardown test
INFO  2016-12-30 15:56:25,013 [Worker#STA_NP] TestScripts.BaseTest - Setup test
INFO  2016-12-30 15:56:26,592 [Worker#STA_NP] Util.UtilityHelper - Screenshot saved at: Screenshots\RallyTeam.TestScripts.SearchTest.Search_016_VerifyProjectsRadio_2016-12-30-15-56-26.png
INFO  2016-12-30 15:56:26,592 [Worker#STA_NP] TestScripts.BaseTest - Teardown test
INFO  2016-12-30 16:22:09,388 [Worker#STA_NP] TestScripts.BaseTest - Setup test
