[START]
INFO  2017-01-02 14:40:18,945 [Worker#STA_NP] TestScripts.BaseTest - Setup test
INFO  2017-01-02 14:40:41,423 [Worker#STA_NP] TestScripts.BaseTest - Click on the Add Project button at Projects page
INFO  2017-01-02 14:41:01,147 [Worker#STA_NP] TestScripts.BaseTest - Click the Add member icon for the Project.
INFO  2017-01-02 14:41:10,186 [Worker#STA_NP] TestScripts.BaseTest - User selected successfully.
INFO  2017-01-02 14:41:13,372 [Worker#STA_NP] TestScripts.BaseTest - Click the Add Project Member window Done button.
INFO  2017-01-02 14:41:23,295 [Worker#STA_NP] TestScripts.BaseTest - Click Project member added remove icon.
INFO  2017-01-02 14:41:26,378 [Worker#STA_NP] TestScripts.BaseTest - Verify the Remove Project Member window.
INFO  2017-01-02 14:41:29,429 [Worker#STA_NP] TestScripts.BaseTest - Verify the Remove Project Member window No button.
INFO  2017-01-02 14:41:32,472 [Worker#STA_NP] TestScripts.BaseTest - Verify the Remove Project Member window Yes button.
INFO  2017-01-02 14:41:35,597 [Worker#STA_NP] TestScripts.BaseTest - Click the Remove Project Member window No button.
INFO  2017-01-02 14:41:46,921 [Worker#STA_NP] TestScripts.BaseTest - Teardown test
INFO  2017-01-02 14:42:12,969 [Worker#STA_NP] TestScripts.BaseTest - Setup test
INFO  2017-01-02 14:42:33,375 [Worker#STA_NP] TestScripts.BaseTest - Click on the Add Project button at Projects page
INFO  2017-01-02 14:42:52,970 [Worker#STA_NP] TestScripts.BaseTest - Click the Add member icon for the Project.
INFO  2017-01-02 14:43:01,428 [Worker#STA_NP] TestScripts.BaseTest - User selected successfully.
INFO  2017-01-02 14:43:04,606 [Worker#STA_NP] TestScripts.BaseTest - Click the Add Project Member window Done button.
INFO  2017-01-02 14:43:11,660 [Worker#STA_NP] TestScripts.BaseTest - Click Project member added remove icon.
INFO  2017-01-02 14:43:14,789 [Worker#STA_NP] TestScripts.BaseTest - Click the Remove Project Member window No button.
INFO  2017-01-02 14:43:17,834 [Worker#STA_NP] TestScripts.BaseTest - Verify the Project Member Name
INFO  2017-01-02 14:43:29,163 [Worker#STA_NP] TestScripts.BaseTest - Teardown test
INFO  2017-01-02 14:43:53,911 [Worker#STA_NP] TestScripts.BaseTest - Setup test
INFO  2017-01-02 14:44:14,519 [Worker#STA_NP] TestScripts.BaseTest - Click on the Add Project button at Projects page
INFO  2017-01-02 14:44:33,732 [Worker#STA_NP] TestScripts.BaseTest - Click the Add member icon for the Project.
INFO  2017-01-02 14:44:42,368 [Worker#STA_NP] TestScripts.BaseTest - User selected successfully.
INFO  2017-01-02 14:44:45,524 [Worker#STA_NP] TestScripts.BaseTest - Click the Add Project Member window Done button.
INFO  2017-01-02 14:44:51,385 [Worker#STA_NP] TestScripts.BaseTest - Click Project member added remove icon.
INFO  2017-01-02 14:44:54,558 [Worker#STA_NP] TestScripts.BaseTest - Click the Remove Project Member window No button.
INFO  2017-01-02 14:46:57,755 [Worker#STA_NP] TestScripts.BaseTest - Verified Project member is deleted.
INFO  2017-01-02 14:49:04,034 [Worker#STA_NP] Util.UtilityHelper - Screenshot saved at: Screenshots\AutomationScreenShot_2017-01-02-14-49-03.png
ERROR 2017-01-02 14:49:04,259 [Worker#STA_NP] Util.DriverExtender - OpenQA.Selenium.WebDriverTimeoutException: Timed out after 120 seconds ---> OpenQA.Selenium.NoSuchElementException: no such element: Unable to locate element: {"method":"xpath","selector":"//li[3]/a/div/i"}
  (Session info: chrome=55.0.2883.87)
  (Driver info: chromedriver=2.24.417431 (9aea000394714d2fbb20850021f6204f2256b9cf),platform=Windows NT 6.3.9600 x86_64)
   at OpenQA.Selenium.Remote.RemoteWebDriver.UnpackAndThrowOnError(Response errorResponse)
   at OpenQA.Selenium.Remote.RemoteWebDriver.Execute(String driverCommandToExecute, Dictionary`2 parameters)
   at OpenQA.Selenium.Remote.RemoteWebDriver.FindElement(String mechanism, String value)
   at OpenQA.Selenium.Remote.RemoteWebDriver.FindElementByXPath(String xpath)
   at OpenQA.Selenium.By.<XPath>c__AnonStorey3.<>m__0(ISearchContext context)
   at OpenQA.Selenium.By.FindElement(ISearchContext context)
   at OpenQA.Selenium.Remote.RemoteWebDriver.FindElement(By by)
   at OpenQA.Selenium.Support.UI.ExpectedConditions.<>c__DisplayClass13.<ElementIsVisible>b__12(IWebDriver driver)
   at OpenQA.Selenium.Support.UI.DefaultWait`1.Until[TResult](Func`2 condition)
   --- End of inner exception stack trace ---
   at OpenQA.Selenium.Support.UI.DefaultWait`1.ThrowTimeoutException(String exceptionMessage, Exception lastException)
   at OpenQA.Selenium.Support.UI.DefaultWait`1.Until[TResult](Func`2 condition)
   at RallyTeam.Util.DriverExtender.SafeClick(IWebDriver driver, By locator) in F:\Automation_SeleniumCSharp\RallyTeam\RallyTeamAutomation\RallyTeamAutomation\Util\DriverExtender.cs:line 399
INFO  2017-01-02 14:49:04,498 [Worker#STA_NP] Util.UtilityHelper - Screenshot saved at: Screenshots\RallyTeam.TestScripts.ProjectsTest.Projects_041_ClickRemoveMemberYesBtn_2017-01-02-14-49-04.png
INFO  2017-01-02 14:49:04,498 [Worker#STA_NP] TestScripts.BaseTest - Teardown test
INFO  2017-01-02 14:49:33,900 [Worker#STA_NP] TestScripts.BaseTest - Setup test
INFO  2017-01-02 14:49:54,623 [Worker#STA_NP] TestScripts.BaseTest - Click on the Add Project button at Projects page
INFO  2017-01-02 14:50:12,527 [Worker#STA_NP] TestScripts.BaseTest - Edit the Project Name.
INFO  2017-01-02 14:50:16,008 [Worker#STA_NP] TestScripts.BaseTest - Edit the Start Date.
INFO  2017-01-02 14:50:19,443 [Worker#STA_NP] TestScripts.BaseTest - Edit the Due Date.
INFO  2017-01-02 14:50:22,894 [Worker#STA_NP] TestScripts.BaseTest - Edit the Project Owner.
INFO  2017-01-02 14:50:30,267 [Worker#STA_NP] TestScripts.BaseTest - Click on the Signout button.
INFO  2017-01-02 14:50:36,075 [Worker#STA_NP] TestScripts.BaseTest - Sign in with different user.
INFO  2017-01-02 14:50:38,096 [Worker#STA_NP] TestScripts.BaseTest - Click the Projects menu option.
INFO  2017-01-02 14:50:44,264 [Worker#STA_NP] TestScripts.BaseTest - Click the All Projects dropdown.
INFO  2017-01-02 14:50:47,322 [Worker#STA_NP] TestScripts.BaseTest - Select Recruiting option from the All Projects dropdown.
INFO  2017-01-02 14:50:49,819 [Worker#STA_NP] TestScripts.BaseTest - Click the Project Name on the Projects Page.
INFO  2017-01-02 14:52:56,596 [Worker#STA_NP] Util.UtilityHelper - Screenshot saved at: Screenshots\AutomationScreenShot_2017-01-02-14-52-56.png
ERROR 2017-01-02 14:52:56,596 [Worker#STA_NP] Util.DriverExtender - OpenQA.Selenium.WebDriverTimeoutException: Timed out after 120 seconds ---> OpenQA.Selenium.NoSuchElementException: no such element: Unable to locate element: {"method":"xpath","selector":"//li[3]/a/div/i"}
  (Session info: chrome=55.0.2883.87)
  (Driver info: chromedriver=2.24.417431 (9aea000394714d2fbb20850021f6204f2256b9cf),platform=Windows NT 6.3.9600 x86_64)
   at OpenQA.Selenium.Remote.RemoteWebDriver.UnpackAndThrowOnError(Response errorResponse)
   at OpenQA.Selenium.Remote.RemoteWebDriver.Execute(String driverCommandToExecute, Dictionary`2 parameters)
   at OpenQA.Selenium.Remote.RemoteWebDriver.FindElement(String mechanism, String value)
   at OpenQA.Selenium.Remote.RemoteWebDriver.FindElementByXPath(String xpath)
   at OpenQA.Selenium.By.<XPath>c__AnonStorey3.<>m__0(ISearchContext context)
   at OpenQA.Selenium.By.FindElement(ISearchContext context)
   at OpenQA.Selenium.Remote.RemoteWebDriver.FindElement(By by)
   at OpenQA.Selenium.Support.UI.ExpectedConditions.<>c__DisplayClass13.<ElementIsVisible>b__12(IWebDriver driver)
   at OpenQA.Selenium.Support.UI.DefaultWait`1.Until[TResult](Func`2 condition)
   --- End of inner exception stack trace ---
   at OpenQA.Selenium.Support.UI.DefaultWait`1.ThrowTimeoutException(String exceptionMessage, Exception lastException)
   at OpenQA.Selenium.Support.UI.DefaultWait`1.Until[TResult](Func`2 condition)
   at RallyTeam.Util.DriverExtender.SafeClick(IWebDriver driver, By locator) in F:\Automation_SeleniumCSharp\RallyTeam\RallyTeamAutomation\RallyTeamAutomation\Util\DriverExtender.cs:line 399
INFO  2017-01-02 14:52:56,830 [Worker#STA_NP] Util.UtilityHelper - Screenshot saved at: Screenshots\RallyTeam.TestScripts.ProjectsTest.Projects_042_EditProject_2017-01-02-14-52-56.png
INFO  2017-01-02 14:52:56,830 [Worker#STA_NP] TestScripts.BaseTest - Teardown test
