[START]
INFO  2016-11-10 16:49:27,055 [Worker#STA_NP] TestScripts.BaseTest - Setup test
INFO  2016-11-10 16:49:42,451 [Worker#STA_NP] TestScripts.BaseTest - Click on the side navigation link 'Groups'.
INFO  2016-11-10 16:49:46,834 [Worker#STA_NP] TestScripts.BaseTest - Click on the Add New Group button at Groups page.
INFO  2016-11-10 16:49:51,916 [Worker#STA_NP] TestScripts.BaseTest - Verify the Group Upload Photo option.
INFO  2016-11-10 16:49:55,025 [Worker#STA_NP] TestScripts.BaseTest - Click the Group Upload Photo option.
INFO  2016-11-10 16:49:55,025 [Worker#STA_NP] TestScripts.BaseTest - startup path is: F:\Automation_SeleniumCSharp\RallyTeam\RallyTeamAutomation\TestData\no -testing-required-it-will-work.jpg
INFO  2016-11-10 16:52:06,564 [Worker#STA_NP] Util.UtilityHelper - Screenshot saved at: Screenshots\AutomationScreenShot_2016-11-10-16-52-05.png
ERROR 2016-11-10 16:52:06,866 [Worker#STA_NP] Util.DriverExtender - OpenQA.Selenium.WebDriverTimeoutException: Timed out after 120 seconds ---> OpenQA.Selenium.NoSuchElementException: no such element: Unable to locate element: {"method":"xpath","selector":"//*[contains(@class, 'modal-content')]//a[contains(text(), 'Save')]"}
  (Session info: chrome=54.0.2840.71)
  (Driver info: chromedriver=2.24.417431 (9aea000394714d2fbb20850021f6204f2256b9cf),platform=Windows NT 6.3.9600 x86_64)
   at OpenQA.Selenium.Remote.RemoteWebDriver.UnpackAndThrowOnError(Response errorResponse)
   at OpenQA.Selenium.Remote.RemoteWebDriver.Execute(String driverCommandToExecute, Dictionary`2 parameters)
   at OpenQA.Selenium.Remote.RemoteWebDriver.FindElement(String mechanism, String value)
   at OpenQA.Selenium.Remote.RemoteWebDriver.FindElementByXPath(String xpath)
   at OpenQA.Selenium.By.<XPath>c__AnonStorey3.<>m__0(ISearchContext context)
   at OpenQA.Selenium.By.FindElement(ISearchContext context)
   at OpenQA.Selenium.Remote.RemoteWebDriver.FindElement(By by)
   at OpenQA.Selenium.Support.UI.ExpectedConditions.<>c__DisplayClass13.<ElementIsVisible>b__12(IWebDriver driver)
   at OpenQA.Selenium.Support.UI.DefaultWait`1.Until[TResult](Func`2 condition)
   --- End of inner exception stack trace ---
   at OpenQA.Selenium.Support.UI.DefaultWait`1.ThrowTimeoutException(String exceptionMessage, Exception lastException)
   at OpenQA.Selenium.Support.UI.DefaultWait`1.Until[TResult](Func`2 condition)
   at RallyTeam.Util.DriverExtender.SafeClick(IWebDriver driver, By locator) in F:\Automation_SeleniumCSharp\RallyTeam\RallyTeamAutomation\RallyTeamAutomation\Util\DriverExtender.cs:line 372
INFO  2016-11-10 16:52:07,055 [Worker#STA_NP] Util.UtilityHelper - Screenshot saved at: Screenshots\RallyTeam.TestScripts.GroupsTest.Groups_006_VerifyUploadPhoto_2016-11-10-16-52-06.png
INFO  2016-11-10 16:52:07,055 [Worker#STA_NP] TestScripts.BaseTest - Teardown test
[END]
