[START]
INFO  2016-12-19 12:23:35,290 [Worker#STA_NP] TestScripts.BaseTestES - Setup test
INFO  2016-12-19 12:23:42,434 [Worker#STA_NP] TestScripts.BaseTestES - Verify Messages icon
INFO  2016-12-19 12:23:43,688 [Worker#STA_NP] TestScripts.BaseTestES - Click Messages menu icon.
INFO  2016-12-19 12:23:47,299 [Worker#STA_NP] TestScripts.BaseTestES - Verify All Messages drop-down is displayed.
INFO  2016-12-19 12:23:48,380 [Worker#STA_NP] TestScripts.BaseTestES - Verify New Message Btn is displayed.
INFO  2016-12-19 12:23:48,383 [Worker#STA_NP] TestScripts.BaseTestES - Teardown test
INFO  2016-12-19 12:25:03,606 [Worker#STA_NP] TestScripts.BaseTestES - Setup test
INFO  2016-12-19 12:25:14,862 [Worker#STA_NP] TestScripts.BaseTestES - Click Messages menu icon.
INFO  2016-12-19 12:25:18,224 [Worker#STA_NP] TestScripts.BaseTestES - Click New Message button.
INFO  2016-12-19 12:25:21,311 [Worker#STA_NP] TestScripts.BaseTestES - Verify New Message Window is displayed.
INFO  2016-12-19 12:25:22,361 [Worker#STA_NP] TestScripts.BaseTestES - Verify To label is displayed.
INFO  2016-12-19 12:25:23,405 [Worker#STA_NP] TestScripts.BaseTestES - Verify To text input is displayed.
INFO  2016-12-19 12:25:24,461 [Worker#STA_NP] TestScripts.BaseTestES - Verify Text Area is displayed.
INFO  2016-12-19 12:25:25,504 [Worker#STA_NP] TestScripts.BaseTestES - Verify Send button is displayed.
INFO  2016-12-19 12:25:26,526 [Worker#STA_NP] TestScripts.BaseTestES - Verify attachment icon is displayed.
INFO  2016-12-19 12:25:27,550 [Worker#STA_NP] TestScripts.BaseTestES - Verify close icon is displayed.
INFO  2016-12-19 12:25:27,550 [Worker#STA_NP] TestScripts.BaseTestES - Teardown test
INFO  2016-12-19 12:26:35,129 [Worker#STA_NP] TestScripts.BaseTestES - Setup test
INFO  2016-12-19 12:26:51,107 [Worker#STA_NP] TestScripts.BaseTestES - Click Messages menu icon.
INFO  2016-12-19 12:28:59,761 [Worker#STA_NP] Util.UtilityHelper - Screenshot saved at: Screenshots\AutomationScreenShot_2016-12-19-12-28-54.png
ERROR 2016-12-19 12:29:03,546 [Worker#STA_NP] Util.DriverExtender - OpenQA.Selenium.WebDriverTimeoutException: Timed out after 120 seconds ---> OpenQA.Selenium.NoSuchElementException: no such element: Unable to locate element: {"method":"xpath","selector":"//button[contains(text(), 'New Message')]"}
  (Session info: chrome=54.0.2840.99)
  (Driver info: chromedriver=2.24.417431 (9aea000394714d2fbb20850021f6204f2256b9cf),platform=Windows NT 6.3.9600 x86_64)
   at OpenQA.Selenium.Remote.RemoteWebDriver.UnpackAndThrowOnError(Response errorResponse)
   at OpenQA.Selenium.Remote.RemoteWebDriver.Execute(String driverCommandToExecute, Dictionary`2 parameters)
   at OpenQA.Selenium.Remote.RemoteWebDriver.FindElement(String mechanism, String value)
   at OpenQA.Selenium.Remote.RemoteWebDriver.FindElementByXPath(String xpath)
   at OpenQA.Selenium.By.<XPath>c__AnonStorey3.<>m__0(ISearchContext context)
   at OpenQA.Selenium.By.FindElement(ISearchContext context)
   at OpenQA.Selenium.Remote.RemoteWebDriver.FindElement(By by)
   at OpenQA.Selenium.Support.UI.ExpectedConditions.<>c__DisplayClass13.<ElementIsVisible>b__12(IWebDriver driver)
   at OpenQA.Selenium.Support.UI.DefaultWait`1.Until[TResult](Func`2 condition)
   --- End of inner exception stack trace ---
   at OpenQA.Selenium.Support.UI.DefaultWait`1.ThrowTimeoutException(String exceptionMessage, Exception lastException)
   at OpenQA.Selenium.Support.UI.DefaultWait`1.Until[TResult](Func`2 condition)
   at RallyTeam.Util.DriverExtender.SafeClick(IWebDriver driver, By locator) in F:\Automation_SeleniumCSharp\RallyTeam\RallyTeamAutomation\RallyTeamAutomation\Util\DriverExtender.cs:line 388
INFO  2016-12-19 12:29:05,192 [Worker#STA_NP] Util.UtilityHelper - Screenshot saved at: Screenshots\RallyTeam.TestScripts.DirectMessagingTest.DirectMessaging_003_SendNewMessageAndVerify_2016-12-19-12-29-04.png
INFO  2016-12-19 12:29:05,192 [Worker#STA_NP] TestScripts.BaseTestES - Teardown test
[END]
